      {
        "_index": "winlogbeat-2020.03.03",
        "_type": "wineventlog",
        "_id": "AXCh50Jqn_lBW985KyXU",
        "_version": 1,
        "_score": null,
        "_source": {
          "@timestamp": "2020-03-03T19:32:55.936Z",
          "beat": {
            "hostname": "DC",
            "name": "server",
            "version": "5.4.0"
          },
          "computer_name": "DC.Giacobeville.com",
          "event_data": {
            "methodName": "GetCounterSamplesInTimeRange",
            "namespaceName": "root\\microsoft\\windows\\servermanager",
            "protocol": "DCOM",
            "serverName": "localhost",
            "wmiClassName": "MSFT_ServerManagerTasks"
          },
          "event_id": 214,
          "level": "Information",
          "log_name": "Microsoft-Windows-ServerManager-MultiMachine/Operational",
          "message": "Invoke method started. Server: localhost, Namespace: root\\microsoft\\windows\\servermanager, Class: MSFT_ServerManagerTasks, Method: GetCounterSamplesInTimeRange",
          "opcode": "Info",
          "process_id": 2068,
          "provider_guid": "{D8D37081-10BD-4A89-A971-1CDA6899BDB3}",
          "record_number": "27591",
          "source_name": "Microsoft-Windows-ServerManager-MultiMachine",
          "task": "Node access.",
          "thread_id": 2156,
          "type": "wineventlog",
          "user": {
            "domain": "GIACOBEVILLE",
            "identifier": "S-1-5-21-1271178117-3594940576-1158983498-500",
            "name": "Administrator",
            "type": "User"
          }
        },
        "fields": {
          "@timestamp": [
            1583263975936
          ]
        },
        "sort": [
          1583263975936
        ]
      },
      {
        "_index": "winlogbeat-2020.03.03",
        "_type": "wineventlog",
        "_id": "AXCh50Jqn_lBW985KyXT",
        "_version": 1,
        "_score": null,
        "_source": {
          "@timestamp": "2020-03-03T19:32:55.935Z",
          "beat": {
            "hostname": "DC",
            "name": "server",
            "version": "5.4.0"
          },
          "computer_name": "DC.Giacobeville.com",
          "event_data": {
            "protocol": "DCOM",
            "serverName": "localhost",
            "userName": "null"
          },
          "event_id": 209,
          "level": "Information",
          "log_name": "Microsoft-Windows-ServerManager-MultiMachine/Operational",
          "message": "Creating new session. Server: localhost, Protocol: DCOM, User: null",
          "opcode": "Info",
          "process_id": 2068,
          "provider_guid": "{D8D37081-10BD-4A89-A971-1CDA6899BDB3}",
          "record_number": "27590",
          "source_name": "Microsoft-Windows-ServerManager-MultiMachine",
          "task": "Node access.",
          "thread_id": 2156,
          "type": "wineventlog",
          "user": {
            "domain": "GIACOBEVILLE",
            "identifier": "S-1-5-21-1271178117-3594940576-1158983498-500",
            "name": "Administrator",
            "type": "User"
          }
        },
        "fields": {
          "@timestamp": [
            1583263975935
          ]
        },
        "sort": [
          1583263975935
        ]
      },
      {
        "_index": "winlogbeat-2020.03.03",
        "_type": "wineventlog",
        "_id": "AXCh50Jqn_lBW985KyXS",
        "_version": 1,
        "_score": null,
        "_source": {
          "@timestamp": "2020-03-03T19:32:55.935Z",
          "beat": {
            "hostname": "DC",
            "name": "server",
            "version": "5.4.0"
          },
          "computer_name": "DC.Giacobeville.com",
          "event_data": {
            "methodName": "GetServerBpaResult",
            "namespaceName": "root\\microsoft\\windows\\servermanager",
            "protocol": "DCOM",
            "serverName": "localhost",
            "wmiClassName": "MSFT_ServerManagerTasks"
          },
          "event_id": 214,
          "level": "Information",
          "log_name": "Microsoft-Windows-ServerManager-MultiMachine/Operational",
          "message": "Invoke method started. Server: localhost, Namespace: root\\microsoft\\windows\\servermanager, Class: MSFT_ServerManagerTasks, Method: GetServerBpaResult",
          "opcode": "Info",
          "process_id": 2068,
          "provider_guid": "{D8D37081-10BD-4A89-A971-1CDA6899BDB3}",
          "record_number": "27589",
          "source_name": "Microsoft-Windows-ServerManager-MultiMachine",
          "task": "Node access.",
          "thread_id": 2156,
          "type": "wineventlog",
          "user": {
            "domain": "GIACOBEVILLE",
            "identifier": "S-1-5-21-1271178117-3594940576-1158983498-500",
            "name": "Administrator",
            "type": "User"
          }
        },
        "fields": {
          "@timestamp": [
            1583263975935
          ]
        },
        "sort": [
          1583263975935
        ]
      },
      {
        "_index": "winlogbeat-2020.03.03",
        "_type": "wineventlog",
        "_id": "AXCh50Jqn_lBW985KyXR",
        "_version": 1,
        "_score": null,
        "_source": {
          "@timestamp": "2020-03-03T19:32:55.934Z",
          "beat": {
            "hostname": "DC",
            "name": "server",
            "version": "5.4.0"
          },
          "computer_name": "DC.Giacobeville.com",
          "event_data": {
            "protocol": "DCOM",
            "serverName": "localhost",
            "userName": "null"
          },
          "event_id": 209,
          "level": "Information",
          "log_name": "Microsoft-Windows-ServerManager-MultiMachine/Operational",
          "message": "Creating new session. Server: localhost, Protocol: DCOM, User: null",
          "opcode": "Info",
          "process_id": 2068,
          "provider_guid": "{D8D37081-10BD-4A89-A971-1CDA6899BDB3}",
          "record_number": "27588",
          "source_name": "Microsoft-Windows-ServerManager-MultiMachine",
          "task": "Node access.",
          "thread_id": 2156,
          "type": "wineventlog",
          "user": {
            "domain": "GIACOBEVILLE",
            "identifier": "S-1-5-21-1271178117-3594940576-1158983498-500",
            "name": "Administrator",
            "type": "User"
          }
        },
        "fields": {
          "@timestamp": [
            1583263975934
          ]
        },
        "sort": [
          1583263975934
        ]
      },
      {
        "_index": "winlogbeat-2020.03.03",
        "_type": "wineventlog",
        "_id": "AXCh50Jqn_lBW985KyXQ",
        "_version": 1,
        "_score": null,
        "_source": {
          "@timestamp": "2020-03-03T19:32:55.934Z",
          "beat": {
            "hostname": "DC",
            "name": "server",
            "version": "5.4.0"
          },
          "computer_name": "DC.Giacobeville.com",
          "event_data": {
            "methodName": "GetServerEventDetail",
            "namespaceName": "root\\microsoft\\windows\\servermanager",
            "protocol": "DCOM",
            "serverName": "localhost",
            "wmiClassName": "MSFT_ServerManagerTasks"
          },
          "event_id": 214,
          "level": "Information",
          "log_name": "Microsoft-Windows-ServerManager-MultiMachine/Operational",
          "message": "Invoke method started. Server: localhost, Namespace: root\\microsoft\\windows\\servermanager, Class: MSFT_ServerManagerTasks, Method: GetServerEventDetail",
          "opcode": "Info",
          "process_id": 2068,
          "provider_guid": "{D8D37081-10BD-4A89-A971-1CDA6899BDB3}",
          "record_number": "27587",
          "source_name": "Microsoft-Windows-ServerManager-MultiMachine",
          "task": "Node access.",
          "thread_id": 2156,
          "type": "wineventlog",
          "user": {
            "domain": "GIACOBEVILLE",
            "identifier": "S-1-5-21-1271178117-3594940576-1158983498-500",
            "name": "Administrator",
            "type": "User"
          }
        },
        "fields": {
          "@timestamp": [
            1583263975934
          ]
        },
        "sort": [
          1583263975934
        ]
      },
      {
        "_index": "winlogbeat-2020.03.03",
        "_type": "wineventlog",
        "_id": "AXCh50Jqn_lBW985KyXO",
        "_version": 1,
        "_score": null,
        "_source": {
          "@timestamp": "2020-03-03T19:32:55.932Z",
          "beat": {
            "hostname": "DC",
            "name": "server",
            "version": "5.4.0"
          },
          "computer_name": "DC.Giacobeville.com",
          "event_data": {
            "methodName": "GetServerFeature",
            "namespaceName": "root\\microsoft\\windows\\servermanager",
            "protocol": "DCOM",
            "serverName": "localhost",
            "wmiClassName": "MSFT_ServerManagerTasks"
          },
          "event_id": 217,
          "level": "Information",
          "log_name": "Microsoft-Windows-ServerManager-MultiMachine/Operational",
          "message": "Invoke method data received. Server: localhost, Namespace: root\\microsoft\\windows\\servermanager, Class: MSFT_ServerManagerTasks, Method: GetServerFeature",
          "opcode": "Info",
          "process_id": 2068,
          "provider_guid": "{D8D37081-10BD-4A89-A971-1CDA6899BDB3}",
          "record_number": "27585",
          "source_name": "Microsoft-Windows-ServerManager-MultiMachine",
          "task": "Node access.",
          "thread_id": 2156,
          "type": "wineventlog",
          "user": {
            "domain": "GIACOBEVILLE",
            "identifier": "S-1-5-21-1271178117-3594940576-1158983498-500",
            "name": "Administrator",
            "type": "User"
          }
        },
        "fields": {
          "@timestamp": [
            1583263975932
          ]
        },
        "sort": [
          1583263975932
        ]
      },
      {
        "_index": "winlogbeat-2020.03.03",
        "_type": "wineventlog",
        "_id": "AXCh50Jqn_lBW985KyXP",
        "_version": 1,
        "_score": null,
        "_source": {
          "@timestamp": "2020-03-03T19:32:55.932Z",
          "beat": {
            "hostname": "DC",
            "name": "server",
            "version": "5.4.0"
          },
          "computer_name": "DC.Giacobeville.com",
          "event_data": {
            "methodName": "GetServerFeature",
            "namespaceName": "root\\microsoft\\windows\\servermanager",
            "protocol": "DCOM",
            "serverName": "localhost",
            "wmiClassName": "MSFT_ServerManagerTasks"
          },
          "event_id": 215,
          "level": "Information",
          "log_name": "Microsoft-Windows-ServerManager-MultiMachine/Operational",
          "message": "Invoke method completed. Server: localhost, Namespace: root\\microsoft\\windows\\servermanager, Class: MSFT_ServerManagerTasks, Method: GetServerFeature",
          "opcode": "Info",
          "process_id": 2068,
          "provider_guid": "{D8D37081-10BD-4A89-A971-1CDA6899BDB3}",
          "record_number": "27586",
          "source_name": "Microsoft-Windows-ServerManager-MultiMachine",
          "task": "Node access.",
          "thread_id": 2156,
          "type": "wineventlog",
          "user": {
            "domain": "GIACOBEVILLE",
            "identifier": "S-1-5-21-1271178117-3594940576-1158983498-500",
            "name": "Administrator",
            "type": "User"
          }
        },
        "fields": {
          "@timestamp": [
            1583263975932
          ]
        },
        "sort": [
          1583263975932
        ]
      },
      {
        "_index": "winlogbeat-2020.03.03",
        "_type": "wineventlog",
        "_id": "AXCh50Rkn_lBW985KyXa",
        "_version": 1,
        "_score": null,
        "_source": {
          "@timestamp": "2020-03-03T19:32:55.931Z",
          "activity_id": "{8F05604B-0E95-4E8F-B13B-ED318770FB28}",
          "beat": {
            "hostname": "DC",
            "name": "server",
            "version": "5.4.0"
          },
          "computer_name": "DC.Giacobeville.com",
          "event_data": {
            "uValue": "45"
          },
          "event_id": 48,
          "level": "Information",
          "log_name": "Microsoft-Windows-ServerManager-MgmtProvider/Operational",
          "message": "Get server feature task complete, total features returned: 45.",
          "opcode": "Info",
          "process_id": 3668,
          "provider_guid": "{C2E6D0D9-5DF8-4C77-A82B-C96C84579543}",
          "record_number": "16715",
          "source_name": "Microsoft-Windows-ServerManager-ManagementProvider",
          "task": "Get server feature task",
          "thread_id": 3996,
          "type": "wineventlog",
          "user": {
            "domain": "GIACOBEVILLE",
            "identifier": "S-1-5-21-1271178117-3594940576-1158983498-500",
            "name": "Administrator",
            "type": "User"
          }
        },
        "fields": {
          "@timestamp": [
            1583263975931
          ]
        },
        "sort": [
          1583263975931
        ]
      },
      {
        "_index": "winlogbeat-2020.03.03",
        "_type": "wineventlog",
        "_id": "AXCh50Jqn_lBW985KyXN",
        "_version": 1,
        "_score": null,
        "_source": {
          "@timestamp": "2020-03-03T19:32:55.921Z",
          "beat": {
            "hostname": "DC",
            "name": "server",
            "version": "5.4.0"
          },
          "computer_name": "DC.Giacobeville.com",
          "event_data": {
            "methodName": "GetServerFeature",
            "namespaceName": "root\\microsoft\\windows\\servermanager",
            "protocol": "DCOM",
            "serverName": "localhost",
            "wmiClassName": "MSFT_ServerManagerTasks"
          },
          "event_id": 217,
          "level": "Information",
          "log_name": "Microsoft-Windows-ServerManager-MultiMachine/Operational",
          "message": "Invoke method data received. Server: localhost, Namespace: root\\microsoft\\windows\\servermanager, Class: MSFT_ServerManagerTasks, Method: GetServerFeature",
          "opcode": "Info",
          "process_id": 2068,
          "provider_guid": "{D8D37081-10BD-4A89-A971-1CDA6899BDB3}",
          "record_number": "27584",
          "source_name": "Microsoft-Windows-ServerManager-MultiMachine",
          "task": "Node access.",
          "thread_id": 2156,
          "type": "wineventlog",
          "user": {
            "domain": "GIACOBEVILLE",
            "identifier": "S-1-5-21-1271178117-3594940576-1158983498-500",
            "name": "Administrator",
            "type": "User"
          }
        },
        "fields": {
          "@timestamp": [
            1583263975921
          ]
        },
        "sort": [
          1583263975921
        ]
      },
      {
        "_index": "winlogbeat-2020.03.03",
        "_type": "wineventlog",
        "_id": "AXCh50Lfn_lBW985KyXZ",
        "_version": 1,
        "_score": null,
        "_source": {
          "@timestamp": "2020-03-03T19:32:55.707Z",
          "activity_id": "{507F6FA2-58D0-4DAF-AFEB-F127F485300A}",
          "beat": {
            "hostname": "DC",
            "name": "server",
            "version": "5.4.0"
          },
          "computer_name": "DC.Giacobeville.com",
          "event_data": {
            "requestGuid": "{9ED8BFED-7024-44A7-827C-0C083AC5A6EF}",
            "restartRequired": "false"
          },
          "event_id": 112,
          "level": "Information",
          "log_name": "Microsoft-Windows-ServerManager-DeploymentProvider/Operational",
          "message": "Completed processing the GetServerComponent request.  Restart required: false",
          "opcode": "Info",
          "process_id": 4496,
          "provider_guid": "{66AF9A38-2D94-11E0-A076-8534E0D72085}",
          "record_number": "2064",
          "source_name": "Microsoft-Windows-ServerManager-DeploymentProvider",
          "task": "GetServerComponent request on a separate thread.",
          "thread_id": 4152,
          "type": "wineventlog",
          "user": {
            "domain": "NT AUTHORITY",
            "identifier": "S-1-5-18",
            "name": "SYSTEM",
            "type": "User"
          }
        },
        "fields": {
          "@timestamp": [
            1583263975707
          ]
        },
        "sort": [
          1583263975707
        ]
      },
      {
        "_index": "winlogbeat-2020.03.03",
        "_type": "wineventlog",
        "_id": "AXCh5z4-n_lBW985KyXJ",
        "_version": 1,
        "_score": null,
        "_source": {
          "@timestamp": "2020-03-03T19:32:55.108Z",
          "beat": {
            "hostname": "DC",
            "name": "server",
            "version": "5.4.0"
          },
          "computer_name": "DC.Giacobeville.com",
          "event_data": {
            "methodName": "GetServerServiceDetail",
            "namespaceName": "root\\microsoft\\windows\\servermanager",
            "protocol": "DCOM",
            "serverName": "localhost",
            "wmiClassName": "MSFT_ServerManagerTasks"
          },
          "event_id": 215,
          "level": "Information",
          "log_name": "Microsoft-Windows-ServerManager-MultiMachine/Operational",
          "message": "Invoke method completed. Server: localhost, Namespace: root\\microsoft\\windows\\servermanager, Class: MSFT_ServerManagerTasks, Method: GetServerServiceDetail",
          "opcode": "Info",
          "process_id": 2068,
          "provider_guid": "{D8D37081-10BD-4A89-A971-1CDA6899BDB3}",
          "record_number": "27583",
          "source_name": "Microsoft-Windows-ServerManager-MultiMachine",
          "task": "Node access.",
          "thread_id": 2156,
          "type": "wineventlog",
          "user": {
            "domain": "GIACOBEVILLE",
            "identifier": "S-1-5-21-1271178117-3594940576-1158983498-500",
            "name": "Administrator",
            "type": "User"
          }
        },
        "fields": {
          "@timestamp": [
            1583263975108
          ]
        },
        "sort": [
          1583263975108
        ]
      },
      {
        "_index": "winlogbeat-2020.03.03",
        "_type": "wineventlog",
        "_id": "AXCh5z4-n_lBW985KyXI",
        "_version": 1,
        "_score": null,
        "_source": {
          "@timestamp": "2020-03-03T19:32:55.108Z",
          "beat": {
            "hostname": "DC",
            "name": "server",
            "version": "5.4.0"
          },
          "computer_name": "DC.Giacobeville.com",
          "event_data": {
            "methodName": "GetServerServiceDetail",
            "namespaceName": "root\\microsoft\\windows\\servermanager",
            "protocol": "DCOM",
            "serverName": "localhost",
            "wmiClassName": "MSFT_ServerManagerTasks"
          },
          "event_id": 217,
          "level": "Information",
          "log_name": "Microsoft-Windows-ServerManager-MultiMachine/Operational",
          "message": "Invoke method data received. Server: localhost, Namespace: root\\microsoft\\windows\\servermanager, Class: MSFT_ServerManagerTasks, Method: GetServerServiceDetail",
          "opcode": "Info",
          "process_id": 2068,
          "provider_guid": "{D8D37081-10BD-4A89-A971-1CDA6899BDB3}",
          "record_number": "27582",
          "source_name": "Microsoft-Windows-ServerManager-MultiMachine",
          "task": "Node access.",
          "thread_id": 2156,
          "type": "wineventlog",
          "user": {
            "domain": "GIACOBEVILLE",
            "identifier": "S-1-5-21-1271178117-3594940576-1158983498-500",
            "name": "Administrator",
            "type": "User"
          }
        },
        "fields": {
          "@timestamp": [
            1583263975108
          ]
        },
        "sort": [
          1583263975108
        ]
      },
      {
        "_index": "winlogbeat-2020.03.03",
        "_type": "wineventlog",
        "_id": "AXCh5zxCn_lBW985KyW6",
        "_version": 1,
        "_score": null,
        "_source": {
          "@timestamp": "2020-03-03T19:32:55.105Z",
          "activity_id": "{E32547B4-6B68-4620-8C88-FCEABEE0001B}",
          "beat": {
            "hostname": "DC",
            "name": "server",
            "version": "5.4.0"
          },
          "computer_name": "DC.Giacobeville.com",
          "event_data": {
            "uValue": "0"
          },
          "event_id": 70,
          "level": "Information",
          "log_name": "Microsoft-Windows-ServerManager-MgmtProvider/Operational",
          "message": "Get server service detail task complete. Number of services returned: 0",
          "opcode": "Info",
          "process_id": 3668,
          "provider_guid": "{C2E6D0D9-5DF8-4C77-A82B-C96C84579543}",
          "record_number": "16714",
          "source_name": "Microsoft-Windows-ServerManager-ManagementProvider",
          "task": "Get server service detail task",
          "thread_id": 1256,
          "type": "wineventlog",
          "user": {
            "domain": "GIACOBEVILLE",
            "identifier": "S-1-5-21-1271178117-3594940576-1158983498-500",
            "name": "Administrator",
            "type": "User"
          }
        },
        "fields": {
          "@timestamp": [
            1583263975105
          ]
        },
        "sort": [
          1583263975105
        ]
      },
      {
        "_index": "winlogbeat-2020.03.03",
        "_type": "wineventlog",
        "_id": "AXCh5z4-n_lBW985KyXH",
        "_version": 1,
        "_score": null,
        "_source": {
          "@timestamp": "2020-03-03T19:32:55.089Z",
          "beat": {
            "hostname": "DC",
            "name": "server",
            "version": "5.4.0"
          },
          "computer_name": "DC.Giacobeville.com",
          "event_data": {
            "methodName": "GetServerServiceDetail",
            "namespaceName": "root\\microsoft\\windows\\servermanager",
            "protocol": "DCOM",
            "serverName": "localhost",
            "wmiClassName": "MSFT_ServerManagerTasks"
          },
          "event_id": 217,
          "level": "Information",
          "log_name": "Microsoft-Windows-ServerManager-MultiMachine/Operational",
          "message": "Invoke method data received. Server: localhost, Namespace: root\\microsoft\\windows\\servermanager, Class: MSFT_ServerManagerTasks, Method: GetServerServiceDetail",
          "opcode": "Info",
          "process_id": 2068,
          "provider_guid": "{D8D37081-10BD-4A89-A971-1CDA6899BDB3}",
          "record_number": "27581",
          "source_name": "Microsoft-Windows-ServerManager-MultiMachine",
          "task": "Node access.",
          "thread_id": 2156,
          "type": "wineventlog",
          "user": {
            "domain": "GIACOBEVILLE",
            "identifier": "S-1-5-21-1271178117-3594940576-1158983498-500",
            "name": "Administrator",
            "type": "User"
          }
        },
        "fields": {
          "@timestamp": [
            1583263975089
          ]
        },
        "sort": [
          1583263975089
        ]
      },
      {
        "_index": "winlogbeat-2020.03.03",
        "_type": "wineventlog",
        "_id": "AXCh5z7hn_lBW985KyXL",
        "_version": 1,
        "_score": null,
        "_source": {
          "@timestamp": "2020-03-03T19:32:55.071Z",
          "activity_id": "{507F6FA2-58D0-4DAF-AFEB-F127F485300A}",
          "beat": {
            "hostname": "DC",
            "name": "server",
            "version": "5.4.0"
          },
          "computer_name": "DC.Giacobeville.com",
          "event_data": {
            "value": "258"
          },
          "event_id": 1300,
          "level": "Information",
          "log_name": "Microsoft-Windows-ServerManager-DeploymentProvider/Operational",
          "message": "Component cache read from registry. Count: 258",
          "opcode": "Info",
          "process_id": 4496,
          "provider_guid": "{66AF9A38-2D94-11E0-A076-8534E0D72085}",
          "record_number": "2063",
          "source_name": "Microsoft-Windows-ServerManager-DeploymentProvider",
          "task": "GetServerComponent request on a separate thread.",
          "thread_id": 4152,
          "type": "wineventlog",
          "user": {
            "domain": "NT AUTHORITY",
            "identifier": "S-1-5-18",
            "name": "SYSTEM",
            "type": "User"
          }
        },
        "fields": {
          "@timestamp": [
            1583263975071
          ]
        },
        "sort": [
          1583263975071
        ]
      },
      {
        "_index": "winlogbeat-2020.03.03",
        "_type": "wineventlog",
        "_id": "AXCh5z7hn_lBW985KyXK",
        "_version": 1,
        "_score": null,
        "_source": {
          "@timestamp": "2020-03-03T19:32:54.975Z",
          "activity_id": "{507F6FA2-58D0-4DAF-AFEB-F127F485300A}",
          "beat": {
            "hostname": "DC",
            "name": "server",
            "version": "5.4.0"
          },
          "computer_name": "DC.Giacobeville.com",
          "event_data": {
            "requestGuid": "{9ED8BFED-7024-44A7-827C-0C083AC5A6EF}"
          },
          "event_id": 111,
          "level": "Information",
          "log_name": "Microsoft-Windows-ServerManager-DeploymentProvider/Operational",
          "message": "Starting a GetServerComponent request.",
          "opcode": "Info",
          "process_id": 4496,
          "provider_guid": "{66AF9A38-2D94-11E0-A076-8534E0D72085}",
          "record_number": "2062",
          "source_name": "Microsoft-Windows-ServerManager-DeploymentProvider",
          "task": "GetServerComponent request on a separate thread.",
          "thread_id": 4152,
          "type": "wineventlog",
          "user": {
            "domain": "NT AUTHORITY",
            "identifier": "S-1-5-18",
            "name": "SYSTEM",
            "type": "User"
          }
        },
        "fields": {
          "@timestamp": [
            1583263974975
          ]
        },
        "sort": [
          1583263974975
        ]
      },
      {
        "_index": "winlogbeat-2020.03.03",
        "_type": "wineventlog",
        "_id": "AXCh5z8_n_lBW985KyXM",
        "_version": 1,
        "_score": null,
        "_source": {
          "@timestamp": "2020-03-03T19:32:54.952Z",
          "beat": {
            "hostname": "DC",
            "name": "server",
            "version": "5.4.0"
          },
          "computer_name": "DC.Giacobeville.com",
          "event_id": 5857,
          "level": "Information",
          "log_name": "Microsoft-Windows-WMI-Activity/Operational",
          "message": "deploymentprovider provider started with result code 0x0. HostProcess = wmiprvse.exe; ProcessID = 4496; ProviderPath = %systemroot%\\system32\\wbem\\ServerManager.DeploymentProvider.dll",
          "opcode": "Info",
          "process_id": 4496,
          "provider_guid": "{1418EF04-B0B4-4623-BF7E-D74AB47BBDAA}",
          "record_number": "3735",
          "source_name": "Microsoft-Windows-WMI-Activity",
          "thread_id": 4152,
          "type": "wineventlog",
          "user": {
            "domain": "NT AUTHORITY",
            "identifier": "S-1-5-18",
            "name": "SYSTEM",
            "type": "User"
          },
          "user_data": {
            "Code": "0x0",
            "HostProcess": "wmiprvse.exe",
            "ProcessID": "4496",
            "ProviderName": "deploymentprovider",
            "ProviderPath": "%systemroot%\\system32\\wbem\\ServerManager.DeploymentProvider.dll",
            "xml_name": "Operation_StartedOperational"
          }
        },
        "fields": {
          "@timestamp": [
            1583263974952
          ]
        },
        "sort": [
          1583263974952
        ]
      },
      {
        "_index": "winlogbeat-2020.03.03",
        "_type": "wineventlog",
        "_id": "AXCh5z4-n_lBW985KyXG",
        "_version": 1,
        "_score": null,
        "_source": {
          "@timestamp": "2020-03-03T19:32:54.910Z",
          "beat": {
            "hostname": "DC",
            "name": "server",
            "version": "5.4.0"
          },
          "computer_name": "DC.Giacobeville.com",
          "event_data": {
            "methodName": "GetPerformanceCollectorState",
            "namespaceName": "root\\microsoft\\windows\\servermanager",
            "protocol": "DCOM",
            "serverName": "localhost",
            "wmiClassName": "MSFT_ServerManagerTasks"
          },
          "event_id": 215,
          "level": "Information",
          "log_name": "Microsoft-Windows-ServerManager-MultiMachine/Operational",
          "message": "Invoke method completed. Server: localhost, Namespace: root\\microsoft\\windows\\servermanager, Class: MSFT_ServerManagerTasks, Method: GetPerformanceCollectorState",
          "opcode": "Info",
          "process_id": 2068,
          "provider_guid": "{D8D37081-10BD-4A89-A971-1CDA6899BDB3}",
          "record_number": "27580",
          "source_name": "Microsoft-Windows-ServerManager-MultiMachine",
          "task": "Node access.",
          "thread_id": 2156,
          "type": "wineventlog",
          "user": {
            "domain": "GIACOBEVILLE",
            "identifier": "S-1-5-21-1271178117-3594940576-1158983498-500",
            "name": "Administrator",
            "type": "User"
          }
        },
        "fields": {
          "@timestamp": [
            1583263974910
          ]
        },
        "sort": [
          1583263974910
        ]
      },
      {
        "_index": "winlogbeat-2020.03.03",
        "_type": "wineventlog",
        "_id": "AXCh5z4-n_lBW985KyXF",
        "_version": 1,
        "_score": null,
        "_source": {
          "@timestamp": "2020-03-03T19:32:54.909Z",
          "beat": {
            "hostname": "DC",
            "name": "server",
            "version": "5.4.0"
          },
          "computer_name": "DC.Giacobeville.com",
          "event_data": {
            "methodName": "GetPerformanceCollectorState",
            "namespaceName": "root\\microsoft\\windows\\servermanager",
            "protocol": "DCOM",
            "serverName": "localhost",
            "wmiClassName": "MSFT_ServerManagerTasks"
          },
          "event_id": 217,
          "level": "Information",
          "log_name": "Microsoft-Windows-ServerManager-MultiMachine/Operational",
          "message": "Invoke method data received. Server: localhost, Namespace: root\\microsoft\\windows\\servermanager, Class: MSFT_ServerManagerTasks, Method: GetPerformanceCollectorState",
          "opcode": "Info",
          "process_id": 2068,
          "provider_guid": "{D8D37081-10BD-4A89-A971-1CDA6899BDB3}",
          "record_number": "27579",
          "source_name": "Microsoft-Windows-ServerManager-MultiMachine",
          "task": "Node access.",
          "thread_id": 2156,
          "type": "wineventlog",
          "user": {
            "domain": "GIACOBEVILLE",
            "identifier": "S-1-5-21-1271178117-3594940576-1158983498-500",
            "name": "Administrator",
            "type": "User"
          }
        },
        "fields": {
          "@timestamp": [
            1583263974909
          ]
        },
        "sort": [
          1583263974909
        ]
      },
      {
        "_index": "winlogbeat-2020.03.03",
        "_type": "wineventlog",
        "_id": "AXCh5zxCn_lBW985KyW5",
        "_version": 1,
        "_score": null,
        "_source": {
          "@timestamp": "2020-03-03T19:32:54.906Z",
          "activity_id": "{3BA25EDC-3F55-4B53-B9F5-2D0179956EF0}",
          "beat": {
            "hostname": "DC",
            "name": "server",
            "version": "5.4.0"
          },
          "computer_name": "DC.Giacobeville.com",
          "event_id": 15,
          "level": "Information",
          "log_name": "Microsoft-Windows-ServerManager-MgmtProvider/Operational",
          "message": "Get performance collector state task complete.",
          "opcode": "Stop",
          "process_id": 3668,
          "provider_guid": "{C2E6D0D9-5DF8-4C77-A82B-C96C84579543}",
          "record_number": "16713",
          "source_name": "Microsoft-Windows-ServerManager-ManagementProvider",
          "task": "Get performance collector state task",
          "thread_id": 4060,
          "type": "wineventlog",
          "user": {
            "domain": "GIACOBEVILLE",
            "identifier": "S-1-5-21-1271178117-3594940576-1158983498-500",
            "name": "Administrator",
            "type": "User"
          }
        },
        "fields": {
          "@timestamp": [
            1583263974906
          ]
        },
        "sort": [
          1583263974906
        ]
      },
      {
        "_index": "winlogbeat-2020.03.03",
        "_type": "wineventlog",
        "_id": "AXCh5z4nn_lBW985KyW7",
        "_version": 1,
        "_score": null,
        "_source": {
          "@timestamp": "2020-03-03T19:32:54.780Z",
          "beat": {
            "hostname": "DC",
            "name": "server",
            "version": "5.4.0"
          },
          "computer_name": "DC.Giacobeville.com",
          "event_data": {
            "CommandLine": "C:\\Windows\\system32\\wbem\\wmiprvse.exe -Embedding",
            "MandatoryLabel": "S-1-16-16384",
            "NewProcessId": "0x1190",
            "NewProcessName": "C:\\Windows\\System32\\wbem\\WmiPrvSE.exe",
            "ParentProcessName": "C:\\Windows\\System32\\svchost.exe",
            "ProcessId": "0x354",
            "SubjectDomainName": "GIACOBEVILLE",
            "SubjectLogonId": "0x3e7",
            "SubjectUserName": "DC$",
            "SubjectUserSid": "S-1-5-18",
            "TargetDomainName": "-",
            "TargetLogonId": "0x0",
            "TargetUserName": "-",
            "TargetUserSid": "S-1-0-0",
            "TokenElevationType": "%%1936"
          },
          "event_id": 4688,
          "keywords": [
            "Audit Success"
          ],
          "level": "Information",
          "log_name": "Security",
          "message": "A new process has been created.\n\nCreator Subject:\n\tSecurity ID:\t\tS-1-5-18\n\tAccount Name:\t\tDC$\n\tAccount Domain:\t\tGIACOBEVILLE\n\tLogon ID:\t\t0x3E7\n\nTarget Subject:\n\tSecurity ID:\t\tS-1-0-0\n\tAccount Name:\t\t-\n\tAccount Domain:\t\t-\n\tLogon ID:\t\t0x0\n\nProcess Information:\n\tNew Process ID:\t\t0x1190\n\tNew Process Name:\tC:\\Windows\\System32\\wbem\\WmiPrvSE.exe\n\tToken Elevation Type:\t%%1936\n\tMandatory Label:\t\tS-1-16-16384\n\tCreator Process ID:\t0x354\n\tCreator Process Name:\tC:\\Windows\\System32\\svchost.exe\n\tProcess Command Line:\tC:\\Windows\\system32\\wbem\\wmiprvse.exe -Embedding\n\nToken Elevation Type indicates the type of token that was assigned to the new process in accordance with User Account Control policy.\n\nType 1 is a full token with no privileges removed or groups disabled.  A full token is only used if User Account Control is disabled or if the user is the built-in Administrator account or a service account.\n\nType 2 is an elevated token with no privileges removed or groups disabled.  An elevated token is used when User Account Control is enabled and the user chooses to start the program using Run as administrator.  An elevated token is also used when an application is configured to always require administrative privilege or to always require maximum privilege, and the user is a member of the Administrators group.\n\nType 3 is a limited token with administrative privileges removed and administrative groups disabled.  The limited token is used when User Account Control is enabled, the application does not require administrative privilege, and the user does not choose to start the program using Run as administrator.",
          "opcode": "Info",
          "process_id": 4,
          "provider_guid": "{54849625-5478-4994-A5BA-3E3B0328C30D}",
          "record_number": "539835",
          "source_name": "Microsoft-Windows-Security-Auditing",
          "task": "Process Creation",
          "thread_id": 124,
          "type": "wineventlog",
          "version": 2
        },
        "fields": {
          "@timestamp": [
            1583263974780
          ]
        },
        "sort": [
          1583263974780
        ]
      },
      {
        "_index": "winlogbeat-2020.03.03",
        "_type": "wineventlog",
        "_id": "AXCh5zxCn_lBW985KyW4",
        "_version": 1,
        "_score": null,
        "_source": {
          "@timestamp": "2020-03-03T19:32:54.754Z",
          "activity_id": "{3BA25EDC-3F55-4B53-B9F5-2D0179956EF0}",
          "beat": {
            "hostname": "DC",
            "name": "server",
            "version": "5.4.0"
          },
          "computer_name": "DC.Giacobeville.com",
          "event_id": 14,
          "level": "Information",
          "log_name": "Microsoft-Windows-ServerManager-MgmtProvider/Operational",
          "message": "Get performance collector state task start.",
          "opcode": "Start",
          "process_id": 3668,
          "provider_guid": "{C2E6D0D9-5DF8-4C77-A82B-C96C84579543}",
          "record_number": "16712",
          "source_name": "Microsoft-Windows-ServerManager-ManagementProvider",
          "task": "Get performance collector state task",
          "thread_id": 4060,
          "type": "wineventlog",
          "user": {
            "domain": "GIACOBEVILLE",
            "identifier": "S-1-5-21-1271178117-3594940576-1158983498-500",
            "name": "Administrator",
            "type": "User"
          }
        },
        "fields": {
          "@timestamp": [
            1583263974754
          ]
        },
        "sort": [
          1583263974754
        ]
      },
      {
        "_index": "winlogbeat-2020.03.03",
        "_type": "wineventlog",
        "_id": "AXCh5zxCn_lBW985KyW3",
        "_version": 1,
        "_score": null,
        "_source": {
          "@timestamp": "2020-03-03T19:32:54.753Z",
          "activity_id": "{E32547B4-6B68-4620-8C88-FCEABEE0001B}",
          "beat": {
            "hostname": "DC",
            "name": "server",
            "version": "5.4.0"
          },
          "computer_name": "DC.Giacobeville.com",
          "event_data": {
            "uValue": "0"
          },
          "event_id": 69,
          "level": "Information",
          "log_name": "Microsoft-Windows-ServerManager-MgmtProvider/Operational",
          "message": "Get server service detail task start. Number of service requested: 0",
          "opcode": "Info",
          "process_id": 3668,
          "provider_guid": "{C2E6D0D9-5DF8-4C77-A82B-C96C84579543}",
          "record_number": "16711",
          "source_name": "Microsoft-Windows-ServerManager-ManagementProvider",
          "task": "Get server service detail task",
          "thread_id": 1256,
          "type": "wineventlog",
          "user": {
            "domain": "GIACOBEVILLE",
            "identifier": "S-1-5-21-1271178117-3594940576-1158983498-500",
            "name": "Administrator",
            "type": "User"
          }
        },
        "fields": {
          "@timestamp": [
            1583263974753
          ]
        },
        "sort": [
          1583263974753
        ]
      },
      {
        "_index": "winlogbeat-2020.03.03",
        "_type": "wineventlog",
        "_id": "AXCh5zxCn_lBW985KyW2",
        "_version": 1,
        "_score": null,
        "_source": {
          "@timestamp": "2020-03-03T19:32:54.752Z",
          "activity_id": "{8F05604B-0E95-4E8F-B13B-ED318770FB28}",
          "beat": {
            "hostname": "DC",
            "name": "server",
            "version": "5.4.0"
          },
          "computer_name": "DC.Giacobeville.com",
          "event_data": {
            "uValue": "2"
          },
          "event_id": 47,
          "level": "Information",
          "log_name": "Microsoft-Windows-ServerManager-MgmtProvider/Operational",
          "message": "Get server feature task started, flags: 2.",
          "opcode": "Info",
          "process_id": 3668,
          "provider_guid": "{C2E6D0D9-5DF8-4C77-A82B-C96C84579543}",
          "record_number": "16710",
          "source_name": "Microsoft-Windows-ServerManager-ManagementProvider",
          "task": "Get server feature task",
          "thread_id": 3996,
          "type": "wineventlog",
          "user": {
            "domain": "GIACOBEVILLE",
            "identifier": "S-1-5-21-1271178117-3594940576-1158983498-500",
            "name": "Administrator",
            "type": "User"
          }
        },
        "fields": {
          "@timestamp": [
            1583263974752
          ]
        },
        "sort": [
          1583263974752
        ]
      },
      {
        "_index": "winlogbeat-2020.03.03",
        "_type": "wineventlog",
        "_id": "AXCh5z4-n_lBW985KyXB",
        "_version": 1,
        "_score": null,
        "_source": {
          "@timestamp": "2020-03-03T19:32:54.732Z",
          "beat": {
            "hostname": "DC",
            "name": "server",
            "version": "5.4.0"
          },
          "computer_name": "DC.Giacobeville.com",
          "event_data": {
            "methodName": "GetServerServiceDetail",
            "namespaceName": "root\\microsoft\\windows\\servermanager",
            "protocol": "DCOM",
            "serverName": "localhost",
            "wmiClassName": "MSFT_ServerManagerTasks"
          },
          "event_id": 214,
          "level": "Information",
          "log_name": "Microsoft-Windows-ServerManager-MultiMachine/Operational",
          "message": "Invoke method started. Server: localhost, Namespace: root\\microsoft\\windows\\servermanager, Class: MSFT_ServerManagerTasks, Method: GetServerServiceDetail",
          "opcode": "Info",
          "process_id": 2068,
          "provider_guid": "{D8D37081-10BD-4A89-A971-1CDA6899BDB3}",
          "record_number": "27575",
          "source_name": "Microsoft-Windows-ServerManager-MultiMachine",
          "task": "Node access.",
          "thread_id": 7716,
          "type": "wineventlog",
          "user": {
            "domain": "GIACOBEVILLE",
            "identifier": "S-1-5-21-1271178117-3594940576-1158983498-500",
            "name": "Administrator",
            "type": "User"
          }
        },
        "fields": {
          "@timestamp": [
            1583263974732
          ]
        },
        "sort": [
          1583263974732
        ]
      },
      {
        "_index": "winlogbeat-2020.03.03",
        "_type": "wineventlog",
        "_id": "AXCh5z4-n_lBW985KyXC",
        "_version": 1,
        "_score": null,
        "_source": {
          "@timestamp": "2020-03-03T19:32:54.732Z",
          "beat": {
            "hostname": "DC",
            "name": "server",
            "version": "5.4.0"
          },
          "computer_name": "DC.Giacobeville.com",
          "event_data": {
            "protocol": "DCOM",
            "serverName": "localhost",
            "userName": "null"
          },
          "event_id": 209,
          "level": "Information",
          "log_name": "Microsoft-Windows-ServerManager-MultiMachine/Operational",
          "message": "Creating new session. Server: localhost, Protocol: DCOM, User: null",
          "opcode": "Info",
          "process_id": 2068,
          "provider_guid": "{D8D37081-10BD-4A89-A971-1CDA6899BDB3}",
          "record_number": "27576",
          "source_name": "Microsoft-Windows-ServerManager-MultiMachine",
          "task": "Node access.",
          "thread_id": 7716,
          "type": "wineventlog",
          "user": {
            "domain": "GIACOBEVILLE",
            "identifier": "S-1-5-21-1271178117-3594940576-1158983498-500",
            "name": "Administrator",
            "type": "User"
          }
        },
        "fields": {
          "@timestamp": [
            1583263974732
          ]
        },
        "sort": [
          1583263974732
        ]
      },
      {
        "_index": "winlogbeat-2020.03.03",
        "_type": "wineventlog",
        "_id": "AXCh5z4-n_lBW985KyXD",
        "_version": 1,
        "_score": null,
        "_source": {
          "@timestamp": "2020-03-03T19:32:54.732Z",
          "beat": {
            "hostname": "DC",
            "name": "server",
            "version": "5.4.0"
          },
          "computer_name": "DC.Giacobeville.com",
          "event_data": {
            "methodName": "GetPerformanceCollectorState",
            "namespaceName": "root\\microsoft\\windows\\servermanager",
            "protocol": "DCOM",
            "serverName": "localhost",
            "wmiClassName": "MSFT_ServerManagerTasks"
          },
          "event_id": 214,
          "level": "Information",
          "log_name": "Microsoft-Windows-ServerManager-MultiMachine/Operational",
          "message": "Invoke method started. Server: localhost, Namespace: root\\microsoft\\windows\\servermanager, Class: MSFT_ServerManagerTasks, Method: GetPerformanceCollectorState",
          "opcode": "Info",
          "process_id": 2068,
          "provider_guid": "{D8D37081-10BD-4A89-A971-1CDA6899BDB3}",
          "record_number": "27577",
          "source_name": "Microsoft-Windows-ServerManager-MultiMachine",
          "task": "Node access.",
          "thread_id": 7716,
          "type": "wineventlog",
          "user": {
            "domain": "GIACOBEVILLE",
            "identifier": "S-1-5-21-1271178117-3594940576-1158983498-500",
            "name": "Administrator",
            "type": "User"
          }
        },
        "fields": {
          "@timestamp": [
            1583263974732
          ]
        },
        "sort": [
          1583263974732
        ]
      },
      {
        "_index": "winlogbeat-2020.03.03",
        "_type": "wineventlog",
        "_id": "AXCh5z4-n_lBW985KyXE",
        "_version": 1,
        "_score": null,
        "_source": {
          "@timestamp": "2020-03-03T19:32:54.732Z",
          "beat": {
            "hostname": "DC",
            "name": "server",
            "version": "5.4.0"
          },
          "computer_name": "DC.Giacobeville.com",
          "event_data": {
            "protocol": "DCOM",
            "serverName": "localhost",
            "userName": "null"
          },
          "event_id": 209,
          "level": "Information",
          "log_name": "Microsoft-Windows-ServerManager-MultiMachine/Operational",
          "message": "Creating new session. Server: localhost, Protocol: DCOM, User: null",
          "opcode": "Info",
          "process_id": 2068,
          "provider_guid": "{D8D37081-10BD-4A89-A971-1CDA6899BDB3}",
          "record_number": "27578",
          "source_name": "Microsoft-Windows-ServerManager-MultiMachine",
          "task": "Node access.",
          "thread_id": 7716,
          "type": "wineventlog",
          "user": {
            "domain": "GIACOBEVILLE",
            "identifier": "S-1-5-21-1271178117-3594940576-1158983498-500",
            "name": "Administrator",
            "type": "User"
          }
        },
        "fields": {
          "@timestamp": [
            1583263974732
          ]
        },
        "sort": [
          1583263974732
        ]
      },
      {
        "_index": "winlogbeat-2020.03.03",
        "_type": "wineventlog",
        "_id": "AXCh5z4-n_lBW985KyW_",
        "_version": 1,
        "_score": null,
        "_source": {
          "@timestamp": "2020-03-03T19:32:54.730Z",
          "beat": {
            "hostname": "DC",
            "name": "server",
            "version": "5.4.0"
          },
          "computer_name": "DC.Giacobeville.com",
          "event_data": {
            "methodName": "GetServerFeature",
            "namespaceName": "root\\microsoft\\windows\\servermanager",
            "protocol": "DCOM",
            "serverName": "localhost",
            "wmiClassName": "MSFT_ServerManagerTasks"
          },
          "event_id": 214,
          "level": "Information",
          "log_name": "Microsoft-Windows-ServerManager-MultiMachine/Operational",
          "message": "Invoke method started. Server: localhost, Namespace: root\\microsoft\\windows\\servermanager, Class: MSFT_ServerManagerTasks, Method: GetServerFeature",
          "opcode": "Info",
          "process_id": 2068,
          "provider_guid": "{D8D37081-10BD-4A89-A971-1CDA6899BDB3}",
          "record_number": "27573",
          "source_name": "Microsoft-Windows-ServerManager-MultiMachine",
          "task": "Node access.",
          "thread_id": 7716,
          "type": "wineventlog",
          "user": {
            "domain": "GIACOBEVILLE",
            "identifier": "S-1-5-21-1271178117-3594940576-1158983498-500",
            "name": "Administrator",
            "type": "User"
          }
        },
        "fields": {
          "@timestamp": [
            1583263974730
          ]
        },
        "sort": [
          1583263974730
        ]
      },
