{
  "took": 1560,
  "hits": {
    "hits": [
      {
        "_index": "winlogbeat-2020.03.03",
        "_type": "wineventlog",
        "_id": "AXCh8UaSn_lBW985KyeP",
        "_version": 1,
        "_score": null,
        "_source": {
          "@timestamp": "2020-03-03T19:43:52.373Z",
          "beat": {
            "hostname": "DC",
            "name": "server",
            "version": "5.4.0"
          },
          "computer_name": "DC.Giacobeville.com",
          "event_data": {
            "ErrorType": "TIMEOUT",
            "FQDNName": "taxoffice.Giacobeville.com",
            "IP_Name": "[[192.168.100.18]]",
            "operation": "This operation returned because the timeout period expired."
          },
          "event_id": 20321,
          "level": "Error",
          "log_name": "DhcpAdminEvents",
          "message": "PTR record registration for IPv4 address [[192.168.100.18]] and FQDN taxoffice.Giacobeville.com failed with error TIMEOUT.",
          "opcode": "Info",
          "process_id": 2268,
          "provider_guid": "{6D64F02C-A125-4DAC-9A01-F0555B41CA84}",
          "record_number": "7072",
          "source_name": "Microsoft-Windows-DHCP-Server",
          "task": "Name Registration.",
          "thread_id": 6220,
          "type": "wineventlog",
          "user": {
            "domain": "NT AUTHORITY",
            "identifier": "S-1-5-20",
            "name": "NETWORK SERVICE",
            "type": "Well Known Group"
          }
        },
        "fields": {
          "@timestamp": [
            1583264632373
          ]
        },
        "sort": [
          1583264632373
        ]
      },
      {
        "_index": "winlogbeat-2020.03.03",
        "_type": "wineventlog",
        "_id": "AXCh8UT6n_lBW985KyeO",
        "_version": 1,
        "_score": null,
        "_source": {
          "@timestamp": "2020-03-03T19:43:50.946Z",
          "beat": {
            "hostname": "DC",
            "name": "server",
            "version": "5.4.0"
          },
          "computer_name": "DC.Giacobeville.com",
          "event_id": 2,
          "level": "Information",
          "log_name": "Microsoft-Windows-ServerManager-MgmtProvider/Operational",
          "message": "Unloading the management provider",
          "opcode": "Stop",
          "process_id": 3668,
          "provider_guid": "{C2E6D0D9-5DF8-4C77-A82B-C96C84579543}",
          "record_number": "16760",
          "source_name": "Microsoft-Windows-ServerManager-ManagementProvider",
          "task": "Provider initialization",
          "thread_id": 7788,
          "type": "wineventlog",
          "user": {
            "domain": "NT AUTHORITY",
            "identifier": "S-1-5-20",
            "name": "NETWORK SERVICE",
            "type": "Well Known Group"
          }
        },
        "fields": {
          "@timestamp": [
            1583264630946
          ]
        },
        "sort": [
          1583264630946
        ]
      },
      {
        "_index": "winlogbeat-2020.03.03",
        "_type": "wineventlog",
        "_id": "AXCh8Thin_lBW985KyeN",
        "_version": 1,
        "_score": null,
        "_source": {
          "@timestamp": "2020-03-03T19:43:48.351Z",
          "beat": {
            "hostname": "DC",
            "name": "server",
            "version": "5.4.0"
          },
          "computer_name": "DC.Giacobeville.com",
          "event_data": {
            "AccessList": "%%1538\n\t\t\t\t%%1541\n\t\t\t\t%%4416\n\t\t\t\t%%4419\n\t\t\t\t%%4423\n\t\t\t\t",
            "AccessMask": "0x120089",
            "AccessReason": "%%1538:\t%%1801\tD:(A;;0x1200a9;;;WD)\n\t\t\t\t%%1541:\t%%1801\tD:(A;;0x1200a9;;;WD)\n\t\t\t\t%%4416:\t%%1801\tD:(A;;0x1200a9;;;WD)\n\t\t\t\t%%4419:\t%%1801\tD:(A;;0x1200a9;;;WD)\n\t\t\t\t%%4423:\t%%1801\tD:(A;;0x1200a9;;;WD)\n\t\t\t\t",
            "IpAddress": "192.168.100.18",
            "IpPort": "49181",
            "ObjectType": "File",
            "RelativeTargetName": "Giacobeville.com\\Policies\\{31B2F340-016D-11D2-945F-00C04FB984F9}\\gpt.ini",
            "ShareLocalPath": "\\??\\C:\\Windows\\SYSVOL\\sysvol",
            "ShareName": "\\\\*\\SYSVOL",
            "SubjectDomainName": "GIACOBEVILLE",
            "SubjectLogonId": "0xebef3",
            "SubjectUserName": "TAXOFFICE$",
            "SubjectUserSid": "S-1-5-21-1271178117-3594940576-1158983498-1107"
          },
          "event_id": 5145,
          "keywords": [
            "Audit Success"
          ],
          "level": "Information",
          "log_name": "Security",
          "message": "A network share object was checked to see whether client can be granted desired access.\n\t\nSubject:\n\tSecurity ID:\t\tS-1-5-21-1271178117-3594940576-1158983498-1107\n\tAccount Name:\t\tTAXOFFICE$\n\tAccount Domain:\t\tGIACOBEVILLE\n\tLogon ID:\t\t0xEBEF3\n\nNetwork Information:\t\n\tObject Type:\t\tFile\n\tSource Address:\t\t192.168.100.18\n\tSource Port:\t\t49181\n\t\nShare Information:\n\tShare Name:\t\t\\\\*\\SYSVOL\n\tShare Path:\t\t\\??\\C:\\Windows\\SYSVOL\\sysvol\n\tRelative Target Name:\tGiacobeville.com\\Policies\\{31B2F340-016D-11D2-945F-00C04FB984F9}\\gpt.ini\n\nAccess Request Information:\n\tAccess Mask:\t\t0x120089\n\tAccesses:\t\tREAD_CONTROL\n\t\t\t\tSYNCHRONIZE\n\t\t\t\tReadData (or ListDirectory)\n\t\t\t\tReadEA\n\t\t\t\tReadAttributes\n\t\t\t\t\nAccess Check Results:\n\tREAD_CONTROL:\tGranted by\tD:(A;;0x1200a9;;;WD)\n\t\t\t\tSYNCHRONIZE:\tGranted by\tD:(A;;0x1200a9;;;WD)\n\t\t\t\tReadData (or ListDirectory):\tGranted by\tD:(A;;0x1200a9;;;WD)\n\t\t\t\tReadEA:\tGranted by\tD:(A;;0x1200a9;;;WD)\n\t\t\t\tReadAttributes:\tGranted by\tD:(A;;0x1200a9;;;WD)\n\t\t\t\t",
          "opcode": "Info",
          "process_id": 4,
          "provider_guid": "{54849625-5478-4994-A5BA-3E3B0328C30D}",
          "record_number": "539867",
          "source_name": "Microsoft-Windows-Security-Auditing",
          "task": "Detailed File Share",
          "thread_id": 308,
          "type": "wineventlog"
        },
        "fields": {
          "@timestamp": [
            1583264628351
          ]
        },
        "sort": [
          1583264628351
        ]
      },
      {
        "_index": "winlogbeat-2020.03.03",
        "_type": "wineventlog",
        "_id": "AXCh8SM1n_lBW985KyeL",
        "_version": 1,
        "_score": null,
        "_source": {
          "@timestamp": "2020-03-03T19:43:42.861Z",
          "beat": {
            "hostname": "DC",
            "name": "server",
            "version": "5.4.0"
          },
          "computer_name": "DC.Giacobeville.com",
          "event_data": {
            "Binary": "77006C00690064007300760063002F0031000000",
            "param1": "Microsoft Account Sign-in Assistant",
            "param2": "stopped"
          },
          "event_id": 7036,
          "keywords": [
            "Classic"
          ],
          "level": "Information",
          "log_name": "System",
          "message": "The Microsoft Account Sign-in Assistant service entered the stopped state.",
          "process_id": 652,
          "provider_guid": "{555908d1-a6d7-4695-8e1e-26931d2012f4}",
          "record_number": "18476",
          "source_name": "Service Control Manager",
          "thread_id": 7972,
          "type": "wineventlog"
        },
        "fields": {
          "@timestamp": [
            1583264622861
          ]
        },
        "sort": [
          1583264622861
        ]
      },
      {
        "_index": "winlogbeat-2020.03.03",
        "_type": "wineventlog",
        "_id": "AXCh8SVjn_lBW985KyeM",
        "_version": 1,
        "_score": null,
        "_source": {
          "@timestamp": "2020-03-03T19:43:42.852Z",
          "beat": {
            "hostname": "DC",
            "name": "server",
            "version": "5.4.0"
          },
          "computer_name": "DC.Giacobeville.com",
          "event_data": {
            "Details": "The service has stopped.",
            "Operation": "Service stopped",
            "Status": "0x0"
          },
          "event_id": 2024,
          "keywords": [
            "Operational"
          ],
          "level": "Information",
          "log_name": "Microsoft-Windows-LiveId/Operational",
          "message": "Operation: Service stopped\nDetails: The service has stopped.\nStatus: 0x0",
          "opcode": "Info",
          "process_id": 76,
          "provider_guid": "{05F02597-FE85-4E67-8542-69567AB8FD4F}",
          "record_number": "59081",
          "source_name": "Microsoft-Windows-LiveId",
          "task": "WLID Service Operation",
          "thread_id": 3836,
          "type": "wineventlog",
          "user": {
            "domain": "NT AUTHORITY",
            "identifier": "S-1-5-18",
            "name": "SYSTEM",
            "type": "User"
          }
        },
        "fields": {
          "@timestamp": [
            1583264622852
          ]
        },
        "sort": [
          1583264622852
        ]
      },
      {
        "_index": "winlogbeat-2020.03.03",
        "_type": "wineventlog",
        "_id": "AXCh8QPYn_lBW985KyeK",
        "_version": 1,
        "_score": null,
        "_source": {
          "@timestamp": "2020-03-03T19:43:34.346Z",
          "beat": {
            "hostname": "DC",
            "name": "server",
            "version": "5.4.0"
          },
          "computer_name": "DC.Giacobeville.com",
          "event_data": {
            "VolumeGuid": "{E8A05CFB-01EA-11EA-8B75-806E6F6E6963}",
            "VolumeName": "A:",
            "VolumeNameLength": "2"
          },
          "event_id": 2,
          "level": "Information",
          "log_name": "Microsoft-Windows-Kernel-IO/Operational",
          "message": "The volume has been successfully mounted.\n\n           Volume GUID: {E8A05CFB-01EA-11EA-8B75-806E6F6E6963}\n           Volume Name: A:",
          "opcode": "Stop",
          "process_id": 2476,
          "provider_guid": "{ABF1F586-2E50-4BA8-928D-49044E6F0DB7}",
          "record_number": "189143",
          "source_name": "Microsoft-Windows-Kernel-IO",
          "thread_id": 2932,
          "type": "wineventlog",
          "user": {
            "domain": "NT AUTHORITY",
            "identifier": "S-1-5-18",
            "name": "SYSTEM",
            "type": "User"
          }
        },
        "fields": {
          "@timestamp": [
            1583264614346
          ]
        },
        "sort": [
          1583264614346
        ]
      },
      {
        "_index": "winlogbeat-2020.03.03",
        "_type": "wineventlog",
        "_id": "AXCh8P_hn_lBW985KyeJ",
        "_version": 1,
        "_score": null,
        "_source": {
          "@timestamp": "2020-03-03T19:43:33.324Z",
          "beat": {
            "hostname": "DC",
            "name": "server",
            "version": "5.4.0"
          },
          "computer_name": "DC.Giacobeville.com",
          "event_data": {
            "VolumeGuid": "{E8A05CFB-01EA-11EA-8B75-806E6F6E6963}",
            "VolumeName": "A:",
            "VolumeNameLength": "2"
          },
          "event_id": 1,
          "level": "Information",
          "log_name": "Microsoft-Windows-Kernel-IO/Operational",
          "message": "Windows has started processing the volume mount request.\n\n           Volume GUID: {E8A05CFB-01EA-11EA-8B75-806E6F6E6963}\n           Volume Name: A:",
          "opcode": "Start",
          "process_id": 2476,
          "provider_guid": "{ABF1F586-2E50-4BA8-928D-49044E6F0DB7}",
          "record_number": "189142",
          "source_name": "Microsoft-Windows-Kernel-IO",
          "thread_id": 2932,
          "type": "wineventlog",
          "user": {
            "domain": "NT AUTHORITY",
            "identifier": "S-1-5-18",
            "name": "SYSTEM",
            "type": "User"
          }
        },
        "fields": {
          "@timestamp": [
            1583264613324
          ]
        },
        "sort": [
          1583264613324
        ]
      },
      {
        "_index": "winlogbeat-2020.03.03",
        "_type": "wineventlog",
        "_id": "AXCh8LWln_lBW985KyeH",
        "_version": 1,
        "_score": null,
        "_source": {
          "@timestamp": "2020-03-03T19:43:14.874Z",
          "beat": {
            "hostname": "DC",
            "name": "server",
            "version": "5.4.0"
          },
          "computer_name": "DC.Giacobeville.com",
          "event_data": {
            "Binary": "43006C00690070005300560043002F0031000000",
            "param1": "Client License Service (ClipSVC)",
            "param2": "stopped"
          },
          "event_id": 7036,
          "keywords": [
            "Classic"
          ],
          "level": "Information",
          "log_name": "System",
          "message": "The Client License Service (ClipSVC) service entered the stopped state.",
          "process_id": 652,
          "provider_guid": "{555908d1-a6d7-4695-8e1e-26931d2012f4}",
          "record_number": "18475",
          "source_name": "Service Control Manager",
          "thread_id": 7972,
          "type": "wineventlog"
        },
        "fields": {
          "@timestamp": [
            1583264594874
          ]
        },
        "sort": [
          1583264594874
        ]
      },
      {
        "_index": "winlogbeat-2020.03.03",
        "_type": "wineventlog",
        "_id": "AXCh8LX8n_lBW985KyeI",
        "_version": 1,
        "_score": null,
        "_source": {
          "@timestamp": "2020-03-03T19:43:14.873Z",
          "beat": {
            "hostname": "DC",
            "name": "server",
            "version": "5.4.0"
          },
          "computer_name": "DC.Giacobeville.com",
          "event_id": 102,
          "keywords": [
            "Service Keyword"
          ],
          "level": "Information",
          "log_name": "Microsoft-Client-Licensing-Platform/Admin",
          "message": "ClipSVC service has shutdown.",
          "opcode": "Info",
          "process_id": 3756,
          "provider_guid": "{B6CC0D55-9ECC-49A8-B929-2B9022426F2A}",
          "record_number": "9420",
          "source_name": "Microsoft-Client-Licensing-Platform",
          "thread_id": 1816,
          "type": "wineventlog",
          "user": {
            "domain": "NT AUTHORITY",
            "identifier": "S-1-5-18",
            "name": "SYSTEM",
            "type": "User"
          }
        },
        "fields": {
          "@timestamp": [
            1583264594873
          ]
        },
        "sort": [
          1583264594873
        ]
      },
      {
        "_index": "winlogbeat-2020.03.03",
        "_type": "wineventlog",
        "_id": "AXCh8I50n_lBW985KyeG",
        "_version": 1,
        "_score": null,
        "_source": {
          "@timestamp": "2020-03-03T19:43:04.347Z",
          "beat": {
            "hostname": "DC",
            "name": "server",
            "version": "5.4.0"
          },
          "computer_name": "DC.Giacobeville.com",
          "event_data": {
            "VolumeGuid": "{E8A05CFB-01EA-11EA-8B75-806E6F6E6963}",
            "VolumeName": "A:",
            "VolumeNameLength": "2"
          },
          "event_id": 2,
          "level": "Information",
          "log_name": "Microsoft-Windows-Kernel-IO/Operational",
          "message": "The volume has been successfully mounted.\n\n           Volume GUID: {E8A05CFB-01EA-11EA-8B75-806E6F6E6963}\n           Volume Name: A:",
          "opcode": "Stop",
          "process_id": 2476,
          "provider_guid": "{ABF1F586-2E50-4BA8-928D-49044E6F0DB7}",
          "record_number": "189141",
          "source_name": "Microsoft-Windows-Kernel-IO",
          "thread_id": 2932,
          "type": "wineventlog",
          "user": {
            "domain": "NT AUTHORITY",
            "identifier": "S-1-5-18",
            "name": "SYSTEM",
            "type": "User"
          }
        },
        "fields": {
          "@timestamp": [
            1583264584347
          ]
        },
        "sort": [
          1583264584347
        ]
      },
      {
        "_index": "winlogbeat-2020.03.03",
        "_type": "wineventlog",
        "_id": "AXCh8Ip3n_lBW985KyeF",
        "_version": 1,
        "_score": null,
        "_source": {
          "@timestamp": "2020-03-03T19:43:03.324Z",
          "beat": {
            "hostname": "DC",
            "name": "server",
            "version": "5.4.0"
          },
          "computer_name": "DC.Giacobeville.com",
          "event_data": {
            "VolumeGuid": "{E8A05CFB-01EA-11EA-8B75-806E6F6E6963}",
            "VolumeName": "A:",
            "VolumeNameLength": "2"
          },
          "event_id": 1,
          "level": "Information",
          "log_name": "Microsoft-Windows-Kernel-IO/Operational",
          "message": "Windows has started processing the volume mount request.\n\n           Volume GUID: {E8A05CFB-01EA-11EA-8B75-806E6F6E6963}\n           Volume Name: A:",
          "opcode": "Start",
          "process_id": 2476,
          "provider_guid": "{ABF1F586-2E50-4BA8-928D-49044E6F0DB7}",
          "record_number": "189140",
          "source_name": "Microsoft-Windows-Kernel-IO",
          "thread_id": 2932,
          "type": "wineventlog",
          "user": {
            "domain": "NT AUTHORITY",
            "identifier": "S-1-5-18",
            "name": "SYSTEM",
            "type": "User"
          }
        },
        "fields": {
          "@timestamp": [
            1583264583324
          ]
        },
        "sort": [
          1583264583324
        ]
      },
      {
        "_index": "winlogbeat-2020.03.03",
        "_type": "wineventlog",
        "_id": "AXCh8HBKn_lBW985KyeC",
        "_version": 1,
        "_score": null,
        "_source": {
          "@timestamp": "2020-03-03T19:42:57.774Z",
          "beat": {
            "hostname": "DC",
            "name": "server",
            "version": "5.4.0"
          },
          "computer_name": "DC.Giacobeville.com",
          "event_data": {
            "ID": "{A2255E2F-B8E1-47F3-9F2B-4031E044E419}"
          },
          "event_id": 172,
          "level": "Information",
          "log_name": "Microsoft-Windows-ServerManager-MultiMachine/Operational",
          "message": "Refresh session completed. Id: {A2255E2F-B8E1-47F3-9F2B-4031E044E419}",
          "opcode": "Info",
          "process_id": 2068,
          "provider_guid": "{D8D37081-10BD-4A89-A971-1CDA6899BDB3}",
          "record_number": "27640",
          "source_name": "Microsoft-Windows-ServerManager-MultiMachine",
          "task": "Server manager refresh task.",
          "thread_id": 2764,
          "type": "wineventlog",
          "user": {
            "domain": "GIACOBEVILLE",
            "identifier": "S-1-5-21-1271178117-3594940576-1158983498-500",
            "name": "Administrator",
            "type": "User"
          }
        },
        "fields": {
          "@timestamp": [
            1583264577774
          ]
        },
        "sort": [
          1583264577774
        ]
      },
      {
        "_index": "winlogbeat-2020.03.03",
        "_type": "wineventlog",
        "_id": "AXCh8HBKn_lBW985KyeA",
        "_version": 1,
        "_score": null,
        "_source": {
          "@timestamp": "2020-03-03T19:42:57.774Z",
          "beat": {
            "hostname": "DC",
            "name": "server",
            "version": "5.4.0"
          },
          "computer_name": "DC.Giacobeville.com",
          "event_data": {
            "MachineName": "DC.Giacobeville.com"
          },
          "event_id": 77,
          "level": "Information",
          "log_name": "Microsoft-Windows-ServerManager-MultiMachine/Operational",
          "message": "Triggered performance counter sample data results updated event.",
          "opcode": "Info",
          "process_id": 2068,
          "provider_guid": "{D8D37081-10BD-4A89-A971-1CDA6899BDB3}",
          "record_number": "27638",
          "source_name": "Microsoft-Windows-ServerManager-MultiMachine",
          "task": "Server manager refresh task.",
          "thread_id": 2764,
          "type": "wineventlog",
          "user": {
            "domain": "GIACOBEVILLE",
            "identifier": "S-1-5-21-1271178117-3594940576-1158983498-500",
            "name": "Administrator",
            "type": "User"
          }
        },
        "fields": {
          "@timestamp": [
            1583264577774
          ]
        },
        "sort": [
          1583264577774
        ]
      },
      {
        "_index": "winlogbeat-2020.03.03",
        "_type": "wineventlog",
        "_id": "AXCh8HBKn_lBW985Kyd_",
        "_version": 1,
        "_score": null,
        "_source": {
          "@timestamp": "2020-03-03T19:42:57.774Z",
          "beat": {
            "hostname": "DC",
            "name": "server",
            "version": "5.4.0"
          },
          "computer_name": "DC.Giacobeville.com",
          "event_data": {
            "MachineName": "DC.Giacobeville.com"
          },
          "event_id": 77,
          "level": "Information",
          "log_name": "Microsoft-Windows-ServerManager-MultiMachine/Operational",
          "message": "Triggered performance counter sample data results updated event.",
          "opcode": "Info",
          "process_id": 2068,
          "provider_guid": "{D8D37081-10BD-4A89-A971-1CDA6899BDB3}",
          "record_number": "27637",
          "source_name": "Microsoft-Windows-ServerManager-MultiMachine",
          "task": "Server manager refresh task.",
          "thread_id": 2764,
          "type": "wineventlog",
          "user": {
            "domain": "GIACOBEVILLE",
            "identifier": "S-1-5-21-1271178117-3594940576-1158983498-500",
            "name": "Administrator",
            "type": "User"
          }
        },
        "fields": {
          "@timestamp": [
            1583264577774
          ]
        },
        "sort": [
          1583264577774
        ]
      },
      {
        "_index": "winlogbeat-2020.03.03",
        "_type": "wineventlog",
        "_id": "AXCh8HBKn_lBW985KyeB",
        "_version": 1,
        "_score": null,
        "_source": {
          "@timestamp": "2020-03-03T19:42:57.774Z",
          "beat": {
            "hostname": "DC",
            "name": "server",
            "version": "5.4.0"
          },
          "computer_name": "DC.Giacobeville.com",
          "event_data": {
            "Count": "1",
            "MachineName": "DC.Giacobeville.com"
          },
          "event_id": 192,
          "level": "Information",
          "log_name": "Microsoft-Windows-ServerManager-MultiMachine/Operational",
          "message": "Refresh item completed. Server: DC.Giacobeville.com, Session Item Count: 1",
          "opcode": "Info",
          "process_id": 2068,
          "provider_guid": "{D8D37081-10BD-4A89-A971-1CDA6899BDB3}",
          "record_number": "27639",
          "source_name": "Microsoft-Windows-ServerManager-MultiMachine",
          "task": "Server manager refresh task.",
          "thread_id": 2764,
          "type": "wineventlog",
          "user": {
            "domain": "GIACOBEVILLE",
            "identifier": "S-1-5-21-1271178117-3594940576-1158983498-500",
            "name": "Administrator",
            "type": "User"
          }
        },
        "fields": {
          "@timestamp": [
            1583264577774
          ]
        },
        "sort": [
          1583264577774
        ]
      },
      {
        "_index": "winlogbeat-2020.03.03",
        "_type": "wineventlog",
        "_id": "AXCh8HHjn_lBW985KyeE",
        "_version": 1,
        "_score": null,
        "_source": {
          "@timestamp": "2020-03-03T19:42:57.768Z",
          "activity_id": "{F20AAC87-CFCD-4CB6-9A0D-97C2AF259E30}",
          "beat": {
            "hostname": "DC",
            "name": "server",
            "version": "5.4.0"
          },
          "computer_name": "DC.Giacobeville.com",
          "event_id": 27,
          "level": "Information",
          "log_name": "Microsoft-Windows-ServerManager-MgmtProvider/Operational",
          "message": "Get counter samples in time range task complete.",
          "opcode": "Stop",
          "process_id": 3668,
          "provider_guid": "{C2E6D0D9-5DF8-4C77-A82B-C96C84579543}",
          "record_number": "16759",
          "source_name": "Microsoft-Windows-ServerManager-ManagementProvider",
          "task": "Get counter samples in time range task",
          "thread_id": 7788,
          "type": "wineventlog",
          "user": {
            "domain": "GIACOBEVILLE",
            "identifier": "S-1-5-21-1271178117-3594940576-1158983498-500",
            "name": "Administrator",
            "type": "User"
          }
        },
        "fields": {
          "@timestamp": [
            1583264577768
          ]
        },
        "sort": [
          1583264577768
        ]
      },
      {
        "_index": "winlogbeat-2020.03.03",
        "_type": "wineventlog",
        "_id": "AXCh8HBKn_lBW985Kyd9",
        "_version": 1,
        "_score": null,
        "_source": {
          "@timestamp": "2020-03-03T19:42:57.766Z",
          "beat": {
            "hostname": "DC",
            "name": "server",
            "version": "5.4.0"
          },
          "computer_name": "DC.Giacobeville.com",
          "event_data": {
            "methodName": "GetCounterSamplesInTimeRange",
            "namespaceName": "root\\microsoft\\windows\\servermanager",
            "protocol": "DCOM",
            "serverName": "localhost",
            "wmiClassName": "MSFT_ServerManagerTasks"
          },
          "event_id": 217,
          "level": "Information",
          "log_name": "Microsoft-Windows-ServerManager-MultiMachine/Operational",
          "message": "Invoke method data received. Server: localhost, Namespace: root\\microsoft\\windows\\servermanager, Class: MSFT_ServerManagerTasks, Method: GetCounterSamplesInTimeRange",
          "opcode": "Info",
          "process_id": 2068,
          "provider_guid": "{D8D37081-10BD-4A89-A971-1CDA6899BDB3}",
          "record_number": "27635",
          "source_name": "Microsoft-Windows-ServerManager-MultiMachine",
          "task": "Node access.",
          "thread_id": 2764,
          "type": "wineventlog",
          "user": {
            "domain": "GIACOBEVILLE",
            "identifier": "S-1-5-21-1271178117-3594940576-1158983498-500",
            "name": "Administrator",
            "type": "User"
          }
        },
        "fields": {
          "@timestamp": [
            1583264577766
          ]
        },
        "sort": [
          1583264577766
        ]
      },
      {
        "_index": "winlogbeat-2020.03.03",
        "_type": "wineventlog",
        "_id": "AXCh8HBKn_lBW985Kyd-",
        "_version": 1,
        "_score": null,
        "_source": {
          "@timestamp": "2020-03-03T19:42:57.766Z",
          "beat": {
            "hostname": "DC",
            "name": "server",
            "version": "5.4.0"
          },
          "computer_name": "DC.Giacobeville.com",
          "event_data": {
            "methodName": "GetCounterSamplesInTimeRange",
            "namespaceName": "root\\microsoft\\windows\\servermanager",
            "protocol": "DCOM",
            "serverName": "localhost",
            "wmiClassName": "MSFT_ServerManagerTasks"
          },
          "event_id": 215,
          "level": "Information",
          "log_name": "Microsoft-Windows-ServerManager-MultiMachine/Operational",
          "message": "Invoke method completed. Server: localhost, Namespace: root\\microsoft\\windows\\servermanager, Class: MSFT_ServerManagerTasks, Method: GetCounterSamplesInTimeRange",
          "opcode": "Info",
          "process_id": 2068,
          "provider_guid": "{D8D37081-10BD-4A89-A971-1CDA6899BDB3}",
          "record_number": "27636",
          "source_name": "Microsoft-Windows-ServerManager-MultiMachine",
          "task": "Node access.",
          "thread_id": 2764,
          "type": "wineventlog",
          "user": {
            "domain": "GIACOBEVILLE",
            "identifier": "S-1-5-21-1271178117-3594940576-1158983498-500",
            "name": "Administrator",
            "type": "User"
          }
        },
        "fields": {
          "@timestamp": [
            1583264577766
          ]
        },
        "sort": [
          1583264577766
        ]
      },
      {
        "_index": "winlogbeat-2020.03.03",
        "_type": "wineventlog",
        "_id": "AXCh8HBKn_lBW985Kyd8",
        "_version": 1,
        "_score": null,
        "_source": {
          "@timestamp": "2020-03-03T19:42:57.764Z",
          "beat": {
            "hostname": "DC",
            "name": "server",
            "version": "5.4.0"
          },
          "computer_name": "DC.Giacobeville.com",
          "event_data": {
            "methodName": "GetCounterSamplesInTimeRange",
            "namespaceName": "root\\microsoft\\windows\\servermanager",
            "protocol": "DCOM",
            "serverName": "localhost",
            "wmiClassName": "MSFT_ServerManagerTasks"
          },
          "event_id": 217,
          "level": "Information",
          "log_name": "Microsoft-Windows-ServerManager-MultiMachine/Operational",
          "message": "Invoke method data received. Server: localhost, Namespace: root\\microsoft\\windows\\servermanager, Class: MSFT_ServerManagerTasks, Method: GetCounterSamplesInTimeRange",
          "opcode": "Info",
          "process_id": 2068,
          "provider_guid": "{D8D37081-10BD-4A89-A971-1CDA6899BDB3}",
          "record_number": "27634",
          "source_name": "Microsoft-Windows-ServerManager-MultiMachine",
          "task": "Node access.",
          "thread_id": 2764,
          "type": "wineventlog",
          "user": {
            "domain": "GIACOBEVILLE",
            "identifier": "S-1-5-21-1271178117-3594940576-1158983498-500",
            "name": "Administrator",
            "type": "User"
          }
        },
        "fields": {
          "@timestamp": [
            1583264577764
          ]
        },
        "sort": [
          1583264577764
        ]
      },
      {
        "_index": "winlogbeat-2020.03.03",
        "_type": "wineventlog",
        "_id": "AXCh8HHjn_lBW985KyeD",
        "_version": 1,
        "_score": null,
        "_source": {
          "@timestamp": "2020-03-03T19:42:57.231Z",
          "activity_id": "{3577AE39-534B-41B4-81D8-A7F32785651B}",
          "beat": {
            "hostname": "DC",
            "name": "server",
            "version": "5.4.0"
          },
          "computer_name": "DC.Giacobeville.com",
          "event_data": {
            "uValue": "0"
          },
          "event_id": 53,
          "level": "Information",
          "log_name": "Microsoft-Windows-ServerManager-MgmtProvider/Operational",
          "message": "Get server event detail task complete, number of results: 0.",
          "opcode": "Info",
          "process_id": 3668,
          "provider_guid": "{C2E6D0D9-5DF8-4C77-A82B-C96C84579543}",
          "record_number": "16758",
          "source_name": "Microsoft-Windows-ServerManager-ManagementProvider",
          "task": "Get server event detail task",
          "thread_id": 4060,
          "type": "wineventlog",
          "user": {
            "domain": "GIACOBEVILLE",
            "identifier": "S-1-5-21-1271178117-3594940576-1158983498-500",
            "name": "Administrator",
            "type": "User"
          }
        },
        "fields": {
          "@timestamp": [
            1583264577231
          ]
        },
        "sort": [
          1583264577231
        ]
      },
      {
        "_index": "winlogbeat-2020.03.03",
        "_type": "wineventlog",
        "_id": "AXCh8HBKn_lBW985Kyd6",
        "_version": 1,
        "_score": null,
        "_source": {
          "@timestamp": "2020-03-03T19:42:57.230Z",
          "beat": {
            "hostname": "DC",
            "name": "server",
            "version": "5.4.0"
          },
          "computer_name": "DC.Giacobeville.com",
          "event_data": {
            "methodName": "GetServerEventDetail",
            "namespaceName": "root\\microsoft\\windows\\servermanager",
            "protocol": "DCOM",
            "serverName": "localhost",
            "wmiClassName": "MSFT_ServerManagerTasks"
          },
          "event_id": 217,
          "level": "Information",
          "log_name": "Microsoft-Windows-ServerManager-MultiMachine/Operational",
          "message": "Invoke method data received. Server: localhost, Namespace: root\\microsoft\\windows\\servermanager, Class: MSFT_ServerManagerTasks, Method: GetServerEventDetail",
          "opcode": "Info",
          "process_id": 2068,
          "provider_guid": "{D8D37081-10BD-4A89-A971-1CDA6899BDB3}",
          "record_number": "27632",
          "source_name": "Microsoft-Windows-ServerManager-MultiMachine",
          "task": "Node access.",
          "thread_id": 2764,
          "type": "wineventlog",
          "user": {
            "domain": "GIACOBEVILLE",
            "identifier": "S-1-5-21-1271178117-3594940576-1158983498-500",
            "name": "Administrator",
            "type": "User"
          }
        },
        "fields": {
          "@timestamp": [
            1583264577230
          ]
        },
        "sort": [
          1583264577230
        ]
      },
      {
        "_index": "winlogbeat-2020.03.03",
        "_type": "wineventlog",
        "_id": "AXCh8HBKn_lBW985Kyd7",
        "_version": 1,
        "_score": null,
        "_source": {
          "@timestamp": "2020-03-03T19:42:57.230Z",
          "beat": {
            "hostname": "DC",
            "name": "server",
            "version": "5.4.0"
          },
          "computer_name": "DC.Giacobeville.com",
          "event_data": {
            "methodName": "GetServerEventDetail",
            "namespaceName": "root\\microsoft\\windows\\servermanager",
            "protocol": "DCOM",
            "serverName": "localhost",
            "wmiClassName": "MSFT_ServerManagerTasks"
          },
          "event_id": 215,
          "level": "Information",
          "log_name": "Microsoft-Windows-ServerManager-MultiMachine/Operational",
          "message": "Invoke method completed. Server: localhost, Namespace: root\\microsoft\\windows\\servermanager, Class: MSFT_ServerManagerTasks, Method: GetServerEventDetail",
          "opcode": "Info",
          "process_id": 2068,
          "provider_guid": "{D8D37081-10BD-4A89-A971-1CDA6899BDB3}",
          "record_number": "27633",
          "source_name": "Microsoft-Windows-ServerManager-MultiMachine",
          "task": "Node access.",
          "thread_id": 2764,
          "type": "wineventlog",
          "user": {
            "domain": "GIACOBEVILLE",
            "identifier": "S-1-5-21-1271178117-3594940576-1158983498-500",
            "name": "Administrator",
            "type": "User"
          }
        },
        "fields": {
          "@timestamp": [
            1583264577230
          ]
        },
        "sort": [
          1583264577230
        ]
      },
      {
        "_index": "winlogbeat-2020.03.03",
        "_type": "wineventlog",
        "_id": "AXCh8Gwmn_lBW985Kydp",
        "_version": 1,
        "_score": null,
        "_source": {
          "@timestamp": "2020-03-03T19:42:55.958Z",
          "beat": {
            "hostname": "DC",
            "name": "server",
            "version": "5.4.0"
          },
          "computer_name": "DC.Giacobeville.com",
          "event_data": {
            "methodName": "GetServerBpaResult",
            "namespaceName": "root\\microsoft\\windows\\servermanager",
            "protocol": "DCOM",
            "serverName": "localhost",
            "wmiClassName": "MSFT_ServerManagerTasks"
          },
          "event_id": 217,
          "level": "Information",
          "log_name": "Microsoft-Windows-ServerManager-MultiMachine/Operational",
          "message": "Invoke method data received. Server: localhost, Namespace: root\\microsoft\\windows\\servermanager, Class: MSFT_ServerManagerTasks, Method: GetServerBpaResult",
          "opcode": "Info",
          "process_id": 2068,
          "provider_guid": "{D8D37081-10BD-4A89-A971-1CDA6899BDB3}",
          "record_number": "27630",
          "source_name": "Microsoft-Windows-ServerManager-MultiMachine",
          "task": "Node access.",
          "thread_id": 2764,
          "type": "wineventlog",
          "user": {
            "domain": "GIACOBEVILLE",
            "identifier": "S-1-5-21-1271178117-3594940576-1158983498-500",
            "name": "Administrator",
            "type": "User"
          }
        },
        "fields": {
          "@timestamp": [
            1583264575958
          ]
        },
        "sort": [
          1583264575958
        ]
      },
      {
        "_index": "winlogbeat-2020.03.03",
        "_type": "wineventlog",
        "_id": "AXCh8Gwmn_lBW985Kydq",
        "_version": 1,
        "_score": null,
        "_source": {
          "@timestamp": "2020-03-03T19:42:55.958Z",
          "beat": {
            "hostname": "DC",
            "name": "server",
            "version": "5.4.0"
          },
          "computer_name": "DC.Giacobeville.com",
          "event_data": {
            "methodName": "GetServerBpaResult",
            "namespaceName": "root\\microsoft\\windows\\servermanager",
            "protocol": "DCOM",
            "serverName": "localhost",
            "wmiClassName": "MSFT_ServerManagerTasks"
          },
          "event_id": 215,
          "level": "Information",
          "log_name": "Microsoft-Windows-ServerManager-MultiMachine/Operational",
          "message": "Invoke method completed. Server: localhost, Namespace: root\\microsoft\\windows\\servermanager, Class: MSFT_ServerManagerTasks, Method: GetServerBpaResult",
          "opcode": "Info",
          "process_id": 2068,
          "provider_guid": "{D8D37081-10BD-4A89-A971-1CDA6899BDB3}",
          "record_number": "27631",
          "source_name": "Microsoft-Windows-ServerManager-MultiMachine",
          "task": "Node access.",
          "thread_id": 2764,
          "type": "wineventlog",
          "user": {
            "domain": "GIACOBEVILLE",
            "identifier": "S-1-5-21-1271178117-3594940576-1158983498-500",
            "name": "Administrator",
            "type": "User"
          }
        },
        "fields": {
          "@timestamp": [
            1583264575958
          ]
        },
        "sort": [
          1583264575958
        ]
      },
      {
        "_index": "winlogbeat-2020.03.03",
        "_type": "wineventlog",
        "_id": "AXCh8G3an_lBW985Kyd5",
        "_version": 1,
        "_score": null,
        "_source": {
          "@timestamp": "2020-03-03T19:42:55.957Z",
          "activity_id": "{F9379DAB-05BF-433E-8F43-861794A5D068}",
          "beat": {
            "hostname": "DC",
            "name": "server",
            "version": "5.4.0"
          },
          "computer_name": "DC.Giacobeville.com",
          "event_data": {
            "ResultsReturned": "20"
          },
          "event_id": 63,
          "level": "Information",
          "log_name": "Microsoft-Windows-ServerManager-MgmtProvider/Operational",
          "message": "Get bpa result task complete: 0x14.",
          "opcode": "Info",
          "process_id": 3668,
          "provider_guid": "{C2E6D0D9-5DF8-4C77-A82B-C96C84579543}",
          "record_number": "16757",
          "source_name": "Microsoft-Windows-ServerManager-ManagementProvider",
          "task": "Get server bpa result task",
          "thread_id": 544,
          "type": "wineventlog",
          "user": {
            "domain": "GIACOBEVILLE",
            "identifier": "S-1-5-21-1271178117-3594940576-1158983498-500",
            "name": "Administrator",
            "type": "User"
          }
        },
        "fields": {
          "@timestamp": [
            1583264575957
          ]
        },
        "sort": [
          1583264575957
        ]
      },
      {
        "_index": "winlogbeat-2020.03.03",
        "_type": "wineventlog",
        "_id": "AXCh8Gwmn_lBW985Kydo",
        "_version": 1,
        "_score": null,
        "_source": {
          "@timestamp": "2020-03-03T19:42:55.953Z",
          "beat": {
            "hostname": "DC",
            "name": "server",
            "version": "5.4.0"
          },
          "computer_name": "DC.Giacobeville.com",
          "event_data": {
            "methodName": "GetServerBpaResult",
            "namespaceName": "root\\microsoft\\windows\\servermanager",
            "protocol": "DCOM",
            "serverName": "localhost",
            "wmiClassName": "MSFT_ServerManagerTasks"
          },
          "event_id": 217,
          "level": "Information",
          "log_name": "Microsoft-Windows-ServerManager-MultiMachine/Operational",
          "message": "Invoke method data received. Server: localhost, Namespace: root\\microsoft\\windows\\servermanager, Class: MSFT_ServerManagerTasks, Method: GetServerBpaResult",
          "opcode": "Info",
          "process_id": 2068,
          "provider_guid": "{D8D37081-10BD-4A89-A971-1CDA6899BDB3}",
          "record_number": "27629",
          "source_name": "Microsoft-Windows-ServerManager-MultiMachine",
          "task": "Node access.",
          "thread_id": 2764,
          "type": "wineventlog",
          "user": {
            "domain": "GIACOBEVILLE",
            "identifier": "S-1-5-21-1271178117-3594940576-1158983498-500",
            "name": "Administrator",
            "type": "User"
          }
        },
        "fields": {
          "@timestamp": [
            1583264575953
          ]
        },
        "sort": [
          1583264575953
        ]
      },
      {
        "_index": "winlogbeat-2020.03.03",
        "_type": "wineventlog",
        "_id": "AXCh8G3an_lBW985Kyd4",
        "_version": 1,
        "_score": null,
        "_source": {
          "@timestamp": "2020-03-03T19:42:55.939Z",
          "activity_id": "{F9379DAB-05BF-433E-8F43-861794A5D068}",
          "beat": {
            "hostname": "DC",
            "name": "server",
            "version": "5.4.0"
          },
          "computer_name": "DC.Giacobeville.com",
          "event_data": {
            "Error": "0x1f",
            "LastError": "0x3",
            "XPath": "Microsoft/Windows/DHCPServer:$reports$\\*\\Result.xml:/ResultDatabase/Result"
          },
          "event_id": 85,
          "level": "Warning",
          "log_name": "Microsoft-Windows-ServerManager-MgmtProvider/Operational",
          "message": "Failed to query the results of bpa xpath: Microsoft/Windows/DHCPServer:$reports$\\*\\Result.xml:/ResultDatabase/Result. error: A device attached to the system is not functioning., last error: The system cannot find the path specified..",
          "opcode": "Info",
          "process_id": 3668,
          "provider_guid": "{C2E6D0D9-5DF8-4C77-A82B-C96C84579543}",
          "record_number": "16756",
          "source_name": "Microsoft-Windows-ServerManager-ManagementProvider",
          "task": "Get server bpa result task",
          "thread_id": 544,
          "type": "wineventlog",
          "user": {
            "domain": "GIACOBEVILLE",
            "identifier": "S-1-5-21-1271178117-3594940576-1158983498-500",
            "name": "Administrator",
            "type": "User"
          }
        },
        "fields": {
          "@timestamp": [
            1583264575939
          ]
        },
        "sort": [
          1583264575939
        ]
      },
      {
        "_index": "winlogbeat-2020.03.03",
        "_type": "wineventlog",
        "_id": "AXCh8G3an_lBW985Kyd3",
        "_version": 1,
        "_score": null,
        "_source": {
          "@timestamp": "2020-03-03T19:42:55.937Z",
          "activity_id": "{F9379DAB-05BF-433E-8F43-861794A5D068}",
          "beat": {
            "hostname": "DC",
            "name": "server",
            "version": "5.4.0"
          },
          "computer_name": "DC.Giacobeville.com",
          "event_data": {
            "Error": "0x2",
            "LastError": "0x3",
            "XPath": "Microsoft/Windows/DHCPServer:$reports$\\$latestreport$\\Discovery.xml:$creationtime$"
          },
          "event_id": 85,
          "level": "Warning",
          "log_name": "Microsoft-Windows-ServerManager-MgmtProvider/Operational",
          "message": "Failed to query the results of bpa xpath: Microsoft/Windows/DHCPServer:$reports$\\$latestreport$\\Discovery.xml:$creationtime$. error: The system cannot find the file specified., last error: The system cannot find the path specified..",
          "opcode": "Info",
          "process_id": 3668,
          "provider_guid": "{C2E6D0D9-5DF8-4C77-A82B-C96C84579543}",
          "record_number": "16755",
          "source_name": "Microsoft-Windows-ServerManager-ManagementProvider",
          "task": "Get server bpa result task",
          "thread_id": 544,
          "type": "wineventlog",
          "user": {
            "domain": "GIACOBEVILLE",
            "identifier": "S-1-5-21-1271178117-3594940576-1158983498-500",
            "name": "Administrator",
            "type": "User"
          }
        },
        "fields": {
          "@timestamp": [
            1583264575937
          ]
        },
        "sort": [
          1583264575937
        ]
      },
      {
        "_index": "winlogbeat-2020.03.03",
        "_type": "wineventlog",
        "_id": "AXCh8G3an_lBW985Kyd2",
        "_version": 1,
        "_score": null,
        "_source": {
          "@timestamp": "2020-03-03T19:42:55.935Z",
          "activity_id": "{F9379DAB-05BF-433E-8F43-861794A5D068}",
          "beat": {
            "hostname": "DC",
            "name": "server",
            "version": "5.4.0"
          },
          "computer_name": "DC.Giacobeville.com",
          "event_data": {
            "Error": "0x1f",
            "LastError": "0x3",
            "XPath": "Microsoft/Windows/FileServices:$reports$\\*\\Result.xml:/ResultDatabase/Result"
          },
          "event_id": 85,
          "level": "Warning",
          "log_name": "Microsoft-Windows-ServerManager-MgmtProvider/Operational",
          "message": "Failed to query the results of bpa xpath: Microsoft/Windows/FileServices:$reports$\\*\\Result.xml:/ResultDatabase/Result. error: A device attached to the system is not functioning., last error: The system cannot find the path specified..",
          "opcode": "Info",
          "process_id": 3668,
          "provider_guid": "{C2E6D0D9-5DF8-4C77-A82B-C96C84579543}",
          "record_number": "16754",
          "source_name": "Microsoft-Windows-ServerManager-ManagementProvider",
          "task": "Get server bpa result task",
          "thread_id": 544,
          "type": "wineventlog",
          "user": {
            "domain": "GIACOBEVILLE",
            "identifier": "S-1-5-21-1271178117-3594940576-1158983498-500",
            "name": "Administrator",
            "type": "User"
          }
        },
        "fields": {
          "@timestamp": [
            1583264575935
          ]
        },
        "sort": [
          1583264575935
        ]
      },
      {
        "_index": "winlogbeat-2020.03.03",
        "_type": "wineventlog",
        "_id": "AXCh8G3an_lBW985Kyd1",
        "_version": 1,
        "_score": null,
        "_source": {
          "@timestamp": "2020-03-03T19:42:55.934Z",
          "activity_id": "{F9379DAB-05BF-433E-8F43-861794A5D068}",
          "beat": {
            "hostname": "DC",
            "name": "server",
            "version": "5.4.0"
          },
          "computer_name": "DC.Giacobeville.com",
          "event_data": {
            "Error": "0x2",
            "LastError": "0x3",
            "XPath": "Microsoft/Windows/FileServices:$reports$\\$latestreport$\\Discovery.xml:$creationtime$"
          },
          "event_id": 85,
          "level": "Warning",
          "log_name": "Microsoft-Windows-ServerManager-MgmtProvider/Operational",
          "message": "Failed to query the results of bpa xpath: Microsoft/Windows/FileServices:$reports$\\$latestreport$\\Discovery.xml:$creationtime$. error: The system cannot find the file specified., last error: The system cannot find the path specified..",
          "opcode": "Info",
          "process_id": 3668,
          "provider_guid": "{C2E6D0D9-5DF8-4C77-A82B-C96C84579543}",
          "record_number": "16753",
          "source_name": "Microsoft-Windows-ServerManager-ManagementProvider",
          "task": "Get server bpa result task",
          "thread_id": 544,
          "type": "wineventlog",
          "user": {
            "domain": "GIACOBEVILLE",
            "identifier": "S-1-5-21-1271178117-3594940576-1158983498-500",
            "name": "Administrator",
            "type": "User"
          }
        },
        "fields": {
          "@timestamp": [
            1583264575934
          ]
        },
        "sort": [
          1583264575934
        ]
      },
