      {
        "_index": "winlogbeat-2020.03.03",
        "_type": "wineventlog",
        "_id": "AXCh66g8n_lBW985Kyan",
        "_version": 1,
        "_score": null,
        "_source": {
          "@timestamp": "2020-03-03T19:37:43.551Z",
          "beat": {
            "hostname": "DC",
            "name": "server",
            "version": "5.4.0"
          },
          "computer_name": "DC.Giacobeville.com",
          "event_data": {
            "Details": "Binary Data",
            "EventType": "SetValue",
            "Image": "C:\\Windows\\System32\\svchost.exe",
            "ProcessGuid": "{825D88E6-AE09-5E5E-0000-0010EA2D0100}",
            "ProcessId": "776",
            "RuleName": "InvDB",
            "TargetObject": "HKU\\S-1-5-21-1271178117-3594940576-1158983498-500\\SOFTWARE\\Microsoft\\Windows NT\\CurrentVersion\\AppCompatFlags\\Compatibility Assistant\\Store\\C:\\Windows\\Sysmon.exe",
            "UtcTime": "2020-03-03 19:37:43.550"
          },
          "event_id": 13,
          "level": "Information",
          "log_name": "Microsoft-Windows-Sysmon/Operational",
          "message": "Registry value set:\nRuleName: InvDB\nEventType: SetValue\nUtcTime: 2020-03-03 19:37:43.550\nProcessGuid: {825D88E6-AE09-5E5E-0000-0010EA2D0100}\nProcessId: 776\nImage: C:\\Windows\\System32\\svchost.exe\nTargetObject: HKU\\S-1-5-21-1271178117-3594940576-1158983498-500\\SOFTWARE\\Microsoft\\Windows NT\\CurrentVersion\\AppCompatFlags\\Compatibility Assistant\\Store\\C:\\Windows\\Sysmon.exe\nDetails: Binary Data",
          "opcode": "Info",
          "process_id": 2432,
          "provider_guid": "{5770385F-C22A-43E0-BF4C-06F5698FFBD9}",
          "record_number": "6779",
          "source_name": "Microsoft-Windows-Sysmon",
          "task": "Registry value set (rule: RegistryEvent)",
          "thread_id": 3264,
          "type": "wineventlog",
          "user": {
            "domain": "NT AUTHORITY",
            "identifier": "S-1-5-18",
            "name": "SYSTEM",
            "type": "User"
          },
          "version": 2
        },
        "fields": {
          "@timestamp": [
            1583264263551
          ]
        },
        "sort": [
          1583264263551
        ]
      },
      {
        "_index": "winlogbeat-2020.03.03",
        "_type": "wineventlog",
        "_id": "AXCh66j1n_lBW985Kyaq",
        "_version": 1,
        "_score": null,
        "_source": {
          "@timestamp": "2020-03-03T19:37:43.488Z",
          "beat": {
            "hostname": "DC",
            "name": "server",
            "version": "5.4.0"
          },
          "computer_name": "DC.Giacobeville.com",
          "event_data": {
            "EntryPointLength": "63",
            "NameLength": "40",
            "Result": "2150040147",
            "TaskEntryPoint": "Cortana.BackgroundTask.BackgroundTaskRegistrationBackgroundTask",
            "TaskName": "BackgroundTaskRegistrationBackgroundTask"
          },
          "event_id": 21,
          "level": "Information",
          "log_name": "Microsoft-Windows-BackgroundTaskInfrastructure/Operational",
          "message": "The background task with entry point Cortana.BackgroundTask.BackgroundTaskRegistrationBackgroundTask and name BackgroundTaskRegistrationBackgroundTask failed to activate with error code 0x80270253.",
          "process_id": 852,
          "provider_guid": "{E6835967-E0D2-41FB-BCEC-58387404E25A}",
          "record_number": "62",
          "source_name": "Microsoft-Windows-BrokerInfrastructure",
          "thread_id": 7328,
          "type": "wineventlog",
          "user": {
            "domain": "NT AUTHORITY",
            "identifier": "S-1-5-18",
            "name": "SYSTEM",
            "type": "User"
          }
        },
        "fields": {
          "@timestamp": [
            1583264263488
          ]
        },
        "sort": [
          1583264263488
        ]
      },
      {
        "_index": "winlogbeat-2020.03.03",
        "_type": "wineventlog",
        "_id": "AXCh66kNn_lBW985Kyar",
        "_version": 1,
        "_score": null,
        "_source": {
          "@timestamp": "2020-03-03T19:37:43.466Z",
          "beat": {
            "hostname": "DC",
            "name": "server",
            "version": "5.4.0"
          },
          "computer_name": "DC.Giacobeville.com",
          "event_data": {
            "ErrorCode": "-2144927149"
          },
          "event_id": 5962,
          "level": "Error",
          "log_name": "Microsoft-Windows-TWinUI/Operational",
          "message": "Activation of the app failed with error: This app can't be activated by the Built-in Administrator..",
          "opcode": "Info",
          "process_id": 6976,
          "provider_guid": "{315A8872-923E-4EA2-9889-33CD4754BF64}",
          "record_number": "169",
          "source_name": "Microsoft-Windows-Immersive-Shell",
          "thread_id": 7020,
          "type": "wineventlog",
          "user": {
            "domain": "GIACOBEVILLE",
            "identifier": "S-1-5-21-1271178117-3594940576-1158983498-500",
            "name": "Administrator",
            "type": "User"
          }
        },
        "fields": {
          "@timestamp": [
            1583264263466
          ]
        },
        "sort": [
          1583264263466
        ]
      },
      {
        "_index": "winlogbeat-2020.03.03",
        "_type": "wineventlog",
        "_id": "AXCh66g8n_lBW985Kyam",
        "_version": 1,
        "_score": null,
        "_source": {
          "@timestamp": "2020-03-03T19:37:43.374Z",
          "beat": {
            "hostname": "DC",
            "name": "server",
            "version": "5.4.0"
          },
          "computer_name": "DC.Giacobeville.com",
          "event_data": {
            "CommandLine": "\"C:\\Windows\\Sysmon.exe\" ",
            "Company": "Sysinternals - www.sysinternals.com",
            "CurrentDirectory": "C:\\Windows\\system32\\",
            "Description": "System activity monitor",
            "FileVersion": "10.42",
            "Hashes": "MD5=384B6FC04A512CFE7A4E628942867D95,SHA256=80B110B91730729BE60C7D79C55FFF0EC893FD4CFB5F44D04C433EE8E95C5E20,IMPHASH=30777134873A03E5D01D04EDE5BEC51E",
            "Image": "C:\\Windows\\Sysmon.exe",
            "IntegrityLevel": "High",
            "LogonGuid": "{825D88E6-AE41-5E5E-0000-0020DFA10400}",
            "LogonId": "0x4a1df",
            "OriginalFileName": "?",
            "ParentCommandLine": "C:\\Windows\\System32\\RuntimeBroker.exe -Embedding",
            "ParentImage": "C:\\Windows\\System32\\RuntimeBroker.exe",
            "ParentProcessGuid": "{825D88E6-AE45-5E5E-0000-0010BBCC0400}",
            "ParentProcessId": "6932",
            "ProcessGuid": "{825D88E6-B207-5E5E-0000-00103A790D00}",
            "ProcessId": "6752",
            "Product": "Sysinternals Sysmon",
            "TerminalSessionId": "1",
            "User": "GIACOBEVILLE\\Administrator",
            "UtcTime": "2020-03-03 19:37:43.369"
          },
          "event_id": 1,
          "level": "Information",
          "log_name": "Microsoft-Windows-Sysmon/Operational",
          "message": "Process Create:\nRuleName: \nUtcTime: 2020-03-03 19:37:43.369\nProcessGuid: {825D88E6-B207-5E5E-0000-00103A790D00}\nProcessId: 6752\nImage: C:\\Windows\\Sysmon.exe\nFileVersion: 10.42\nDescription: System activity monitor\nProduct: Sysinternals Sysmon\nCompany: Sysinternals - www.sysinternals.com\nOriginalFileName: ?\nCommandLine: \"C:\\Windows\\Sysmon.exe\" \nCurrentDirectory: C:\\Windows\\system32\\\nUser: GIACOBEVILLE\\Administrator\nLogonGuid: {825D88E6-AE41-5E5E-0000-0020DFA10400}\nLogonId: 0x4A1DF\nTerminalSessionId: 1\nIntegrityLevel: High\nHashes: MD5=384B6FC04A512CFE7A4E628942867D95,SHA256=80B110B91730729BE60C7D79C55FFF0EC893FD4CFB5F44D04C433EE8E95C5E20,IMPHASH=30777134873A03E5D01D04EDE5BEC51E\nParentProcessGuid: {825D88E6-AE45-5E5E-0000-0010BBCC0400}\nParentProcessId: 6932\nParentImage: C:\\Windows\\System32\\RuntimeBroker.exe\nParentCommandLine: C:\\Windows\\System32\\RuntimeBroker.exe -Embedding",
          "opcode": "Info",
          "process_id": 2432,
          "provider_guid": "{5770385F-C22A-43E0-BF4C-06F5698FFBD9}",
          "record_number": "6778",
          "source_name": "Microsoft-Windows-Sysmon",
          "task": "Process Create (rule: ProcessCreate)",
          "thread_id": 3264,
          "type": "wineventlog",
          "user": {
            "domain": "NT AUTHORITY",
            "identifier": "S-1-5-18",
            "name": "SYSTEM",
            "type": "User"
          },
          "version": 5
        },
        "fields": {
          "@timestamp": [
            1583264263374
          ]
        },
        "sort": [
          1583264263374
        ]
      },
      {
        "_index": "winlogbeat-2020.03.03",
        "_type": "wineventlog",
        "_id": "AXCh66i0n_lBW985Kyao",
        "_version": 1,
        "_score": null,
        "_source": {
          "@timestamp": "2020-03-03T19:37:43.369Z",
          "beat": {
            "hostname": "DC",
            "name": "server",
            "version": "5.4.0"
          },
          "computer_name": "DC.Giacobeville.com",
          "event_data": {
            "CommandLine": "\"C:\\Windows\\Sysmon.exe\" ",
            "MandatoryLabel": "S-1-16-12288",
            "NewProcessId": "0x1a60",
            "NewProcessName": "C:\\Windows\\Sysmon.exe",
            "ParentProcessName": "C:\\Windows\\System32\\RuntimeBroker.exe",
            "ProcessId": "0x1b14",
            "SubjectDomainName": "GIACOBEVILLE",
            "SubjectLogonId": "0x4a1df",
            "SubjectUserName": "Administrator",
            "SubjectUserSid": "S-1-5-21-1271178117-3594940576-1158983498-500",
            "TargetDomainName": "-",
            "TargetLogonId": "0x0",
            "TargetUserName": "-",
            "TargetUserSid": "S-1-0-0",
            "TokenElevationType": "%%1936"
          },
          "event_id": 4688,
          "keywords": [
            "Audit Success"
          ],
          "level": "Information",
          "log_name": "Security",
          "message": "A new process has been created.\n\nCreator Subject:\n\tSecurity ID:\t\tS-1-5-21-1271178117-3594940576-1158983498-500\n\tAccount Name:\t\tAdministrator\n\tAccount Domain:\t\tGIACOBEVILLE\n\tLogon ID:\t\t0x4A1DF\n\nTarget Subject:\n\tSecurity ID:\t\tS-1-0-0\n\tAccount Name:\t\t-\n\tAccount Domain:\t\t-\n\tLogon ID:\t\t0x0\n\nProcess Information:\n\tNew Process ID:\t\t0x1a60\n\tNew Process Name:\tC:\\Windows\\Sysmon.exe\n\tToken Elevation Type:\t%%1936\n\tMandatory Label:\t\tS-1-16-12288\n\tCreator Process ID:\t0x1b14\n\tCreator Process Name:\tC:\\Windows\\System32\\RuntimeBroker.exe\n\tProcess Command Line:\t\"C:\\Windows\\Sysmon.exe\" \n\nToken Elevation Type indicates the type of token that was assigned to the new process in accordance with User Account Control policy.\n\nType 1 is a full token with no privileges removed or groups disabled.  A full token is only used if User Account Control is disabled or if the user is the built-in Administrator account or a service account.\n\nType 2 is an elevated token with no privileges removed or groups disabled.  An elevated token is used when User Account Control is enabled and the user chooses to start the program using Run as administrator.  An elevated token is also used when an application is configured to always require administrative privilege or to always require maximum privilege, and the user is a member of the Administrators group.\n\nType 3 is a limited token with administrative privileges removed and administrative groups disabled.  The limited token is used when User Account Control is enabled, the application does not require administrative privilege, and the user does not choose to start the program using Run as administrator.",
          "opcode": "Info",
          "process_id": 4,
          "provider_guid": "{54849625-5478-4994-A5BA-3E3B0328C30D}",
          "record_number": "539852",
          "source_name": "Microsoft-Windows-Security-Auditing",
          "task": "Process Creation",
          "thread_id": 196,
          "type": "wineventlog",
          "version": 2
        },
        "fields": {
          "@timestamp": [
            1583264263369
          ]
        },
        "sort": [
          1583264263369
        ]
      },
      {
        "_index": "winlogbeat-2020.03.03",
        "_type": "wineventlog",
        "_id": "AXCh6404n_lBW985Kyal",
        "_version": 1,
        "_score": null,
        "_source": {
          "@timestamp": "2020-03-03T19:37:36.852Z",
          "beat": {
            "hostname": "DC",
            "name": "server",
            "version": "5.4.0"
          },
          "computer_name": "DC.Giacobeville.com",
          "event_data": {
            "CommandLine": "C:\\Windows\\system32\\DllHost.exe /Processid:{DC4537C3-CA73-4AC7-9E1D-B2CE27C3A7A6}",
            "MandatoryLabel": "S-1-16-12288",
            "NewProcessId": "0x1c70",
            "NewProcessName": "C:\\Windows\\System32\\dllhost.exe",
            "ParentProcessName": "C:\\Windows\\System32\\svchost.exe",
            "ProcessId": "0x354",
            "SubjectDomainName": "GIACOBEVILLE",
            "SubjectLogonId": "0x3e7",
            "SubjectUserName": "DC$",
            "SubjectUserSid": "S-1-5-18",
            "TargetDomainName": "GIACOBEVILLE",
            "TargetLogonId": "0x4a1df",
            "TargetUserName": "Administrator",
            "TargetUserSid": "S-1-0-0",
            "TokenElevationType": "%%1936"
          },
          "event_id": 4688,
          "keywords": [
            "Audit Success"
          ],
          "level": "Information",
          "log_name": "Security",
          "message": "A new process has been created.\n\nCreator Subject:\n\tSecurity ID:\t\tS-1-5-18\n\tAccount Name:\t\tDC$\n\tAccount Domain:\t\tGIACOBEVILLE\n\tLogon ID:\t\t0x3E7\n\nTarget Subject:\n\tSecurity ID:\t\tS-1-0-0\n\tAccount Name:\t\tAdministrator\n\tAccount Domain:\t\tGIACOBEVILLE\n\tLogon ID:\t\t0x4A1DF\n\nProcess Information:\n\tNew Process ID:\t\t0x1c70\n\tNew Process Name:\tC:\\Windows\\System32\\dllhost.exe\n\tToken Elevation Type:\t%%1936\n\tMandatory Label:\t\tS-1-16-12288\n\tCreator Process ID:\t0x354\n\tCreator Process Name:\tC:\\Windows\\System32\\svchost.exe\n\tProcess Command Line:\tC:\\Windows\\system32\\DllHost.exe /Processid:{DC4537C3-CA73-4AC7-9E1D-B2CE27C3A7A6}\n\nToken Elevation Type indicates the type of token that was assigned to the new process in accordance with User Account Control policy.\n\nType 1 is a full token with no privileges removed or groups disabled.  A full token is only used if User Account Control is disabled or if the user is the built-in Administrator account or a service account.\n\nType 2 is an elevated token with no privileges removed or groups disabled.  An elevated token is used when User Account Control is enabled and the user chooses to start the program using Run as administrator.  An elevated token is also used when an application is configured to always require administrative privilege or to always require maximum privilege, and the user is a member of the Administrators group.\n\nType 3 is a limited token with administrative privileges removed and administrative groups disabled.  The limited token is used when User Account Control is enabled, the application does not require administrative privilege, and the user does not choose to start the program using Run as administrator.",
          "opcode": "Info",
          "process_id": 4,
          "provider_guid": "{54849625-5478-4994-A5BA-3E3B0328C30D}",
          "record_number": "539851",
          "source_name": "Microsoft-Windows-Security-Auditing",
          "task": "Process Creation",
          "thread_id": 308,
          "type": "wineventlog",
          "version": 2
        },
        "fields": {
          "@timestamp": [
            1583264256852
          ]
        },
        "sort": [
          1583264256852
        ]
      },
      {
        "_index": "winlogbeat-2020.03.03",
        "_type": "wineventlog",
        "_id": "AXCh64K-n_lBW985Kyak",
        "_version": 1,
        "_score": null,
        "_source": {
          "@timestamp": "2020-03-03T19:37:34.348Z",
          "beat": {
            "hostname": "DC",
            "name": "server",
            "version": "5.4.0"
          },
          "computer_name": "DC.Giacobeville.com",
          "event_data": {
            "VolumeGuid": "{E8A05CFB-01EA-11EA-8B75-806E6F6E6963}",
            "VolumeName": "A:",
            "VolumeNameLength": "2"
          },
          "event_id": 2,
          "level": "Information",
          "log_name": "Microsoft-Windows-Kernel-IO/Operational",
          "message": "The volume has been successfully mounted.\n\n           Volume GUID: {E8A05CFB-01EA-11EA-8B75-806E6F6E6963}\n           Volume Name: A:",
          "opcode": "Stop",
          "process_id": 2476,
          "provider_guid": "{ABF1F586-2E50-4BA8-928D-49044E6F0DB7}",
          "record_number": "189115",
          "source_name": "Microsoft-Windows-Kernel-IO",
          "thread_id": 2932,
          "type": "wineventlog",
          "user": {
            "domain": "NT AUTHORITY",
            "identifier": "S-1-5-18",
            "name": "SYSTEM",
            "type": "User"
          }
        },
        "fields": {
          "@timestamp": [
            1583264254348
          ]
        },
        "sort": [
          1583264254348
        ]
      },
      {
        "_index": "winlogbeat-2020.03.03",
        "_type": "wineventlog",
        "_id": "AXCh636xn_lBW985Kyaj",
        "_version": 1,
        "_score": null,
        "_source": {
          "@timestamp": "2020-03-03T19:37:33.325Z",
          "beat": {
            "hostname": "DC",
            "name": "server",
            "version": "5.4.0"
          },
          "computer_name": "DC.Giacobeville.com",
          "event_data": {
            "VolumeGuid": "{E8A05CFB-01EA-11EA-8B75-806E6F6E6963}",
            "VolumeName": "A:",
            "VolumeNameLength": "2"
          },
          "event_id": 1,
          "level": "Information",
          "log_name": "Microsoft-Windows-Kernel-IO/Operational",
          "message": "Windows has started processing the volume mount request.\n\n           Volume GUID: {E8A05CFB-01EA-11EA-8B75-806E6F6E6963}\n           Volume Name: A:",
          "opcode": "Start",
          "process_id": 2476,
          "provider_guid": "{ABF1F586-2E50-4BA8-928D-49044E6F0DB7}",
          "record_number": "189114",
          "source_name": "Microsoft-Windows-Kernel-IO",
          "thread_id": 2932,
          "type": "wineventlog",
          "user": {
            "domain": "NT AUTHORITY",
            "identifier": "S-1-5-18",
            "name": "SYSTEM",
            "type": "User"
          }
        },
        "fields": {
          "@timestamp": [
            1583264253325
          ]
        },
        "sort": [
          1583264253325
        ]
      },
      {
        "_index": "winlogbeat-2020.03.03",
        "_type": "wineventlog",
        "_id": "AXCh61pPn_lBW985Kyai",
        "_version": 1,
        "_score": null,
        "_source": {
          "@timestamp": "2020-03-03T19:37:23.941Z",
          "beat": {
            "hostname": "DC",
            "name": "server",
            "version": "5.4.0"
          },
          "computer_name": "DC.Giacobeville.com",
          "event_data": {
            "AccessList": "%%1538\n\t\t\t\t%%1541\n\t\t\t\t%%4416\n\t\t\t\t%%4417\n\t\t\t\t%%4418\n\t\t\t\t%%4419\n\t\t\t\t%%4420\n\t\t\t\t%%4423\n\t\t\t\t%%4424\n\t\t\t\t",
            "AccessMask": "0x12019f",
            "AccessReason": "-",
            "IpAddress": "192.168.100.11",
            "IpPort": "49309",
            "ObjectType": "File",
            "RelativeTargetName": "samr",
            "ShareName": "\\\\*\\IPC$",
            "SubjectDomainName": "GIACOBEVILLE",
            "SubjectLogonId": "0xd5781",
            "SubjectUserName": "HelenJackson",
            "SubjectUserSid": "S-1-5-21-1271178117-3594940576-1158983498-1116"
          },
          "event_id": 5145,
          "keywords": [
            "Audit Success"
          ],
          "level": "Information",
          "log_name": "Security",
          "message": "A network share object was checked to see whether client can be granted desired access.\n\t\nSubject:\n\tSecurity ID:\t\tS-1-5-21-1271178117-3594940576-1158983498-1116\n\tAccount Name:\t\tHelenJackson\n\tAccount Domain:\t\tGIACOBEVILLE\n\tLogon ID:\t\t0xD5781\n\nNetwork Information:\t\n\tObject Type:\t\tFile\n\tSource Address:\t\t192.168.100.11\n\tSource Port:\t\t49309\n\t\nShare Information:\n\tShare Name:\t\t\\\\*\\IPC$\n\tShare Path:\t\t\n\tRelative Target Name:\tsamr\n\nAccess Request Information:\n\tAccess Mask:\t\t0x12019F\n\tAccesses:\t\tREAD_CONTROL\n\t\t\t\tSYNCHRONIZE\n\t\t\t\tReadData (or ListDirectory)\n\t\t\t\tWriteData (or AddFile)\n\t\t\t\tAppendData (or AddSubdirectory or CreatePipeInstance)\n\t\t\t\tReadEA\n\t\t\t\tWriteEA\n\t\t\t\tReadAttributes\n\t\t\t\tWriteAttributes\n\t\t\t\t\nAccess Check Results:\n\t-",
          "opcode": "Info",
          "process_id": 4,
          "provider_guid": "{54849625-5478-4994-A5BA-3E3B0328C30D}",
          "record_number": "539850",
          "source_name": "Microsoft-Windows-Security-Auditing",
          "task": "Detailed File Share",
          "thread_id": 308,
          "type": "wineventlog"
        },
        "fields": {
          "@timestamp": [
            1583264243941
          ]
        },
        "sort": [
          1583264243941
        ]
      },
      {
        "_index": "winlogbeat-2020.03.03",
        "_type": "wineventlog",
        "_id": "AXCh6w1Sn_lBW985Kyah",
        "_version": 1,
        "_score": null,
        "_source": {
          "@timestamp": "2020-03-03T19:37:04.347Z",
          "beat": {
            "hostname": "DC",
            "name": "server",
            "version": "5.4.0"
          },
          "computer_name": "DC.Giacobeville.com",
          "event_data": {
            "VolumeGuid": "{E8A05CFB-01EA-11EA-8B75-806E6F6E6963}",
            "VolumeName": "A:",
            "VolumeNameLength": "2"
          },
          "event_id": 2,
          "level": "Information",
          "log_name": "Microsoft-Windows-Kernel-IO/Operational",
          "message": "The volume has been successfully mounted.\n\n           Volume GUID: {E8A05CFB-01EA-11EA-8B75-806E6F6E6963}\n           Volume Name: A:",
          "opcode": "Stop",
          "process_id": 2476,
          "provider_guid": "{ABF1F586-2E50-4BA8-928D-49044E6F0DB7}",
          "record_number": "189113",
          "source_name": "Microsoft-Windows-Kernel-IO",
          "thread_id": 2932,
          "type": "wineventlog",
          "user": {
            "domain": "NT AUTHORITY",
            "identifier": "S-1-5-18",
            "name": "SYSTEM",
            "type": "User"
          }
        },
        "fields": {
          "@timestamp": [
            1583264224347
          ]
        },
        "sort": [
          1583264224347
        ]
      },
      {
        "_index": "winlogbeat-2020.03.03",
        "_type": "wineventlog",
        "_id": "AXCh6wlbn_lBW985Kyag",
        "_version": 1,
        "_score": null,
        "_source": {
          "@timestamp": "2020-03-03T19:37:03.325Z",
          "beat": {
            "hostname": "DC",
            "name": "server",
            "version": "5.4.0"
          },
          "computer_name": "DC.Giacobeville.com",
          "event_data": {
            "VolumeGuid": "{E8A05CFB-01EA-11EA-8B75-806E6F6E6963}",
            "VolumeName": "A:",
            "VolumeNameLength": "2"
          },
          "event_id": 1,
          "level": "Information",
          "log_name": "Microsoft-Windows-Kernel-IO/Operational",
          "message": "Windows has started processing the volume mount request.\n\n           Volume GUID: {E8A05CFB-01EA-11EA-8B75-806E6F6E6963}\n           Volume Name: A:",
          "opcode": "Start",
          "process_id": 2476,
          "provider_guid": "{ABF1F586-2E50-4BA8-928D-49044E6F0DB7}",
          "record_number": "189112",
          "source_name": "Microsoft-Windows-Kernel-IO",
          "thread_id": 2932,
          "type": "wineventlog",
          "user": {
            "domain": "NT AUTHORITY",
            "identifier": "S-1-5-18",
            "name": "SYSTEM",
            "type": "User"
          }
        },
        "fields": {
          "@timestamp": [
            1583264223325
          ]
        },
        "sort": [
          1583264223325
        ]
      },
      {
        "_index": "winlogbeat-2020.03.03",
        "_type": "wineventlog",
        "_id": "AXCh6tjpn_lBW985Kyae",
        "_version": 1,
        "_score": null,
        "_source": {
          "@timestamp": "2020-03-03T19:36:50.718Z",
          "beat": {
            "hostname": "DC",
            "name": "server",
            "version": "5.4.0"
          },
          "computer_name": "DC.Giacobeville.com",
          "event_data": {
            "CommandLine": "sysmon.exe  status",
            "Company": "Sysinternals - www.sysinternals.com",
            "CurrentDirectory": "C:\\Users\\Administrator\\",
            "Description": "System activity monitor",
            "FileVersion": "10.42",
            "Hashes": "MD5=384B6FC04A512CFE7A4E628942867D95,SHA256=80B110B91730729BE60C7D79C55FFF0EC893FD4CFB5F44D04C433EE8E95C5E20,IMPHASH=30777134873A03E5D01D04EDE5BEC51E",
            "Image": "C:\\Windows\\Sysmon.exe",
            "IntegrityLevel": "High",
            "LogonGuid": "{825D88E6-AE41-5E5E-0000-0020DFA10400}",
            "LogonId": "0x4a1df",
            "OriginalFileName": "?",
            "ParentCommandLine": "\"C:\\Windows\\system32\\cmd.exe\" ",
            "ParentImage": "C:\\Windows\\System32\\cmd.exe",
            "ParentProcessGuid": "{825D88E6-B1C5-5E5E-0000-0010421A0D00}",
            "ParentProcessId": "8",
            "ProcessGuid": "{825D88E6-B1D2-5E5E-0000-00104C440D00}",
            "ProcessId": "7444",
            "Product": "Sysinternals Sysmon",
            "TerminalSessionId": "1",
            "User": "GIACOBEVILLE\\Administrator",
            "UtcTime": "2020-03-03 19:36:50.704"
          },
          "event_id": 1,
          "level": "Information",
          "log_name": "Microsoft-Windows-Sysmon/Operational",
          "message": "Process Create:\nRuleName: \nUtcTime: 2020-03-03 19:36:50.704\nProcessGuid: {825D88E6-B1D2-5E5E-0000-00104C440D00}\nProcessId: 7444\nImage: C:\\Windows\\Sysmon.exe\nFileVersion: 10.42\nDescription: System activity monitor\nProduct: Sysinternals Sysmon\nCompany: Sysinternals - www.sysinternals.com\nOriginalFileName: ?\nCommandLine: sysmon.exe  status\nCurrentDirectory: C:\\Users\\Administrator\\\nUser: GIACOBEVILLE\\Administrator\nLogonGuid: {825D88E6-AE41-5E5E-0000-0020DFA10400}\nLogonId: 0x4A1DF\nTerminalSessionId: 1\nIntegrityLevel: High\nHashes: MD5=384B6FC04A512CFE7A4E628942867D95,SHA256=80B110B91730729BE60C7D79C55FFF0EC893FD4CFB5F44D04C433EE8E95C5E20,IMPHASH=30777134873A03E5D01D04EDE5BEC51E\nParentProcessGuid: {825D88E6-B1C5-5E5E-0000-0010421A0D00}\nParentProcessId: 8\nParentImage: C:\\Windows\\System32\\cmd.exe\nParentCommandLine: \"C:\\Windows\\system32\\cmd.exe\" ",
          "opcode": "Info",
          "process_id": 2432,
          "provider_guid": "{5770385F-C22A-43E0-BF4C-06F5698FFBD9}",
          "record_number": "6777",
          "source_name": "Microsoft-Windows-Sysmon",
          "task": "Process Create (rule: ProcessCreate)",
          "thread_id": 3264,
          "type": "wineventlog",
          "user": {
            "domain": "NT AUTHORITY",
            "identifier": "S-1-5-18",
            "name": "SYSTEM",
            "type": "User"
          },
          "version": 5
        },
        "fields": {
          "@timestamp": [
            1583264210718
          ]
        },
        "sort": [
          1583264210718
        ]
      },
      {
        "_index": "winlogbeat-2020.03.03",
        "_type": "wineventlog",
        "_id": "AXCh6tlCn_lBW985Kyaf",
        "_version": 1,
        "_score": null,
        "_source": {
          "@timestamp": "2020-03-03T19:36:50.704Z",
          "beat": {
            "hostname": "DC",
            "name": "server",
            "version": "5.4.0"
          },
          "computer_name": "DC.Giacobeville.com",
          "event_data": {
            "CommandLine": "sysmon.exe  status",
            "MandatoryLabel": "S-1-16-12288",
            "NewProcessId": "0x1d14",
            "NewProcessName": "C:\\Windows\\Sysmon.exe",
            "ParentProcessName": "C:\\Windows\\System32\\cmd.exe",
            "ProcessId": "0x8",
            "SubjectDomainName": "GIACOBEVILLE",
            "SubjectLogonId": "0x4a1df",
            "SubjectUserName": "Administrator",
            "SubjectUserSid": "S-1-5-21-1271178117-3594940576-1158983498-500",
            "TargetDomainName": "-",
            "TargetLogonId": "0x0",
            "TargetUserName": "-",
            "TargetUserSid": "S-1-0-0",
            "TokenElevationType": "%%1936"
          },
          "event_id": 4688,
          "keywords": [
            "Audit Success"
          ],
          "level": "Information",
          "log_name": "Security",
          "message": "A new process has been created.\n\nCreator Subject:\n\tSecurity ID:\t\tS-1-5-21-1271178117-3594940576-1158983498-500\n\tAccount Name:\t\tAdministrator\n\tAccount Domain:\t\tGIACOBEVILLE\n\tLogon ID:\t\t0x4A1DF\n\nTarget Subject:\n\tSecurity ID:\t\tS-1-0-0\n\tAccount Name:\t\t-\n\tAccount Domain:\t\t-\n\tLogon ID:\t\t0x0\n\nProcess Information:\n\tNew Process ID:\t\t0x1d14\n\tNew Process Name:\tC:\\Windows\\Sysmon.exe\n\tToken Elevation Type:\t%%1936\n\tMandatory Label:\t\tS-1-16-12288\n\tCreator Process ID:\t0x8\n\tCreator Process Name:\tC:\\Windows\\System32\\cmd.exe\n\tProcess Command Line:\tsysmon.exe  status\n\nToken Elevation Type indicates the type of token that was assigned to the new process in accordance with User Account Control policy.\n\nType 1 is a full token with no privileges removed or groups disabled.  A full token is only used if User Account Control is disabled or if the user is the built-in Administrator account or a service account.\n\nType 2 is an elevated token with no privileges removed or groups disabled.  An elevated token is used when User Account Control is enabled and the user chooses to start the program using Run as administrator.  An elevated token is also used when an application is configured to always require administrative privilege or to always require maximum privilege, and the user is a member of the Administrators group.\n\nType 3 is a limited token with administrative privileges removed and administrative groups disabled.  The limited token is used when User Account Control is enabled, the application does not require administrative privilege, and the user does not choose to start the program using Run as administrator.",
          "opcode": "Info",
          "process_id": 4,
          "provider_guid": "{54849625-5478-4994-A5BA-3E3B0328C30D}",
          "record_number": "539849",
          "source_name": "Microsoft-Windows-Security-Auditing",
          "task": "Process Creation",
          "thread_id": 308,
          "type": "wineventlog",
          "version": 2
        },
        "fields": {
          "@timestamp": [
            1583264210704
          ]
        },
        "sort": [
          1583264210704
        ]
      },
      {
        "_index": "winlogbeat-2020.03.03",
        "_type": "wineventlog",
        "_id": "AXCh6sebn_lBW985Kyad",
        "_version": 1,
        "_score": null,
        "_source": {
          "@timestamp": "2020-03-03T19:36:46.525Z",
          "activity_id": "{C1F4B524-F190-0003-41C1-F4C190F1D501}",
          "beat": {
            "hostname": "DC",
            "name": "server",
            "version": "5.4.0"
          },
          "computer_name": "DC.Giacobeville.com",
          "event_data": {
            "ErrorCode": "-2147186583",
            "FunctionName": "Windows::Internal::Security::WebAuthentication::UserHostAuthenticationOperation::SetupIdentityHandle"
          },
          "event_id": 2028,
          "keywords": [
            "Telemetry trigger events",
            "Error"
          ],
          "level": "Error",
          "log_name": "Microsoft-Windows-LiveId/Operational",
          "message": "ErrorVerifier in function Windows::Internal::Security::WebAuthentication::UserHostAuthenticationOperation::SetupIdentityHandle encountered unexpected error code (Unknown HResult Error code: 0x80048869).",
          "opcode": "Info",
          "process_id": 2284,
          "provider_guid": "{05F02597-FE85-4E67-8542-69567AB8FD4F}",
          "record_number": "59076",
          "source_name": "Microsoft-Windows-LiveId",
          "thread_id": 6408,
          "type": "wineventlog",
          "user": {
            "domain": "NT AUTHORITY",
            "identifier": "S-1-5-18",
            "name": "SYSTEM",
            "type": "User"
          }
        },
        "fields": {
          "@timestamp": [
            1583264206525
          ]
        },
        "sort": [
          1583264206525
        ]
      },
      {
        "_index": "winlogbeat-2020.03.03",
        "_type": "wineventlog",
        "_id": "AXCh6sebn_lBW985Kyac",
        "_version": 1,
        "_score": null,
        "_source": {
          "@timestamp": "2020-03-03T19:36:46.525Z",
          "beat": {
            "hostname": "DC",
            "name": "server",
            "version": "5.4.0"
          },
          "computer_name": "DC.Giacobeville.com",
          "event_data": {
            "ErrorCode": "2147780713",
            "FunctionName": "WLIDCreateContext"
          },
          "event_id": 6113,
          "keywords": [
            "Error",
            "Operational",
            "wlidsvc",
            "RPC"
          ],
          "level": "Error",
          "log_name": "Microsoft-Windows-LiveId/Operational",
          "message": "RPC call to function WLIDCreateContext returned the following error code: 0x80048869.",
          "opcode": "Info",
          "process_id": 76,
          "provider_guid": "{05F02597-FE85-4E67-8542-69567AB8FD4F}",
          "record_number": "59075",
          "source_name": "Microsoft-Windows-LiveId",
          "thread_id": 1936,
          "type": "wineventlog",
          "user": {
            "domain": "NT AUTHORITY",
            "identifier": "S-1-5-18",
            "name": "SYSTEM",
            "type": "User"
          }
        },
        "fields": {
          "@timestamp": [
            1583264206525
          ]
        },
        "sort": [
          1583264206525
        ]
      },
      {
        "_index": "winlogbeat-2020.03.03",
        "_type": "wineventlog",
        "_id": "AXCh6sebn_lBW985Kyab",
        "_version": 1,
        "_score": null,
        "_source": {
          "@timestamp": "2020-03-03T19:36:46.524Z",
          "beat": {
            "hostname": "DC",
            "name": "server",
            "version": "5.4.0"
          },
          "computer_name": "DC.Giacobeville.com",
          "event_data": {
            "Value": "<DeviceAddRequest><ClientInfo name=\"IDCRL\" version=\"1.0\"/><Authentication><Membername>*</Membername><Password>*</Password></Authentication></DeviceAddRequest>"
          },
          "event_id": 6115,
          "keywords": [
            "wlidsvc",
            "SOAP"
          ],
          "level": "Information",
          "log_name": "Microsoft-Windows-LiveId/Operational",
          "message": "## SOAP Request: <DeviceAddRequest><ClientInfo name=\"IDCRL\" version=\"1.0\"/><Authentication><Membername>*</Membername><Password>*</Password></Authentication></DeviceAddRequest>",
          "opcode": "Info",
          "process_id": 76,
          "provider_guid": "{05F02597-FE85-4E67-8542-69567AB8FD4F}",
          "record_number": "59074",
          "source_name": "Microsoft-Windows-LiveId",
          "thread_id": 1936,
          "type": "wineventlog",
          "user": {
            "domain": "NT AUTHORITY",
            "identifier": "S-1-5-18",
            "name": "SYSTEM",
            "type": "User"
          }
        },
        "fields": {
          "@timestamp": [
            1583264206524
          ]
        },
        "sort": [
          1583264206524
        ]
      },
      {
        "_index": "winlogbeat-2020.03.03",
        "_type": "wineventlog",
        "_id": "AXCh6sebn_lBW985Kyaa",
        "_version": 1,
        "_score": null,
        "_source": {
          "@timestamp": "2020-03-03T19:36:46.520Z",
          "beat": {
            "hostname": "DC",
            "name": "server",
            "version": "5.4.0"
          },
          "computer_name": "DC.Giacobeville.com",
          "event_data": {
            "Value": "<DeviceAddRequest><ClientInfo name=\"IDCRL\" version=\"1.0\"/><Authentication><Membername>*</Membername><Password>*</Password></Authentication><DeviceInfo Id=\"DeviceInfo\"><Component name=\"4131\">*</Component><Component name=\"4112\">*</Component><Component name=\"4113\">*</Component><Component name=\"4097\">*</Component><Component name=\"4098\">*</Component><Component name=\"4099\">*</Component><Component name=\"4100\">*</Component><Component name=\"4101\">*</Component><Component name=\"4102\">*</Component><Component name=\"8195\">*</Component><Component name=\"8196\">*</Component><Component name=\"4144\">*</Component><Component name=\"4145\">*</Component><TPMInfo><KeyValue><RSAKeyValue><Modulus>*</Modulus><Exponent>*</Exponent></RSAKeyValue><KeyType>*</KeyType></KeyValue></TPMInfo></DeviceInfo></DeviceAddRequest>"
          },
          "event_id": 6115,
          "keywords": [
            "wlidsvc",
            "SOAP"
          ],
          "level": "Information",
          "log_name": "Microsoft-Windows-LiveId/Operational",
          "message": "## SOAP Request: <DeviceAddRequest><ClientInfo name=\"IDCRL\" version=\"1.0\"/><Authentication><Membername>*</Membername><Password>*</Password></Authentication><DeviceInfo Id=\"DeviceInfo\"><Component name=\"4131\">*</Component><Component name=\"4112\">*</Component><Component name=\"4113\">*</Component><Component name=\"4097\">*</Component><Component name=\"4098\">*</Component><Component name=\"4099\">*</Component><Component name=\"4100\">*</Component><Component name=\"4101\">*</Component><Component name=\"4102\">*</Component><Component name=\"8195\">*</Component><Component name=\"8196\">*</Component><Component name=\"4144\">*</Component><Component name=\"4145\">*</Component><TPMInfo><KeyValue><RSAKeyValue><Modulus>*</Modulus><Exponent>*</Exponent></RSAKeyValue><KeyType>*</KeyType></KeyValue></TPMInfo></DeviceInfo></DeviceAddRequest>",
          "opcode": "Info",
          "process_id": 76,
          "provider_guid": "{05F02597-FE85-4E67-8542-69567AB8FD4F}",
          "record_number": "59073",
          "source_name": "Microsoft-Windows-LiveId",
          "thread_id": 1936,
          "type": "wineventlog",
          "user": {
            "domain": "NT AUTHORITY",
            "identifier": "S-1-5-18",
            "name": "SYSTEM",
            "type": "User"
          }
        },
        "fields": {
          "@timestamp": [
            1583264206520
          ]
        },
        "sort": [
          1583264206520
        ]
      },
      {
        "_index": "winlogbeat-2020.03.03",
        "_type": "wineventlog",
        "_id": "AXCh6sFYn_lBW985KyaS",
        "_version": 1,
        "_score": null,
        "_source": {
          "@timestamp": "2020-03-03T19:36:44.694Z",
          "beat": {
            "hostname": "DC",
            "name": "server",
            "version": "5.4.0"
          },
          "computer_name": "DC.Giacobeville.com",
          "event_data": {
            "CommandLine": "C:\\Windows\\winsxs\\amd64_microsoft-windows-servicingstack_31bf3856ad364e35_10.0.14393.1883_none_7ed84bd822106081\\TiWorker.exe -Embedding",
            "Company": "Microsoft Corporation",
            "CurrentDirectory": "C:\\Windows\\system32\\",
            "Description": "Windows Modules Installer Worker",
            "FileVersion": "10.0.14393.693 (rs1_release.161220-1747)",
            "Hashes": "MD5=4E1F1311824BD84323DA62DECE642B62,SHA256=B6E333F2C1AA300E86F4E81A7A0E05734152F858F56AC0E008E3B104BE60DE74,IMPHASH=38FF53C1CCC1EE4C508C0F83A88C4E19",
            "Image": "C:\\Windows\\WinSxS\\amd64_microsoft-windows-servicingstack_31bf3856ad364e35_10.0.14393.1883_none_7ed84bd822106081\\TiWorker.exe",
            "IntegrityLevel": "System",
            "LogonGuid": "{825D88E6-ADFE-5E5E-0000-0020E7030000}",
            "LogonId": "0x3e7",
            "OriginalFileName": "TiWorker.exe",
            "ParentCommandLine": "C:\\Windows\\system32\\svchost.exe -k DcomLaunch",
            "ParentImage": "C:\\Windows\\System32\\svchost.exe",
            "ParentProcessGuid": "{825D88E6-AE06-5E5E-0000-001042B20000}",
            "ParentProcessId": "852",
            "ProcessGuid": "{825D88E6-B1CC-5E5E-0000-0010CC300D00}",
            "ProcessId": "7804",
            "Product": "Microsoft Windows Operating System",
            "TerminalSessionId": "0",
            "User": "NT AUTHORITY\\SYSTEM",
            "UtcTime": "2020-03-03 19:36:44.688"
          },
          "event_id": 1,
          "level": "Information",
          "log_name": "Microsoft-Windows-Sysmon/Operational",
          "message": "Process Create:\nRuleName: \nUtcTime: 2020-03-03 19:36:44.688\nProcessGuid: {825D88E6-B1CC-5E5E-0000-0010CC300D00}\nProcessId: 7804\nImage: C:\\Windows\\WinSxS\\amd64_microsoft-windows-servicingstack_31bf3856ad364e35_10.0.14393.1883_none_7ed84bd822106081\\TiWorker.exe\nFileVersion: 10.0.14393.693 (rs1_release.161220-1747)\nDescription: Windows Modules Installer Worker\nProduct: Microsoft Windows Operating System\nCompany: Microsoft Corporation\nOriginalFileName: TiWorker.exe\nCommandLine: C:\\Windows\\winsxs\\amd64_microsoft-windows-servicingstack_31bf3856ad364e35_10.0.14393.1883_none_7ed84bd822106081\\TiWorker.exe -Embedding\nCurrentDirectory: C:\\Windows\\system32\\\nUser: NT AUTHORITY\\SYSTEM\nLogonGuid: {825D88E6-ADFE-5E5E-0000-0020E7030000}\nLogonId: 0x3E7\nTerminalSessionId: 0\nIntegrityLevel: System\nHashes: MD5=4E1F1311824BD84323DA62DECE642B62,SHA256=B6E333F2C1AA300E86F4E81A7A0E05734152F858F56AC0E008E3B104BE60DE74,IMPHASH=38FF53C1CCC1EE4C508C0F83A88C4E19\nParentProcessGuid: {825D88E6-AE06-5E5E-0000-001042B20000}\nParentProcessId: 852\nParentImage: C:\\Windows\\System32\\svchost.exe\nParentCommandLine: C:\\Windows\\system32\\svchost.exe -k DcomLaunch",
          "opcode": "Info",
          "process_id": 2432,
          "provider_guid": "{5770385F-C22A-43E0-BF4C-06F5698FFBD9}",
          "record_number": "6776",
          "source_name": "Microsoft-Windows-Sysmon",
          "task": "Process Create (rule: ProcessCreate)",
          "thread_id": 3264,
          "type": "wineventlog",
          "user": {
            "domain": "NT AUTHORITY",
            "identifier": "S-1-5-18",
            "name": "SYSTEM",
            "type": "User"
          },
          "version": 5
        },
        "fields": {
          "@timestamp": [
            1583264204694
          ]
        },
        "sort": [
          1583264204694
        ]
      },
      {
        "_index": "winlogbeat-2020.03.03",
        "_type": "wineventlog",
        "_id": "AXCh6sGsn_lBW985KyaV",
        "_version": 1,
        "_score": null,
        "_source": {
          "@timestamp": "2020-03-03T19:36:44.688Z",
          "beat": {
            "hostname": "DC",
            "name": "server",
            "version": "5.4.0"
          },
          "computer_name": "DC.Giacobeville.com",
          "event_data": {
            "CommandLine": "C:\\Windows\\winsxs\\amd64_microsoft-windows-servicingstack_31bf3856ad364e35_10.0.14393.1883_none_7ed84bd822106081\\TiWorker.exe -Embedding",
            "MandatoryLabel": "S-1-16-16384",
            "NewProcessId": "0x1e7c",
            "NewProcessName": "C:\\Windows\\WinSxS\\amd64_microsoft-windows-servicingstack_31bf3856ad364e35_10.0.14393.1883_none_7ed84bd822106081\\TiWorker.exe",
            "ParentProcessName": "C:\\Windows\\System32\\svchost.exe",
            "ProcessId": "0x354",
            "SubjectDomainName": "GIACOBEVILLE",
            "SubjectLogonId": "0x3e7",
            "SubjectUserName": "DC$",
            "SubjectUserSid": "S-1-5-18",
            "TargetDomainName": "-",
            "TargetLogonId": "0x0",
            "TargetUserName": "-",
            "TargetUserSid": "S-1-0-0",
            "TokenElevationType": "%%1936"
          },
          "event_id": 4688,
          "keywords": [
            "Audit Success"
          ],
          "level": "Information",
          "log_name": "Security",
          "message": "A new process has been created.\n\nCreator Subject:\n\tSecurity ID:\t\tS-1-5-18\n\tAccount Name:\t\tDC$\n\tAccount Domain:\t\tGIACOBEVILLE\n\tLogon ID:\t\t0x3E7\n\nTarget Subject:\n\tSecurity ID:\t\tS-1-0-0\n\tAccount Name:\t\t-\n\tAccount Domain:\t\t-\n\tLogon ID:\t\t0x0\n\nProcess Information:\n\tNew Process ID:\t\t0x1e7c\n\tNew Process Name:\tC:\\Windows\\WinSxS\\amd64_microsoft-windows-servicingstack_31bf3856ad364e35_10.0.14393.1883_none_7ed84bd822106081\\TiWorker.exe\n\tToken Elevation Type:\t%%1936\n\tMandatory Label:\t\tS-1-16-16384\n\tCreator Process ID:\t0x354\n\tCreator Process Name:\tC:\\Windows\\System32\\svchost.exe\n\tProcess Command Line:\tC:\\Windows\\winsxs\\amd64_microsoft-windows-servicingstack_31bf3856ad364e35_10.0.14393.1883_none_7ed84bd822106081\\TiWorker.exe -Embedding\n\nToken Elevation Type indicates the type of token that was assigned to the new process in accordance with User Account Control policy.\n\nType 1 is a full token with no privileges removed or groups disabled.  A full token is only used if User Account Control is disabled or if the user is the built-in Administrator account or a service account.\n\nType 2 is an elevated token with no privileges removed or groups disabled.  An elevated token is used when User Account Control is enabled and the user chooses to start the program using Run as administrator.  An elevated token is also used when an application is configured to always require administrative privilege or to always require maximum privilege, and the user is a member of the Administrators group.\n\nType 3 is a limited token with administrative privileges removed and administrative groups disabled.  The limited token is used when User Account Control is enabled, the application does not require administrative privilege, and the user does not choose to start the program using Run as administrator.",
          "opcode": "Info",
          "process_id": 4,
          "provider_guid": "{54849625-5478-4994-A5BA-3E3B0328C30D}",
          "record_number": "539848",
          "source_name": "Microsoft-Windows-Security-Auditing",
          "task": "Process Creation",
          "thread_id": 336,
          "type": "wineventlog",
          "version": 2
        },
        "fields": {
          "@timestamp": [
            1583264204688
          ]
        },
        "sort": [
          1583264204688
        ]
      },
      {
        "_index": "winlogbeat-2020.03.03",
        "_type": "wineventlog",
        "_id": "AXCh6sEQn_lBW985KyaQ",
        "_version": 1,
        "_score": null,
        "_source": {
          "@timestamp": "2020-03-03T19:36:44.647Z",
          "beat": {
            "hostname": "DC",
            "name": "server",
            "version": "5.4.0"
          },
          "computer_name": "DC.Giacobeville.com",
          "event_data": {
            "Binary": "540072007500730074006500640049006E007300740061006C006C00650072002F0034000000",
            "param1": "Windows Modules Installer",
            "param2": "running"
          },
          "event_id": 7036,
          "keywords": [
            "Classic"
          ],
          "level": "Information",
          "log_name": "System",
          "message": "The Windows Modules Installer service entered the running state.",
          "process_id": 652,
          "provider_guid": "{555908d1-a6d7-4695-8e1e-26931d2012f4}",
          "record_number": "18473",
          "source_name": "Service Control Manager",
          "thread_id": 2316,
          "type": "wineventlog"
        },
        "fields": {
          "@timestamp": [
            1583264204647
          ]
        },
        "sort": [
          1583264204647
        ]
      },
