      {
        "_index": "winlogbeat-2020.03.03",
        "_type": "wineventlog",
        "_id": "AXCh8G3an_lBW985Kyd0",
        "_version": 1,
        "_score": null,
        "_source": {
          "@timestamp": "2020-03-03T19:42:55.934Z",
          "activity_id": "{F9379DAB-05BF-433E-8F43-861794A5D068}",
          "beat": {
            "hostname": "DC",
            "name": "server",
            "version": "5.4.0"
          },
          "computer_name": "DC.Giacobeville.com",
          "event_data": {
            "Error": "0x1f",
            "LastError": "0x3",
            "XPath": "Microsoft/Windows/WebServer:$reports$\\*\\Result.xml:/ResultDatabase/Result"
          },
          "event_id": 85,
          "level": "Warning",
          "log_name": "Microsoft-Windows-ServerManager-MgmtProvider/Operational",
          "message": "Failed to query the results of bpa xpath: Microsoft/Windows/WebServer:$reports$\\*\\Result.xml:/ResultDatabase/Result. error: A device attached to the system is not functioning., last error: The system cannot find the path specified..",
          "opcode": "Info",
          "process_id": 3668,
          "provider_guid": "{C2E6D0D9-5DF8-4C77-A82B-C96C84579543}",
          "record_number": "16752",
          "source_name": "Microsoft-Windows-ServerManager-ManagementProvider",
          "task": "Get server bpa result task",
          "thread_id": 544,
          "type": "wineventlog",
          "user": {
            "domain": "GIACOBEVILLE",
            "identifier": "S-1-5-21-1271178117-3594940576-1158983498-500",
            "name": "Administrator",
            "type": "User"
          }
        },
        "fields": {
          "@timestamp": [
            1583264575934
          ]
        },
        "sort": [
          1583264575934
        ]
      },
      {
        "_index": "winlogbeat-2020.03.03",
        "_type": "wineventlog",
        "_id": "AXCh8G3an_lBW985Kydz",
        "_version": 1,
        "_score": null,
        "_source": {
          "@timestamp": "2020-03-03T19:42:55.933Z",
          "activity_id": "{F9379DAB-05BF-433E-8F43-861794A5D068}",
          "beat": {
            "hostname": "DC",
            "name": "server",
            "version": "5.4.0"
          },
          "computer_name": "DC.Giacobeville.com",
          "event_data": {
            "Error": "0x2",
            "LastError": "0x3",
            "XPath": "Microsoft/Windows/WebServer:$reports$\\$latestreport$\\Discovery.xml:$creationtime$"
          },
          "event_id": 85,
          "level": "Warning",
          "log_name": "Microsoft-Windows-ServerManager-MgmtProvider/Operational",
          "message": "Failed to query the results of bpa xpath: Microsoft/Windows/WebServer:$reports$\\$latestreport$\\Discovery.xml:$creationtime$. error: The system cannot find the file specified., last error: The system cannot find the path specified..",
          "opcode": "Info",
          "process_id": 3668,
          "provider_guid": "{C2E6D0D9-5DF8-4C77-A82B-C96C84579543}",
          "record_number": "16751",
          "source_name": "Microsoft-Windows-ServerManager-ManagementProvider",
          "task": "Get server bpa result task",
          "thread_id": 544,
          "type": "wineventlog",
          "user": {
            "domain": "GIACOBEVILLE",
            "identifier": "S-1-5-21-1271178117-3594940576-1158983498-500",
            "name": "Administrator",
            "type": "User"
          }
        },
        "fields": {
          "@timestamp": [
            1583264575933
          ]
        },
        "sort": [
          1583264575933
        ]
      },
      {
        "_index": "winlogbeat-2020.03.03",
        "_type": "wineventlog",
        "_id": "AXCh8G3an_lBW985Kydx",
        "_version": 1,
        "_score": null,
        "_source": {
          "@timestamp": "2020-03-03T19:42:55.933Z",
          "activity_id": "{F9379DAB-05BF-433E-8F43-861794A5D068}",
          "beat": {
            "hostname": "DC",
            "name": "server",
            "version": "5.4.0"
          },
          "computer_name": "DC.Giacobeville.com",
          "event_data": {
            "Error": "0x2",
            "LastError": "0x3",
            "XPath": "Microsoft/Windows/DirectoryServices:$reports$\\$latestreport$\\Discovery.xml:$creationtime$"
          },
          "event_id": 85,
          "level": "Warning",
          "log_name": "Microsoft-Windows-ServerManager-MgmtProvider/Operational",
          "message": "Failed to query the results of bpa xpath: Microsoft/Windows/DirectoryServices:$reports$\\$latestreport$\\Discovery.xml:$creationtime$. error: The system cannot find the file specified., last error: The system cannot find the path specified..",
          "opcode": "Info",
          "process_id": 3668,
          "provider_guid": "{C2E6D0D9-5DF8-4C77-A82B-C96C84579543}",
          "record_number": "16749",
          "source_name": "Microsoft-Windows-ServerManager-ManagementProvider",
          "task": "Get server bpa result task",
          "thread_id": 544,
          "type": "wineventlog",
          "user": {
            "domain": "GIACOBEVILLE",
            "identifier": "S-1-5-21-1271178117-3594940576-1158983498-500",
            "name": "Administrator",
            "type": "User"
          }
        },
        "fields": {
          "@timestamp": [
            1583264575933
          ]
        },
        "sort": [
          1583264575933
        ]
      },
      {
        "_index": "winlogbeat-2020.03.03",
        "_type": "wineventlog",
        "_id": "AXCh8G3an_lBW985Kydy",
        "_version": 1,
        "_score": null,
        "_source": {
          "@timestamp": "2020-03-03T19:42:55.933Z",
          "activity_id": "{F9379DAB-05BF-433E-8F43-861794A5D068}",
          "beat": {
            "hostname": "DC",
            "name": "server",
            "version": "5.4.0"
          },
          "computer_name": "DC.Giacobeville.com",
          "event_data": {
            "Error": "0x1f",
            "LastError": "0x3",
            "XPath": "Microsoft/Windows/DirectoryServices:$reports$\\*\\Result.xml:/ResultDatabase/Result"
          },
          "event_id": 85,
          "level": "Warning",
          "log_name": "Microsoft-Windows-ServerManager-MgmtProvider/Operational",
          "message": "Failed to query the results of bpa xpath: Microsoft/Windows/DirectoryServices:$reports$\\*\\Result.xml:/ResultDatabase/Result. error: A device attached to the system is not functioning., last error: The system cannot find the path specified..",
          "opcode": "Info",
          "process_id": 3668,
          "provider_guid": "{C2E6D0D9-5DF8-4C77-A82B-C96C84579543}",
          "record_number": "16750",
          "source_name": "Microsoft-Windows-ServerManager-ManagementProvider",
          "task": "Get server bpa result task",
          "thread_id": 544,
          "type": "wineventlog",
          "user": {
            "domain": "GIACOBEVILLE",
            "identifier": "S-1-5-21-1271178117-3594940576-1158983498-500",
            "name": "Administrator",
            "type": "User"
          }
        },
        "fields": {
          "@timestamp": [
            1583264575933
          ]
        },
        "sort": [
          1583264575933
        ]
      },
      {
        "_index": "winlogbeat-2020.03.03",
        "_type": "wineventlog",
        "_id": "AXCh8G3an_lBW985Kydw",
        "_version": 1,
        "_score": null,
        "_source": {
          "@timestamp": "2020-03-03T19:42:55.932Z",
          "activity_id": "{F9379DAB-05BF-433E-8F43-861794A5D068}",
          "beat": {
            "hostname": "DC",
            "name": "server",
            "version": "5.4.0"
          },
          "computer_name": "DC.Giacobeville.com",
          "event_data": {
            "Error": "0x1f",
            "LastError": "0x3",
            "XPath": "Microsoft/Windows/DNSServer:$reports$\\*\\Result.xml:/ResultDatabase/Result"
          },
          "event_id": 85,
          "level": "Warning",
          "log_name": "Microsoft-Windows-ServerManager-MgmtProvider/Operational",
          "message": "Failed to query the results of bpa xpath: Microsoft/Windows/DNSServer:$reports$\\*\\Result.xml:/ResultDatabase/Result. error: A device attached to the system is not functioning., last error: The system cannot find the path specified..",
          "opcode": "Info",
          "process_id": 3668,
          "provider_guid": "{C2E6D0D9-5DF8-4C77-A82B-C96C84579543}",
          "record_number": "16748",
          "source_name": "Microsoft-Windows-ServerManager-ManagementProvider",
          "task": "Get server bpa result task",
          "thread_id": 544,
          "type": "wineventlog",
          "user": {
            "domain": "GIACOBEVILLE",
            "identifier": "S-1-5-21-1271178117-3594940576-1158983498-500",
            "name": "Administrator",
            "type": "User"
          }
        },
        "fields": {
          "@timestamp": [
            1583264575932
          ]
        },
        "sort": [
          1583264575932
        ]
      },
      {
        "_index": "winlogbeat-2020.03.03",
        "_type": "wineventlog",
        "_id": "AXCh8G3an_lBW985Kydv",
        "_version": 1,
        "_score": null,
        "_source": {
          "@timestamp": "2020-03-03T19:42:55.931Z",
          "activity_id": "{F9379DAB-05BF-433E-8F43-861794A5D068}",
          "beat": {
            "hostname": "DC",
            "name": "server",
            "version": "5.4.0"
          },
          "computer_name": "DC.Giacobeville.com",
          "event_data": {
            "Error": "0x2",
            "LastError": "0x3",
            "XPath": "Microsoft/Windows/DNSServer:$reports$\\$latestreport$\\Discovery.xml:$creationtime$"
          },
          "event_id": 85,
          "level": "Warning",
          "log_name": "Microsoft-Windows-ServerManager-MgmtProvider/Operational",
          "message": "Failed to query the results of bpa xpath: Microsoft/Windows/DNSServer:$reports$\\$latestreport$\\Discovery.xml:$creationtime$. error: The system cannot find the file specified., last error: The system cannot find the path specified..",
          "opcode": "Info",
          "process_id": 3668,
          "provider_guid": "{C2E6D0D9-5DF8-4C77-A82B-C96C84579543}",
          "record_number": "16747",
          "source_name": "Microsoft-Windows-ServerManager-ManagementProvider",
          "task": "Get server bpa result task",
          "thread_id": 544,
          "type": "wineventlog",
          "user": {
            "domain": "GIACOBEVILLE",
            "identifier": "S-1-5-21-1271178117-3594940576-1158983498-500",
            "name": "Administrator",
            "type": "User"
          }
        },
        "fields": {
          "@timestamp": [
            1583264575931
          ]
        },
        "sort": [
          1583264575931
        ]
      },
      {
        "_index": "winlogbeat-2020.03.03",
        "_type": "wineventlog",
        "_id": "AXCh8G3an_lBW985Kydu",
        "_version": 1,
        "_score": null,
        "_source": {
          "@timestamp": "2020-03-03T19:42:55.930Z",
          "activity_id": "{F9379DAB-05BF-433E-8F43-861794A5D068}",
          "beat": {
            "hostname": "DC",
            "name": "server",
            "version": "5.4.0"
          },
          "computer_name": "DC.Giacobeville.com",
          "event_data": {
            "TotalXPaths": "20"
          },
          "event_id": 62,
          "level": "Information",
          "log_name": "Microsoft-Windows-ServerManager-MgmtProvider/Operational",
          "message": "Get bpa result task start: 0x14.",
          "opcode": "Info",
          "process_id": 3668,
          "provider_guid": "{C2E6D0D9-5DF8-4C77-A82B-C96C84579543}",
          "record_number": "16746",
          "source_name": "Microsoft-Windows-ServerManager-ManagementProvider",
          "task": "Get server bpa result task",
          "thread_id": 544,
          "type": "wineventlog",
          "user": {
            "domain": "GIACOBEVILLE",
            "identifier": "S-1-5-21-1271178117-3594940576-1158983498-500",
            "name": "Administrator",
            "type": "User"
          }
        },
        "fields": {
          "@timestamp": [
            1583264575930
          ]
        },
        "sort": [
          1583264575930
        ]
      },
      {
        "_index": "winlogbeat-2020.03.03",
        "_type": "wineventlog",
        "_id": "AXCh8G3an_lBW985Kydt",
        "_version": 1,
        "_score": null,
        "_source": {
          "@timestamp": "2020-03-03T19:42:55.927Z",
          "activity_id": "{F20AAC87-CFCD-4CB6-9A0D-97C2AF259E30}",
          "beat": {
            "hostname": "DC",
            "name": "server",
            "version": "5.4.0"
          },
          "computer_name": "DC.Giacobeville.com",
          "event_id": 26,
          "level": "Information",
          "log_name": "Microsoft-Windows-ServerManager-MgmtProvider/Operational",
          "message": "Get counter sample in time range task start.",
          "opcode": "Start",
          "process_id": 3668,
          "provider_guid": "{C2E6D0D9-5DF8-4C77-A82B-C96C84579543}",
          "record_number": "16745",
          "source_name": "Microsoft-Windows-ServerManager-ManagementProvider",
          "task": "Get counter samples in time range task",
          "thread_id": 7788,
          "type": "wineventlog",
          "user": {
            "domain": "GIACOBEVILLE",
            "identifier": "S-1-5-21-1271178117-3594940576-1158983498-500",
            "name": "Administrator",
            "type": "User"
          }
        },
        "fields": {
          "@timestamp": [
            1583264575927
          ]
        },
        "sort": [
          1583264575927
        ]
      },
      {
        "_index": "winlogbeat-2020.03.03",
        "_type": "wineventlog",
        "_id": "AXCh8G3an_lBW985Kyds",
        "_version": 1,
        "_score": null,
        "_source": {
          "@timestamp": "2020-03-03T19:42:55.925Z",
          "activity_id": "{3577AE39-534B-41B4-81D8-A7F32785651B}",
          "beat": {
            "hostname": "DC",
            "name": "server",
            "version": "5.4.0"
          },
          "computer_name": "DC.Giacobeville.com",
          "event_data": {
            "uValue": "8"
          },
          "event_id": 52,
          "level": "Information",
          "log_name": "Microsoft-Windows-ServerManager-MgmtProvider/Operational",
          "message": "Get server event detail task started, number of logs: 8.",
          "opcode": "Info",
          "process_id": 3668,
          "provider_guid": "{C2E6D0D9-5DF8-4C77-A82B-C96C84579543}",
          "record_number": "16744",
          "source_name": "Microsoft-Windows-ServerManager-ManagementProvider",
          "task": "Get server event detail task",
          "thread_id": 4060,
          "type": "wineventlog",
          "user": {
            "domain": "GIACOBEVILLE",
            "identifier": "S-1-5-21-1271178117-3594940576-1158983498-500",
            "name": "Administrator",
            "type": "User"
          }
        },
        "fields": {
          "@timestamp": [
            1583264575925
          ]
        },
        "sort": [
          1583264575925
        ]
      },
      {
        "_index": "winlogbeat-2020.03.03",
        "_type": "wineventlog",
        "_id": "AXCh8Gwmn_lBW985Kydn",
        "_version": 1,
        "_score": null,
        "_source": {
          "@timestamp": "2020-03-03T19:42:55.907Z",
          "beat": {
            "hostname": "DC",
            "name": "server",
            "version": "5.4.0"
          },
          "computer_name": "DC.Giacobeville.com",
          "event_data": {
            "protocol": "DCOM",
            "serverName": "localhost",
            "userName": "null"
          },
          "event_id": 209,
          "level": "Information",
          "log_name": "Microsoft-Windows-ServerManager-MultiMachine/Operational",
          "message": "Creating new session. Server: localhost, Protocol: DCOM, User: null",
          "opcode": "Info",
          "process_id": 2068,
          "provider_guid": "{D8D37081-10BD-4A89-A971-1CDA6899BDB3}",
          "record_number": "27628",
          "source_name": "Microsoft-Windows-ServerManager-MultiMachine",
          "task": "Node access.",
          "thread_id": 7572,
          "type": "wineventlog",
          "user": {
            "domain": "GIACOBEVILLE",
            "identifier": "S-1-5-21-1271178117-3594940576-1158983498-500",
            "name": "Administrator",
            "type": "User"
          }
        },
        "fields": {
          "@timestamp": [
            1583264575907
          ]
        },
        "sort": [
          1583264575907
        ]
      },
      {
        "_index": "winlogbeat-2020.03.03",
        "_type": "wineventlog",
        "_id": "AXCh8Gwmn_lBW985Kydk",
        "_version": 1,
        "_score": null,
        "_source": {
          "@timestamp": "2020-03-03T19:42:55.907Z",
          "beat": {
            "hostname": "DC",
            "name": "server",
            "version": "5.4.0"
          },
          "computer_name": "DC.Giacobeville.com",
          "event_data": {
            "methodName": "GetServerBpaResult",
            "namespaceName": "root\\microsoft\\windows\\servermanager",
            "protocol": "DCOM",
            "serverName": "localhost",
            "wmiClassName": "MSFT_ServerManagerTasks"
          },
          "event_id": 214,
          "level": "Information",
          "log_name": "Microsoft-Windows-ServerManager-MultiMachine/Operational",
          "message": "Invoke method started. Server: localhost, Namespace: root\\microsoft\\windows\\servermanager, Class: MSFT_ServerManagerTasks, Method: GetServerBpaResult",
          "opcode": "Info",
          "process_id": 2068,
          "provider_guid": "{D8D37081-10BD-4A89-A971-1CDA6899BDB3}",
          "record_number": "27625",
          "source_name": "Microsoft-Windows-ServerManager-MultiMachine",
          "task": "Node access.",
          "thread_id": 7572,
          "type": "wineventlog",
          "user": {
            "domain": "GIACOBEVILLE",
            "identifier": "S-1-5-21-1271178117-3594940576-1158983498-500",
            "name": "Administrator",
            "type": "User"
          }
        },
        "fields": {
          "@timestamp": [
            1583264575907
          ]
        },
        "sort": [
          1583264575907
        ]
      },
      {
        "_index": "winlogbeat-2020.03.03",
        "_type": "wineventlog",
        "_id": "AXCh8Gwmn_lBW985Kydl",
        "_version": 1,
        "_score": null,
        "_source": {
          "@timestamp": "2020-03-03T19:42:55.907Z",
          "beat": {
            "hostname": "DC",
            "name": "server",
            "version": "5.4.0"
          },
          "computer_name": "DC.Giacobeville.com",
          "event_data": {
            "protocol": "DCOM",
            "serverName": "localhost",
            "userName": "null"
          },
          "event_id": 209,
          "level": "Information",
          "log_name": "Microsoft-Windows-ServerManager-MultiMachine/Operational",
          "message": "Creating new session. Server: localhost, Protocol: DCOM, User: null",
          "opcode": "Info",
          "process_id": 2068,
          "provider_guid": "{D8D37081-10BD-4A89-A971-1CDA6899BDB3}",
          "record_number": "27626",
          "source_name": "Microsoft-Windows-ServerManager-MultiMachine",
          "task": "Node access.",
          "thread_id": 7572,
          "type": "wineventlog",
          "user": {
            "domain": "GIACOBEVILLE",
            "identifier": "S-1-5-21-1271178117-3594940576-1158983498-500",
            "name": "Administrator",
            "type": "User"
          }
        },
        "fields": {
          "@timestamp": [
            1583264575907
          ]
        },
        "sort": [
          1583264575907
        ]
      },
      {
        "_index": "winlogbeat-2020.03.03",
        "_type": "wineventlog",
        "_id": "AXCh8Gwmn_lBW985Kydm",
        "_version": 1,
        "_score": null,
        "_source": {
          "@timestamp": "2020-03-03T19:42:55.907Z",
          "beat": {
            "hostname": "DC",
            "name": "server",
            "version": "5.4.0"
          },
          "computer_name": "DC.Giacobeville.com",
          "event_data": {
            "methodName": "GetCounterSamplesInTimeRange",
            "namespaceName": "root\\microsoft\\windows\\servermanager",
            "protocol": "DCOM",
            "serverName": "localhost",
            "wmiClassName": "MSFT_ServerManagerTasks"
          },
          "event_id": 214,
          "level": "Information",
          "log_name": "Microsoft-Windows-ServerManager-MultiMachine/Operational",
          "message": "Invoke method started. Server: localhost, Namespace: root\\microsoft\\windows\\servermanager, Class: MSFT_ServerManagerTasks, Method: GetCounterSamplesInTimeRange",
          "opcode": "Info",
          "process_id": 2068,
          "provider_guid": "{D8D37081-10BD-4A89-A971-1CDA6899BDB3}",
          "record_number": "27627",
          "source_name": "Microsoft-Windows-ServerManager-MultiMachine",
          "task": "Node access.",
          "thread_id": 7572,
          "type": "wineventlog",
          "user": {
            "domain": "GIACOBEVILLE",
            "identifier": "S-1-5-21-1271178117-3594940576-1158983498-500",
            "name": "Administrator",
            "type": "User"
          }
        },
        "fields": {
          "@timestamp": [
            1583264575907
          ]
        },
        "sort": [
          1583264575907
        ]
      },
      {
        "_index": "winlogbeat-2020.03.03",
        "_type": "wineventlog",
        "_id": "AXCh8Gwmn_lBW985Kydi",
        "_version": 1,
        "_score": null,
        "_source": {
          "@timestamp": "2020-03-03T19:42:55.906Z",
          "beat": {
            "hostname": "DC",
            "name": "server",
            "version": "5.4.0"
          },
          "computer_name": "DC.Giacobeville.com",
          "event_data": {
            "methodName": "GetServerEventDetail",
            "namespaceName": "root\\microsoft\\windows\\servermanager",
            "protocol": "DCOM",
            "serverName": "localhost",
            "wmiClassName": "MSFT_ServerManagerTasks"
          },
          "event_id": 214,
          "level": "Information",
          "log_name": "Microsoft-Windows-ServerManager-MultiMachine/Operational",
          "message": "Invoke method started. Server: localhost, Namespace: root\\microsoft\\windows\\servermanager, Class: MSFT_ServerManagerTasks, Method: GetServerEventDetail",
          "opcode": "Info",
          "process_id": 2068,
          "provider_guid": "{D8D37081-10BD-4A89-A971-1CDA6899BDB3}",
          "record_number": "27623",
          "source_name": "Microsoft-Windows-ServerManager-MultiMachine",
          "task": "Node access.",
          "thread_id": 7572,
          "type": "wineventlog",
          "user": {
            "domain": "GIACOBEVILLE",
            "identifier": "S-1-5-21-1271178117-3594940576-1158983498-500",
            "name": "Administrator",
            "type": "User"
          }
        },
        "fields": {
          "@timestamp": [
            1583264575906
          ]
        },
        "sort": [
          1583264575906
        ]
      },
      {
        "_index": "winlogbeat-2020.03.03",
        "_type": "wineventlog",
        "_id": "AXCh8Gwmn_lBW985Kydj",
        "_version": 1,
        "_score": null,
        "_source": {
          "@timestamp": "2020-03-03T19:42:55.906Z",
          "beat": {
            "hostname": "DC",
            "name": "server",
            "version": "5.4.0"
          },
          "computer_name": "DC.Giacobeville.com",
          "event_data": {
            "protocol": "DCOM",
            "serverName": "localhost",
            "userName": "null"
          },
          "event_id": 209,
          "level": "Information",
          "log_name": "Microsoft-Windows-ServerManager-MultiMachine/Operational",
          "message": "Creating new session. Server: localhost, Protocol: DCOM, User: null",
          "opcode": "Info",
          "process_id": 2068,
          "provider_guid": "{D8D37081-10BD-4A89-A971-1CDA6899BDB3}",
          "record_number": "27624",
          "source_name": "Microsoft-Windows-ServerManager-MultiMachine",
          "task": "Node access.",
          "thread_id": 7572,
          "type": "wineventlog",
          "user": {
            "domain": "GIACOBEVILLE",
            "identifier": "S-1-5-21-1271178117-3594940576-1158983498-500",
            "name": "Administrator",
            "type": "User"
          }
        },
        "fields": {
          "@timestamp": [
            1583264575906
          ]
        },
        "sort": [
          1583264575906
        ]
      },
      {
        "_index": "winlogbeat-2020.03.03",
        "_type": "wineventlog",
        "_id": "AXCh8Gwmn_lBW985Kydh",
        "_version": 1,
        "_score": null,
        "_source": {
          "@timestamp": "2020-03-03T19:42:55.905Z",
          "beat": {
            "hostname": "DC",
            "name": "server",
            "version": "5.4.0"
          },
          "computer_name": "DC.Giacobeville.com",
          "event_data": {
            "methodName": "GetServerFeature",
            "namespaceName": "root\\microsoft\\windows\\servermanager",
            "protocol": "DCOM",
            "serverName": "localhost",
            "wmiClassName": "MSFT_ServerManagerTasks"
          },
          "event_id": 215,
          "level": "Information",
          "log_name": "Microsoft-Windows-ServerManager-MultiMachine/Operational",
          "message": "Invoke method completed. Server: localhost, Namespace: root\\microsoft\\windows\\servermanager, Class: MSFT_ServerManagerTasks, Method: GetServerFeature",
          "opcode": "Info",
          "process_id": 2068,
          "provider_guid": "{D8D37081-10BD-4A89-A971-1CDA6899BDB3}",
          "record_number": "27622",
          "source_name": "Microsoft-Windows-ServerManager-MultiMachine",
          "task": "Node access.",
          "thread_id": 7572,
          "type": "wineventlog",
          "user": {
            "domain": "GIACOBEVILLE",
            "identifier": "S-1-5-21-1271178117-3594940576-1158983498-500",
            "name": "Administrator",
            "type": "User"
          }
        },
        "fields": {
          "@timestamp": [
            1583264575905
          ]
        },
        "sort": [
          1583264575905
        ]
      },
      {
        "_index": "winlogbeat-2020.03.03",
        "_type": "wineventlog",
        "_id": "AXCh8G3an_lBW985Kydr",
        "_version": 1,
        "_score": null,
        "_source": {
          "@timestamp": "2020-03-03T19:42:55.905Z",
          "activity_id": "{CA2C277A-A580-4026-8CEE-13E7605702D4}",
          "beat": {
            "hostname": "DC",
            "name": "server",
            "version": "5.4.0"
          },
          "computer_name": "DC.Giacobeville.com",
          "event_data": {
            "uValue": "45"
          },
          "event_id": 48,
          "level": "Information",
          "log_name": "Microsoft-Windows-ServerManager-MgmtProvider/Operational",
          "message": "Get server feature task complete, total features returned: 45.",
          "opcode": "Info",
          "process_id": 3668,
          "provider_guid": "{C2E6D0D9-5DF8-4C77-A82B-C96C84579543}",
          "record_number": "16743",
          "source_name": "Microsoft-Windows-ServerManager-ManagementProvider",
          "task": "Get server feature task",
          "thread_id": 4060,
          "type": "wineventlog",
          "user": {
            "domain": "GIACOBEVILLE",
            "identifier": "S-1-5-21-1271178117-3594940576-1158983498-500",
            "name": "Administrator",
            "type": "User"
          }
        },
        "fields": {
          "@timestamp": [
            1583264575905
          ]
        },
        "sort": [
          1583264575905
        ]
      },
      {
        "_index": "winlogbeat-2020.03.03",
        "_type": "wineventlog",
        "_id": "AXCh8Gwmn_lBW985Kydg",
        "_version": 1,
        "_score": null,
        "_source": {
          "@timestamp": "2020-03-03T19:42:55.905Z",
          "beat": {
            "hostname": "DC",
            "name": "server",
            "version": "5.4.0"
          },
          "computer_name": "DC.Giacobeville.com",
          "event_data": {
            "methodName": "GetServerFeature",
            "namespaceName": "root\\microsoft\\windows\\servermanager",
            "protocol": "DCOM",
            "serverName": "localhost",
            "wmiClassName": "MSFT_ServerManagerTasks"
          },
          "event_id": 217,
          "level": "Information",
          "log_name": "Microsoft-Windows-ServerManager-MultiMachine/Operational",
          "message": "Invoke method data received. Server: localhost, Namespace: root\\microsoft\\windows\\servermanager, Class: MSFT_ServerManagerTasks, Method: GetServerFeature",
          "opcode": "Info",
          "process_id": 2068,
          "provider_guid": "{D8D37081-10BD-4A89-A971-1CDA6899BDB3}",
          "record_number": "27621",
          "source_name": "Microsoft-Windows-ServerManager-MultiMachine",
          "task": "Node access.",
          "thread_id": 7572,
          "type": "wineventlog",
          "user": {
            "domain": "GIACOBEVILLE",
            "identifier": "S-1-5-21-1271178117-3594940576-1158983498-500",
            "name": "Administrator",
            "type": "User"
          }
        },
        "fields": {
          "@timestamp": [
            1583264575905
          ]
        },
        "sort": [
          1583264575905
        ]
      },
      {
        "_index": "winlogbeat-2020.03.03",
        "_type": "wineventlog",
        "_id": "AXCh8Gwmn_lBW985Kydf",
        "_version": 1,
        "_score": null,
        "_source": {
          "@timestamp": "2020-03-03T19:42:55.895Z",
          "beat": {
            "hostname": "DC",
            "name": "server",
            "version": "5.4.0"
          },
          "computer_name": "DC.Giacobeville.com",
          "event_data": {
            "methodName": "GetServerFeature",
            "namespaceName": "root\\microsoft\\windows\\servermanager",
            "protocol": "DCOM",
            "serverName": "localhost",
            "wmiClassName": "MSFT_ServerManagerTasks"
          },
          "event_id": 217,
          "level": "Information",
          "log_name": "Microsoft-Windows-ServerManager-MultiMachine/Operational",
          "message": "Invoke method data received. Server: localhost, Namespace: root\\microsoft\\windows\\servermanager, Class: MSFT_ServerManagerTasks, Method: GetServerFeature",
          "opcode": "Info",
          "process_id": 2068,
          "provider_guid": "{D8D37081-10BD-4A89-A971-1CDA6899BDB3}",
          "record_number": "27620",
          "source_name": "Microsoft-Windows-ServerManager-MultiMachine",
          "task": "Node access.",
          "thread_id": 7572,
          "type": "wineventlog",
          "user": {
            "domain": "GIACOBEVILLE",
            "identifier": "S-1-5-21-1271178117-3594940576-1158983498-500",
            "name": "Administrator",
            "type": "User"
          }
        },
        "fields": {
          "@timestamp": [
            1583264575895
          ]
        },
        "sort": [
          1583264575895
        ]
      },
      {
        "_index": "winlogbeat-2020.03.03",
        "_type": "wineventlog",
        "_id": "AXCh8Gvkn_lBW985Kyde",
        "_version": 1,
        "_score": null,
        "_source": {
          "@timestamp": "2020-03-03T19:42:55.676Z",
          "activity_id": "{436CCB17-7F0E-4600-84F0-FA976FDBFC63}",
          "beat": {
            "hostname": "DC",
            "name": "server",
            "version": "5.4.0"
          },
          "computer_name": "DC.Giacobeville.com",
          "event_data": {
            "requestGuid": "{6B64BB2C-5708-45B3-9E3D-213EB6CB9CA0}",
            "restartRequired": "false"
          },
          "event_id": 112,
          "level": "Information",
          "log_name": "Microsoft-Windows-ServerManager-DeploymentProvider/Operational",
          "message": "Completed processing the GetServerComponent request.  Restart required: false",
          "opcode": "Info",
          "process_id": 1296,
          "provider_guid": "{66AF9A38-2D94-11E0-A076-8534E0D72085}",
          "record_number": "2067",
          "source_name": "Microsoft-Windows-ServerManager-DeploymentProvider",
          "task": "GetServerComponent request on a separate thread.",
          "thread_id": 6756,
          "type": "wineventlog",
          "user": {
            "domain": "NT AUTHORITY",
            "identifier": "S-1-5-18",
            "name": "SYSTEM",
            "type": "User"
          }
        },
        "fields": {
          "@timestamp": [
            1583264575676
          ]
        },
        "sort": [
          1583264575676
        ]
      },
      {
        "_index": "winlogbeat-2020.03.03",
        "_type": "wineventlog",
        "_id": "AXCh8GQRn_lBW985KydS",
        "_version": 1,
        "_score": null,
        "_source": {
          "@timestamp": "2020-03-03T19:42:55.027Z",
          "beat": {
            "hostname": "DC",
            "name": "server",
            "version": "5.4.0"
          },
          "computer_name": "DC.Giacobeville.com",
          "event_data": {
            "methodName": "GetServerServiceDetail",
            "namespaceName": "root\\microsoft\\windows\\servermanager",
            "protocol": "DCOM",
            "serverName": "localhost",
            "wmiClassName": "MSFT_ServerManagerTasks"
          },
          "event_id": 217,
          "level": "Information",
          "log_name": "Microsoft-Windows-ServerManager-MultiMachine/Operational",
          "message": "Invoke method data received. Server: localhost, Namespace: root\\microsoft\\windows\\servermanager, Class: MSFT_ServerManagerTasks, Method: GetServerServiceDetail",
          "opcode": "Info",
          "process_id": 2068,
          "provider_guid": "{D8D37081-10BD-4A89-A971-1CDA6899BDB3}",
          "record_number": "27618",
          "source_name": "Microsoft-Windows-ServerManager-MultiMachine",
          "task": "Node access.",
          "thread_id": 7572,
          "type": "wineventlog",
          "user": {
            "domain": "GIACOBEVILLE",
            "identifier": "S-1-5-21-1271178117-3594940576-1158983498-500",
            "name": "Administrator",
            "type": "User"
          }
        },
        "fields": {
          "@timestamp": [
            1583264575027
          ]
        },
        "sort": [
          1583264575027
        ]
      },
      {
        "_index": "winlogbeat-2020.03.03",
        "_type": "wineventlog",
        "_id": "AXCh8GQRn_lBW985KydT",
        "_version": 1,
        "_score": null,
        "_source": {
          "@timestamp": "2020-03-03T19:42:55.027Z",
          "beat": {
            "hostname": "DC",
            "name": "server",
            "version": "5.4.0"
          },
          "computer_name": "DC.Giacobeville.com",
          "event_data": {
            "methodName": "GetServerServiceDetail",
            "namespaceName": "root\\microsoft\\windows\\servermanager",
            "protocol": "DCOM",
            "serverName": "localhost",
            "wmiClassName": "MSFT_ServerManagerTasks"
          },
          "event_id": 215,
          "level": "Information",
          "log_name": "Microsoft-Windows-ServerManager-MultiMachine/Operational",
          "message": "Invoke method completed. Server: localhost, Namespace: root\\microsoft\\windows\\servermanager, Class: MSFT_ServerManagerTasks, Method: GetServerServiceDetail",
          "opcode": "Info",
          "process_id": 2068,
          "provider_guid": "{D8D37081-10BD-4A89-A971-1CDA6899BDB3}",
          "record_number": "27619",
          "source_name": "Microsoft-Windows-ServerManager-MultiMachine",
          "task": "Node access.",
          "thread_id": 7572,
          "type": "wineventlog",
          "user": {
            "domain": "GIACOBEVILLE",
            "identifier": "S-1-5-21-1271178117-3594940576-1158983498-500",
            "name": "Administrator",
            "type": "User"
          }
        },
        "fields": {
          "@timestamp": [
            1583264575027
          ]
        },
        "sort": [
          1583264575027
        ]
      },
      {
        "_index": "winlogbeat-2020.03.03",
        "_type": "wineventlog",
        "_id": "AXCh8GW9n_lBW985Kydd",
        "_version": 1,
        "_score": null,
        "_source": {
          "@timestamp": "2020-03-03T19:42:55.023Z",
          "activity_id": "{E038DCD4-0A54-40C9-B0F8-5C87B28A184D}",
          "beat": {
            "hostname": "DC",
            "name": "server",
            "version": "5.4.0"
          },
          "computer_name": "DC.Giacobeville.com",
          "event_data": {
            "uValue": "0"
          },
          "event_id": 70,
          "level": "Information",
          "log_name": "Microsoft-Windows-ServerManager-MgmtProvider/Operational",
          "message": "Get server service detail task complete. Number of services returned: 0",
          "opcode": "Info",
          "process_id": 3668,
          "provider_guid": "{C2E6D0D9-5DF8-4C77-A82B-C96C84579543}",
          "record_number": "16742",
          "source_name": "Microsoft-Windows-ServerManager-ManagementProvider",
          "task": "Get server service detail task",
          "thread_id": 7788,
          "type": "wineventlog",
          "user": {
            "domain": "GIACOBEVILLE",
            "identifier": "S-1-5-21-1271178117-3594940576-1158983498-500",
            "name": "Administrator",
            "type": "User"
          }
        },
        "fields": {
          "@timestamp": [
            1583264575023
          ]
        },
        "sort": [
          1583264575023
        ]
      },
      {
        "_index": "winlogbeat-2020.03.03",
        "_type": "wineventlog",
        "_id": "AXCh8GQRn_lBW985KydR",
        "_version": 1,
        "_score": null,
        "_source": {
          "@timestamp": "2020-03-03T19:42:54.980Z",
          "beat": {
            "hostname": "DC",
            "name": "server",
            "version": "5.4.0"
          },
          "computer_name": "DC.Giacobeville.com",
          "event_data": {
            "methodName": "GetServerServiceDetail",
            "namespaceName": "root\\microsoft\\windows\\servermanager",
            "protocol": "DCOM",
            "serverName": "localhost",
            "wmiClassName": "MSFT_ServerManagerTasks"
          },
          "event_id": 217,
          "level": "Information",
          "log_name": "Microsoft-Windows-ServerManager-MultiMachine/Operational",
          "message": "Invoke method data received. Server: localhost, Namespace: root\\microsoft\\windows\\servermanager, Class: MSFT_ServerManagerTasks, Method: GetServerServiceDetail",
          "opcode": "Info",
          "process_id": 2068,
          "provider_guid": "{D8D37081-10BD-4A89-A971-1CDA6899BDB3}",
          "record_number": "27617",
          "source_name": "Microsoft-Windows-ServerManager-MultiMachine",
          "task": "Node access.",
          "thread_id": 7572,
          "type": "wineventlog",
          "user": {
            "domain": "GIACOBEVILLE",
            "identifier": "S-1-5-21-1271178117-3594940576-1158983498-500",
            "name": "Administrator",
            "type": "User"
          }
        },
        "fields": {
          "@timestamp": [
            1583264574980
          ]
        },
        "sort": [
          1583264574980
        ]
      },
      {
        "_index": "winlogbeat-2020.03.03",
        "_type": "wineventlog",
        "_id": "AXCh8GP4n_lBW985KydF",
        "_version": 1,
        "_score": null,
        "_source": {
          "@timestamp": "2020-03-03T19:42:54.927Z",
          "activity_id": "{436CCB17-7F0E-4600-84F0-FA976FDBFC63}",
          "beat": {
            "hostname": "DC",
            "name": "server",
            "version": "5.4.0"
          },
          "computer_name": "DC.Giacobeville.com",
          "event_data": {
            "value": "258"
          },
          "event_id": 1300,
          "level": "Information",
          "log_name": "Microsoft-Windows-ServerManager-DeploymentProvider/Operational",
          "message": "Component cache read from registry. Count: 258",
          "opcode": "Info",
          "process_id": 1296,
          "provider_guid": "{66AF9A38-2D94-11E0-A076-8534E0D72085}",
          "record_number": "2066",
          "source_name": "Microsoft-Windows-ServerManager-DeploymentProvider",
          "task": "GetServerComponent request on a separate thread.",
          "thread_id": 6756,
          "type": "wineventlog",
          "user": {
            "domain": "NT AUTHORITY",
            "identifier": "S-1-5-18",
            "name": "SYSTEM",
            "type": "User"
          }
        },
        "fields": {
          "@timestamp": [
            1583264574927
          ]
        },
        "sort": [
          1583264574927
        ]
      },
      {
        "_index": "winlogbeat-2020.03.03",
        "_type": "wineventlog",
        "_id": "AXCh8GP4n_lBW985KydE",
        "_version": 1,
        "_score": null,
        "_source": {
          "@timestamp": "2020-03-03T19:42:54.819Z",
          "activity_id": "{436CCB17-7F0E-4600-84F0-FA976FDBFC63}",
          "beat": {
            "hostname": "DC",
            "name": "server",
            "version": "5.4.0"
          },
          "computer_name": "DC.Giacobeville.com",
          "event_data": {
            "requestGuid": "{6B64BB2C-5708-45B3-9E3D-213EB6CB9CA0}"
          },
          "event_id": 111,
          "level": "Information",
          "log_name": "Microsoft-Windows-ServerManager-DeploymentProvider/Operational",
          "message": "Starting a GetServerComponent request.",
          "opcode": "Info",
          "process_id": 1296,
          "provider_guid": "{66AF9A38-2D94-11E0-A076-8534E0D72085}",
          "record_number": "2065",
          "source_name": "Microsoft-Windows-ServerManager-DeploymentProvider",
          "task": "GetServerComponent request on a separate thread.",
          "thread_id": 6756,
          "type": "wineventlog",
          "user": {
            "domain": "NT AUTHORITY",
            "identifier": "S-1-5-18",
            "name": "SYSTEM",
            "type": "User"
          }
        },
        "fields": {
          "@timestamp": [
            1583264574819
          ]
        },
        "sort": [
          1583264574819
        ]
      },
      {
        "_index": "winlogbeat-2020.03.03",
        "_type": "wineventlog",
        "_id": "AXCh8GSBn_lBW985KydU",
        "_version": 1,
        "_score": null,
        "_source": {
          "@timestamp": "2020-03-03T19:42:54.797Z",
          "beat": {
            "hostname": "DC",
            "name": "server",
            "version": "5.4.0"
          },
          "computer_name": "DC.Giacobeville.com",
          "event_id": 5857,
          "level": "Information",
          "log_name": "Microsoft-Windows-WMI-Activity/Operational",
          "message": "deploymentprovider provider started with result code 0x0. HostProcess = wmiprvse.exe; ProcessID = 1296; ProviderPath = %systemroot%\\system32\\wbem\\ServerManager.DeploymentProvider.dll",
          "opcode": "Info",
          "process_id": 1296,
          "provider_guid": "{1418EF04-B0B4-4623-BF7E-D74AB47BBDAA}",
          "record_number": "3739",
          "source_name": "Microsoft-Windows-WMI-Activity",
          "thread_id": 6756,
          "type": "wineventlog",
          "user": {
            "domain": "NT AUTHORITY",
            "identifier": "S-1-5-18",
            "name": "SYSTEM",
            "type": "User"
          },
          "user_data": {
            "Code": "0x0",
            "HostProcess": "wmiprvse.exe",
            "ProcessID": "1296",
            "ProviderName": "deploymentprovider",
            "ProviderPath": "%systemroot%\\system32\\wbem\\ServerManager.DeploymentProvider.dll",
            "xml_name": "Operation_StartedOperational"
          }
        },
        "fields": {
          "@timestamp": [
            1583264574797
          ]
        },
        "sort": [
          1583264574797
        ]
      },
      {
        "_index": "winlogbeat-2020.03.03",
        "_type": "wineventlog",
        "_id": "AXCh8GQRn_lBW985KydP",
        "_version": 1,
        "_score": null,
        "_source": {
          "@timestamp": "2020-03-03T19:42:54.746Z",
          "beat": {
            "hostname": "DC",
            "name": "server",
            "version": "5.4.0"
          },
          "computer_name": "DC.Giacobeville.com",
          "event_data": {
            "methodName": "GetPerformanceCollectorState",
            "namespaceName": "root\\microsoft\\windows\\servermanager",
            "protocol": "DCOM",
            "serverName": "localhost",
            "wmiClassName": "MSFT_ServerManagerTasks"
          },
          "event_id": 217,
          "level": "Information",
          "log_name": "Microsoft-Windows-ServerManager-MultiMachine/Operational",
          "message": "Invoke method data received. Server: localhost, Namespace: root\\microsoft\\windows\\servermanager, Class: MSFT_ServerManagerTasks, Method: GetPerformanceCollectorState",
          "opcode": "Info",
          "process_id": 2068,
          "provider_guid": "{D8D37081-10BD-4A89-A971-1CDA6899BDB3}",
          "record_number": "27615",
          "source_name": "Microsoft-Windows-ServerManager-MultiMachine",
          "task": "Node access.",
          "thread_id": 7572,
          "type": "wineventlog",
          "user": {
            "domain": "GIACOBEVILLE",
            "identifier": "S-1-5-21-1271178117-3594940576-1158983498-500",
            "name": "Administrator",
            "type": "User"
          }
        },
        "fields": {
          "@timestamp": [
            1583264574746
          ]
        },
        "sort": [
          1583264574746
        ]
      },
      {
        "_index": "winlogbeat-2020.03.03",
        "_type": "wineventlog",
        "_id": "AXCh8GQRn_lBW985KydQ",
        "_version": 1,
        "_score": null,
        "_source": {
          "@timestamp": "2020-03-03T19:42:54.746Z",
          "beat": {
            "hostname": "DC",
            "name": "server",
            "version": "5.4.0"
          },
          "computer_name": "DC.Giacobeville.com",
          "event_data": {
            "methodName": "GetPerformanceCollectorState",
            "namespaceName": "root\\microsoft\\windows\\servermanager",
            "protocol": "DCOM",
            "serverName": "localhost",
            "wmiClassName": "MSFT_ServerManagerTasks"
          },
          "event_id": 215,
          "level": "Information",
          "log_name": "Microsoft-Windows-ServerManager-MultiMachine/Operational",
          "message": "Invoke method completed. Server: localhost, Namespace: root\\microsoft\\windows\\servermanager, Class: MSFT_ServerManagerTasks, Method: GetPerformanceCollectorState",
          "opcode": "Info",
          "process_id": 2068,
          "provider_guid": "{D8D37081-10BD-4A89-A971-1CDA6899BDB3}",
          "record_number": "27616",
          "source_name": "Microsoft-Windows-ServerManager-MultiMachine",
          "task": "Node access.",
          "thread_id": 7572,
          "type": "wineventlog",
          "user": {
            "domain": "GIACOBEVILLE",
            "identifier": "S-1-5-21-1271178117-3594940576-1158983498-500",
            "name": "Administrator",
            "type": "User"
          }
        },
        "fields": {
          "@timestamp": [
            1583264574746
          ]
        },
        "sort": [
          1583264574746
        ]
      },
      {
        "_index": "winlogbeat-2020.03.03",
        "_type": "wineventlog",
        "_id": "AXCh8GW9n_lBW985Kydc",
        "_version": 1,
        "_score": null,
        "_source": {
          "@timestamp": "2020-03-03T19:42:54.744Z",
          "activity_id": "{E182D4D5-6BC7-4C75-91A1-33052802B6E5}",
          "beat": {
            "hostname": "DC",
            "name": "server",
            "version": "5.4.0"
          },
          "computer_name": "DC.Giacobeville.com",
          "event_id": 15,
          "level": "Information",
          "log_name": "Microsoft-Windows-ServerManager-MgmtProvider/Operational",
          "message": "Get performance collector state task complete.",
          "opcode": "Stop",
          "process_id": 3668,
          "provider_guid": "{C2E6D0D9-5DF8-4C77-A82B-C96C84579543}",
          "record_number": "16741",
          "source_name": "Microsoft-Windows-ServerManager-ManagementProvider",
          "task": "Get performance collector state task",
          "thread_id": 544,
          "type": "wineventlog",
          "user": {
            "domain": "GIACOBEVILLE",
            "identifier": "S-1-5-21-1271178117-3594940576-1158983498-500",
            "name": "Administrator",
            "type": "User"
          }
        },
        "fields": {
          "@timestamp": [
            1583264574744
          ]
        },
        "sort": [
          1583264574744
        ]
      },
