      {
        "_index": "winlogbeat-2020.03.03",
        "_type": "wineventlog",
        "_id": "AXCh5z4-n_lBW985KyXA",
        "_version": 1,
        "_score": null,
        "_source": {
          "@timestamp": "2020-03-03T19:32:54.730Z",
          "beat": {
            "hostname": "DC",
            "name": "server",
            "version": "5.4.0"
          },
          "computer_name": "DC.Giacobeville.com",
          "event_data": {
            "protocol": "DCOM",
            "serverName": "localhost",
            "userName": "null"
          },
          "event_id": 209,
          "level": "Information",
          "log_name": "Microsoft-Windows-ServerManager-MultiMachine/Operational",
          "message": "Creating new session. Server: localhost, Protocol: DCOM, User: null",
          "opcode": "Info",
          "process_id": 2068,
          "provider_guid": "{D8D37081-10BD-4A89-A971-1CDA6899BDB3}",
          "record_number": "27574",
          "source_name": "Microsoft-Windows-ServerManager-MultiMachine",
          "task": "Node access.",
          "thread_id": 7716,
          "type": "wineventlog",
          "user": {
            "domain": "GIACOBEVILLE",
            "identifier": "S-1-5-21-1271178117-3594940576-1158983498-500",
            "name": "Administrator",
            "type": "User"
          }
        },
        "fields": {
          "@timestamp": [
            1583263974730
          ]
        },
        "sort": [
          1583263974730
        ]
      },
      {
        "_index": "winlogbeat-2020.03.03",
        "_type": "wineventlog",
        "_id": "AXCh5z4-n_lBW985KyW-",
        "_version": 1,
        "_score": null,
        "_source": {
          "@timestamp": "2020-03-03T19:32:54.729Z",
          "beat": {
            "hostname": "DC",
            "name": "server",
            "version": "5.4.0"
          },
          "computer_name": "DC.Giacobeville.com",
          "event_data": {
            "methodName": "GetServerInventory",
            "namespaceName": "root\\microsoft\\windows\\servermanager",
            "protocol": "DCOM",
            "serverName": "localhost",
            "wmiClassName": "MSFT_ServerManagerTasks"
          },
          "event_id": 215,
          "level": "Information",
          "log_name": "Microsoft-Windows-ServerManager-MultiMachine/Operational",
          "message": "Invoke method completed. Server: localhost, Namespace: root\\microsoft\\windows\\servermanager, Class: MSFT_ServerManagerTasks, Method: GetServerInventory",
          "opcode": "Info",
          "process_id": 2068,
          "provider_guid": "{D8D37081-10BD-4A89-A971-1CDA6899BDB3}",
          "record_number": "27572",
          "source_name": "Microsoft-Windows-ServerManager-MultiMachine",
          "task": "Node access.",
          "thread_id": 7716,
          "type": "wineventlog",
          "user": {
            "domain": "GIACOBEVILLE",
            "identifier": "S-1-5-21-1271178117-3594940576-1158983498-500",
            "name": "Administrator",
            "type": "User"
          }
        },
        "fields": {
          "@timestamp": [
            1583263974729
          ]
        },
        "sort": [
          1583263974729
        ]
      },
      {
        "_index": "winlogbeat-2020.03.03",
        "_type": "wineventlog",
        "_id": "AXCh5z4-n_lBW985KyW9",
        "_version": 1,
        "_score": null,
        "_source": {
          "@timestamp": "2020-03-03T19:32:54.719Z",
          "beat": {
            "hostname": "DC",
            "name": "server",
            "version": "5.4.0"
          },
          "computer_name": "DC.Giacobeville.com",
          "event_data": {
            "methodName": "GetServerInventory",
            "namespaceName": "root\\microsoft\\windows\\servermanager",
            "protocol": "DCOM",
            "serverName": "localhost",
            "wmiClassName": "MSFT_ServerManagerTasks"
          },
          "event_id": 217,
          "level": "Information",
          "log_name": "Microsoft-Windows-ServerManager-MultiMachine/Operational",
          "message": "Invoke method data received. Server: localhost, Namespace: root\\microsoft\\windows\\servermanager, Class: MSFT_ServerManagerTasks, Method: GetServerInventory",
          "opcode": "Info",
          "process_id": 2068,
          "provider_guid": "{D8D37081-10BD-4A89-A971-1CDA6899BDB3}",
          "record_number": "27571",
          "source_name": "Microsoft-Windows-ServerManager-MultiMachine",
          "task": "Node access.",
          "thread_id": 7716,
          "type": "wineventlog",
          "user": {
            "domain": "GIACOBEVILLE",
            "identifier": "S-1-5-21-1271178117-3594940576-1158983498-500",
            "name": "Administrator",
            "type": "User"
          }
        },
        "fields": {
          "@timestamp": [
            1583263974719
          ]
        },
        "sort": [
          1583263974719
        ]
      },
      {
        "_index": "winlogbeat-2020.03.03",
        "_type": "wineventlog",
        "_id": "AXCh5zxCn_lBW985KyW1",
        "_version": 1,
        "_score": null,
        "_source": {
          "@timestamp": "2020-03-03T19:32:54.712Z",
          "activity_id": "{C814AA94-A589-4E55-81C5-B05CC6E1AE88}",
          "beat": {
            "hostname": "DC",
            "name": "server",
            "version": "5.4.0"
          },
          "computer_name": "DC.Giacobeville.com",
          "event_id": 42,
          "level": "Information",
          "log_name": "Microsoft-Windows-ServerManager-MgmtProvider/Operational",
          "message": "Get server inventory task complete.",
          "opcode": "Info",
          "process_id": 3668,
          "provider_guid": "{C2E6D0D9-5DF8-4C77-A82B-C96C84579543}",
          "record_number": "16709",
          "source_name": "Microsoft-Windows-ServerManager-ManagementProvider",
          "task": "Get server inventory task",
          "thread_id": 1256,
          "type": "wineventlog",
          "user": {
            "domain": "GIACOBEVILLE",
            "identifier": "S-1-5-21-1271178117-3594940576-1158983498-500",
            "name": "Administrator",
            "type": "User"
          }
        },
        "fields": {
          "@timestamp": [
            1583263974712
          ]
        },
        "sort": [
          1583263974712
        ]
      },
      {
        "_index": "winlogbeat-2020.03.03",
        "_type": "wineventlog",
        "_id": "AXCh5z4-n_lBW985KyW8",
        "_version": 1,
        "_score": null,
        "_source": {
          "@timestamp": "2020-03-03T19:32:54.664Z",
          "beat": {
            "hostname": "DC",
            "name": "server",
            "version": "5.4.0"
          },
          "computer_name": "DC.Giacobeville.com",
          "event_data": {
            "methodName": "GetServerInventory",
            "namespaceName": "root\\microsoft\\windows\\servermanager",
            "protocol": "DCOM",
            "serverName": "localhost",
            "wmiClassName": "MSFT_ServerManagerTasks"
          },
          "event_id": 217,
          "level": "Information",
          "log_name": "Microsoft-Windows-ServerManager-MultiMachine/Operational",
          "message": "Invoke method data received. Server: localhost, Namespace: root\\microsoft\\windows\\servermanager, Class: MSFT_ServerManagerTasks, Method: GetServerInventory",
          "opcode": "Info",
          "process_id": 2068,
          "provider_guid": "{D8D37081-10BD-4A89-A971-1CDA6899BDB3}",
          "record_number": "27570",
          "source_name": "Microsoft-Windows-ServerManager-MultiMachine",
          "task": "Node access.",
          "thread_id": 7716,
          "type": "wineventlog",
          "user": {
            "domain": "GIACOBEVILLE",
            "identifier": "S-1-5-21-1271178117-3594940576-1158983498-500",
            "name": "Administrator",
            "type": "User"
          }
        },
        "fields": {
          "@timestamp": [
            1583263974664
          ]
        },
        "sort": [
          1583263974664
        ]
      },
      {
        "_index": "winlogbeat-2020.03.03",
        "_type": "wineventlog",
        "_id": "AXCh5zxCn_lBW985KyW0",
        "_version": 1,
        "_score": null,
        "_source": {
          "@timestamp": "2020-03-03T19:32:54.297Z",
          "activity_id": "{C814AA94-A589-4E55-81C5-B05CC6E1AE88}",
          "beat": {
            "hostname": "DC",
            "name": "server",
            "version": "5.4.0"
          },
          "computer_name": "DC.Giacobeville.com",
          "event_data": {
            "Name": "Microsoft-Windows-WCN-Config-Registrar/Diagnostic",
            "hLastError": "0x80070002",
            "hResult": "0x8007065b"
          },
          "event_id": 45,
          "level": "Warning",
          "log_name": "Microsoft-Windows-ServerManager-MgmtProvider/Operational",
          "message": "Failure opening metadata of the owning provider for channel: Microsoft-Windows-WCN-Config-Registrar/Diagnostic [hResult = Function failed during execution., hLastResult = The system cannot find the file specified.].",
          "opcode": "Info",
          "process_id": 3668,
          "provider_guid": "{C2E6D0D9-5DF8-4C77-A82B-C96C84579543}",
          "record_number": "16708",
          "source_name": "Microsoft-Windows-ServerManager-ManagementProvider",
          "task": "Get server inventory task",
          "thread_id": 1256,
          "type": "wineventlog",
          "user": {
            "domain": "GIACOBEVILLE",
            "identifier": "S-1-5-21-1271178117-3594940576-1158983498-500",
            "name": "Administrator",
            "type": "User"
          }
        },
        "fields": {
          "@timestamp": [
            1583263974297
          ]
        },
        "sort": [
          1583263974297
        ]
      },
      {
        "_index": "winlogbeat-2020.03.03",
        "_type": "wineventlog",
        "_id": "AXCh5zxCn_lBW985KyWz",
        "_version": 1,
        "_score": null,
        "_source": {
          "@timestamp": "2020-03-03T19:32:54.154Z",
          "activity_id": "{C814AA94-A589-4E55-81C5-B05CC6E1AE88}",
          "beat": {
            "hostname": "DC",
            "name": "server",
            "version": "5.4.0"
          },
          "computer_name": "DC.Giacobeville.com",
          "event_data": {
            "Name": "Microsoft-Windows-SPB-HIDI2C/Analytic",
            "hLastError": "0x80070002",
            "hResult": "0x8007065b"
          },
          "event_id": 45,
          "level": "Warning",
          "log_name": "Microsoft-Windows-ServerManager-MgmtProvider/Operational",
          "message": "Failure opening metadata of the owning provider for channel: Microsoft-Windows-SPB-HIDI2C/Analytic [hResult = Function failed during execution., hLastResult = The system cannot find the file specified.].",
          "opcode": "Info",
          "process_id": 3668,
          "provider_guid": "{C2E6D0D9-5DF8-4C77-A82B-C96C84579543}",
          "record_number": "16707",
          "source_name": "Microsoft-Windows-ServerManager-ManagementProvider",
          "task": "Get server inventory task",
          "thread_id": 1256,
          "type": "wineventlog",
          "user": {
            "domain": "GIACOBEVILLE",
            "identifier": "S-1-5-21-1271178117-3594940576-1158983498-500",
            "name": "Administrator",
            "type": "User"
          }
        },
        "fields": {
          "@timestamp": [
            1583263974154
          ]
        },
        "sort": [
          1583263974154
        ]
      },
      {
        "_index": "winlogbeat-2020.03.03",
        "_type": "wineventlog",
        "_id": "AXCh5y4sn_lBW985KyWs",
        "_version": 1,
        "_score": null,
        "_source": {
          "@timestamp": "2020-03-03T19:32:51.222Z",
          "beat": {
            "hostname": "DC",
            "name": "server",
            "version": "5.4.0"
          },
          "computer_name": "DC.Giacobeville.com",
          "event_data": {
            "methodName": "GetServerInventory",
            "namespaceName": "root\\microsoft\\windows\\servermanager",
            "protocol": "DCOM",
            "serverName": "localhost",
            "wmiClassName": "MSFT_ServerManagerTasks"
          },
          "event_id": 217,
          "level": "Information",
          "log_name": "Microsoft-Windows-ServerManager-MultiMachine/Operational",
          "message": "Invoke method data received. Server: localhost, Namespace: root\\microsoft\\windows\\servermanager, Class: MSFT_ServerManagerTasks, Method: GetServerInventory",
          "opcode": "Info",
          "process_id": 2068,
          "provider_guid": "{D8D37081-10BD-4A89-A971-1CDA6899BDB3}",
          "record_number": "27569",
          "source_name": "Microsoft-Windows-ServerManager-MultiMachine",
          "task": "Node access.",
          "thread_id": 7716,
          "type": "wineventlog",
          "user": {
            "domain": "GIACOBEVILLE",
            "identifier": "S-1-5-21-1271178117-3594940576-1158983498-500",
            "name": "Administrator",
            "type": "User"
          }
        },
        "fields": {
          "@timestamp": [
            1583263971222
          ]
        },
        "sort": [
          1583263971222
        ]
      },
      {
        "_index": "winlogbeat-2020.03.03",
        "_type": "wineventlog",
        "_id": "AXCh5y-Kn_lBW985KyWv",
        "_version": 1,
        "_score": null,
        "_source": {
          "@timestamp": "2020-03-03T19:32:51.171Z",
          "beat": {
            "hostname": "DC",
            "name": "server",
            "version": "5.4.0"
          },
          "computer_name": "DC.Giacobeville.com",
          "event_id": 5857,
          "level": "Information",
          "log_name": "Microsoft-Windows-WMI-Activity/Operational",
          "message": "nettcpip provider started with result code 0x0. HostProcess = wmiprvse.exe; ProcessID = 3668; ProviderPath = %systemroot%\\system32\\wbem\\NetTCPIP.dll",
          "opcode": "Info",
          "process_id": 3668,
          "provider_guid": "{1418EF04-B0B4-4623-BF7E-D74AB47BBDAA}",
          "record_number": "3734",
          "source_name": "Microsoft-Windows-WMI-Activity",
          "thread_id": 3996,
          "type": "wineventlog",
          "user": {
            "domain": "NT AUTHORITY",
            "identifier": "S-1-5-20",
            "name": "NETWORK SERVICE",
            "type": "Well Known Group"
          },
          "user_data": {
            "Code": "0x0",
            "HostProcess": "wmiprvse.exe",
            "ProcessID": "3668",
            "ProviderName": "nettcpip",
            "ProviderPath": "%systemroot%\\system32\\wbem\\NetTCPIP.dll",
            "xml_name": "Operation_StartedOperational"
          }
        },
        "fields": {
          "@timestamp": [
            1583263971171
          ]
        },
        "sort": [
          1583263971171
        ]
      },
      {
        "_index": "winlogbeat-2020.03.03",
        "_type": "wineventlog",
        "_id": "AXCh5y-Kn_lBW985KyWu",
        "_version": 1,
        "_score": null,
        "_source": {
          "@timestamp": "2020-03-03T19:32:51.080Z",
          "beat": {
            "hostname": "DC",
            "name": "server",
            "version": "5.4.0"
          },
          "computer_name": "DC.Giacobeville.com",
          "event_id": 5857,
          "level": "Information",
          "log_name": "Microsoft-Windows-WMI-Activity/Operational",
          "message": "NetAdapterCim provider started with result code 0x0. HostProcess = wmiprvse.exe; ProcessID = 6776; ProviderPath = %systemroot%\\system32\\wbem\\NetAdapterCim.dll",
          "opcode": "Info",
          "process_id": 6776,
          "provider_guid": "{1418EF04-B0B4-4623-BF7E-D74AB47BBDAA}",
          "record_number": "3733",
          "source_name": "Microsoft-Windows-WMI-Activity",
          "thread_id": 924,
          "type": "wineventlog",
          "user": {
            "domain": "NT AUTHORITY",
            "identifier": "S-1-5-19",
            "name": "LOCAL SERVICE",
            "type": "Well Known Group"
          },
          "user_data": {
            "Code": "0x0",
            "HostProcess": "wmiprvse.exe",
            "ProcessID": "6776",
            "ProviderName": "NetAdapterCim",
            "ProviderPath": "%systemroot%\\system32\\wbem\\NetAdapterCim.dll",
            "xml_name": "Operation_StartedOperational"
          }
        },
        "fields": {
          "@timestamp": [
            1583263971080
          ]
        },
        "sort": [
          1583263971080
        ]
      },
      {
        "_index": "winlogbeat-2020.03.03",
        "_type": "wineventlog",
        "_id": "AXCh5zJMn_lBW985KyWy",
        "_version": 1,
        "_score": null,
        "_source": {
          "@timestamp": "2020-03-03T19:32:50.896Z",
          "beat": {
            "hostname": "DC",
            "name": "server",
            "version": "5.4.0"
          },
          "computer_name": "DC.Giacobeville.com",
          "event_data": {
            "CommandLine": "C:\\Windows\\system32\\wbem\\wmiprvse.exe -secured -Embedding",
            "MandatoryLabel": "S-1-16-16384",
            "NewProcessId": "0x1a78",
            "NewProcessName": "C:\\Windows\\System32\\wbem\\WmiPrvSE.exe",
            "ParentProcessName": "C:\\Windows\\System32\\svchost.exe",
            "ProcessId": "0x354",
            "SubjectDomainName": "GIACOBEVILLE",
            "SubjectLogonId": "0x3e7",
            "SubjectUserName": "DC$",
            "SubjectUserSid": "S-1-5-18",
            "TargetDomainName": "NT AUTHORITY",
            "TargetLogonId": "0x3e5",
            "TargetUserName": "LOCAL SERVICE",
            "TargetUserSid": "S-1-5-19",
            "TokenElevationType": "%%1936"
          },
          "event_id": 4688,
          "keywords": [
            "Audit Success"
          ],
          "level": "Information",
          "log_name": "Security",
          "message": "A new process has been created.\n\nCreator Subject:\n\tSecurity ID:\t\tS-1-5-18\n\tAccount Name:\t\tDC$\n\tAccount Domain:\t\tGIACOBEVILLE\n\tLogon ID:\t\t0x3E7\n\nTarget Subject:\n\tSecurity ID:\t\tS-1-5-19\n\tAccount Name:\t\tLOCAL SERVICE\n\tAccount Domain:\t\tNT AUTHORITY\n\tLogon ID:\t\t0x3E5\n\nProcess Information:\n\tNew Process ID:\t\t0x1a78\n\tNew Process Name:\tC:\\Windows\\System32\\wbem\\WmiPrvSE.exe\n\tToken Elevation Type:\t%%1936\n\tMandatory Label:\t\tS-1-16-16384\n\tCreator Process ID:\t0x354\n\tCreator Process Name:\tC:\\Windows\\System32\\svchost.exe\n\tProcess Command Line:\tC:\\Windows\\system32\\wbem\\wmiprvse.exe -secured -Embedding\n\nToken Elevation Type indicates the type of token that was assigned to the new process in accordance with User Account Control policy.\n\nType 1 is a full token with no privileges removed or groups disabled.  A full token is only used if User Account Control is disabled or if the user is the built-in Administrator account or a service account.\n\nType 2 is an elevated token with no privileges removed or groups disabled.  An elevated token is used when User Account Control is enabled and the user chooses to start the program using Run as administrator.  An elevated token is also used when an application is configured to always require administrative privilege or to always require maximum privilege, and the user is a member of the Administrators group.\n\nType 3 is a limited token with administrative privileges removed and administrative groups disabled.  The limited token is used when User Account Control is enabled, the application does not require administrative privilege, and the user does not choose to start the program using Run as administrator.",
          "opcode": "Info",
          "process_id": 4,
          "provider_guid": "{54849625-5478-4994-A5BA-3E3B0328C30D}",
          "record_number": "539834",
          "source_name": "Microsoft-Windows-Security-Auditing",
          "task": "Process Creation",
          "thread_id": 7772,
          "type": "wineventlog",
          "version": 2
        },
        "fields": {
          "@timestamp": [
            1583263970896
          ]
        },
        "sort": [
          1583263970896
        ]
      },
      {
        "_index": "winlogbeat-2020.03.03",
        "_type": "wineventlog",
        "_id": "AXCh5zBon_lBW985KyWx",
        "_version": 1,
        "_score": null,
        "_source": {
          "@timestamp": "2020-03-03T19:32:50.807Z",
          "activity_id": "{C814AA94-A589-4E55-81C5-B05CC6E1AE88}",
          "beat": {
            "hostname": "DC",
            "name": "server",
            "version": "5.4.0"
          },
          "computer_name": "DC.Giacobeville.com",
          "event_id": 41,
          "level": "Information",
          "log_name": "Microsoft-Windows-ServerManager-MgmtProvider/Operational",
          "message": "Get server inventory task started.",
          "opcode": "Info",
          "process_id": 3668,
          "provider_guid": "{C2E6D0D9-5DF8-4C77-A82B-C96C84579543}",
          "record_number": "16706",
          "source_name": "Microsoft-Windows-ServerManager-ManagementProvider",
          "task": "Get server inventory task",
          "thread_id": 1256,
          "type": "wineventlog",
          "user": {
            "domain": "GIACOBEVILLE",
            "identifier": "S-1-5-21-1271178117-3594940576-1158983498-500",
            "name": "Administrator",
            "type": "User"
          }
        },
        "fields": {
          "@timestamp": [
            1583263970807
          ]
        },
        "sort": [
          1583263970807
        ]
      },
      {
        "_index": "winlogbeat-2020.03.03",
        "_type": "wineventlog",
        "_id": "AXCh5y-Kn_lBW985KyWt",
        "_version": 1,
        "_score": null,
        "_source": {
          "@timestamp": "2020-03-03T19:32:50.791Z",
          "beat": {
            "hostname": "DC",
            "name": "server",
            "version": "5.4.0"
          },
          "computer_name": "DC.Giacobeville.com",
          "event_id": 5857,
          "level": "Information",
          "log_name": "Microsoft-Windows-WMI-Activity/Operational",
          "message": "mgmtprovider provider started with result code 0x0. HostProcess = wmiprvse.exe; ProcessID = 3668; ProviderPath = %systemroot%\\system32\\wbem\\mgmtprovider.dll",
          "opcode": "Info",
          "process_id": 3668,
          "provider_guid": "{1418EF04-B0B4-4623-BF7E-D74AB47BBDAA}",
          "record_number": "3732",
          "source_name": "Microsoft-Windows-WMI-Activity",
          "thread_id": 1256,
          "type": "wineventlog",
          "user": {
            "domain": "NT AUTHORITY",
            "identifier": "S-1-5-20",
            "name": "NETWORK SERVICE",
            "type": "Well Known Group"
          },
          "user_data": {
            "Code": "0x0",
            "HostProcess": "wmiprvse.exe",
            "ProcessID": "3668",
            "ProviderName": "mgmtprovider",
            "ProviderPath": "%systemroot%\\system32\\wbem\\mgmtprovider.dll",
            "xml_name": "Operation_StartedOperational"
          }
        },
        "fields": {
          "@timestamp": [
            1583263970791
          ]
        },
        "sort": [
          1583263970791
        ]
      },
      {
        "_index": "winlogbeat-2020.03.03",
        "_type": "wineventlog",
        "_id": "AXCh5zBon_lBW985KyWw",
        "_version": 1,
        "_score": null,
        "_source": {
          "@timestamp": "2020-03-03T19:32:50.784Z",
          "beat": {
            "hostname": "DC",
            "name": "server",
            "version": "5.4.0"
          },
          "computer_name": "DC.Giacobeville.com",
          "event_id": 1,
          "level": "Information",
          "log_name": "Microsoft-Windows-ServerManager-MgmtProvider/Operational",
          "message": "Loading the management provider",
          "opcode": "Start",
          "process_id": 3668,
          "provider_guid": "{C2E6D0D9-5DF8-4C77-A82B-C96C84579543}",
          "record_number": "16705",
          "source_name": "Microsoft-Windows-ServerManager-ManagementProvider",
          "task": "Provider initialization",
          "thread_id": 1256,
          "type": "wineventlog",
          "user": {
            "domain": "NT AUTHORITY",
            "identifier": "S-1-5-20",
            "name": "NETWORK SERVICE",
            "type": "Well Known Group"
          }
        },
        "fields": {
          "@timestamp": [
            1583263970784
          ]
        },
        "sort": [
          1583263970784
        ]
      },
      {
        "_index": "winlogbeat-2020.03.03",
        "_type": "wineventlog",
        "_id": "AXCh5y4sn_lBW985KyWq",
        "_version": 1,
        "_score": null,
        "_source": {
          "@timestamp": "2020-03-03T19:32:50.710Z",
          "beat": {
            "hostname": "DC",
            "name": "server",
            "version": "5.4.0"
          },
          "computer_name": "DC.Giacobeville.com",
          "event_data": {
            "methodName": "GetServerInventory",
            "namespaceName": "root\\microsoft\\windows\\servermanager",
            "protocol": "DCOM",
            "serverName": "localhost",
            "wmiClassName": "MSFT_ServerManagerTasks"
          },
          "event_id": 214,
          "level": "Information",
          "log_name": "Microsoft-Windows-ServerManager-MultiMachine/Operational",
          "message": "Invoke method started. Server: localhost, Namespace: root\\microsoft\\windows\\servermanager, Class: MSFT_ServerManagerTasks, Method: GetServerInventory",
          "opcode": "Info",
          "process_id": 2068,
          "provider_guid": "{D8D37081-10BD-4A89-A971-1CDA6899BDB3}",
          "record_number": "27567",
          "source_name": "Microsoft-Windows-ServerManager-MultiMachine",
          "task": "Node access.",
          "thread_id": 3272,
          "type": "wineventlog",
          "user": {
            "domain": "GIACOBEVILLE",
            "identifier": "S-1-5-21-1271178117-3594940576-1158983498-500",
            "name": "Administrator",
            "type": "User"
          }
        },
        "fields": {
          "@timestamp": [
            1583263970710
          ]
        },
        "sort": [
          1583263970710
        ]
      },
      {
        "_index": "winlogbeat-2020.03.03",
        "_type": "wineventlog",
        "_id": "AXCh5y4sn_lBW985KyWr",
        "_version": 1,
        "_score": null,
        "_source": {
          "@timestamp": "2020-03-03T19:32:50.710Z",
          "beat": {
            "hostname": "DC",
            "name": "server",
            "version": "5.4.0"
          },
          "computer_name": "DC.Giacobeville.com",
          "event_data": {
            "protocol": "DCOM",
            "serverName": "localhost",
            "userName": "null"
          },
          "event_id": 209,
          "level": "Information",
          "log_name": "Microsoft-Windows-ServerManager-MultiMachine/Operational",
          "message": "Creating new session. Server: localhost, Protocol: DCOM, User: null",
          "opcode": "Info",
          "process_id": 2068,
          "provider_guid": "{D8D37081-10BD-4A89-A971-1CDA6899BDB3}",
          "record_number": "27568",
          "source_name": "Microsoft-Windows-ServerManager-MultiMachine",
          "task": "Node access.",
          "thread_id": 3272,
          "type": "wineventlog",
          "user": {
            "domain": "GIACOBEVILLE",
            "identifier": "S-1-5-21-1271178117-3594940576-1158983498-500",
            "name": "Administrator",
            "type": "User"
          }
        },
        "fields": {
          "@timestamp": [
            1583263970710
          ]
        },
        "sort": [
          1583263970710
        ]
      },
      {
        "_index": "winlogbeat-2020.03.03",
        "_type": "wineventlog",
        "_id": "AXCh5y4sn_lBW985KyWp",
        "_version": 1,
        "_score": null,
        "_source": {
          "@timestamp": "2020-03-03T19:32:50.709Z",
          "beat": {
            "hostname": "DC",
            "name": "server",
            "version": "5.4.0"
          },
          "computer_name": "DC.Giacobeville.com",
          "event_data": {
            "Category": "Inventory",
            "ID": "{E16A94CC-1481-4463-B91E-C68030E4FCB4}",
            "Machines": "DC.Giacobeville.com",
            "RefreshTriggerSource": "Scheduler (None, None)"
          },
          "event_id": 171,
          "level": "Information",
          "log_name": "Microsoft-Windows-ServerManager-MultiMachine/Operational",
          "message": "Refresh session started. Source: Scheduler (None, None). Categories: Inventory. Servers: DC.Giacobeville.com. Id: {E16A94CC-1481-4463-B91E-C68030E4FCB4}",
          "opcode": "Info",
          "process_id": 2068,
          "provider_guid": "{D8D37081-10BD-4A89-A971-1CDA6899BDB3}",
          "record_number": "27566",
          "source_name": "Microsoft-Windows-ServerManager-MultiMachine",
          "task": "Server manager refresh task.",
          "thread_id": 3272,
          "type": "wineventlog",
          "user": {
            "domain": "GIACOBEVILLE",
            "identifier": "S-1-5-21-1271178117-3594940576-1158983498-500",
            "name": "Administrator",
            "type": "User"
          }
        },
        "fields": {
          "@timestamp": [
            1583263970709
          ]
        },
        "sort": [
          1583263970709
        ]
      },
      {
        "_index": "winlogbeat-2020.03.03",
        "_type": "wineventlog",
        "_id": "AXCh5vCFn_lBW985KyWo",
        "_version": 1,
        "_score": null,
        "_source": {
          "@timestamp": "2020-03-03T19:32:34.347Z",
          "beat": {
            "hostname": "DC",
            "name": "server",
            "version": "5.4.0"
          },
          "computer_name": "DC.Giacobeville.com",
          "event_data": {
            "VolumeGuid": "{E8A05CFB-01EA-11EA-8B75-806E6F6E6963}",
            "VolumeName": "A:",
            "VolumeNameLength": "2"
          },
          "event_id": 2,
          "level": "Information",
          "log_name": "Microsoft-Windows-Kernel-IO/Operational",
          "message": "The volume has been successfully mounted.\n\n           Volume GUID: {E8A05CFB-01EA-11EA-8B75-806E6F6E6963}\n           Volume Name: A:",
          "opcode": "Stop",
          "process_id": 2476,
          "provider_guid": "{ABF1F586-2E50-4BA8-928D-49044E6F0DB7}",
          "record_number": "189091",
          "source_name": "Microsoft-Windows-Kernel-IO",
          "thread_id": 2932,
          "type": "wineventlog",
          "user": {
            "domain": "NT AUTHORITY",
            "identifier": "S-1-5-18",
            "name": "SYSTEM",
            "type": "User"
          }
        },
        "fields": {
          "@timestamp": [
            1583263954347
          ]
        },
        "sort": [
          1583263954347
        ]
      },
      {
        "_index": "winlogbeat-2020.03.03",
        "_type": "wineventlog",
        "_id": "AXCh5uyAn_lBW985KyWn",
        "_version": 1,
        "_score": null,
        "_source": {
          "@timestamp": "2020-03-03T19:32:33.325Z",
          "beat": {
            "hostname": "DC",
            "name": "server",
            "version": "5.4.0"
          },
          "computer_name": "DC.Giacobeville.com",
          "event_data": {
            "VolumeGuid": "{E8A05CFB-01EA-11EA-8B75-806E6F6E6963}",
            "VolumeName": "A:",
            "VolumeNameLength": "2"
          },
          "event_id": 1,
          "level": "Information",
          "log_name": "Microsoft-Windows-Kernel-IO/Operational",
          "message": "Windows has started processing the volume mount request.\n\n           Volume GUID: {E8A05CFB-01EA-11EA-8B75-806E6F6E6963}\n           Volume Name: A:",
          "opcode": "Start",
          "process_id": 2476,
          "provider_guid": "{ABF1F586-2E50-4BA8-928D-49044E6F0DB7}",
          "record_number": "189090",
          "source_name": "Microsoft-Windows-Kernel-IO",
          "thread_id": 2932,
          "type": "wineventlog",
          "user": {
            "domain": "NT AUTHORITY",
            "identifier": "S-1-5-18",
            "name": "SYSTEM",
            "type": "User"
          }
        },
        "fields": {
          "@timestamp": [
            1583263953325
          ]
        },
        "sort": [
          1583263953325
        ]
      },
      {
        "_index": "winlogbeat-2020.03.03",
        "_type": "wineventlog",
        "_id": "AXCh5soCn_lBW985KyWm",
        "_version": 1,
        "_score": null,
        "_source": {
          "@timestamp": "2020-03-03T19:32:24.429Z",
          "activity_id": "{FC10944A-7A9A-454E-9BDD-1B6BE654A107}",
          "beat": {
            "hostname": "DC",
            "name": "server",
            "version": "5.4.0"
          },
          "computer_name": "DC.Giacobeville.com",
          "event_data": {
            "InstanceId": "{FC10944A-7A9A-454E-9BDD-1B6BE654A107}",
            "TaskName": "\\Microsoft\\Windows\\Windows Error Reporting\\QueueReporting",
            "UserContext": "NT AUTHORITY\\SYSTEM"
          },
          "event_id": 102,
          "level": "Information",
          "log_name": "Microsoft-Windows-TaskScheduler/Operational",
          "message": "Task Scheduler successfully finished \"{FC10944A-7A9A-454E-9BDD-1B6BE654A107}\" instance of the \"\\Microsoft\\Windows\\Windows Error Reporting\\QueueReporting\" task for user \"NT AUTHORITY\\SYSTEM\".",
          "opcode": "Stop",
          "process_id": 76,
          "provider_guid": "{DE7B24EA-73C8-4A09-985D-5BDADCFA9017}",
          "record_number": "12517",
          "source_name": "Microsoft-Windows-TaskScheduler",
          "task": "Task completed",
          "thread_id": 1892,
          "type": "wineventlog",
          "user": {
            "domain": "NT AUTHORITY",
            "identifier": "S-1-5-18",
            "name": "SYSTEM",
            "type": "User"
          }
        },
        "fields": {
          "@timestamp": [
            1583263944429
          ]
        },
        "sort": [
          1583263944429
        ]
      },
      {
        "_index": "winlogbeat-2020.03.03",
        "_type": "wineventlog",
        "_id": "AXCh5soCn_lBW985KyWl",
        "_version": 1,
        "_score": null,
        "_source": {
          "@timestamp": "2020-03-03T19:32:24.428Z",
          "activity_id": "{FC10944A-7A9A-454E-9BDD-1B6BE654A107}",
          "beat": {
            "hostname": "DC",
            "name": "server",
            "version": "5.4.0"
          },
          "computer_name": "DC.Giacobeville.com",
          "event_data": {
            "ActionName": "%windir%\\system32\\wermgr.exe",
            "EnginePID": "6076",
            "ResultCode": "0",
            "TaskInstanceId": "{FC10944A-7A9A-454E-9BDD-1B6BE654A107}",
            "TaskName": "\\Microsoft\\Windows\\Windows Error Reporting\\QueueReporting"
          },
          "event_id": 201,
          "level": "Information",
          "log_name": "Microsoft-Windows-TaskScheduler/Operational",
          "message": "Task Scheduler successfully completed task \"\\Microsoft\\Windows\\Windows Error Reporting\\QueueReporting\" , instance \"{FC10944A-7A9A-454E-9BDD-1B6BE654A107}\" , action \"%windir%\\system32\\wermgr.exe\" with return code 0.",
          "opcode": "Stop",
          "process_id": 76,
          "provider_guid": "{DE7B24EA-73C8-4A09-985D-5BDADCFA9017}",
          "record_number": "12516",
          "source_name": "Microsoft-Windows-TaskScheduler",
          "task": "Action completed",
          "thread_id": 1892,
          "type": "wineventlog",
          "user": {
            "domain": "NT AUTHORITY",
            "identifier": "S-1-5-18",
            "name": "SYSTEM",
            "type": "User"
          },
          "version": 2
        },
        "fields": {
          "@timestamp": [
            1583263944428
          ]
        },
        "sort": [
          1583263944428
        ]
      },
      {
        "_index": "winlogbeat-2020.03.03",
        "_type": "wineventlog",
        "_id": "AXCh5sSvn_lBW985KyWk",
        "_version": 1,
        "_score": null,
        "_source": {
          "@timestamp": "2020-03-03T19:32:24.364Z",
          "beat": {
            "hostname": "DC",
            "name": "server",
            "version": "5.4.0"
          },
          "computer_name": "DC.Giacobeville.com",
          "event_data": {
            "param10": "0",
            "param11": "0",
            "param12": "8024500b",
            "param13": "TrustedInstaller FOD",
            "param14": "{9482F4B4-E343-43B6-B170-9A65BC822C77}",
            "param15": "0",
            "param16": "\n\\\\?\\C:\\ProgramData\\Microsoft\\Windows\\WER\\Temp\\WER294C.tmp.WERInternalMetadata.xml",
            "param17": "C:\\ProgramData\\Microsoft\\Windows\\WER\\ReportQueue\\NonCritical_10.0.14393.1794_c189c1b5ca61634d86cf376f6ee59b177cad41_00000000_cab_1b9f299a",
            "param19": "0",
            "param2": "0",
            "param20": "b2e32739-5d85-11ea-8b86-000c290be9e1",
            "param21": "2",
            "param3": "WindowsUpdateFailure3",
            "param4": "Not available",
            "param5": "0",
            "param6": "10.0.14393.1794",
            "param7": "8024402c",
            "param8": "00000000-0000-0000-0000-000000000000",
            "param9": "Scan"
          },
          "event_id": 1001,
          "keywords": [
            "Classic"
          ],
          "level": "Information",
          "log_name": "Application",
          "message": "Fault bucket , type 0\nEvent Name: WindowsUpdateFailure3\nResponse: Not available\nCab Id: 0\n\nProblem signature:\nP1: 10.0.14393.1794\nP2: 8024402c\nP3: 00000000-0000-0000-0000-000000000000\nP4: Scan\nP5: 0\nP6: 0\nP7: 8024500b\nP8: TrustedInstaller FOD\nP9: {9482F4B4-E343-43B6-B170-9A65BC822C77}\nP10: 0\n\nAttached files:\n\\\\?\\C:\\ProgramData\\Microsoft\\Windows\\WER\\Temp\\WER294C.tmp.WERInternalMetadata.xml\n\nThese files may be available here:\nC:\\ProgramData\\Microsoft\\Windows\\WER\\ReportQueue\\NonCritical_10.0.14393.1794_c189c1b5ca61634d86cf376f6ee59b177cad41_00000000_cab_1b9f299a\n\nAnalysis symbol: \nRechecking for solution: 0\nReport Id: b2e32739-5d85-11ea-8b86-000c290be9e1\nReport Status: 2\nHashed bucket: ",
          "opcode": "Info",
          "record_number": "23850",
          "source_name": "Windows Error Reporting",
          "type": "wineventlog"
        },
        "fields": {
          "@timestamp": [
            1583263944364
          ]
        },
        "sort": [
          1583263944364
        ]
      },
      {
        "_index": "winlogbeat-2020.03.03",
        "_type": "wineventlog",
        "_id": "AXCh5sSvn_lBW985KyWj",
        "_version": 1,
        "_score": null,
        "_source": {
          "@timestamp": "2020-03-03T19:32:24.309Z",
          "beat": {
            "hostname": "DC",
            "name": "server",
            "version": "5.4.0"
          },
          "computer_name": "DC.Giacobeville.com",
          "event_data": {
            "param10": "0",
            "param11": "0",
            "param12": "8024500b",
            "param13": "UpdateOrchestrator",
            "param14": "{9482F4B4-E343-43B6-B170-9A65BC822C77}",
            "param15": "0",
            "param16": "\n\\\\?\\C:\\ProgramData\\Microsoft\\Windows\\WER\\Temp\\WER3D8E.tmp.WERInternalMetadata.xml",
            "param17": "C:\\ProgramData\\Microsoft\\Windows\\WER\\ReportQueue\\NonCritical_10.0.14393.1794_0aa1bcfffba3a89dd0b26a56a540de52375382_00000000_cab_07143ddd",
            "param19": "0",
            "param2": "0",
            "param20": "40cd604c-5d85-11ea-8b86-000c290be9e1",
            "param21": "2",
            "param3": "WindowsUpdateFailure3",
            "param4": "Not available",
            "param5": "0",
            "param6": "10.0.14393.1794",
            "param7": "8024402c",
            "param8": "00000000-0000-0000-0000-000000000000",
            "param9": "Scan"
          },
          "event_id": 1001,
          "keywords": [
            "Classic"
          ],
          "level": "Information",
          "log_name": "Application",
          "message": "Fault bucket , type 0\nEvent Name: WindowsUpdateFailure3\nResponse: Not available\nCab Id: 0\n\nProblem signature:\nP1: 10.0.14393.1794\nP2: 8024402c\nP3: 00000000-0000-0000-0000-000000000000\nP4: Scan\nP5: 0\nP6: 0\nP7: 8024500b\nP8: UpdateOrchestrator\nP9: {9482F4B4-E343-43B6-B170-9A65BC822C77}\nP10: 0\n\nAttached files:\n\\\\?\\C:\\ProgramData\\Microsoft\\Windows\\WER\\Temp\\WER3D8E.tmp.WERInternalMetadata.xml\n\nThese files may be available here:\nC:\\ProgramData\\Microsoft\\Windows\\WER\\ReportQueue\\NonCritical_10.0.14393.1794_0aa1bcfffba3a89dd0b26a56a540de52375382_00000000_cab_07143ddd\n\nAnalysis symbol: \nRechecking for solution: 0\nReport Id: 40cd604c-5d85-11ea-8b86-000c290be9e1\nReport Status: 2\nHashed bucket: ",
          "opcode": "Info",
          "record_number": "23849",
          "source_name": "Windows Error Reporting",
          "type": "wineventlog"
        },
        "fields": {
          "@timestamp": [
            1583263944309
          ]
        },
        "sort": [
          1583263944309
        ]
      },
      {
        "_index": "winlogbeat-2020.03.03",
        "_type": "wineventlog",
        "_id": "AXCh5sSvn_lBW985KyWi",
        "_version": 1,
        "_score": null,
        "_source": {
          "@timestamp": "2020-03-03T19:32:24.267Z",
          "beat": {
            "hostname": "DC",
            "name": "server",
            "version": "5.4.0"
          },
          "computer_name": "DC.Giacobeville.com",
          "event_data": {
            "param10": "0",
            "param11": "0",
            "param12": "8024500b",
            "param13": "Windows Defender (77BDAF73-B396-481F-9042-AD358843EC24)",
            "param14": "{9482F4B4-E343-43B6-B170-9A65BC822C77}",
            "param15": "0",
            "param17": "C:\\ProgramData\\Microsoft\\Windows\\WER\\ReportQueue\\NonCritical_10.0.14393.1794_24e185414aea5cc9f14f719cd15386584201a_00000000_1ebebb57",
            "param19": "0",
            "param2": "0",
            "param20": "69860820-5d84-11ea-8b86-000c290be9e1",
            "param21": "2",
            "param3": "WindowsUpdateFailure3",
            "param4": "Not available",
            "param5": "0",
            "param6": "10.0.14393.1794",
            "param7": "8024402c",
            "param8": "00000000-0000-0000-0000-000000000000",
            "param9": "Scan"
          },
          "event_id": 1001,
          "keywords": [
            "Classic"
          ],
          "level": "Information",
          "log_name": "Application",
          "message": "Fault bucket , type 0\nEvent Name: WindowsUpdateFailure3\nResponse: Not available\nCab Id: 0\n\nProblem signature:\nP1: 10.0.14393.1794\nP2: 8024402c\nP3: 00000000-0000-0000-0000-000000000000\nP4: Scan\nP5: 0\nP6: 0\nP7: 8024500b\nP8: Windows Defender (77BDAF73-B396-481F-9042-AD358843EC24)\nP9: {9482F4B4-E343-43B6-B170-9A65BC822C77}\nP10: 0\n\nAttached files:\n\nThese files may be available here:\nC:\\ProgramData\\Microsoft\\Windows\\WER\\ReportQueue\\NonCritical_10.0.14393.1794_24e185414aea5cc9f14f719cd15386584201a_00000000_1ebebb57\n\nAnalysis symbol: \nRechecking for solution: 0\nReport Id: 69860820-5d84-11ea-8b86-000c290be9e1\nReport Status: 2\nHashed bucket: ",
          "opcode": "Info",
          "record_number": "23848",
          "source_name": "Windows Error Reporting",
          "type": "wineventlog"
        },
        "fields": {
          "@timestamp": [
            1583263944267
          ]
        },
        "sort": [
          1583263944267
        ]
      },
      {
        "_index": "winlogbeat-2020.03.03",
        "_type": "wineventlog",
        "_id": "AXCh5sSvn_lBW985KyWh",
        "_version": 1,
        "_score": null,
        "_source": {
          "@timestamp": "2020-03-03T19:32:24.218Z",
          "beat": {
            "hostname": "DC",
            "name": "server",
            "version": "5.4.0"
          },
          "computer_name": "DC.Giacobeville.com",
          "event_data": {
            "param10": "input.inf",
            "param11": "*",
            "param16": "\n\\\\?\\C:\\ProgramData\\Microsoft\\Windows\\WER\\Temp\\WERA386.tmp.WERInternalMetadata.xml",
            "param17": "C:\\ProgramData\\Microsoft\\Windows\\WER\\ReportQueue\\NonCritical_x64_97ce89a358ff49a55768153830f827597be98c2b_00000000_cab_004ca3c1",
            "param19": "0",
            "param2": "0",
            "param20": "15c1a002-5d84-11ea-8b86-000c290be9e1",
            "param21": "2",
            "param3": "PnPRequestAdditionalSoftware",
            "param4": "Not available",
            "param5": "0",
            "param6": "x64",
            "param7": "USB\\VID_0E0F&PID_0003&REV_0102&MI_01",
            "param8": "10.0.0.0",
            "param9": "0409"
          },
          "event_id": 1001,
          "keywords": [
            "Classic"
          ],
          "level": "Information",
          "log_name": "Application",
          "message": "Fault bucket , type 0\nEvent Name: PnPRequestAdditionalSoftware\nResponse: Not available\nCab Id: 0\n\nProblem signature:\nP1: x64\nP2: USB\\VID_0E0F&PID_0003&REV_0102&MI_01\nP3: 10.0.0.0\nP4: 0409\nP5: input.inf\nP6: *\nP7: \nP8: \nP9: \nP10: \n\nAttached files:\n\\\\?\\C:\\ProgramData\\Microsoft\\Windows\\WER\\Temp\\WERA386.tmp.WERInternalMetadata.xml\n\nThese files may be available here:\nC:\\ProgramData\\Microsoft\\Windows\\WER\\ReportQueue\\NonCritical_x64_97ce89a358ff49a55768153830f827597be98c2b_00000000_cab_004ca3c1\n\nAnalysis symbol: \nRechecking for solution: 0\nReport Id: 15c1a002-5d84-11ea-8b86-000c290be9e1\nReport Status: 2\nHashed bucket: ",
          "opcode": "Info",
          "record_number": "23847",
          "source_name": "Windows Error Reporting",
          "type": "wineventlog"
        },
        "fields": {
          "@timestamp": [
            1583263944218
          ]
        },
        "sort": [
          1583263944218
        ]
      },
      {
        "_index": "winlogbeat-2020.03.03",
        "_type": "wineventlog",
        "_id": "AXCh5sSvn_lBW985KyWg",
        "_version": 1,
        "_score": null,
        "_source": {
          "@timestamp": "2020-03-03T19:32:24.172Z",
          "beat": {
            "hostname": "DC",
            "name": "server",
            "version": "5.4.0"
          },
          "computer_name": "DC.Giacobeville.com",
          "event_data": {
            "param16": "\n\\\\?\\C:\\ProgramData\\Microsoft\\Windows\\WER\\Temp\\WERA25C.tmp.WERInternalMetadata.xml",
            "param17": "C:\\ProgramData\\Microsoft\\Windows\\WER\\ReportQueue\\NonCritical_x64_d58b5b9eab264d936b18adf6fd56a7d43e5840_00000000_cab_004ca2d7",
            "param19": "0",
            "param2": "0",
            "param20": "15c1a001-5d84-11ea-8b86-000c290be9e1",
            "param21": "2",
            "param3": "PnPGenericDriverFound",
            "param4": "Not available",
            "param5": "0",
            "param6": "x64",
            "param7": "USB\\VID_0E0F&PID_0003&REV_0102&MI_01"
          },
          "event_id": 1001,
          "keywords": [
            "Classic"
          ],
          "level": "Information",
          "log_name": "Application",
          "message": "Fault bucket , type 0\nEvent Name: PnPGenericDriverFound\nResponse: Not available\nCab Id: 0\n\nProblem signature:\nP1: x64\nP2: USB\\VID_0E0F&PID_0003&REV_0102&MI_01\nP3: \nP4: \nP5: \nP6: \nP7: \nP8: \nP9: \nP10: \n\nAttached files:\n\\\\?\\C:\\ProgramData\\Microsoft\\Windows\\WER\\Temp\\WERA25C.tmp.WERInternalMetadata.xml\n\nThese files may be available here:\nC:\\ProgramData\\Microsoft\\Windows\\WER\\ReportQueue\\NonCritical_x64_d58b5b9eab264d936b18adf6fd56a7d43e5840_00000000_cab_004ca2d7\n\nAnalysis symbol: \nRechecking for solution: 0\nReport Id: 15c1a001-5d84-11ea-8b86-000c290be9e1\nReport Status: 2\nHashed bucket: ",
          "opcode": "Info",
          "record_number": "23846",
          "source_name": "Windows Error Reporting",
          "type": "wineventlog"
        },
        "fields": {
          "@timestamp": [
            1583263944172
          ]
        },
        "sort": [
          1583263944172
        ]
      },
