      {
        "_index": "winlogbeat-2020.03.03",
        "_type": "wineventlog",
        "_id": "AXCh6sFYn_lBW985KyaR",
        "_version": 1,
        "_score": null,
        "_source": {
          "@timestamp": "2020-03-03T19:36:44.566Z",
          "beat": {
            "hostname": "DC",
            "name": "server",
            "version": "5.4.0"
          },
          "computer_name": "DC.Giacobeville.com",
          "event_data": {
            "CommandLine": "C:\\Windows\\servicing\\TrustedInstaller.exe",
            "Company": "Microsoft Corporation",
            "CurrentDirectory": "C:\\Windows\\system32\\",
            "Description": "Windows Modules Installer",
            "FileVersion": "10.0.14393.479 (rs1_release.161110-2025)",
            "Hashes": "MD5=09440FA30C020B4443391FAFCF4876E3,SHA256=208C7725F70C75D8C96CCAF5B22F83B8B1C66D8C9FFF48465B1C9F4A77425569,IMPHASH=ADD58937BFC44F19A4BE092C99370CF5",
            "Image": "C:\\Windows\\servicing\\TrustedInstaller.exe",
            "IntegrityLevel": "System",
            "LogonGuid": "{825D88E6-ADFE-5E5E-0000-0020E7030000}",
            "LogonId": "0x3e7",
            "OriginalFileName": "TrustedInstaller.exe",
            "ParentCommandLine": "C:\\Windows\\system32\\services.exe",
            "ParentImage": "C:\\Windows\\System32\\services.exe",
            "ParentProcessGuid": "{825D88E6-ADFC-5E5E-0000-0010429D0000}",
            "ParentProcessId": "652",
            "ProcessGuid": "{825D88E6-B1CC-5E5E-0000-0010A12E0D00}",
            "ProcessId": "4492",
            "Product": "Microsoft Windows Operating System",
            "TerminalSessionId": "0",
            "User": "NT AUTHORITY\\SYSTEM",
            "UtcTime": "2020-03-03 19:36:44.558"
          },
          "event_id": 1,
          "level": "Information",
          "log_name": "Microsoft-Windows-Sysmon/Operational",
          "message": "Process Create:\nRuleName: \nUtcTime: 2020-03-03 19:36:44.558\nProcessGuid: {825D88E6-B1CC-5E5E-0000-0010A12E0D00}\nProcessId: 4492\nImage: C:\\Windows\\servicing\\TrustedInstaller.exe\nFileVersion: 10.0.14393.479 (rs1_release.161110-2025)\nDescription: Windows Modules Installer\nProduct: Microsoft Windows Operating System\nCompany: Microsoft Corporation\nOriginalFileName: TrustedInstaller.exe\nCommandLine: C:\\Windows\\servicing\\TrustedInstaller.exe\nCurrentDirectory: C:\\Windows\\system32\\\nUser: NT AUTHORITY\\SYSTEM\nLogonGuid: {825D88E6-ADFE-5E5E-0000-0020E7030000}\nLogonId: 0x3E7\nTerminalSessionId: 0\nIntegrityLevel: System\nHashes: MD5=09440FA30C020B4443391FAFCF4876E3,SHA256=208C7725F70C75D8C96CCAF5B22F83B8B1C66D8C9FFF48465B1C9F4A77425569,IMPHASH=ADD58937BFC44F19A4BE092C99370CF5\nParentProcessGuid: {825D88E6-ADFC-5E5E-0000-0010429D0000}\nParentProcessId: 652\nParentImage: C:\\Windows\\System32\\services.exe\nParentCommandLine: C:\\Windows\\system32\\services.exe",
          "opcode": "Info",
          "process_id": 2432,
          "provider_guid": "{5770385F-C22A-43E0-BF4C-06F5698FFBD9}",
          "record_number": "6775",
          "source_name": "Microsoft-Windows-Sysmon",
          "task": "Process Create (rule: ProcessCreate)",
          "thread_id": 3264,
          "type": "wineventlog",
          "user": {
            "domain": "NT AUTHORITY",
            "identifier": "S-1-5-18",
            "name": "SYSTEM",
            "type": "User"
          },
          "version": 5
        },
        "fields": {
          "@timestamp": [
            1583264204566
          ]
        },
        "sort": [
          1583264204566
        ]
      },
      {
        "_index": "winlogbeat-2020.03.03",
        "_type": "wineventlog",
        "_id": "AXCh6sGsn_lBW985KyaU",
        "_version": 1,
        "_score": null,
        "_source": {
          "@timestamp": "2020-03-03T19:36:44.558Z",
          "beat": {
            "hostname": "DC",
            "name": "server",
            "version": "5.4.0"
          },
          "computer_name": "DC.Giacobeville.com",
          "event_data": {
            "CommandLine": "C:\\Windows\\servicing\\TrustedInstaller.exe",
            "MandatoryLabel": "S-1-16-16384",
            "NewProcessId": "0x118c",
            "NewProcessName": "C:\\Windows\\servicing\\TrustedInstaller.exe",
            "ParentProcessName": "C:\\Windows\\System32\\services.exe",
            "ProcessId": "0x28c",
            "SubjectDomainName": "GIACOBEVILLE",
            "SubjectLogonId": "0x3e7",
            "SubjectUserName": "DC$",
            "SubjectUserSid": "S-1-5-18",
            "TargetDomainName": "-",
            "TargetLogonId": "0x0",
            "TargetUserName": "-",
            "TargetUserSid": "S-1-0-0",
            "TokenElevationType": "%%1936"
          },
          "event_id": 4688,
          "keywords": [
            "Audit Success"
          ],
          "level": "Information",
          "log_name": "Security",
          "message": "A new process has been created.\n\nCreator Subject:\n\tSecurity ID:\t\tS-1-5-18\n\tAccount Name:\t\tDC$\n\tAccount Domain:\t\tGIACOBEVILLE\n\tLogon ID:\t\t0x3E7\n\nTarget Subject:\n\tSecurity ID:\t\tS-1-0-0\n\tAccount Name:\t\t-\n\tAccount Domain:\t\t-\n\tLogon ID:\t\t0x0\n\nProcess Information:\n\tNew Process ID:\t\t0x118c\n\tNew Process Name:\tC:\\Windows\\servicing\\TrustedInstaller.exe\n\tToken Elevation Type:\t%%1936\n\tMandatory Label:\t\tS-1-16-16384\n\tCreator Process ID:\t0x28c\n\tCreator Process Name:\tC:\\Windows\\System32\\services.exe\n\tProcess Command Line:\tC:\\Windows\\servicing\\TrustedInstaller.exe\n\nToken Elevation Type indicates the type of token that was assigned to the new process in accordance with User Account Control policy.\n\nType 1 is a full token with no privileges removed or groups disabled.  A full token is only used if User Account Control is disabled or if the user is the built-in Administrator account or a service account.\n\nType 2 is an elevated token with no privileges removed or groups disabled.  An elevated token is used when User Account Control is enabled and the user chooses to start the program using Run as administrator.  An elevated token is also used when an application is configured to always require administrative privilege or to always require maximum privilege, and the user is a member of the Administrators group.\n\nType 3 is a limited token with administrative privileges removed and administrative groups disabled.  The limited token is used when User Account Control is enabled, the application does not require administrative privilege, and the user does not choose to start the program using Run as administrator.",
          "opcode": "Info",
          "process_id": 4,
          "provider_guid": "{54849625-5478-4994-A5BA-3E3B0328C30D}",
          "record_number": "539847",
          "source_name": "Microsoft-Windows-Security-Auditing",
          "task": "Process Creation",
          "thread_id": 336,
          "type": "wineventlog",
          "version": 2
        },
        "fields": {
          "@timestamp": [
            1583264204558
          ]
        },
        "sort": [
          1583264204558
        ]
      },
      {
        "_index": "winlogbeat-2020.03.03",
        "_type": "wineventlog",
        "_id": "AXCh6sKCn_lBW985KyaY",
        "_version": 1,
        "_score": null,
        "_source": {
          "@timestamp": "2020-03-03T19:36:44.432Z",
          "activity_id": "{1813BCEF-33A3-4BE6-86B7-474424876607}",
          "beat": {
            "hostname": "DC",
            "name": "server",
            "version": "5.4.0"
          },
          "computer_name": "DC.Giacobeville.com",
          "event_data": {
            "InstanceId": "{1813BCEF-33A3-4BE6-86B7-474424876607}",
            "TaskName": "\\Microsoft\\Windows\\LanguageComponentsInstaller\\Installation",
            "UserContext": "GIACOBEVILLE\\Administrator"
          },
          "event_id": 100,
          "level": "Information",
          "log_name": "Microsoft-Windows-TaskScheduler/Operational",
          "message": "Task Scheduler started \"{1813BCEF-33A3-4BE6-86B7-474424876607}\" instance of the \"\\Microsoft\\Windows\\LanguageComponentsInstaller\\Installation\" task for user \"GIACOBEVILLE\\Administrator\".",
          "opcode": "Start",
          "process_id": 76,
          "provider_guid": "{DE7B24EA-73C8-4A09-985D-5BDADCFA9017}",
          "record_number": "12525",
          "source_name": "Microsoft-Windows-TaskScheduler",
          "task": "Task Started",
          "thread_id": 1536,
          "type": "wineventlog",
          "user": {
            "domain": "NT AUTHORITY",
            "identifier": "S-1-5-18",
            "name": "SYSTEM",
            "type": "User"
          }
        },
        "fields": {
          "@timestamp": [
            1583264204432
          ]
        },
        "sort": [
          1583264204432
        ]
      },
      {
        "_index": "winlogbeat-2020.03.03",
        "_type": "wineventlog",
        "_id": "AXCh6sKCn_lBW985KyaZ",
        "_version": 1,
        "_score": null,
        "_source": {
          "@timestamp": "2020-03-03T19:36:44.432Z",
          "activity_id": "{1813BCEF-33A3-4BE6-86B7-474424876607}",
          "beat": {
            "hostname": "DC",
            "name": "server",
            "version": "5.4.0"
          },
          "computer_name": "DC.Giacobeville.com",
          "event_data": {
            "ActionName": "Language Components Installer",
            "EnginePID": "6104",
            "TaskInstanceId": "{1813BCEF-33A3-4BE6-86B7-474424876607}",
            "TaskName": "\\Microsoft\\Windows\\LanguageComponentsInstaller\\Installation"
          },
          "event_id": 200,
          "level": "Information",
          "log_name": "Microsoft-Windows-TaskScheduler/Operational",
          "message": "Task Scheduler launched action \"Language Components Installer\" in instance \"{1813BCEF-33A3-4BE6-86B7-474424876607}\" of task \"\\Microsoft\\Windows\\LanguageComponentsInstaller\\Installation\".",
          "opcode": "Start",
          "process_id": 76,
          "provider_guid": "{DE7B24EA-73C8-4A09-985D-5BDADCFA9017}",
          "record_number": "12526",
          "source_name": "Microsoft-Windows-TaskScheduler",
          "task": "Action started",
          "thread_id": 1536,
          "type": "wineventlog",
          "user": {
            "domain": "NT AUTHORITY",
            "identifier": "S-1-5-18",
            "name": "SYSTEM",
            "type": "User"
          },
          "version": 1
        },
        "fields": {
          "@timestamp": [
            1583264204432
          ]
        },
        "sort": [
          1583264204432
        ]
      },
      {
        "_index": "winlogbeat-2020.03.03",
        "_type": "wineventlog",
        "_id": "AXCh6sKCn_lBW985KyaX",
        "_version": 1,
        "_score": null,
        "_source": {
          "@timestamp": "2020-03-03T19:36:44.429Z",
          "beat": {
            "hostname": "DC",
            "name": "server",
            "version": "5.4.0"
          },
          "computer_name": "DC.Giacobeville.com",
          "event_data": {
            "Path": "taskhostw.exe",
            "Priority": "32",
            "ProcessID": "6104",
            "TaskName": "\\Microsoft\\Windows\\LanguageComponentsInstaller\\Installation"
          },
          "event_id": 129,
          "level": "Information",
          "log_name": "Microsoft-Windows-TaskScheduler/Operational",
          "message": "Task Scheduler launch task \"\\Microsoft\\Windows\\LanguageComponentsInstaller\\Installation\" , instance \"taskhostw.exe\"  with process ID 6104.",
          "opcode": "Info",
          "process_id": 76,
          "provider_guid": "{DE7B24EA-73C8-4A09-985D-5BDADCFA9017}",
          "record_number": "12524",
          "source_name": "Microsoft-Windows-TaskScheduler",
          "task": "Created Task Process",
          "thread_id": 1536,
          "type": "wineventlog",
          "user": {
            "domain": "NT AUTHORITY",
            "identifier": "S-1-5-18",
            "name": "SYSTEM",
            "type": "User"
          }
        },
        "fields": {
          "@timestamp": [
            1583264204429
          ]
        },
        "sort": [
          1583264204429
        ]
      },
      {
        "_index": "winlogbeat-2020.03.03",
        "_type": "wineventlog",
        "_id": "AXCh6sGsn_lBW985KyaT",
        "_version": 1,
        "_score": null,
        "_source": {
          "@timestamp": "2020-03-03T19:36:44.418Z",
          "beat": {
            "hostname": "DC",
            "name": "server",
            "version": "5.4.0"
          },
          "computer_name": "DC.Giacobeville.com",
          "event_data": {
            "CommandLine": "taskhostw.exe Install $(Arg0)",
            "MandatoryLabel": "S-1-16-12288",
            "NewProcessId": "0x17d8",
            "NewProcessName": "C:\\Windows\\System32\\taskhostw.exe",
            "ParentProcessName": "C:\\Windows\\System32\\svchost.exe",
            "ProcessId": "0x4c",
            "SubjectDomainName": "GIACOBEVILLE",
            "SubjectLogonId": "0x3e7",
            "SubjectUserName": "DC$",
            "SubjectUserSid": "S-1-5-18",
            "TargetDomainName": "GIACOBEVILLE",
            "TargetLogonId": "0x4a1df",
            "TargetUserName": "Administrator",
            "TargetUserSid": "S-1-0-0",
            "TokenElevationType": "%%1936"
          },
          "event_id": 4688,
          "keywords": [
            "Audit Success"
          ],
          "level": "Information",
          "log_name": "Security",
          "message": "A new process has been created.\n\nCreator Subject:\n\tSecurity ID:\t\tS-1-5-18\n\tAccount Name:\t\tDC$\n\tAccount Domain:\t\tGIACOBEVILLE\n\tLogon ID:\t\t0x3E7\n\nTarget Subject:\n\tSecurity ID:\t\tS-1-0-0\n\tAccount Name:\t\tAdministrator\n\tAccount Domain:\t\tGIACOBEVILLE\n\tLogon ID:\t\t0x4A1DF\n\nProcess Information:\n\tNew Process ID:\t\t0x17d8\n\tNew Process Name:\tC:\\Windows\\System32\\taskhostw.exe\n\tToken Elevation Type:\t%%1936\n\tMandatory Label:\t\tS-1-16-12288\n\tCreator Process ID:\t0x4c\n\tCreator Process Name:\tC:\\Windows\\System32\\svchost.exe\n\tProcess Command Line:\ttaskhostw.exe Install $(Arg0)\n\nToken Elevation Type indicates the type of token that was assigned to the new process in accordance with User Account Control policy.\n\nType 1 is a full token with no privileges removed or groups disabled.  A full token is only used if User Account Control is disabled or if the user is the built-in Administrator account or a service account.\n\nType 2 is an elevated token with no privileges removed or groups disabled.  An elevated token is used when User Account Control is enabled and the user chooses to start the program using Run as administrator.  An elevated token is also used when an application is configured to always require administrative privilege or to always require maximum privilege, and the user is a member of the Administrators group.\n\nType 3 is a limited token with administrative privileges removed and administrative groups disabled.  The limited token is used when User Account Control is enabled, the application does not require administrative privilege, and the user does not choose to start the program using Run as administrator.",
          "opcode": "Info",
          "process_id": 4,
          "provider_guid": "{54849625-5478-4994-A5BA-3E3B0328C30D}",
          "record_number": "539846",
          "source_name": "Microsoft-Windows-Security-Auditing",
          "task": "Process Creation",
          "thread_id": 196,
          "type": "wineventlog",
          "version": 2
        },
        "fields": {
          "@timestamp": [
            1583264204418
          ]
        },
        "sort": [
          1583264204418
        ]
      },
      {
        "_index": "winlogbeat-2020.03.03",
        "_type": "wineventlog",
        "_id": "AXCh6sKCn_lBW985KyaW",
        "_version": 1,
        "_score": null,
        "_source": {
          "@timestamp": "2020-03-03T19:36:44.413Z",
          "activity_id": "{1813BCEF-33A3-4BE6-86B7-474424876607}",
          "beat": {
            "hostname": "DC",
            "name": "server",
            "version": "5.4.0"
          },
          "computer_name": "DC.Giacobeville.com",
          "event_data": {
            "InstanceId": "{1813BCEF-33A3-4BE6-86B7-474424876607}",
            "TaskName": "\\Microsoft\\Windows\\LanguageComponentsInstaller\\Installation",
            "UserName": "GIACOBEVILLE\\Administrator"
          },
          "event_id": 119,
          "level": "Information",
          "log_name": "Microsoft-Windows-TaskScheduler/Operational",
          "message": "Task Scheduler launched \"{1813BCEF-33A3-4BE6-86B7-474424876607}\"  instance of task \"\\Microsoft\\Windows\\LanguageComponentsInstaller\\Installation\" due to user \"GIACOBEVILLE\\Administrator\"  logon.",
          "opcode": "Info",
          "process_id": 76,
          "provider_guid": "{DE7B24EA-73C8-4A09-985D-5BDADCFA9017}",
          "record_number": "12523",
          "source_name": "Microsoft-Windows-TaskScheduler",
          "task": "Task triggered on logon",
          "thread_id": 1536,
          "type": "wineventlog",
          "user": {
            "domain": "NT AUTHORITY",
            "identifier": "S-1-5-18",
            "name": "SYSTEM",
            "type": "User"
          }
        },
        "fields": {
          "@timestamp": [
            1583264204413
          ]
        },
        "sort": [
          1583264204413
        ]
      },
      {
        "_index": "winlogbeat-2020.03.03",
        "_type": "wineventlog",
        "_id": "AXCh6qbun_lBW985KyaO",
        "_version": 1,
        "_score": null,
        "_source": {
          "@timestamp": "2020-03-03T19:36:37.959Z",
          "beat": {
            "hostname": "DC",
            "name": "server",
            "version": "5.4.0"
          },
          "computer_name": "DC.Giacobeville.com",
          "event_data": {
            "EntryPointLength": "63",
            "NameLength": "40",
            "Result": "2150040147",
            "TaskEntryPoint": "Cortana.BackgroundTask.BackgroundTaskRegistrationBackgroundTask",
            "TaskName": "BackgroundTaskRegistrationBackgroundTask"
          },
          "event_id": 21,
          "level": "Information",
          "log_name": "Microsoft-Windows-BackgroundTaskInfrastructure/Operational",
          "message": "The background task with entry point Cortana.BackgroundTask.BackgroundTaskRegistrationBackgroundTask and name BackgroundTaskRegistrationBackgroundTask failed to activate with error code 0x80270253.",
          "process_id": 852,
          "provider_guid": "{E6835967-E0D2-41FB-BCEC-58387404E25A}",
          "record_number": "61",
          "source_name": "Microsoft-Windows-BrokerInfrastructure",
          "thread_id": 7328,
          "type": "wineventlog",
          "user": {
            "domain": "NT AUTHORITY",
            "identifier": "S-1-5-18",
            "name": "SYSTEM",
            "type": "User"
          }
        },
        "fields": {
          "@timestamp": [
            1583264197959
          ]
        },
        "sort": [
          1583264197959
        ]
      },
      {
        "_index": "winlogbeat-2020.03.03",
        "_type": "wineventlog",
        "_id": "AXCh6qcDn_lBW985KyaP",
        "_version": 1,
        "_score": null,
        "_source": {
          "@timestamp": "2020-03-03T19:36:37.949Z",
          "beat": {
            "hostname": "DC",
            "name": "server",
            "version": "5.4.0"
          },
          "computer_name": "DC.Giacobeville.com",
          "event_data": {
            "ErrorCode": "-2144927149"
          },
          "event_id": 5962,
          "level": "Error",
          "log_name": "Microsoft-Windows-TWinUI/Operational",
          "message": "Activation of the app failed with error: This app can't be activated by the Built-in Administrator..",
          "opcode": "Info",
          "process_id": 6976,
          "provider_guid": "{315A8872-923E-4EA2-9889-33CD4754BF64}",
          "record_number": "168",
          "source_name": "Microsoft-Windows-Immersive-Shell",
          "thread_id": 3292,
          "type": "wineventlog",
          "user": {
            "domain": "GIACOBEVILLE",
            "identifier": "S-1-5-21-1271178117-3594940576-1158983498-500",
            "name": "Administrator",
            "type": "User"
          }
        },
        "fields": {
          "@timestamp": [
            1583264197949
          ]
        },
        "sort": [
          1583264197949
        ]
      },
      {
        "_index": "winlogbeat-2020.03.03",
        "_type": "wineventlog",
        "_id": "AXCh6qZln_lBW985KyaN",
        "_version": 1,
        "_score": null,
        "_source": {
          "@timestamp": "2020-03-03T19:36:37.585Z",
          "beat": {
            "hostname": "DC",
            "name": "server",
            "version": "5.4.0"
          },
          "computer_name": "DC.Giacobeville.com",
          "event_data": {
            "HResult": "-2147009769",
            "String1": "Windows::ApplicationModel::Resources::Core::CResourceMap::GetValue",
            "String2": "GetValue failed, but an error is not reported",
            "String3": "ms-resource://Windows.UI.Cortana.Persona/Files/circle_CALM1-100.pers"
          },
          "event_id": 341,
          "level": "Error",
          "log_name": "Microsoft-Windows-ApplicationResourceManagementSystem/Operational",
          "message": "ApplicationResourceManagement MRT WinRT APIs errors ",
          "opcode": "Info",
          "process_id": 456,
          "provider_guid": "{770CA594-B467-4811-B355-28F5E5706987}",
          "record_number": "327",
          "source_name": "Microsoft-Windows-ApplicationResourceManagementSystem",
          "thread_id": 7608,
          "type": "wineventlog",
          "user": {
            "domain": "GIACOBEVILLE",
            "identifier": "S-1-5-21-1271178117-3594940576-1158983498-500",
            "name": "Administrator",
            "type": "User"
          }
        },
        "fields": {
          "@timestamp": [
            1583264197585
          ]
        },
        "sort": [
          1583264197585
        ]
      },
      {
        "_index": "winlogbeat-2020.03.03",
        "_type": "wineventlog",
        "_id": "AXCh6qYxn_lBW985KyaM",
        "_version": 1,
        "_score": null,
        "_source": {
          "@timestamp": "2020-03-03T19:36:37.240Z",
          "beat": {
            "hostname": "DC",
            "name": "server",
            "version": "5.4.0"
          },
          "computer_name": "DC.Giacobeville.com",
          "event_data": {
            "CommandLine": "\\??\\C:\\Windows\\system32\\conhost.exe 0xffffffff -ForceV1",
            "MandatoryLabel": "S-1-16-12288",
            "NewProcessId": "0x20c",
            "NewProcessName": "C:\\Windows\\System32\\conhost.exe",
            "ParentProcessName": "C:\\Windows\\System32\\cmd.exe",
            "ProcessId": "0x8",
            "SubjectDomainName": "GIACOBEVILLE",
            "SubjectLogonId": "0x4a1df",
            "SubjectUserName": "Administrator",
            "SubjectUserSid": "S-1-5-21-1271178117-3594940576-1158983498-500",
            "TargetDomainName": "-",
            "TargetLogonId": "0x0",
            "TargetUserName": "-",
            "TargetUserSid": "S-1-0-0",
            "TokenElevationType": "%%1936"
          },
          "event_id": 4688,
          "keywords": [
            "Audit Success"
          ],
          "level": "Information",
          "log_name": "Security",
          "message": "A new process has been created.\n\nCreator Subject:\n\tSecurity ID:\t\tS-1-5-21-1271178117-3594940576-1158983498-500\n\tAccount Name:\t\tAdministrator\n\tAccount Domain:\t\tGIACOBEVILLE\n\tLogon ID:\t\t0x4A1DF\n\nTarget Subject:\n\tSecurity ID:\t\tS-1-0-0\n\tAccount Name:\t\t-\n\tAccount Domain:\t\t-\n\tLogon ID:\t\t0x0\n\nProcess Information:\n\tNew Process ID:\t\t0x20c\n\tNew Process Name:\tC:\\Windows\\System32\\conhost.exe\n\tToken Elevation Type:\t%%1936\n\tMandatory Label:\t\tS-1-16-12288\n\tCreator Process ID:\t0x8\n\tCreator Process Name:\tC:\\Windows\\System32\\cmd.exe\n\tProcess Command Line:\t\\??\\C:\\Windows\\system32\\conhost.exe 0xffffffff -ForceV1\n\nToken Elevation Type indicates the type of token that was assigned to the new process in accordance with User Account Control policy.\n\nType 1 is a full token with no privileges removed or groups disabled.  A full token is only used if User Account Control is disabled or if the user is the built-in Administrator account or a service account.\n\nType 2 is an elevated token with no privileges removed or groups disabled.  An elevated token is used when User Account Control is enabled and the user chooses to start the program using Run as administrator.  An elevated token is also used when an application is configured to always require administrative privilege or to always require maximum privilege, and the user is a member of the Administrators group.\n\nType 3 is a limited token with administrative privileges removed and administrative groups disabled.  The limited token is used when User Account Control is enabled, the application does not require administrative privilege, and the user does not choose to start the program using Run as administrator.",
          "opcode": "Info",
          "process_id": 4,
          "provider_guid": "{54849625-5478-4994-A5BA-3E3B0328C30D}",
          "record_number": "539845",
          "source_name": "Microsoft-Windows-Security-Auditing",
          "task": "Process Creation",
          "thread_id": 332,
          "type": "wineventlog",
          "version": 2
        },
        "fields": {
          "@timestamp": [
            1583264197240
          ]
        },
        "sort": [
          1583264197240
        ]
      },
      {
        "_index": "winlogbeat-2020.03.03",
        "_type": "wineventlog",
        "_id": "AXCh6qXmn_lBW985KyaK",
        "_version": 1,
        "_score": null,
        "_source": {
          "@timestamp": "2020-03-03T19:36:37.168Z",
          "beat": {
            "hostname": "DC",
            "name": "server",
            "version": "5.4.0"
          },
          "computer_name": "DC.Giacobeville.com",
          "event_data": {
            "CommandLine": "\"C:\\Windows\\system32\\cmd.exe\" ",
            "Company": "Microsoft Corporation",
            "CurrentDirectory": "C:\\Users\\Administrator\\",
            "Description": "Windows Command Processor",
            "FileVersion": "10.0.14393.0 (rs1_release.160715-1616)",
            "Hashes": "MD5=F4F684066175B77E0C3A000549D2922C,SHA256=935C1861DF1F4018D698E8B65ABFA02D7E9037D8F68CA3C2065B6CA165D44AD2,IMPHASH=3062ED732D4B25D1C64F084DAC97D37A",
            "Image": "C:\\Windows\\System32\\cmd.exe",
            "IntegrityLevel": "High",
            "LogonGuid": "{825D88E6-AE41-5E5E-0000-0020DFA10400}",
            "LogonId": "0x4a1df",
            "OriginalFileName": "Cmd.Exe",
            "ParentCommandLine": "C:\\Windows\\Explorer.EXE /NOUACCHECK",
            "ParentImage": "C:\\Windows\\explorer.exe",
            "ParentProcessGuid": "{825D88E6-AE4C-5E5E-0000-001065160500}",
            "ParentProcessId": "3068",
            "ProcessGuid": "{825D88E6-B1C5-5E5E-0000-0010421A0D00}",
            "ProcessId": "8",
            "Product": "Microsoft Windows Operating System",
            "TerminalSessionId": "1",
            "User": "GIACOBEVILLE\\Administrator",
            "UtcTime": "2020-03-03 19:36:37.150"
          },
          "event_id": 1,
          "level": "Information",
          "log_name": "Microsoft-Windows-Sysmon/Operational",
          "message": "Process Create:\nRuleName: \nUtcTime: 2020-03-03 19:36:37.150\nProcessGuid: {825D88E6-B1C5-5E5E-0000-0010421A0D00}\nProcessId: 8\nImage: C:\\Windows\\System32\\cmd.exe\nFileVersion: 10.0.14393.0 (rs1_release.160715-1616)\nDescription: Windows Command Processor\nProduct: Microsoft Windows Operating System\nCompany: Microsoft Corporation\nOriginalFileName: Cmd.Exe\nCommandLine: \"C:\\Windows\\system32\\cmd.exe\" \nCurrentDirectory: C:\\Users\\Administrator\\\nUser: GIACOBEVILLE\\Administrator\nLogonGuid: {825D88E6-AE41-5E5E-0000-0020DFA10400}\nLogonId: 0x4A1DF\nTerminalSessionId: 1\nIntegrityLevel: High\nHashes: MD5=F4F684066175B77E0C3A000549D2922C,SHA256=935C1861DF1F4018D698E8B65ABFA02D7E9037D8F68CA3C2065B6CA165D44AD2,IMPHASH=3062ED732D4B25D1C64F084DAC97D37A\nParentProcessGuid: {825D88E6-AE4C-5E5E-0000-001065160500}\nParentProcessId: 3068\nParentImage: C:\\Windows\\explorer.exe\nParentCommandLine: C:\\Windows\\Explorer.EXE /NOUACCHECK",
          "opcode": "Info",
          "process_id": 2432,
          "provider_guid": "{5770385F-C22A-43E0-BF4C-06F5698FFBD9}",
          "record_number": "6774",
          "source_name": "Microsoft-Windows-Sysmon",
          "task": "Process Create (rule: ProcessCreate)",
          "thread_id": 3264,
          "type": "wineventlog",
          "user": {
            "domain": "NT AUTHORITY",
            "identifier": "S-1-5-18",
            "name": "SYSTEM",
            "type": "User"
          },
          "version": 5
        },
        "fields": {
          "@timestamp": [
            1583264197168
          ]
        },
        "sort": [
          1583264197168
        ]
      },
      {
        "_index": "winlogbeat-2020.03.03",
        "_type": "wineventlog",
        "_id": "AXCh6qYxn_lBW985KyaL",
        "_version": 1,
        "_score": null,
        "_source": {
          "@timestamp": "2020-03-03T19:36:37.150Z",
          "beat": {
            "hostname": "DC",
            "name": "server",
            "version": "5.4.0"
          },
          "computer_name": "DC.Giacobeville.com",
          "event_data": {
            "CommandLine": "\"C:\\Windows\\system32\\cmd.exe\" ",
            "MandatoryLabel": "S-1-16-12288",
            "NewProcessId": "0x8",
            "NewProcessName": "C:\\Windows\\System32\\cmd.exe",
            "ParentProcessName": "C:\\Windows\\explorer.exe",
            "ProcessId": "0xbfc",
            "SubjectDomainName": "GIACOBEVILLE",
            "SubjectLogonId": "0x4a1df",
            "SubjectUserName": "Administrator",
            "SubjectUserSid": "S-1-5-21-1271178117-3594940576-1158983498-500",
            "TargetDomainName": "-",
            "TargetLogonId": "0x0",
            "TargetUserName": "-",
            "TargetUserSid": "S-1-0-0",
            "TokenElevationType": "%%1936"
          },
          "event_id": 4688,
          "keywords": [
            "Audit Success"
          ],
          "level": "Information",
          "log_name": "Security",
          "message": "A new process has been created.\n\nCreator Subject:\n\tSecurity ID:\t\tS-1-5-21-1271178117-3594940576-1158983498-500\n\tAccount Name:\t\tAdministrator\n\tAccount Domain:\t\tGIACOBEVILLE\n\tLogon ID:\t\t0x4A1DF\n\nTarget Subject:\n\tSecurity ID:\t\tS-1-0-0\n\tAccount Name:\t\t-\n\tAccount Domain:\t\t-\n\tLogon ID:\t\t0x0\n\nProcess Information:\n\tNew Process ID:\t\t0x8\n\tNew Process Name:\tC:\\Windows\\System32\\cmd.exe\n\tToken Elevation Type:\t%%1936\n\tMandatory Label:\t\tS-1-16-12288\n\tCreator Process ID:\t0xbfc\n\tCreator Process Name:\tC:\\Windows\\explorer.exe\n\tProcess Command Line:\t\"C:\\Windows\\system32\\cmd.exe\" \n\nToken Elevation Type indicates the type of token that was assigned to the new process in accordance with User Account Control policy.\n\nType 1 is a full token with no privileges removed or groups disabled.  A full token is only used if User Account Control is disabled or if the user is the built-in Administrator account or a service account.\n\nType 2 is an elevated token with no privileges removed or groups disabled.  An elevated token is used when User Account Control is enabled and the user chooses to start the program using Run as administrator.  An elevated token is also used when an application is configured to always require administrative privilege or to always require maximum privilege, and the user is a member of the Administrators group.\n\nType 3 is a limited token with administrative privileges removed and administrative groups disabled.  The limited token is used when User Account Control is enabled, the application does not require administrative privilege, and the user does not choose to start the program using Run as administrator.",
          "opcode": "Info",
          "process_id": 4,
          "provider_guid": "{54849625-5478-4994-A5BA-3E3B0328C30D}",
          "record_number": "539844",
          "source_name": "Microsoft-Windows-Security-Auditing",
          "task": "Process Creation",
          "thread_id": 332,
          "type": "wineventlog",
          "version": 2
        },
        "fields": {
          "@timestamp": [
            1583264197150
          ]
        },
        "sort": [
          1583264197150
        ]
      },
      {
        "_index": "winlogbeat-2020.03.03",
        "_type": "wineventlog",
        "_id": "AXCh6p5Jn_lBW985KyaJ",
        "_version": 1,
        "_score": null,
        "_source": {
          "@timestamp": "2020-03-03T19:36:35.954Z",
          "beat": {
            "hostname": "DC",
            "name": "server",
            "version": "5.4.0"
          },
          "computer_name": "DC.Giacobeville.com",
          "event_data": {
            "CommandLine": "C:\\Windows\\system32\\DllHost.exe /Processid:{49F6E667-6658-4BD1-9DE9-6AF87F9FAF85}",
            "MandatoryLabel": "S-1-16-12288",
            "NewProcessId": "0x1f30",
            "NewProcessName": "C:\\Windows\\System32\\dllhost.exe",
            "ParentProcessName": "C:\\Windows\\System32\\svchost.exe",
            "ProcessId": "0x354",
            "SubjectDomainName": "GIACOBEVILLE",
            "SubjectLogonId": "0x3e7",
            "SubjectUserName": "DC$",
            "SubjectUserSid": "S-1-5-18",
            "TargetDomainName": "GIACOBEVILLE",
            "TargetLogonId": "0x4a1df",
            "TargetUserName": "Administrator",
            "TargetUserSid": "S-1-0-0",
            "TokenElevationType": "%%1936"
          },
          "event_id": 4688,
          "keywords": [
            "Audit Success"
          ],
          "level": "Information",
          "log_name": "Security",
          "message": "A new process has been created.\n\nCreator Subject:\n\tSecurity ID:\t\tS-1-5-18\n\tAccount Name:\t\tDC$\n\tAccount Domain:\t\tGIACOBEVILLE\n\tLogon ID:\t\t0x3E7\n\nTarget Subject:\n\tSecurity ID:\t\tS-1-0-0\n\tAccount Name:\t\tAdministrator\n\tAccount Domain:\t\tGIACOBEVILLE\n\tLogon ID:\t\t0x4A1DF\n\nProcess Information:\n\tNew Process ID:\t\t0x1f30\n\tNew Process Name:\tC:\\Windows\\System32\\dllhost.exe\n\tToken Elevation Type:\t%%1936\n\tMandatory Label:\t\tS-1-16-12288\n\tCreator Process ID:\t0x354\n\tCreator Process Name:\tC:\\Windows\\System32\\svchost.exe\n\tProcess Command Line:\tC:\\Windows\\system32\\DllHost.exe /Processid:{49F6E667-6658-4BD1-9DE9-6AF87F9FAF85}\n\nToken Elevation Type indicates the type of token that was assigned to the new process in accordance with User Account Control policy.\n\nType 1 is a full token with no privileges removed or groups disabled.  A full token is only used if User Account Control is disabled or if the user is the built-in Administrator account or a service account.\n\nType 2 is an elevated token with no privileges removed or groups disabled.  An elevated token is used when User Account Control is enabled and the user chooses to start the program using Run as administrator.  An elevated token is also used when an application is configured to always require administrative privilege or to always require maximum privilege, and the user is a member of the Administrators group.\n\nType 3 is a limited token with administrative privileges removed and administrative groups disabled.  The limited token is used when User Account Control is enabled, the application does not require administrative privilege, and the user does not choose to start the program using Run as administrator.",
          "opcode": "Info",
          "process_id": 4,
          "provider_guid": "{54849625-5478-4994-A5BA-3E3B0328C30D}",
          "record_number": "539843",
          "source_name": "Microsoft-Windows-Security-Auditing",
          "task": "Process Creation",
          "thread_id": 308,
          "type": "wineventlog",
          "version": 2
        },
        "fields": {
          "@timestamp": [
            1583264195954
          ]
        },
        "sort": [
          1583264195954
        ]
      },
      {
        "_index": "winlogbeat-2020.03.03",
        "_type": "wineventlog",
        "_id": "AXCh6p5Jn_lBW985KyaI",
        "_version": 1,
        "_score": null,
        "_source": {
          "@timestamp": "2020-03-03T19:36:35.688Z",
          "beat": {
            "hostname": "DC",
            "name": "server",
            "version": "5.4.0"
          },
          "computer_name": "DC.Giacobeville.com",
          "event_data": {
            "CommandLine": "C:\\Windows\\system32\\DllHost.exe /Processid:{DC4537C3-CA73-4AC7-9E1D-B2CE27C3A7A6}",
            "MandatoryLabel": "S-1-16-12288",
            "NewProcessId": "0x1fc4",
            "NewProcessName": "C:\\Windows\\System32\\dllhost.exe",
            "ParentProcessName": "C:\\Windows\\System32\\svchost.exe",
            "ProcessId": "0x354",
            "SubjectDomainName": "GIACOBEVILLE",
            "SubjectLogonId": "0x3e7",
            "SubjectUserName": "DC$",
            "SubjectUserSid": "S-1-5-18",
            "TargetDomainName": "GIACOBEVILLE",
            "TargetLogonId": "0x4a1df",
            "TargetUserName": "Administrator",
            "TargetUserSid": "S-1-0-0",
            "TokenElevationType": "%%1936"
          },
          "event_id": 4688,
          "keywords": [
            "Audit Success"
          ],
          "level": "Information",
          "log_name": "Security",
          "message": "A new process has been created.\n\nCreator Subject:\n\tSecurity ID:\t\tS-1-5-18\n\tAccount Name:\t\tDC$\n\tAccount Domain:\t\tGIACOBEVILLE\n\tLogon ID:\t\t0x3E7\n\nTarget Subject:\n\tSecurity ID:\t\tS-1-0-0\n\tAccount Name:\t\tAdministrator\n\tAccount Domain:\t\tGIACOBEVILLE\n\tLogon ID:\t\t0x4A1DF\n\nProcess Information:\n\tNew Process ID:\t\t0x1fc4\n\tNew Process Name:\tC:\\Windows\\System32\\dllhost.exe\n\tToken Elevation Type:\t%%1936\n\tMandatory Label:\t\tS-1-16-12288\n\tCreator Process ID:\t0x354\n\tCreator Process Name:\tC:\\Windows\\System32\\svchost.exe\n\tProcess Command Line:\tC:\\Windows\\system32\\DllHost.exe /Processid:{DC4537C3-CA73-4AC7-9E1D-B2CE27C3A7A6}\n\nToken Elevation Type indicates the type of token that was assigned to the new process in accordance with User Account Control policy.\n\nType 1 is a full token with no privileges removed or groups disabled.  A full token is only used if User Account Control is disabled or if the user is the built-in Administrator account or a service account.\n\nType 2 is an elevated token with no privileges removed or groups disabled.  An elevated token is used when User Account Control is enabled and the user chooses to start the program using Run as administrator.  An elevated token is also used when an application is configured to always require administrative privilege or to always require maximum privilege, and the user is a member of the Administrators group.\n\nType 3 is a limited token with administrative privileges removed and administrative groups disabled.  The limited token is used when User Account Control is enabled, the application does not require administrative privilege, and the user does not choose to start the program using Run as administrator.",
          "opcode": "Info",
          "process_id": 4,
          "provider_guid": "{54849625-5478-4994-A5BA-3E3B0328C30D}",
          "record_number": "539842",
          "source_name": "Microsoft-Windows-Security-Auditing",
          "task": "Process Creation",
          "thread_id": 308,
          "type": "wineventlog",
          "version": 2
        },
        "fields": {
          "@timestamp": [
            1583264195688
          ]
        },
        "sort": [
          1583264195688
        ]
      },
      {
        "_index": "winlogbeat-2020.03.03",
        "_type": "wineventlog",
        "_id": "AXCh6pQIn_lBW985KyaH",
        "_version": 1,
        "_score": null,
        "_source": {
          "@timestamp": "2020-03-03T19:36:34.350Z",
          "beat": {
            "hostname": "DC",
            "name": "server",
            "version": "5.4.0"
          },
          "computer_name": "DC.Giacobeville.com",
          "event_data": {
            "VolumeGuid": "{E8A05CFB-01EA-11EA-8B75-806E6F6E6963}",
            "VolumeName": "A:",
            "VolumeNameLength": "2"
          },
          "event_id": 2,
          "level": "Information",
          "log_name": "Microsoft-Windows-Kernel-IO/Operational",
          "message": "The volume has been successfully mounted.\n\n           Volume GUID: {E8A05CFB-01EA-11EA-8B75-806E6F6E6963}\n           Volume Name: A:",
          "opcode": "Stop",
          "process_id": 2476,
          "provider_guid": "{ABF1F586-2E50-4BA8-928D-49044E6F0DB7}",
          "record_number": "189111",
          "source_name": "Microsoft-Windows-Kernel-IO",
          "thread_id": 2932,
          "type": "wineventlog",
          "user": {
            "domain": "NT AUTHORITY",
            "identifier": "S-1-5-18",
            "name": "SYSTEM",
            "type": "User"
          }
        },
        "fields": {
          "@timestamp": [
            1583264194350
          ]
        },
        "sort": [
          1583264194350
        ]
      },
      {
        "_index": "winlogbeat-2020.03.03",
        "_type": "wineventlog",
        "_id": "AXCh6pQIn_lBW985KyaG",
        "_version": 1,
        "_score": null,
        "_source": {
          "@timestamp": "2020-03-03T19:36:33.325Z",
          "beat": {
            "hostname": "DC",
            "name": "server",
            "version": "5.4.0"
          },
          "computer_name": "DC.Giacobeville.com",
          "event_data": {
            "VolumeGuid": "{E8A05CFB-01EA-11EA-8B75-806E6F6E6963}",
            "VolumeName": "A:",
            "VolumeNameLength": "2"
          },
          "event_id": 1,
          "level": "Information",
          "log_name": "Microsoft-Windows-Kernel-IO/Operational",
          "message": "Windows has started processing the volume mount request.\n\n           Volume GUID: {E8A05CFB-01EA-11EA-8B75-806E6F6E6963}\n           Volume Name: A:",
          "opcode": "Start",
          "process_id": 2476,
          "provider_guid": "{ABF1F586-2E50-4BA8-928D-49044E6F0DB7}",
          "record_number": "189110",
          "source_name": "Microsoft-Windows-Kernel-IO",
          "thread_id": 2932,
          "type": "wineventlog",
          "user": {
            "domain": "NT AUTHORITY",
            "identifier": "S-1-5-18",
            "name": "SYSTEM",
            "type": "User"
          }
        },
        "fields": {
          "@timestamp": [
            1583264193325
          ]
        },
        "sort": [
          1583264193325
        ]
      },
      {
        "_index": "winlogbeat-2020.03.03",
        "_type": "wineventlog",
        "_id": "AXCh6oBwn_lBW985KyaF",
        "_version": 1,
        "_score": null,
        "_source": {
          "@timestamp": "2020-03-03T19:36:27.488Z",
          "beat": {
            "hostname": "DC",
            "name": "server",
            "version": "5.4.0"
          },
          "computer_name": "DC.Giacobeville.com",
          "event_data": {
            "Error": "0xc0000013",
            "VolumeGuid": "{E8A05CFA-01EA-11EA-8B75-806E6F6E6963}",
            "VolumeName": "D:",
            "VolumeNameLength": "2"
          },
          "event_id": 3,
          "level": "Warning",
          "log_name": "Microsoft-Windows-Kernel-IO/Operational",
          "message": "Windows failed to mount the volume.\n\n           Status: {No Disk}\nThere is no disk in the drive.\nPlease insert a disk into drive %hs.\n           Volume GUID: {E8A05CFA-01EA-11EA-8B75-806E6F6E6963}\n           Volume Name: D:",
          "opcode": "Stop",
          "process_id": 2320,
          "provider_guid": "{ABF1F586-2E50-4BA8-928D-49044E6F0DB7}",
          "record_number": "189109",
          "source_name": "Microsoft-Windows-Kernel-IO",
          "thread_id": 3180,
          "type": "wineventlog",
          "user": {
            "domain": "NT AUTHORITY",
            "identifier": "S-1-5-18",
            "name": "SYSTEM",
            "type": "User"
          }
        },
        "fields": {
          "@timestamp": [
            1583264187488
          ]
        },
        "sort": [
          1583264187488
        ]
      },
      {
        "_index": "winlogbeat-2020.03.03",
        "_type": "wineventlog",
        "_id": "AXCh6oBwn_lBW985KyaE",
        "_version": 1,
        "_score": null,
        "_source": {
          "@timestamp": "2020-03-03T19:36:27.487Z",
          "beat": {
            "hostname": "DC",
            "name": "server",
            "version": "5.4.0"
          },
          "computer_name": "DC.Giacobeville.com",
          "event_data": {
            "VolumeGuid": "{E8A05CFA-01EA-11EA-8B75-806E6F6E6963}",
            "VolumeName": "D:",
            "VolumeNameLength": "2"
          },
          "event_id": 1,
          "level": "Information",
          "log_name": "Microsoft-Windows-Kernel-IO/Operational",
          "message": "Windows has started processing the volume mount request.\n\n           Volume GUID: {E8A05CFA-01EA-11EA-8B75-806E6F6E6963}\n           Volume Name: D:",
          "opcode": "Start",
          "process_id": 2320,
          "provider_guid": "{ABF1F586-2E50-4BA8-928D-49044E6F0DB7}",
          "record_number": "189108",
          "source_name": "Microsoft-Windows-Kernel-IO",
          "thread_id": 3180,
          "type": "wineventlog",
          "user": {
            "domain": "NT AUTHORITY",
            "identifier": "S-1-5-18",
            "name": "SYSTEM",
            "type": "User"
          }
        },
        "fields": {
          "@timestamp": [
            1583264187487
          ]
        },
        "sort": [
          1583264187487
        ]
      },
      {
        "_index": "winlogbeat-2020.03.03",
        "_type": "wineventlog",
        "_id": "AXCh6oBwn_lBW985KyaD",
        "_version": 1,
        "_score": null,
        "_source": {
          "@timestamp": "2020-03-03T19:36:27.486Z",
          "beat": {
            "hostname": "DC",
            "name": "server",
            "version": "5.4.0"
          },
          "computer_name": "DC.Giacobeville.com",
          "event_data": {
            "Error": "0xc0000013",
            "VolumeGuid": "{E8A05CFB-01EA-11EA-8B75-806E6F6E6963}",
            "VolumeName": "A:",
            "VolumeNameLength": "2"
          },
          "event_id": 3,
          "level": "Warning",
          "log_name": "Microsoft-Windows-Kernel-IO/Operational",
          "message": "Windows failed to mount the volume.\n\n           Status: {No Disk}\nThere is no disk in the drive.\nPlease insert a disk into drive %hs.\n           Volume GUID: {E8A05CFB-01EA-11EA-8B75-806E6F6E6963}\n           Volume Name: A:",
          "opcode": "Stop",
          "process_id": 2320,
          "provider_guid": "{ABF1F586-2E50-4BA8-928D-49044E6F0DB7}",
          "record_number": "189107",
          "source_name": "Microsoft-Windows-Kernel-IO",
          "thread_id": 3180,
          "type": "wineventlog",
          "user": {
            "domain": "NT AUTHORITY",
            "identifier": "S-1-5-18",
            "name": "SYSTEM",
            "type": "User"
          }
        },
        "fields": {
          "@timestamp": [
            1583264187486
          ]
        },
        "sort": [
          1583264187486
        ]
      },
      {
        "_index": "winlogbeat-2020.03.03",
        "_type": "wineventlog",
        "_id": "AXCh6no4n_lBW985KyZ_",
        "_version": 1,
        "_score": null,
        "_source": {
          "@timestamp": "2020-03-03T19:36:26.664Z",
          "activity_id": "{FA7CD237-6F93-45C3-9BBA-29623A7AA364}",
          "beat": {
            "hostname": "DC",
            "name": "server",
            "version": "5.4.0"
          },
          "computer_name": "DC.Giacobeville.com",
          "event_data": {
            "NextPolicyApplicationTime": "5",
            "NextPolicyApplicationTimeUnit": "%%4100",
            "PrincipalSamName": "GIACOBEVILLE\\DC$"
          },
          "event_id": 5315,
          "level": "Information",
          "log_name": "Microsoft-Windows-GroupPolicy/Operational",
          "message": "Next policy processing for GIACOBEVILLE\\DC$ will be attempted in 5 minutes.",
          "opcode": "Info",
          "process_id": 76,
          "provider_guid": "{AEA1B4FA-97D1-45F2-A64C-4D69FFFD92C9}",
          "record_number": "308248",
          "source_name": "Microsoft-Windows-GroupPolicy",
          "thread_id": 6460,
          "type": "wineventlog",
          "user": {
            "domain": "NT AUTHORITY",
            "identifier": "S-1-5-18",
            "name": "SYSTEM",
            "type": "User"
          }
        },
        "fields": {
          "@timestamp": [
            1583264186664
          ]
        },
        "sort": [
          1583264186664
        ]
      },
