      {
        "_index": "winlogbeat-2020.03.03",
        "_type": "wineventlog",
        "_id": "AXCh7DJCn_lBW985KybU",
        "_version": 1,
        "_score": null,
        "_source": {
          "@timestamp": "2020-03-03T19:38:19.674Z",
          "beat": {
            "hostname": "DC",
            "name": "server",
            "version": "5.4.0"
          },
          "computer_name": "DC.Giacobeville.com",
          "event_data": {
            "param10": "0",
            "param11": "0",
            "param12": "8024500b",
            "param13": "TrustedInstaller FOD",
            "param14": "{9482F4B4-E343-43B6-B170-9A65BC822C77}",
            "param15": "0",
            "param17": "C:\\ProgramData\\Microsoft\\Windows\\WER\\ReportQueue\\NonCritical_10.0.14393.1794_c189c1b5ca61634d86cf376f6ee59b177cad41_00000000_0ae13603",
            "param19": "0",
            "param2": "0",
            "param20": "9b89e342-5b2d-11ea-8b84-000c290be9e1",
            "param21": "2",
            "param3": "WindowsUpdateFailure3",
            "param4": "Not available",
            "param5": "0",
            "param6": "10.0.14393.1794",
            "param7": "8024402c",
            "param8": "00000000-0000-0000-0000-000000000000",
            "param9": "Scan"
          },
          "event_id": 1001,
          "keywords": [
            "Classic"
          ],
          "level": "Information",
          "log_name": "Application",
          "message": "Fault bucket , type 0\nEvent Name: WindowsUpdateFailure3\nResponse: Not available\nCab Id: 0\n\nProblem signature:\nP1: 10.0.14393.1794\nP2: 8024402c\nP3: 00000000-0000-0000-0000-000000000000\nP4: Scan\nP5: 0\nP6: 0\nP7: 8024500b\nP8: TrustedInstaller FOD\nP9: {9482F4B4-E343-43B6-B170-9A65BC822C77}\nP10: 0\n\nAttached files:\n\nThese files may be available here:\nC:\\ProgramData\\Microsoft\\Windows\\WER\\ReportQueue\\NonCritical_10.0.14393.1794_c189c1b5ca61634d86cf376f6ee59b177cad41_00000000_0ae13603\n\nAnalysis symbol: \nRechecking for solution: 0\nReport Id: 9b89e342-5b2d-11ea-8b84-000c290be9e1\nReport Status: 2\nHashed bucket: ",
          "opcode": "Info",
          "record_number": "23926",
          "source_name": "Windows Error Reporting",
          "type": "wineventlog"
        },
        "fields": {
          "@timestamp": [
            1583264299674
          ]
        },
        "sort": [
          1583264299674
        ]
      },
      {
        "_index": "winlogbeat-2020.03.03",
        "_type": "wineventlog",
        "_id": "AXCh7DJCn_lBW985KybT",
        "_version": 1,
        "_score": null,
        "_source": {
          "@timestamp": "2020-03-03T19:38:19.619Z",
          "beat": {
            "hostname": "DC",
            "name": "server",
            "version": "5.4.0"
          },
          "computer_name": "DC.Giacobeville.com",
          "event_data": {
            "param10": "0",
            "param11": "0",
            "param12": "8024500b",
            "param13": "TrustedInstaller FOD",
            "param14": "{9482F4B4-E343-43B6-B170-9A65BC822C77}",
            "param15": "0",
            "param17": "C:\\ProgramData\\Microsoft\\Windows\\WER\\ReportQueue\\NonCritical_10.0.14393.1794_c189c1b5ca61634d86cf376f6ee59b177cad41_00000000_0dbb505f",
            "param19": "0",
            "param2": "0",
            "param20": "b52d9a3d-5b2c-11ea-8b84-000c290be9e1",
            "param21": "2",
            "param3": "WindowsUpdateFailure3",
            "param4": "Not available",
            "param5": "0",
            "param6": "10.0.14393.1794",
            "param7": "8024402c",
            "param8": "00000000-0000-0000-0000-000000000000",
            "param9": "Scan"
          },
          "event_id": 1001,
          "keywords": [
            "Classic"
          ],
          "level": "Information",
          "log_name": "Application",
          "message": "Fault bucket , type 0\nEvent Name: WindowsUpdateFailure3\nResponse: Not available\nCab Id: 0\n\nProblem signature:\nP1: 10.0.14393.1794\nP2: 8024402c\nP3: 00000000-0000-0000-0000-000000000000\nP4: Scan\nP5: 0\nP6: 0\nP7: 8024500b\nP8: TrustedInstaller FOD\nP9: {9482F4B4-E343-43B6-B170-9A65BC822C77}\nP10: 0\n\nAttached files:\n\nThese files may be available here:\nC:\\ProgramData\\Microsoft\\Windows\\WER\\ReportQueue\\NonCritical_10.0.14393.1794_c189c1b5ca61634d86cf376f6ee59b177cad41_00000000_0dbb505f\n\nAnalysis symbol: \nRechecking for solution: 0\nReport Id: b52d9a3d-5b2c-11ea-8b84-000c290be9e1\nReport Status: 2\nHashed bucket: ",
          "opcode": "Info",
          "record_number": "23925",
          "source_name": "Windows Error Reporting",
          "type": "wineventlog"
        },
        "fields": {
          "@timestamp": [
            1583264299619
          ]
        },
        "sort": [
          1583264299619
        ]
      },
      {
        "_index": "winlogbeat-2020.03.03",
        "_type": "wineventlog",
        "_id": "AXCh7DJCn_lBW985KybS",
        "_version": 1,
        "_score": null,
        "_source": {
          "@timestamp": "2020-03-03T19:38:19.556Z",
          "beat": {
            "hostname": "DC",
            "name": "server",
            "version": "5.4.0"
          },
          "computer_name": "DC.Giacobeville.com",
          "event_data": {
            "param10": "0",
            "param11": "0",
            "param12": "8024500b",
            "param13": "UpdateOrchestrator",
            "param14": "{9482F4B4-E343-43B6-B170-9A65BC822C77}",
            "param15": "0",
            "param17": "C:\\ProgramData\\Microsoft\\Windows\\WER\\ReportQueue\\NonCritical_10.0.14393.1794_0aa1bcfffba3a89dd0b26a56a540de52375382_00000000_0f60eb8b",
            "param19": "0",
            "param2": "0",
            "param20": "93ab9d0d-5b22-11ea-8b84-000c290be9e1",
            "param21": "2",
            "param3": "WindowsUpdateFailure3",
            "param4": "Not available",
            "param5": "0",
            "param6": "10.0.14393.1794",
            "param7": "8024402c",
            "param8": "00000000-0000-0000-0000-000000000000",
            "param9": "Scan"
          },
          "event_id": 1001,
          "keywords": [
            "Classic"
          ],
          "level": "Information",
          "log_name": "Application",
          "message": "Fault bucket , type 0\nEvent Name: WindowsUpdateFailure3\nResponse: Not available\nCab Id: 0\n\nProblem signature:\nP1: 10.0.14393.1794\nP2: 8024402c\nP3: 00000000-0000-0000-0000-000000000000\nP4: Scan\nP5: 0\nP6: 0\nP7: 8024500b\nP8: UpdateOrchestrator\nP9: {9482F4B4-E343-43B6-B170-9A65BC822C77}\nP10: 0\n\nAttached files:\n\nThese files may be available here:\nC:\\ProgramData\\Microsoft\\Windows\\WER\\ReportQueue\\NonCritical_10.0.14393.1794_0aa1bcfffba3a89dd0b26a56a540de52375382_00000000_0f60eb8b\n\nAnalysis symbol: \nRechecking for solution: 0\nReport Id: 93ab9d0d-5b22-11ea-8b84-000c290be9e1\nReport Status: 2\nHashed bucket: ",
          "opcode": "Info",
          "record_number": "23924",
          "source_name": "Windows Error Reporting",
          "type": "wineventlog"
        },
        "fields": {
          "@timestamp": [
            1583264299556
          ]
        },
        "sort": [
          1583264299556
        ]
      },
      {
        "_index": "winlogbeat-2020.03.03",
        "_type": "wineventlog",
        "_id": "AXCh7C4mn_lBW985KybL",
        "_version": 1,
        "_score": null,
        "_source": {
          "@timestamp": "2020-03-03T19:38:19.430Z",
          "beat": {
            "hostname": "DC",
            "name": "server",
            "version": "5.4.0"
          },
          "computer_name": "DC.Giacobeville.com",
          "event_data": {
            "param10": "0",
            "param11": "0",
            "param12": "8024500b",
            "param13": "Windows Defender (77BDAF73-B396-481F-9042-AD358843EC24)",
            "param14": "{9482F4B4-E343-43B6-B170-9A65BC822C77}",
            "param15": "0",
            "param17": "C:\\ProgramData\\Microsoft\\Windows\\WER\\ReportQueue\\NonCritical_10.0.14393.1794_24e185414aea5cc9f14f719cd15386584201a_00000000_0829f1b5",
            "param19": "0",
            "param2": "0",
            "param20": "6a10da22-5a66-11ea-8b84-000c290be9e1",
            "param21": "2",
            "param3": "WindowsUpdateFailure3",
            "param4": "Not available",
            "param5": "0",
            "param6": "10.0.14393.1794",
            "param7": "8024402c",
            "param8": "00000000-0000-0000-0000-000000000000",
            "param9": "Scan"
          },
          "event_id": 1001,
          "keywords": [
            "Classic"
          ],
          "level": "Information",
          "log_name": "Application",
          "message": "Fault bucket , type 0\nEvent Name: WindowsUpdateFailure3\nResponse: Not available\nCab Id: 0\n\nProblem signature:\nP1: 10.0.14393.1794\nP2: 8024402c\nP3: 00000000-0000-0000-0000-000000000000\nP4: Scan\nP5: 0\nP6: 0\nP7: 8024500b\nP8: Windows Defender (77BDAF73-B396-481F-9042-AD358843EC24)\nP9: {9482F4B4-E343-43B6-B170-9A65BC822C77}\nP10: 0\n\nAttached files:\n\nThese files may be available here:\nC:\\ProgramData\\Microsoft\\Windows\\WER\\ReportQueue\\NonCritical_10.0.14393.1794_24e185414aea5cc9f14f719cd15386584201a_00000000_0829f1b5\n\nAnalysis symbol: \nRechecking for solution: 0\nReport Id: 6a10da22-5a66-11ea-8b84-000c290be9e1\nReport Status: 2\nHashed bucket: ",
          "opcode": "Info",
          "record_number": "23923",
          "source_name": "Windows Error Reporting",
          "type": "wineventlog"
        },
        "fields": {
          "@timestamp": [
            1583264299430
          ]
        },
        "sort": [
          1583264299430
        ]
      },
      {
        "_index": "winlogbeat-2020.03.03",
        "_type": "wineventlog",
        "_id": "AXCh7C4En_lBW985KybK",
        "_version": 1,
        "_score": null,
        "_source": {
          "@timestamp": "2020-03-03T19:38:19.373Z",
          "beat": {
            "hostname": "DC",
            "name": "server",
            "version": "5.4.0"
          },
          "computer_name": "DC.Giacobeville.com",
          "event_data": {
            "param10": "0",
            "param11": "0",
            "param12": "0",
            "param13": "<<PROCESS>>: CompatTelRunner.exe",
            "param14": "{04C36D92-9ADA-46F5-BAAE-CB61F4AAB785}",
            "param15": "0",
            "param16": "\n\\\\?\\C:\\ProgramData\\Microsoft\\Windows\\WER\\Temp\\WER39B1.tmp.WERInternalMetadata.xml",
            "param17": "C:\\ProgramData\\Microsoft\\Windows\\WER\\ReportQueue\\NonCritical_10.0.14393.1794_71c4558c202ada8db2252fa3ad475dd40912762_00000000_cab_1ddf3a1e",
            "param19": "0",
            "param2": "0",
            "param20": "c7590917-5a64-11ea-8b84-000c290be9e1",
            "param21": "2",
            "param3": "WindowsUpdateFailure3",
            "param4": "Not available",
            "param5": "0",
            "param6": "10.0.14393.1794",
            "param7": "80248014",
            "param8": "00000000-0000-0000-0000-000000000000",
            "param9": "Scan"
          },
          "event_id": 1001,
          "keywords": [
            "Classic"
          ],
          "level": "Information",
          "log_name": "Application",
          "message": "Fault bucket , type 0\nEvent Name: WindowsUpdateFailure3\nResponse: Not available\nCab Id: 0\n\nProblem signature:\nP1: 10.0.14393.1794\nP2: 80248014\nP3: 00000000-0000-0000-0000-000000000000\nP4: Scan\nP5: 0\nP6: 0\nP7: 0\nP8: <<PROCESS>>: CompatTelRunner.exe\nP9: {04C36D92-9ADA-46F5-BAAE-CB61F4AAB785}\nP10: 0\n\nAttached files:\n\\\\?\\C:\\ProgramData\\Microsoft\\Windows\\WER\\Temp\\WER39B1.tmp.WERInternalMetadata.xml\n\nThese files may be available here:\nC:\\ProgramData\\Microsoft\\Windows\\WER\\ReportQueue\\NonCritical_10.0.14393.1794_71c4558c202ada8db2252fa3ad475dd40912762_00000000_cab_1ddf3a1e\n\nAnalysis symbol: \nRechecking for solution: 0\nReport Id: c7590917-5a64-11ea-8b84-000c290be9e1\nReport Status: 2\nHashed bucket: ",
          "opcode": "Info",
          "record_number": "23922",
          "source_name": "Windows Error Reporting",
          "type": "wineventlog"
        },
        "fields": {
          "@timestamp": [
            1583264299373
          ]
        },
        "sort": [
          1583264299373
        ]
      },
      {
        "_index": "winlogbeat-2020.03.03",
        "_type": "wineventlog",
        "_id": "AXCh7C4En_lBW985KybJ",
        "_version": 1,
        "_score": null,
        "_source": {
          "@timestamp": "2020-03-03T19:38:19.319Z",
          "beat": {
            "hostname": "DC",
            "name": "server",
            "version": "5.4.0"
          },
          "computer_name": "DC.Giacobeville.com",
          "event_data": {
            "param10": "0",
            "param11": "0",
            "param12": "8024500b",
            "param13": "TrustedInstaller FOD",
            "param14": "{9482F4B4-E343-43B6-B170-9A65BC822C77}",
            "param15": "0",
            "param17": "C:\\ProgramData\\Microsoft\\Windows\\WER\\ReportQueue\\NonCritical_10.0.14393.1794_c189c1b5ca61634d86cf376f6ee59b177cad41_00000000_1dff39c0",
            "param19": "0",
            "param2": "0",
            "param20": "c7590916-5a64-11ea-8b84-000c290be9e1",
            "param21": "2",
            "param3": "WindowsUpdateFailure3",
            "param4": "Not available",
            "param5": "0",
            "param6": "10.0.14393.1794",
            "param7": "8024402c",
            "param8": "00000000-0000-0000-0000-000000000000",
            "param9": "Scan"
          },
          "event_id": 1001,
          "keywords": [
            "Classic"
          ],
          "level": "Information",
          "log_name": "Application",
          "message": "Fault bucket , type 0\nEvent Name: WindowsUpdateFailure3\nResponse: Not available\nCab Id: 0\n\nProblem signature:\nP1: 10.0.14393.1794\nP2: 8024402c\nP3: 00000000-0000-0000-0000-000000000000\nP4: Scan\nP5: 0\nP6: 0\nP7: 8024500b\nP8: TrustedInstaller FOD\nP9: {9482F4B4-E343-43B6-B170-9A65BC822C77}\nP10: 0\n\nAttached files:\n\nThese files may be available here:\nC:\\ProgramData\\Microsoft\\Windows\\WER\\ReportQueue\\NonCritical_10.0.14393.1794_c189c1b5ca61634d86cf376f6ee59b177cad41_00000000_1dff39c0\n\nAnalysis symbol: \nRechecking for solution: 0\nReport Id: c7590916-5a64-11ea-8b84-000c290be9e1\nReport Status: 2\nHashed bucket: ",
          "opcode": "Info",
          "record_number": "23921",
          "source_name": "Windows Error Reporting",
          "type": "wineventlog"
        },
        "fields": {
          "@timestamp": [
            1583264299319
          ]
        },
        "sort": [
          1583264299319
        ]
      },
      {
        "_index": "winlogbeat-2020.03.03",
        "_type": "wineventlog",
        "_id": "AXCh7C4En_lBW985KybI",
        "_version": 1,
        "_score": null,
        "_source": {
          "@timestamp": "2020-03-03T19:38:19.273Z",
          "beat": {
            "hostname": "DC",
            "name": "server",
            "version": "5.4.0"
          },
          "computer_name": "DC.Giacobeville.com",
          "event_data": {
            "param10": "0",
            "param11": "0",
            "param12": "0",
            "param13": "<<PROCESS>>: CompatTelRunner.exe",
            "param14": "{D7646B9D-26ED-42F3-B849-A7E460C035C8}",
            "param15": "0",
            "param16": "\n\\\\?\\C:\\ProgramData\\Microsoft\\Windows\\WER\\Temp\\WERE02C.tmp.WERInternalMetadata.xml",
            "param17": "C:\\ProgramData\\Microsoft\\Windows\\WER\\ReportQueue\\NonCritical_10.0.14393.1794_aee2bb42f41c31fe7ad1e9547575b523e35bb3_00000000_cab_1915e089",
            "param19": "0",
            "param2": "0",
            "param20": "92a5d2c1-5a64-11ea-8b84-000c290be9e1",
            "param21": "2",
            "param3": "WindowsUpdateFailure3",
            "param4": "Not available",
            "param5": "0",
            "param6": "10.0.14393.1794",
            "param7": "80240007",
            "param8": "00000000-0000-0000-0000-000000000000",
            "param9": "Scan"
          },
          "event_id": 1001,
          "keywords": [
            "Classic"
          ],
          "level": "Information",
          "log_name": "Application",
          "message": "Fault bucket , type 0\nEvent Name: WindowsUpdateFailure3\nResponse: Not available\nCab Id: 0\n\nProblem signature:\nP1: 10.0.14393.1794\nP2: 80240007\nP3: 00000000-0000-0000-0000-000000000000\nP4: Scan\nP5: 0\nP6: 0\nP7: 0\nP8: <<PROCESS>>: CompatTelRunner.exe\nP9: {D7646B9D-26ED-42F3-B849-A7E460C035C8}\nP10: 0\n\nAttached files:\n\\\\?\\C:\\ProgramData\\Microsoft\\Windows\\WER\\Temp\\WERE02C.tmp.WERInternalMetadata.xml\n\nThese files may be available here:\nC:\\ProgramData\\Microsoft\\Windows\\WER\\ReportQueue\\NonCritical_10.0.14393.1794_aee2bb42f41c31fe7ad1e9547575b523e35bb3_00000000_cab_1915e089\n\nAnalysis symbol: \nRechecking for solution: 0\nReport Id: 92a5d2c1-5a64-11ea-8b84-000c290be9e1\nReport Status: 2\nHashed bucket: ",
          "opcode": "Info",
          "record_number": "23920",
          "source_name": "Windows Error Reporting",
          "type": "wineventlog"
        },
        "fields": {
          "@timestamp": [
            1583264299273
          ]
        },
        "sort": [
          1583264299273
        ]
      },
      {
        "_index": "winlogbeat-2020.03.03",
        "_type": "wineventlog",
        "_id": "AXCh7C4En_lBW985KybH",
        "_version": 1,
        "_score": null,
        "_source": {
          "@timestamp": "2020-03-03T19:38:19.231Z",
          "beat": {
            "hostname": "DC",
            "name": "server",
            "version": "5.4.0"
          },
          "computer_name": "DC.Giacobeville.com",
          "event_data": {
            "param10": "0",
            "param11": "0",
            "param12": "8024500b",
            "param13": "Windows Defender (77BDAF73-B396-481F-9042-AD358843EC24)",
            "param14": "{9482F4B4-E343-43B6-B170-9A65BC822C77}",
            "param15": "0",
            "param17": "C:\\ProgramData\\Microsoft\\Windows\\WER\\ReportQueue\\NonCritical_10.0.14393.1794_24e185414aea5cc9f14f719cd15386584201a_00000000_1adb30da",
            "param19": "0",
            "param2": "0",
            "param20": "29c35cec-5a64-11ea-8b84-000c290be9e1",
            "param21": "2",
            "param3": "WindowsUpdateFailure3",
            "param4": "Not available",
            "param5": "0",
            "param6": "10.0.14393.1794",
            "param7": "8024402c",
            "param8": "00000000-0000-0000-0000-000000000000",
            "param9": "Scan"
          },
          "event_id": 1001,
          "keywords": [
            "Classic"
          ],
          "level": "Information",
          "log_name": "Application",
          "message": "Fault bucket , type 0\nEvent Name: WindowsUpdateFailure3\nResponse: Not available\nCab Id: 0\n\nProblem signature:\nP1: 10.0.14393.1794\nP2: 8024402c\nP3: 00000000-0000-0000-0000-000000000000\nP4: Scan\nP5: 0\nP6: 0\nP7: 8024500b\nP8: Windows Defender (77BDAF73-B396-481F-9042-AD358843EC24)\nP9: {9482F4B4-E343-43B6-B170-9A65BC822C77}\nP10: 0\n\nAttached files:\n\nThese files may be available here:\nC:\\ProgramData\\Microsoft\\Windows\\WER\\ReportQueue\\NonCritical_10.0.14393.1794_24e185414aea5cc9f14f719cd15386584201a_00000000_1adb30da\n\nAnalysis symbol: \nRechecking for solution: 0\nReport Id: 29c35cec-5a64-11ea-8b84-000c290be9e1\nReport Status: 2\nHashed bucket: ",
          "opcode": "Info",
          "record_number": "23919",
          "source_name": "Windows Error Reporting",
          "type": "wineventlog"
        },
        "fields": {
          "@timestamp": [
            1583264299231
          ]
        },
        "sort": [
          1583264299231
        ]
      },
      {
        "_index": "winlogbeat-2020.03.03",
        "_type": "wineventlog",
        "_id": "AXCh7C4En_lBW985KybG",
        "_version": 1,
        "_score": null,
        "_source": {
          "@timestamp": "2020-03-03T19:38:19.173Z",
          "beat": {
            "hostname": "DC",
            "name": "server",
            "version": "5.4.0"
          },
          "computer_name": "DC.Giacobeville.com",
          "event_data": {
            "param10": "0",
            "param11": "0",
            "param12": "8024500b",
            "param13": "TrustedInstaller FOD",
            "param14": "{9482F4B4-E343-43B6-B170-9A65BC822C77}",
            "param15": "0",
            "param17": "C:\\ProgramData\\Microsoft\\Windows\\WER\\ReportQueue\\NonCritical_10.0.14393.1794_c189c1b5ca61634d86cf376f6ee59b177cad41_00000000_06908293",
            "param19": "0",
            "param2": "0",
            "param20": "c10a6bc4-5a63-11ea-8b84-000c290be9e1",
            "param21": "2",
            "param3": "WindowsUpdateFailure3",
            "param4": "Not available",
            "param5": "0",
            "param6": "10.0.14393.1794",
            "param7": "8024402c",
            "param8": "00000000-0000-0000-0000-000000000000",
            "param9": "Scan"
          },
          "event_id": 1001,
          "keywords": [
            "Classic"
          ],
          "level": "Information",
          "log_name": "Application",
          "message": "Fault bucket , type 0\nEvent Name: WindowsUpdateFailure3\nResponse: Not available\nCab Id: 0\n\nProblem signature:\nP1: 10.0.14393.1794\nP2: 8024402c\nP3: 00000000-0000-0000-0000-000000000000\nP4: Scan\nP5: 0\nP6: 0\nP7: 8024500b\nP8: TrustedInstaller FOD\nP9: {9482F4B4-E343-43B6-B170-9A65BC822C77}\nP10: 0\n\nAttached files:\n\nThese files may be available here:\nC:\\ProgramData\\Microsoft\\Windows\\WER\\ReportQueue\\NonCritical_10.0.14393.1794_c189c1b5ca61634d86cf376f6ee59b177cad41_00000000_06908293\n\nAnalysis symbol: \nRechecking for solution: 0\nReport Id: c10a6bc4-5a63-11ea-8b84-000c290be9e1\nReport Status: 2\nHashed bucket: ",
          "opcode": "Info",
          "record_number": "23918",
          "source_name": "Windows Error Reporting",
          "type": "wineventlog"
        },
        "fields": {
          "@timestamp": [
            1583264299173
          ]
        },
        "sort": [
          1583264299173
        ]
      },
      {
        "_index": "winlogbeat-2020.03.03",
        "_type": "wineventlog",
        "_id": "AXCh7C4En_lBW985KybF",
        "_version": 1,
        "_score": null,
        "_source": {
          "@timestamp": "2020-03-03T19:38:19.122Z",
          "beat": {
            "hostname": "DC",
            "name": "server",
            "version": "5.4.0"
          },
          "computer_name": "DC.Giacobeville.com",
          "event_data": {
            "param10": "0",
            "param11": "0",
            "param12": "8024500b",
            "param13": "UpdateOrchestrator",
            "param14": "{9482F4B4-E343-43B6-B170-9A65BC822C77}",
            "param15": "0",
            "param17": "C:\\ProgramData\\Microsoft\\Windows\\WER\\ReportQueue\\NonCritical_10.0.14393.1794_0aa1bcfffba3a89dd0b26a56a540de52375382_00000000_1af1af42",
            "param19": "0",
            "param2": "0",
            "param20": "b66efb13-5a62-11ea-8b84-000c290be9e1",
            "param21": "2",
            "param3": "WindowsUpdateFailure3",
            "param4": "Not available",
            "param5": "0",
            "param6": "10.0.14393.1794",
            "param7": "8024402c",
            "param8": "00000000-0000-0000-0000-000000000000",
            "param9": "Scan"
          },
          "event_id": 1001,
          "keywords": [
            "Classic"
          ],
          "level": "Information",
          "log_name": "Application",
          "message": "Fault bucket , type 0\nEvent Name: WindowsUpdateFailure3\nResponse: Not available\nCab Id: 0\n\nProblem signature:\nP1: 10.0.14393.1794\nP2: 8024402c\nP3: 00000000-0000-0000-0000-000000000000\nP4: Scan\nP5: 0\nP6: 0\nP7: 8024500b\nP8: UpdateOrchestrator\nP9: {9482F4B4-E343-43B6-B170-9A65BC822C77}\nP10: 0\n\nAttached files:\n\nThese files may be available here:\nC:\\ProgramData\\Microsoft\\Windows\\WER\\ReportQueue\\NonCritical_10.0.14393.1794_0aa1bcfffba3a89dd0b26a56a540de52375382_00000000_1af1af42\n\nAnalysis symbol: \nRechecking for solution: 0\nReport Id: b66efb13-5a62-11ea-8b84-000c290be9e1\nReport Status: 2\nHashed bucket: ",
          "opcode": "Info",
          "record_number": "23917",
          "source_name": "Windows Error Reporting",
          "type": "wineventlog"
        },
        "fields": {
          "@timestamp": [
            1583264299122
          ]
        },
        "sort": [
          1583264299122
        ]
      },
      {
        "_index": "winlogbeat-2020.03.03",
        "_type": "wineventlog",
        "_id": "AXCh7C4En_lBW985KybE",
        "_version": 1,
        "_score": null,
        "_source": {
          "@timestamp": "2020-03-03T19:38:19.077Z",
          "beat": {
            "hostname": "DC",
            "name": "server",
            "version": "5.4.0"
          },
          "computer_name": "DC.Giacobeville.com",
          "event_data": {
            "param10": "0",
            "param11": "0",
            "param12": "8024500b",
            "param13": "Windows Defender (77BDAF73-B396-481F-9042-AD358843EC24)",
            "param14": "{9482F4B4-E343-43B6-B170-9A65BC822C77}",
            "param15": "0",
            "param17": "C:\\ProgramData\\Microsoft\\Windows\\WER\\ReportQueue\\NonCritical_10.0.14393.1794_24e185414aea5cc9f14f719cd15386584201a_00000000_004ecae7",
            "param19": "0",
            "param2": "0",
            "param20": "44cda968-5a62-11ea-8b84-000c290be9e1",
            "param21": "2",
            "param3": "WindowsUpdateFailure3",
            "param4": "Not available",
            "param5": "0",
            "param6": "10.0.14393.1794",
            "param7": "8024402c",
            "param8": "00000000-0000-0000-0000-000000000000",
            "param9": "Scan"
          },
          "event_id": 1001,
          "keywords": [
            "Classic"
          ],
          "level": "Information",
          "log_name": "Application",
          "message": "Fault bucket , type 0\nEvent Name: WindowsUpdateFailure3\nResponse: Not available\nCab Id: 0\n\nProblem signature:\nP1: 10.0.14393.1794\nP2: 8024402c\nP3: 00000000-0000-0000-0000-000000000000\nP4: Scan\nP5: 0\nP6: 0\nP7: 8024500b\nP8: Windows Defender (77BDAF73-B396-481F-9042-AD358843EC24)\nP9: {9482F4B4-E343-43B6-B170-9A65BC822C77}\nP10: 0\n\nAttached files:\n\nThese files may be available here:\nC:\\ProgramData\\Microsoft\\Windows\\WER\\ReportQueue\\NonCritical_10.0.14393.1794_24e185414aea5cc9f14f719cd15386584201a_00000000_004ecae7\n\nAnalysis symbol: \nRechecking for solution: 0\nReport Id: 44cda968-5a62-11ea-8b84-000c290be9e1\nReport Status: 2\nHashed bucket: ",
          "opcode": "Info",
          "record_number": "23916",
          "source_name": "Windows Error Reporting",
          "type": "wineventlog"
        },
        "fields": {
          "@timestamp": [
            1583264299077
          ]
        },
        "sort": [
          1583264299077
        ]
      },
      {
        "_index": "winlogbeat-2020.03.03",
        "_type": "wineventlog",
        "_id": "AXCh7C4En_lBW985KybD",
        "_version": 1,
        "_score": null,
        "_source": {
          "@timestamp": "2020-03-03T19:38:19.035Z",
          "beat": {
            "hostname": "DC",
            "name": "server",
            "version": "5.4.0"
          },
          "computer_name": "DC.Giacobeville.com",
          "event_data": {
            "param10": "0",
            "param11": "0",
            "param12": "8024500b",
            "param13": "Windows Defender (77BDAF73-B396-481F-9042-AD358843EC24)",
            "param14": "{9482F4B4-E343-43B6-B170-9A65BC822C77}",
            "param15": "0",
            "param17": "C:\\ProgramData\\Microsoft\\Windows\\WER\\ReportQueue\\NonCritical_10.0.14393.1794_24e185414aea5cc9f14f719cd15386584201a_00000000_157cde3d",
            "param19": "0",
            "param2": "0",
            "param20": "03e82066-59ae-11ea-8b83-000c290be9e1",
            "param21": "2",
            "param3": "WindowsUpdateFailure3",
            "param4": "Not available",
            "param5": "0",
            "param6": "10.0.14393.1794",
            "param7": "8024402c",
            "param8": "00000000-0000-0000-0000-000000000000",
            "param9": "Scan"
          },
          "event_id": 1001,
          "keywords": [
            "Classic"
          ],
          "level": "Information",
          "log_name": "Application",
          "message": "Fault bucket , type 0\nEvent Name: WindowsUpdateFailure3\nResponse: Not available\nCab Id: 0\n\nProblem signature:\nP1: 10.0.14393.1794\nP2: 8024402c\nP3: 00000000-0000-0000-0000-000000000000\nP4: Scan\nP5: 0\nP6: 0\nP7: 8024500b\nP8: Windows Defender (77BDAF73-B396-481F-9042-AD358843EC24)\nP9: {9482F4B4-E343-43B6-B170-9A65BC822C77}\nP10: 0\n\nAttached files:\n\nThese files may be available here:\nC:\\ProgramData\\Microsoft\\Windows\\WER\\ReportQueue\\NonCritical_10.0.14393.1794_24e185414aea5cc9f14f719cd15386584201a_00000000_157cde3d\n\nAnalysis symbol: \nRechecking for solution: 0\nReport Id: 03e82066-59ae-11ea-8b83-000c290be9e1\nReport Status: 2\nHashed bucket: ",
          "opcode": "Info",
          "record_number": "23915",
          "source_name": "Windows Error Reporting",
          "type": "wineventlog"
        },
        "fields": {
          "@timestamp": [
            1583264299035
          ]
        },
        "sort": [
          1583264299035
        ]
      },
      {
        "_index": "winlogbeat-2020.03.03",
        "_type": "wineventlog",
        "_id": "AXCh7C4En_lBW985KybC",
        "_version": 1,
        "_score": null,
        "_source": {
          "@timestamp": "2020-03-03T19:38:18.993Z",
          "beat": {
            "hostname": "DC",
            "name": "server",
            "version": "5.4.0"
          },
          "computer_name": "DC.Giacobeville.com",
          "event_data": {
            "param10": "0",
            "param11": "0",
            "param12": "8024500b",
            "param13": "TrustedInstaller FOD",
            "param14": "{9482F4B4-E343-43B6-B170-9A65BC822C77}",
            "param15": "0",
            "param17": "C:\\ProgramData\\Microsoft\\Windows\\WER\\ReportQueue\\NonCritical_10.0.14393.1794_c189c1b5ca61634d86cf376f6ee59b177cad41_00000000_0546339f",
            "param19": "0",
            "param2": "0",
            "param20": "9bd0f0a3-59ad-11ea-8b83-000c290be9e1",
            "param21": "2",
            "param3": "WindowsUpdateFailure3",
            "param4": "Not available",
            "param5": "0",
            "param6": "10.0.14393.1794",
            "param7": "8024402c",
            "param8": "00000000-0000-0000-0000-000000000000",
            "param9": "Scan"
          },
          "event_id": 1001,
          "keywords": [
            "Classic"
          ],
          "level": "Information",
          "log_name": "Application",
          "message": "Fault bucket , type 0\nEvent Name: WindowsUpdateFailure3\nResponse: Not available\nCab Id: 0\n\nProblem signature:\nP1: 10.0.14393.1794\nP2: 8024402c\nP3: 00000000-0000-0000-0000-000000000000\nP4: Scan\nP5: 0\nP6: 0\nP7: 8024500b\nP8: TrustedInstaller FOD\nP9: {9482F4B4-E343-43B6-B170-9A65BC822C77}\nP10: 0\n\nAttached files:\n\nThese files may be available here:\nC:\\ProgramData\\Microsoft\\Windows\\WER\\ReportQueue\\NonCritical_10.0.14393.1794_c189c1b5ca61634d86cf376f6ee59b177cad41_00000000_0546339f\n\nAnalysis symbol: \nRechecking for solution: 0\nReport Id: 9bd0f0a3-59ad-11ea-8b83-000c290be9e1\nReport Status: 2\nHashed bucket: ",
          "opcode": "Info",
          "record_number": "23914",
          "source_name": "Windows Error Reporting",
          "type": "wineventlog"
        },
        "fields": {
          "@timestamp": [
            1583264298993
          ]
        },
        "sort": [
          1583264298993
        ]
      },
      {
        "_index": "winlogbeat-2020.03.03",
        "_type": "wineventlog",
        "_id": "AXCh7C4En_lBW985KybB",
        "_version": 1,
        "_score": null,
        "_source": {
          "@timestamp": "2020-03-03T19:38:18.945Z",
          "beat": {
            "hostname": "DC",
            "name": "server",
            "version": "5.4.0"
          },
          "computer_name": "DC.Giacobeville.com",
          "event_data": {
            "param10": "0",
            "param11": "0",
            "param12": "8024500b",
            "param13": "UpdateOrchestrator",
            "param14": "{9482F4B4-E343-43B6-B170-9A65BC822C77}",
            "param15": "0",
            "param17": "C:\\ProgramData\\Microsoft\\Windows\\WER\\ReportQueue\\NonCritical_10.0.14393.1794_0aa1bcfffba3a89dd0b26a56a540de52375382_00000000_1fe38f4b",
            "param19": "0",
            "param2": "0",
            "param20": "34a02bbf-59ad-11ea-8b83-000c290be9e1",
            "param21": "2",
            "param3": "WindowsUpdateFailure3",
            "param4": "Not available",
            "param5": "0",
            "param6": "10.0.14393.1794",
            "param7": "8024402c",
            "param8": "00000000-0000-0000-0000-000000000000",
            "param9": "Scan"
          },
          "event_id": 1001,
          "keywords": [
            "Classic"
          ],
          "level": "Information",
          "log_name": "Application",
          "message": "Fault bucket , type 0\nEvent Name: WindowsUpdateFailure3\nResponse: Not available\nCab Id: 0\n\nProblem signature:\nP1: 10.0.14393.1794\nP2: 8024402c\nP3: 00000000-0000-0000-0000-000000000000\nP4: Scan\nP5: 0\nP6: 0\nP7: 8024500b\nP8: UpdateOrchestrator\nP9: {9482F4B4-E343-43B6-B170-9A65BC822C77}\nP10: 0\n\nAttached files:\n\nThese files may be available here:\nC:\\ProgramData\\Microsoft\\Windows\\WER\\ReportQueue\\NonCritical_10.0.14393.1794_0aa1bcfffba3a89dd0b26a56a540de52375382_00000000_1fe38f4b\n\nAnalysis symbol: \nRechecking for solution: 0\nReport Id: 34a02bbf-59ad-11ea-8b83-000c290be9e1\nReport Status: 2\nHashed bucket: ",
          "opcode": "Info",
          "record_number": "23913",
          "source_name": "Windows Error Reporting",
          "type": "wineventlog"
        },
        "fields": {
          "@timestamp": [
            1583264298945
          ]
        },
        "sort": [
          1583264298945
        ]
      },
      {
        "_index": "winlogbeat-2020.03.03",
        "_type": "wineventlog",
        "_id": "AXCh7C4En_lBW985KybA",
        "_version": 1,
        "_score": null,
        "_source": {
          "@timestamp": "2020-03-03T19:38:18.897Z",
          "beat": {
            "hostname": "DC",
            "name": "server",
            "version": "5.4.0"
          },
          "computer_name": "DC.Giacobeville.com",
          "event_data": {
            "param10": "0",
            "param11": "0",
            "param12": "8024500b",
            "param13": "TrustedInstaller FOD",
            "param14": "{9482F4B4-E343-43B6-B170-9A65BC822C77}",
            "param15": "0",
            "param17": "C:\\ProgramData\\Microsoft\\Windows\\WER\\ReportQueue\\NonCritical_10.0.14393.1794_c189c1b5ca61634d86cf376f6ee59b177cad41_00000000_1eee2fce",
            "param19": "0",
            "param2": "0",
            "param20": "62b5e378-59ac-11ea-8b83-000c290be9e1",
            "param21": "2",
            "param3": "WindowsUpdateFailure3",
            "param4": "Not available",
            "param5": "0",
            "param6": "10.0.14393.1794",
            "param7": "8024402c",
            "param8": "00000000-0000-0000-0000-000000000000",
            "param9": "Scan"
          },
          "event_id": 1001,
          "keywords": [
            "Classic"
          ],
          "level": "Information",
          "log_name": "Application",
          "message": "Fault bucket , type 0\nEvent Name: WindowsUpdateFailure3\nResponse: Not available\nCab Id: 0\n\nProblem signature:\nP1: 10.0.14393.1794\nP2: 8024402c\nP3: 00000000-0000-0000-0000-000000000000\nP4: Scan\nP5: 0\nP6: 0\nP7: 8024500b\nP8: TrustedInstaller FOD\nP9: {9482F4B4-E343-43B6-B170-9A65BC822C77}\nP10: 0\n\nAttached files:\n\nThese files may be available here:\nC:\\ProgramData\\Microsoft\\Windows\\WER\\ReportQueue\\NonCritical_10.0.14393.1794_c189c1b5ca61634d86cf376f6ee59b177cad41_00000000_1eee2fce\n\nAnalysis symbol: \nRechecking for solution: 0\nReport Id: 62b5e378-59ac-11ea-8b83-000c290be9e1\nReport Status: 2\nHashed bucket: ",
          "opcode": "Info",
          "record_number": "23912",
          "source_name": "Windows Error Reporting",
          "type": "wineventlog"
        },
        "fields": {
          "@timestamp": [
            1583264298897
          ]
        },
        "sort": [
          1583264298897
        ]
      },
      {
        "_index": "winlogbeat-2020.03.03",
        "_type": "wineventlog",
        "_id": "AXCh7C4En_lBW985Kya_",
        "_version": 1,
        "_score": null,
        "_source": {
          "@timestamp": "2020-03-03T19:38:18.852Z",
          "beat": {
            "hostname": "DC",
            "name": "server",
            "version": "5.4.0"
          },
          "computer_name": "DC.Giacobeville.com",
          "event_data": {
            "param10": "0",
            "param11": "0",
            "param12": "8024500b",
            "param13": "Windows Defender (77BDAF73-B396-481F-9042-AD358843EC24)",
            "param14": "{9482F4B4-E343-43B6-B170-9A65BC822C77}",
            "param15": "0",
            "param17": "C:\\ProgramData\\Microsoft\\Windows\\WER\\ReportQueue\\NonCritical_10.0.14393.1794_24e185414aea5cc9f14f719cd15386584201a_00000000_1d2de2c1",
            "param19": "0",
            "param2": "0",
            "param20": "236032f9-58e1-11ea-8b83-000c290be9e1",
            "param21": "2",
            "param3": "WindowsUpdateFailure3",
            "param4": "Not available",
            "param5": "0",
            "param6": "10.0.14393.1794",
            "param7": "8024402c",
            "param8": "00000000-0000-0000-0000-000000000000",
            "param9": "Scan"
          },
          "event_id": 1001,
          "keywords": [
            "Classic"
          ],
          "level": "Information",
          "log_name": "Application",
          "message": "Fault bucket , type 0\nEvent Name: WindowsUpdateFailure3\nResponse: Not available\nCab Id: 0\n\nProblem signature:\nP1: 10.0.14393.1794\nP2: 8024402c\nP3: 00000000-0000-0000-0000-000000000000\nP4: Scan\nP5: 0\nP6: 0\nP7: 8024500b\nP8: Windows Defender (77BDAF73-B396-481F-9042-AD358843EC24)\nP9: {9482F4B4-E343-43B6-B170-9A65BC822C77}\nP10: 0\n\nAttached files:\n\nThese files may be available here:\nC:\\ProgramData\\Microsoft\\Windows\\WER\\ReportQueue\\NonCritical_10.0.14393.1794_24e185414aea5cc9f14f719cd15386584201a_00000000_1d2de2c1\n\nAnalysis symbol: \nRechecking for solution: 0\nReport Id: 236032f9-58e1-11ea-8b83-000c290be9e1\nReport Status: 2\nHashed bucket: ",
          "opcode": "Info",
          "record_number": "23911",
          "source_name": "Windows Error Reporting",
          "type": "wineventlog"
        },
        "fields": {
          "@timestamp": [
            1583264298852
          ]
        },
        "sort": [
          1583264298852
        ]
      },
      {
        "_index": "winlogbeat-2020.03.03",
        "_type": "wineventlog",
        "_id": "AXCh7C4En_lBW985Kya-",
        "_version": 1,
        "_score": null,
        "_source": {
          "@timestamp": "2020-03-03T19:38:18.811Z",
          "beat": {
            "hostname": "DC",
            "name": "server",
            "version": "5.4.0"
          },
          "computer_name": "DC.Giacobeville.com",
          "event_data": {
            "param10": "0",
            "param11": "0",
            "param12": "0",
            "param13": "<<PROCESS>>: CompatTelRunner.exe",
            "param14": "{F9D81F42-09ED-474A-BFDB-BE6A250666F3}",
            "param15": "0",
            "param16": "\n\\\\?\\C:\\ProgramData\\Microsoft\\Windows\\WER\\Temp\\WER3BE3.tmp.WERInternalMetadata.xml",
            "param17": "C:\\ProgramData\\Microsoft\\Windows\\WER\\ReportQueue\\NonCritical_10.0.14393.1794_8d55b0e3d1c56b8949fd23b103eff937ee56fd2_00000000_cab_195b3c51",
            "param19": "0",
            "param2": "0",
            "param20": "83467d99-58df-11ea-8b83-000c290be9e1",
            "param21": "2",
            "param3": "WindowsUpdateFailure3",
            "param4": "Not available",
            "param5": "0",
            "param6": "10.0.14393.1794",
            "param7": "80248014",
            "param8": "00000000-0000-0000-0000-000000000000",
            "param9": "Scan"
          },
          "event_id": 1001,
          "keywords": [
            "Classic"
          ],
          "level": "Information",
          "log_name": "Application",
          "message": "Fault bucket , type 0\nEvent Name: WindowsUpdateFailure3\nResponse: Not available\nCab Id: 0\n\nProblem signature:\nP1: 10.0.14393.1794\nP2: 80248014\nP3: 00000000-0000-0000-0000-000000000000\nP4: Scan\nP5: 0\nP6: 0\nP7: 0\nP8: <<PROCESS>>: CompatTelRunner.exe\nP9: {F9D81F42-09ED-474A-BFDB-BE6A250666F3}\nP10: 0\n\nAttached files:\n\\\\?\\C:\\ProgramData\\Microsoft\\Windows\\WER\\Temp\\WER3BE3.tmp.WERInternalMetadata.xml\n\nThese files may be available here:\nC:\\ProgramData\\Microsoft\\Windows\\WER\\ReportQueue\\NonCritical_10.0.14393.1794_8d55b0e3d1c56b8949fd23b103eff937ee56fd2_00000000_cab_195b3c51\n\nAnalysis symbol: \nRechecking for solution: 0\nReport Id: 83467d99-58df-11ea-8b83-000c290be9e1\nReport Status: 2\nHashed bucket: ",
          "opcode": "Info",
          "record_number": "23910",
          "source_name": "Windows Error Reporting",
          "type": "wineventlog"
        },
        "fields": {
          "@timestamp": [
            1583264298811
          ]
        },
        "sort": [
          1583264298811
        ]
      },
      {
        "_index": "winlogbeat-2020.03.03",
        "_type": "wineventlog",
        "_id": "AXCh7C4En_lBW985Kya9",
        "_version": 1,
        "_score": null,
        "_source": {
          "@timestamp": "2020-03-03T19:38:18.760Z",
          "beat": {
            "hostname": "DC",
            "name": "server",
            "version": "5.4.0"
          },
          "computer_name": "DC.Giacobeville.com",
          "event_data": {
            "param10": "0",
            "param11": "0",
            "param12": "8024500b",
            "param13": "TrustedInstaller FOD",
            "param14": "{9482F4B4-E343-43B6-B170-9A65BC822C77}",
            "param15": "0",
            "param17": "C:\\ProgramData\\Microsoft\\Windows\\WER\\ReportQueue\\NonCritical_10.0.14393.1794_c189c1b5ca61634d86cf376f6ee59b177cad41_00000000_0a433c02",
            "param19": "0",
            "param2": "0",
            "param20": "83467d98-58df-11ea-8b83-000c290be9e1",
            "param21": "2",
            "param3": "WindowsUpdateFailure3",
            "param4": "Not available",
            "param5": "0",
            "param6": "10.0.14393.1794",
            "param7": "8024402c",
            "param8": "00000000-0000-0000-0000-000000000000",
            "param9": "Scan"
          },
          "event_id": 1001,
          "keywords": [
            "Classic"
          ],
          "level": "Information",
          "log_name": "Application",
          "message": "Fault bucket , type 0\nEvent Name: WindowsUpdateFailure3\nResponse: Not available\nCab Id: 0\n\nProblem signature:\nP1: 10.0.14393.1794\nP2: 8024402c\nP3: 00000000-0000-0000-0000-000000000000\nP4: Scan\nP5: 0\nP6: 0\nP7: 8024500b\nP8: TrustedInstaller FOD\nP9: {9482F4B4-E343-43B6-B170-9A65BC822C77}\nP10: 0\n\nAttached files:\n\nThese files may be available here:\nC:\\ProgramData\\Microsoft\\Windows\\WER\\ReportQueue\\NonCritical_10.0.14393.1794_c189c1b5ca61634d86cf376f6ee59b177cad41_00000000_0a433c02\n\nAnalysis symbol: \nRechecking for solution: 0\nReport Id: 83467d98-58df-11ea-8b83-000c290be9e1\nReport Status: 2\nHashed bucket: ",
          "opcode": "Info",
          "record_number": "23909",
          "source_name": "Windows Error Reporting",
          "type": "wineventlog"
        },
        "fields": {
          "@timestamp": [
            1583264298760
          ]
        },
        "sort": [
          1583264298760
        ]
      },
      {
        "_index": "winlogbeat-2020.03.03",
        "_type": "wineventlog",
        "_id": "AXCh7C4En_lBW985Kya8",
        "_version": 1,
        "_score": null,
        "_source": {
          "@timestamp": "2020-03-03T19:38:18.704Z",
          "beat": {
            "hostname": "DC",
            "name": "server",
            "version": "5.4.0"
          },
          "computer_name": "DC.Giacobeville.com",
          "event_data": {
            "param10": "0",
            "param11": "0",
            "param12": "0",
            "param13": "<<PROCESS>>: CompatTelRunner.exe",
            "param14": "{3DCE052E-AA54-418F-886E-F87F33552A22}",
            "param15": "0",
            "param16": "\n\\\\?\\C:\\ProgramData\\Microsoft\\Windows\\WER\\Temp\\WERE02C.tmp.WERInternalMetadata.xml",
            "param17": "C:\\ProgramData\\Microsoft\\Windows\\WER\\ReportQueue\\NonCritical_10.0.14393.1794_384731b3bc398c63f6ba41c2463491e7b1216945_00000000_cab_1701e07a",
            "param19": "0",
            "param2": "0",
            "param20": "4e40e737-58df-11ea-8b83-000c290be9e1",
            "param21": "2",
            "param3": "WindowsUpdateFailure3",
            "param4": "Not available",
            "param5": "0",
            "param6": "10.0.14393.1794",
            "param7": "80240007",
            "param8": "00000000-0000-0000-0000-000000000000",
            "param9": "Scan"
          },
          "event_id": 1001,
          "keywords": [
            "Classic"
          ],
          "level": "Information",
          "log_name": "Application",
          "message": "Fault bucket , type 0\nEvent Name: WindowsUpdateFailure3\nResponse: Not available\nCab Id: 0\n\nProblem signature:\nP1: 10.0.14393.1794\nP2: 80240007\nP3: 00000000-0000-0000-0000-000000000000\nP4: Scan\nP5: 0\nP6: 0\nP7: 0\nP8: <<PROCESS>>: CompatTelRunner.exe\nP9: {3DCE052E-AA54-418F-886E-F87F33552A22}\nP10: 0\n\nAttached files:\n\\\\?\\C:\\ProgramData\\Microsoft\\Windows\\WER\\Temp\\WERE02C.tmp.WERInternalMetadata.xml\n\nThese files may be available here:\nC:\\ProgramData\\Microsoft\\Windows\\WER\\ReportQueue\\NonCritical_10.0.14393.1794_384731b3bc398c63f6ba41c2463491e7b1216945_00000000_cab_1701e07a\n\nAnalysis symbol: \nRechecking for solution: 0\nReport Id: 4e40e737-58df-11ea-8b83-000c290be9e1\nReport Status: 2\nHashed bucket: ",
          "opcode": "Info",
          "record_number": "23908",
          "source_name": "Windows Error Reporting",
          "type": "wineventlog"
        },
        "fields": {
          "@timestamp": [
            1583264298704
          ]
        },
        "sort": [
          1583264298704
        ]
      },
      {
        "_index": "winlogbeat-2020.03.03",
        "_type": "wineventlog",
        "_id": "AXCh7C4En_lBW985Kya7",
        "_version": 1,
        "_score": null,
        "_source": {
          "@timestamp": "2020-03-03T19:38:18.661Z",
          "beat": {
            "hostname": "DC",
            "name": "server",
            "version": "5.4.0"
          },
          "computer_name": "DC.Giacobeville.com",
          "event_data": {
            "param10": "0",
            "param11": "0",
            "param12": "8024500b",
            "param13": "Windows Defender (77BDAF73-B396-481F-9042-AD358843EC24)",
            "param14": "{9482F4B4-E343-43B6-B170-9A65BC822C77}",
            "param15": "0",
            "param17": "C:\\ProgramData\\Microsoft\\Windows\\WER\\ReportQueue\\NonCritical_10.0.14393.1794_24e185414aea5cc9f14f719cd15386584201a_00000000_15ff3109",
            "param19": "0",
            "param2": "0",
            "param20": "e563570e-58de-11ea-8b83-000c290be9e1",
            "param21": "2",
            "param3": "WindowsUpdateFailure3",
            "param4": "Not available",
            "param5": "0",
            "param6": "10.0.14393.1794",
            "param7": "8024402c",
            "param8": "00000000-0000-0000-0000-000000000000",
            "param9": "Scan"
          },
          "event_id": 1001,
          "keywords": [
            "Classic"
          ],
          "level": "Information",
          "log_name": "Application",
          "message": "Fault bucket , type 0\nEvent Name: WindowsUpdateFailure3\nResponse: Not available\nCab Id: 0\n\nProblem signature:\nP1: 10.0.14393.1794\nP2: 8024402c\nP3: 00000000-0000-0000-0000-000000000000\nP4: Scan\nP5: 0\nP6: 0\nP7: 8024500b\nP8: Windows Defender (77BDAF73-B396-481F-9042-AD358843EC24)\nP9: {9482F4B4-E343-43B6-B170-9A65BC822C77}\nP10: 0\n\nAttached files:\n\nThese files may be available here:\nC:\\ProgramData\\Microsoft\\Windows\\WER\\ReportQueue\\NonCritical_10.0.14393.1794_24e185414aea5cc9f14f719cd15386584201a_00000000_15ff3109\n\nAnalysis symbol: \nRechecking for solution: 0\nReport Id: e563570e-58de-11ea-8b83-000c290be9e1\nReport Status: 2\nHashed bucket: ",
          "opcode": "Info",
          "record_number": "23907",
          "source_name": "Windows Error Reporting",
          "type": "wineventlog"
        },
        "fields": {
          "@timestamp": [
            1583264298661
          ]
        },
        "sort": [
          1583264298661
        ]
      },
