      {
        "_index": "winlogbeat-2020.03.03",
        "_type": "wineventlog",
        "_id": "AXCh7Dagn_lBW985Kybo",
        "_version": 1,
        "_score": null,
        "_source": {
          "@timestamp": "2020-03-03T19:38:20.650Z",
          "beat": {
            "hostname": "DC",
            "name": "server",
            "version": "5.4.0"
          },
          "computer_name": "DC.Giacobeville.com",
          "event_data": {
            "param10": "0",
            "param11": "0",
            "param12": "8024500b",
            "param13": "Windows Defender (77BDAF73-B396-481F-9042-AD358843EC24)",
            "param14": "{9482F4B4-E343-43B6-B170-9A65BC822C77}",
            "param15": "0",
            "param17": "C:\\ProgramData\\Microsoft\\Windows\\WER\\ReportQueue\\NonCritical_10.0.14393.1794_24e185414aea5cc9f14f719cd15386584201a_00000000_0245e4d1",
            "param19": "0",
            "param2": "0",
            "param20": "dd44fdeb-5d76-11ea-8b85-000c290be9e1",
            "param21": "2",
            "param3": "WindowsUpdateFailure3",
            "param4": "Not available",
            "param5": "0",
            "param6": "10.0.14393.1794",
            "param7": "8024402c",
            "param8": "00000000-0000-0000-0000-000000000000",
            "param9": "Scan"
          },
          "event_id": 1001,
          "keywords": [
            "Classic"
          ],
          "level": "Information",
          "log_name": "Application",
          "message": "Fault bucket , type 0\nEvent Name: WindowsUpdateFailure3\nResponse: Not available\nCab Id: 0\n\nProblem signature:\nP1: 10.0.14393.1794\nP2: 8024402c\nP3: 00000000-0000-0000-0000-000000000000\nP4: Scan\nP5: 0\nP6: 0\nP7: 8024500b\nP8: Windows Defender (77BDAF73-B396-481F-9042-AD358843EC24)\nP9: {9482F4B4-E343-43B6-B170-9A65BC822C77}\nP10: 0\n\nAttached files:\n\nThese files may be available here:\nC:\\ProgramData\\Microsoft\\Windows\\WER\\ReportQueue\\NonCritical_10.0.14393.1794_24e185414aea5cc9f14f719cd15386584201a_00000000_0245e4d1\n\nAnalysis symbol: \nRechecking for solution: 0\nReport Id: dd44fdeb-5d76-11ea-8b85-000c290be9e1\nReport Status: 2\nHashed bucket: ",
          "opcode": "Info",
          "record_number": "23946",
          "source_name": "Windows Error Reporting",
          "type": "wineventlog"
        },
        "fields": {
          "@timestamp": [
            1583264300650
          ]
        },
        "sort": [
          1583264300650
        ]
      },
      {
        "_index": "winlogbeat-2020.03.03",
        "_type": "wineventlog",
        "_id": "AXCh7Dagn_lBW985Kybn",
        "_version": 1,
        "_score": null,
        "_source": {
          "@timestamp": "2020-03-03T19:38:20.608Z",
          "beat": {
            "hostname": "DC",
            "name": "server",
            "version": "5.4.0"
          },
          "computer_name": "DC.Giacobeville.com",
          "event_data": {
            "param10": "0",
            "param11": "0",
            "param12": "8024500b",
            "param13": "<<PROCESS>>: CompatTelRunner.exe",
            "param14": "{9482F4B4-E343-43B6-B170-9A65BC822C77}",
            "param15": "0",
            "param16": "\n\\\\?\\C:\\ProgramData\\Microsoft\\Windows\\WER\\Temp\\WER8AEE.tmp.WERInternalMetadata.xml",
            "param17": "C:\\ProgramData\\Microsoft\\Windows\\WER\\ReportQueue\\NonCritical_10.0.14393.1794_abbdaf9661d497ad5c47c64c91127523dc8adb_00000000_cab_0ac48b3c",
            "param19": "0",
            "param2": "0",
            "param20": "a8919e17-5d76-11ea-8b85-000c290be9e1",
            "param21": "2",
            "param3": "WindowsUpdateFailure3",
            "param4": "Not available",
            "param5": "0",
            "param6": "10.0.14393.1794",
            "param7": "8024402c",
            "param8": "00000000-0000-0000-0000-000000000000",
            "param9": "Scan"
          },
          "event_id": 1001,
          "keywords": [
            "Classic"
          ],
          "level": "Information",
          "log_name": "Application",
          "message": "Fault bucket , type 0\nEvent Name: WindowsUpdateFailure3\nResponse: Not available\nCab Id: 0\n\nProblem signature:\nP1: 10.0.14393.1794\nP2: 8024402c\nP3: 00000000-0000-0000-0000-000000000000\nP4: Scan\nP5: 0\nP6: 0\nP7: 8024500b\nP8: <<PROCESS>>: CompatTelRunner.exe\nP9: {9482F4B4-E343-43B6-B170-9A65BC822C77}\nP10: 0\n\nAttached files:\n\\\\?\\C:\\ProgramData\\Microsoft\\Windows\\WER\\Temp\\WER8AEE.tmp.WERInternalMetadata.xml\n\nThese files may be available here:\nC:\\ProgramData\\Microsoft\\Windows\\WER\\ReportQueue\\NonCritical_10.0.14393.1794_abbdaf9661d497ad5c47c64c91127523dc8adb_00000000_cab_0ac48b3c\n\nAnalysis symbol: \nRechecking for solution: 0\nReport Id: a8919e17-5d76-11ea-8b85-000c290be9e1\nReport Status: 2\nHashed bucket: ",
          "opcode": "Info",
          "record_number": "23945",
          "source_name": "Windows Error Reporting",
          "type": "wineventlog"
        },
        "fields": {
          "@timestamp": [
            1583264300608
          ]
        },
        "sort": [
          1583264300608
        ]
      },
      {
        "_index": "winlogbeat-2020.03.03",
        "_type": "wineventlog",
        "_id": "AXCh7DKOn_lBW985Kybm",
        "_version": 1,
        "_score": null,
        "_source": {
          "@timestamp": "2020-03-03T19:38:20.558Z",
          "beat": {
            "hostname": "DC",
            "name": "server",
            "version": "5.4.0"
          },
          "computer_name": "DC.Giacobeville.com",
          "event_data": {
            "param10": "0",
            "param11": "0",
            "param12": "8024500b",
            "param13": "TrustedInstaller FOD",
            "param14": "{9482F4B4-E343-43B6-B170-9A65BC822C77}",
            "param15": "0",
            "param17": "C:\\ProgramData\\Microsoft\\Windows\\WER\\ReportQueue\\NonCritical_10.0.14393.1794_c189c1b5ca61634d86cf376f6ee59b177cad41_00000000_1b9dd046",
            "param19": "0",
            "param2": "0",
            "param20": "a1a6c828-5d75-11ea-8b85-000c290be9e1",
            "param21": "2",
            "param3": "WindowsUpdateFailure3",
            "param4": "Not available",
            "param5": "0",
            "param6": "10.0.14393.1794",
            "param7": "8024402c",
            "param8": "00000000-0000-0000-0000-000000000000",
            "param9": "Scan"
          },
          "event_id": 1001,
          "keywords": [
            "Classic"
          ],
          "level": "Information",
          "log_name": "Application",
          "message": "Fault bucket , type 0\nEvent Name: WindowsUpdateFailure3\nResponse: Not available\nCab Id: 0\n\nProblem signature:\nP1: 10.0.14393.1794\nP2: 8024402c\nP3: 00000000-0000-0000-0000-000000000000\nP4: Scan\nP5: 0\nP6: 0\nP7: 8024500b\nP8: TrustedInstaller FOD\nP9: {9482F4B4-E343-43B6-B170-9A65BC822C77}\nP10: 0\n\nAttached files:\n\nThese files may be available here:\nC:\\ProgramData\\Microsoft\\Windows\\WER\\ReportQueue\\NonCritical_10.0.14393.1794_c189c1b5ca61634d86cf376f6ee59b177cad41_00000000_1b9dd046\n\nAnalysis symbol: \nRechecking for solution: 0\nReport Id: a1a6c828-5d75-11ea-8b85-000c290be9e1\nReport Status: 2\nHashed bucket: ",
          "opcode": "Info",
          "record_number": "23944",
          "source_name": "Windows Error Reporting",
          "type": "wineventlog"
        },
        "fields": {
          "@timestamp": [
            1583264300558
          ]
        },
        "sort": [
          1583264300558
        ]
      },
      {
        "_index": "winlogbeat-2020.03.03",
        "_type": "wineventlog",
        "_id": "AXCh7DJyn_lBW985Kybl",
        "_version": 1,
        "_score": null,
        "_source": {
          "@timestamp": "2020-03-03T19:38:20.514Z",
          "beat": {
            "hostname": "DC",
            "name": "server",
            "version": "5.4.0"
          },
          "computer_name": "DC.Giacobeville.com",
          "event_data": {
            "param10": "0",
            "param11": "0",
            "param12": "8024500b",
            "param13": "TrustedInstaller FOD",
            "param14": "{9482F4B4-E343-43B6-B170-9A65BC822C77}",
            "param15": "0",
            "param17": "C:\\ProgramData\\Microsoft\\Windows\\WER\\ReportQueue\\NonCritical_10.0.14393.1794_c189c1b5ca61634d86cf376f6ee59b177cad41_00000000_1ad8e6c8",
            "param19": "0",
            "param2": "0",
            "param20": "45905878-5d74-11ea-8b85-000c290be9e1",
            "param21": "2",
            "param3": "WindowsUpdateFailure3",
            "param4": "Not available",
            "param5": "0",
            "param6": "10.0.14393.1794",
            "param7": "8024402c",
            "param8": "00000000-0000-0000-0000-000000000000",
            "param9": "Scan"
          },
          "event_id": 1001,
          "keywords": [
            "Classic"
          ],
          "level": "Information",
          "log_name": "Application",
          "message": "Fault bucket , type 0\nEvent Name: WindowsUpdateFailure3\nResponse: Not available\nCab Id: 0\n\nProblem signature:\nP1: 10.0.14393.1794\nP2: 8024402c\nP3: 00000000-0000-0000-0000-000000000000\nP4: Scan\nP5: 0\nP6: 0\nP7: 8024500b\nP8: TrustedInstaller FOD\nP9: {9482F4B4-E343-43B6-B170-9A65BC822C77}\nP10: 0\n\nAttached files:\n\nThese files may be available here:\nC:\\ProgramData\\Microsoft\\Windows\\WER\\ReportQueue\\NonCritical_10.0.14393.1794_c189c1b5ca61634d86cf376f6ee59b177cad41_00000000_1ad8e6c8\n\nAnalysis symbol: \nRechecking for solution: 0\nReport Id: 45905878-5d74-11ea-8b85-000c290be9e1\nReport Status: 2\nHashed bucket: ",
          "opcode": "Info",
          "record_number": "23943",
          "source_name": "Windows Error Reporting",
          "type": "wineventlog"
        },
        "fields": {
          "@timestamp": [
            1583264300514
          ]
        },
        "sort": [
          1583264300514
        ]
      },
      {
        "_index": "winlogbeat-2020.03.03",
        "_type": "wineventlog",
        "_id": "AXCh7DJCn_lBW985Kybk",
        "_version": 1,
        "_score": null,
        "_source": {
          "@timestamp": "2020-03-03T19:38:20.438Z",
          "beat": {
            "hostname": "DC",
            "name": "server",
            "version": "5.4.0"
          },
          "computer_name": "DC.Giacobeville.com",
          "event_data": {
            "param10": "0",
            "param11": "0",
            "param12": "8024500b",
            "param13": "Windows Defender (77BDAF73-B396-481F-9042-AD358843EC24)",
            "param14": "{9482F4B4-E343-43B6-B170-9A65BC822C77}",
            "param15": "0",
            "param17": "C:\\ProgramData\\Microsoft\\Windows\\WER\\ReportQueue\\NonCritical_10.0.14393.1794_24e185414aea5cc9f14f719cd15386584201a_00000000_19f7df8d",
            "param19": "0",
            "param2": "0",
            "param20": "811ee1b3-5d73-11ea-8b85-000c290be9e1",
            "param21": "2",
            "param3": "WindowsUpdateFailure3",
            "param4": "Not available",
            "param5": "0",
            "param6": "10.0.14393.1794",
            "param7": "8024402c",
            "param8": "00000000-0000-0000-0000-000000000000",
            "param9": "Scan"
          },
          "event_id": 1001,
          "keywords": [
            "Classic"
          ],
          "level": "Information",
          "log_name": "Application",
          "message": "Fault bucket , type 0\nEvent Name: WindowsUpdateFailure3\nResponse: Not available\nCab Id: 0\n\nProblem signature:\nP1: 10.0.14393.1794\nP2: 8024402c\nP3: 00000000-0000-0000-0000-000000000000\nP4: Scan\nP5: 0\nP6: 0\nP7: 8024500b\nP8: Windows Defender (77BDAF73-B396-481F-9042-AD358843EC24)\nP9: {9482F4B4-E343-43B6-B170-9A65BC822C77}\nP10: 0\n\nAttached files:\n\nThese files may be available here:\nC:\\ProgramData\\Microsoft\\Windows\\WER\\ReportQueue\\NonCritical_10.0.14393.1794_24e185414aea5cc9f14f719cd15386584201a_00000000_19f7df8d\n\nAnalysis symbol: \nRechecking for solution: 0\nReport Id: 811ee1b3-5d73-11ea-8b85-000c290be9e1\nReport Status: 2\nHashed bucket: ",
          "opcode": "Info",
          "record_number": "23942",
          "source_name": "Windows Error Reporting",
          "type": "wineventlog"
        },
        "fields": {
          "@timestamp": [
            1583264300438
          ]
        },
        "sort": [
          1583264300438
        ]
      },
      {
        "_index": "winlogbeat-2020.03.03",
        "_type": "wineventlog",
        "_id": "AXCh7DJCn_lBW985Kybj",
        "_version": 1,
        "_score": null,
        "_source": {
          "@timestamp": "2020-03-03T19:38:20.391Z",
          "beat": {
            "hostname": "DC",
            "name": "server",
            "version": "5.4.0"
          },
          "computer_name": "DC.Giacobeville.com",
          "event_data": {
            "param10": "0",
            "param11": "0",
            "param12": "8024500b",
            "param13": "UpdateOrchestrator",
            "param14": "{9482F4B4-E343-43B6-B170-9A65BC822C77}",
            "param15": "0",
            "param17": "C:\\ProgramData\\Microsoft\\Windows\\WER\\ReportQueue\\NonCritical_10.0.14393.1794_0aa1bcfffba3a89dd0b26a56a540de52375382_00000000_19ffd678",
            "param19": "0",
            "param2": "0",
            "param20": "e3820b6c-5d72-11ea-8b85-000c290be9e1",
            "param21": "2",
            "param3": "WindowsUpdateFailure3",
            "param4": "Not available",
            "param5": "0",
            "param6": "10.0.14393.1794",
            "param7": "8024402c",
            "param8": "00000000-0000-0000-0000-000000000000",
            "param9": "Scan"
          },
          "event_id": 1001,
          "keywords": [
            "Classic"
          ],
          "level": "Information",
          "log_name": "Application",
          "message": "Fault bucket , type 0\nEvent Name: WindowsUpdateFailure3\nResponse: Not available\nCab Id: 0\n\nProblem signature:\nP1: 10.0.14393.1794\nP2: 8024402c\nP3: 00000000-0000-0000-0000-000000000000\nP4: Scan\nP5: 0\nP6: 0\nP7: 8024500b\nP8: UpdateOrchestrator\nP9: {9482F4B4-E343-43B6-B170-9A65BC822C77}\nP10: 0\n\nAttached files:\n\nThese files may be available here:\nC:\\ProgramData\\Microsoft\\Windows\\WER\\ReportQueue\\NonCritical_10.0.14393.1794_0aa1bcfffba3a89dd0b26a56a540de52375382_00000000_19ffd678\n\nAnalysis symbol: \nRechecking for solution: 0\nReport Id: e3820b6c-5d72-11ea-8b85-000c290be9e1\nReport Status: 2\nHashed bucket: ",
          "opcode": "Info",
          "record_number": "23941",
          "source_name": "Windows Error Reporting",
          "type": "wineventlog"
        },
        "fields": {
          "@timestamp": [
            1583264300391
          ]
        },
        "sort": [
          1583264300391
        ]
      },
      {
        "_index": "winlogbeat-2020.03.03",
        "_type": "wineventlog",
        "_id": "AXCh7DJCn_lBW985Kybi",
        "_version": 1,
        "_score": null,
        "_source": {
          "@timestamp": "2020-03-03T19:38:20.338Z",
          "beat": {
            "hostname": "DC",
            "name": "server",
            "version": "5.4.0"
          },
          "computer_name": "DC.Giacobeville.com",
          "event_data": {
            "param10": "0",
            "param11": "0",
            "param12": "8024500b",
            "param13": "Windows Defender (77BDAF73-B396-481F-9042-AD358843EC24)",
            "param14": "{9482F4B4-E343-43B6-B170-9A65BC822C77}",
            "param15": "0",
            "param17": "C:\\ProgramData\\Microsoft\\Windows\\WER\\ReportQueue\\NonCritical_10.0.14393.1794_24e185414aea5cc9f14f719cd15386584201a_00000000_016e83cc",
            "param19": "0",
            "param2": "0",
            "param20": "134096af-5d72-11ea-8b85-000c290be9e1",
            "param21": "2",
            "param3": "WindowsUpdateFailure3",
            "param4": "Not available",
            "param5": "0",
            "param6": "10.0.14393.1794",
            "param7": "8024402c",
            "param8": "00000000-0000-0000-0000-000000000000",
            "param9": "Scan"
          },
          "event_id": 1001,
          "keywords": [
            "Classic"
          ],
          "level": "Information",
          "log_name": "Application",
          "message": "Fault bucket , type 0\nEvent Name: WindowsUpdateFailure3\nResponse: Not available\nCab Id: 0\n\nProblem signature:\nP1: 10.0.14393.1794\nP2: 8024402c\nP3: 00000000-0000-0000-0000-000000000000\nP4: Scan\nP5: 0\nP6: 0\nP7: 8024500b\nP8: Windows Defender (77BDAF73-B396-481F-9042-AD358843EC24)\nP9: {9482F4B4-E343-43B6-B170-9A65BC822C77}\nP10: 0\n\nAttached files:\n\nThese files may be available here:\nC:\\ProgramData\\Microsoft\\Windows\\WER\\ReportQueue\\NonCritical_10.0.14393.1794_24e185414aea5cc9f14f719cd15386584201a_00000000_016e83cc\n\nAnalysis symbol: \nRechecking for solution: 0\nReport Id: 134096af-5d72-11ea-8b85-000c290be9e1\nReport Status: 2\nHashed bucket: ",
          "opcode": "Info",
          "record_number": "23940",
          "source_name": "Windows Error Reporting",
          "type": "wineventlog"
        },
        "fields": {
          "@timestamp": [
            1583264300338
          ]
        },
        "sort": [
          1583264300338
        ]
      },
      {
        "_index": "winlogbeat-2020.03.03",
        "_type": "wineventlog",
        "_id": "AXCh7DJCn_lBW985Kybh",
        "_version": 1,
        "_score": null,
        "_source": {
          "@timestamp": "2020-03-03T19:38:20.292Z",
          "beat": {
            "hostname": "DC",
            "name": "server",
            "version": "5.4.0"
          },
          "computer_name": "DC.Giacobeville.com",
          "event_data": {
            "param10": "fixed",
            "param11": "4 / 2049+",
            "param12": "5 / not boot",
            "param17": "C:\\ProgramData\\Microsoft\\Windows\\WER\\ReportQueue\\NonCritical_Windows Defender_8e667d86c2ca2f1b42398b21274667b5d11b21c_00000000_0627bd67",
            "param19": "0",
            "param2": "0",
            "param20": "f1dd574a-5cd5-11ea-8b84-000c290be9e1",
            "param21": "2",
            "param3": "MpTelemetry",
            "param4": "Not available",
            "param5": "0",
            "param6": "Windows Defender (77BDAF73-B396-481F-9042-AD358843EC24)",
            "param7": "4.10.14393.1794",
            "param8": "TimeOut",
            "param9": "1.1.12805.0"
          },
          "event_id": 1001,
          "keywords": [
            "Classic"
          ],
          "level": "Information",
          "log_name": "Application",
          "message": "Fault bucket , type 0\nEvent Name: MpTelemetry\nResponse: Not available\nCab Id: 0\n\nProblem signature:\nP1: Windows Defender (77BDAF73-B396-481F-9042-AD358843EC24)\nP2: 4.10.14393.1794\nP3: TimeOut\nP4: 1.1.12805.0\nP5: fixed\nP6: 4 / 2049+\nP7: 5 / not boot\nP8: \nP9: \nP10: \n\nAttached files:\n\nThese files may be available here:\nC:\\ProgramData\\Microsoft\\Windows\\WER\\ReportQueue\\NonCritical_Windows Defender_8e667d86c2ca2f1b42398b21274667b5d11b21c_00000000_0627bd67\n\nAnalysis symbol: \nRechecking for solution: 0\nReport Id: f1dd574a-5cd5-11ea-8b84-000c290be9e1\nReport Status: 2\nHashed bucket: ",
          "opcode": "Info",
          "record_number": "23939",
          "source_name": "Windows Error Reporting",
          "type": "wineventlog"
        },
        "fields": {
          "@timestamp": [
            1583264300292
          ]
        },
        "sort": [
          1583264300292
        ]
      },
      {
        "_index": "winlogbeat-2020.03.03",
        "_type": "wineventlog",
        "_id": "AXCh7DJCn_lBW985Kybg",
        "_version": 1,
        "_score": null,
        "_source": {
          "@timestamp": "2020-03-03T19:38:20.249Z",
          "beat": {
            "hostname": "DC",
            "name": "server",
            "version": "5.4.0"
          },
          "computer_name": "DC.Giacobeville.com",
          "event_data": {
            "param10": "fixed",
            "param11": "4 / 2049+",
            "param12": "5 / not boot",
            "param17": "C:\\ProgramData\\Microsoft\\Windows\\WER\\ReportQueue\\NonCritical_Windows Defender_8e667d86c2ca2f1b42398b21274667b5d11b21c_00000000_0626145a",
            "param19": "0",
            "param2": "0",
            "param20": "b10ba7d5-5cd5-11ea-8b84-000c290be9e1",
            "param21": "2",
            "param3": "MpTelemetry",
            "param4": "Not available",
            "param5": "0",
            "param6": "Windows Defender (77BDAF73-B396-481F-9042-AD358843EC24)",
            "param7": "4.10.14393.1794",
            "param8": "TimeOut",
            "param9": "1.1.12805.0"
          },
          "event_id": 1001,
          "keywords": [
            "Classic"
          ],
          "level": "Information",
          "log_name": "Application",
          "message": "Fault bucket , type 0\nEvent Name: MpTelemetry\nResponse: Not available\nCab Id: 0\n\nProblem signature:\nP1: Windows Defender (77BDAF73-B396-481F-9042-AD358843EC24)\nP2: 4.10.14393.1794\nP3: TimeOut\nP4: 1.1.12805.0\nP5: fixed\nP6: 4 / 2049+\nP7: 5 / not boot\nP8: \nP9: \nP10: \n\nAttached files:\n\nThese files may be available here:\nC:\\ProgramData\\Microsoft\\Windows\\WER\\ReportQueue\\NonCritical_Windows Defender_8e667d86c2ca2f1b42398b21274667b5d11b21c_00000000_0626145a\n\nAnalysis symbol: \nRechecking for solution: 0\nReport Id: b10ba7d5-5cd5-11ea-8b84-000c290be9e1\nReport Status: 2\nHashed bucket: ",
          "opcode": "Info",
          "record_number": "23938",
          "source_name": "Windows Error Reporting",
          "type": "wineventlog"
        },
        "fields": {
          "@timestamp": [
            1583264300249
          ]
        },
        "sort": [
          1583264300249
        ]
      },
      {
        "_index": "winlogbeat-2020.03.03",
        "_type": "wineventlog",
        "_id": "AXCh7DJCn_lBW985Kybf",
        "_version": 1,
        "_score": null,
        "_source": {
          "@timestamp": "2020-03-03T19:38:20.194Z",
          "beat": {
            "hostname": "DC",
            "name": "server",
            "version": "5.4.0"
          },
          "computer_name": "DC.Giacobeville.com",
          "event_data": {
            "param10": "fixed",
            "param11": "4 / 2049+",
            "param12": "5 / not boot",
            "param17": "C:\\ProgramData\\Microsoft\\Windows\\WER\\ReportQueue\\NonCritical_Windows Defender_8e667d86c2ca2f1b42398b21274667b5d11b21c_00000000_062287b9",
            "param19": "0",
            "param2": "0",
            "param20": "2206130d-5cd5-11ea-8b84-000c290be9e1",
            "param21": "2",
            "param3": "MpTelemetry",
            "param4": "Not available",
            "param5": "0",
            "param6": "Windows Defender (77BDAF73-B396-481F-9042-AD358843EC24)",
            "param7": "4.10.14393.1794",
            "param8": "TimeOut",
            "param9": "1.1.12805.0"
          },
          "event_id": 1001,
          "keywords": [
            "Classic"
          ],
          "level": "Information",
          "log_name": "Application",
          "message": "Fault bucket , type 0\nEvent Name: MpTelemetry\nResponse: Not available\nCab Id: 0\n\nProblem signature:\nP1: Windows Defender (77BDAF73-B396-481F-9042-AD358843EC24)\nP2: 4.10.14393.1794\nP3: TimeOut\nP4: 1.1.12805.0\nP5: fixed\nP6: 4 / 2049+\nP7: 5 / not boot\nP8: \nP9: \nP10: \n\nAttached files:\n\nThese files may be available here:\nC:\\ProgramData\\Microsoft\\Windows\\WER\\ReportQueue\\NonCritical_Windows Defender_8e667d86c2ca2f1b42398b21274667b5d11b21c_00000000_062287b9\n\nAnalysis symbol: \nRechecking for solution: 0\nReport Id: 2206130d-5cd5-11ea-8b84-000c290be9e1\nReport Status: 2\nHashed bucket: ",
          "opcode": "Info",
          "record_number": "23937",
          "source_name": "Windows Error Reporting",
          "type": "wineventlog"
        },
        "fields": {
          "@timestamp": [
            1583264300194
          ]
        },
        "sort": [
          1583264300194
        ]
      },
      {
        "_index": "winlogbeat-2020.03.03",
        "_type": "wineventlog",
        "_id": "AXCh7DJCn_lBW985Kybe",
        "_version": 1,
        "_score": null,
        "_source": {
          "@timestamp": "2020-03-03T19:38:20.150Z",
          "beat": {
            "hostname": "DC",
            "name": "server",
            "version": "5.4.0"
          },
          "computer_name": "DC.Giacobeville.com",
          "event_data": {
            "param10": "fixed",
            "param11": "4 / 2049+",
            "param12": "5 / not boot",
            "param16": "\n\\\\?\\C:\\Windows\\TEMP\\MPInstrumentation\\client_manifest.xml\n\\\\?\\C:\\ProgramData\\Microsoft\\Windows\\WER\\Temp\\WER6B09.tmp.WERInternalMetadata.xml",
            "param17": "C:\\ProgramData\\Microsoft\\Windows\\WER\\ReportQueue\\NonCritical_Windows Defender_8e667d86c2ca2f1b42398b21274667b5d11b21c_00000000_cab_06226c13",
            "param19": "0",
            "param2": "0",
            "param20": "2206130c-5cd5-11ea-8b84-000c290be9e1",
            "param21": "2",
            "param3": "MpTelemetry",
            "param4": "Not available",
            "param5": "0",
            "param6": "Windows Defender (77BDAF73-B396-481F-9042-AD358843EC24)",
            "param7": "4.10.14393.1794",
            "param8": "TimeOut",
            "param9": "1.1.12805.0"
          },
          "event_id": 1001,
          "keywords": [
            "Classic"
          ],
          "level": "Information",
          "log_name": "Application",
          "message": "Fault bucket , type 0\nEvent Name: MpTelemetry\nResponse: Not available\nCab Id: 0\n\nProblem signature:\nP1: Windows Defender (77BDAF73-B396-481F-9042-AD358843EC24)\nP2: 4.10.14393.1794\nP3: TimeOut\nP4: 1.1.12805.0\nP5: fixed\nP6: 4 / 2049+\nP7: 5 / not boot\nP8: \nP9: \nP10: \n\nAttached files:\n\\\\?\\C:\\Windows\\TEMP\\MPInstrumentation\\client_manifest.xml\n\\\\?\\C:\\ProgramData\\Microsoft\\Windows\\WER\\Temp\\WER6B09.tmp.WERInternalMetadata.xml\n\nThese files may be available here:\nC:\\ProgramData\\Microsoft\\Windows\\WER\\ReportQueue\\NonCritical_Windows Defender_8e667d86c2ca2f1b42398b21274667b5d11b21c_00000000_cab_06226c13\n\nAnalysis symbol: \nRechecking for solution: 0\nReport Id: 2206130c-5cd5-11ea-8b84-000c290be9e1\nReport Status: 2\nHashed bucket: ",
          "opcode": "Info",
          "record_number": "23936",
          "source_name": "Windows Error Reporting",
          "type": "wineventlog"
        },
        "fields": {
          "@timestamp": [
            1583264300150
          ]
        },
        "sort": [
          1583264300150
        ]
      },
      {
        "_index": "winlogbeat-2020.03.03",
        "_type": "wineventlog",
        "_id": "AXCh7DJCn_lBW985Kybd",
        "_version": 1,
        "_score": null,
        "_source": {
          "@timestamp": "2020-03-03T19:38:20.107Z",
          "beat": {
            "hostname": "DC",
            "name": "server",
            "version": "5.4.0"
          },
          "computer_name": "DC.Giacobeville.com",
          "event_data": {
            "param10": "0",
            "param11": "0",
            "param12": "8024500b",
            "param13": "Windows Defender (77BDAF73-B396-481F-9042-AD358843EC24)",
            "param14": "{9482F4B4-E343-43B6-B170-9A65BC822C77}",
            "param15": "0",
            "param17": "C:\\ProgramData\\Microsoft\\Windows\\WER\\ReportQueue\\NonCritical_10.0.14393.1794_24e185414aea5cc9f14f719cd15386584201a_00000000_0806c98f",
            "param19": "0",
            "param2": "0",
            "param20": "5b9b3ebb-5cd3-11ea-8b84-000c290be9e1",
            "param21": "2",
            "param3": "WindowsUpdateFailure3",
            "param4": "Not available",
            "param5": "0",
            "param6": "10.0.14393.1794",
            "param7": "8024402c",
            "param8": "00000000-0000-0000-0000-000000000000",
            "param9": "Scan"
          },
          "event_id": 1001,
          "keywords": [
            "Classic"
          ],
          "level": "Information",
          "log_name": "Application",
          "message": "Fault bucket , type 0\nEvent Name: WindowsUpdateFailure3\nResponse: Not available\nCab Id: 0\n\nProblem signature:\nP1: 10.0.14393.1794\nP2: 8024402c\nP3: 00000000-0000-0000-0000-000000000000\nP4: Scan\nP5: 0\nP6: 0\nP7: 8024500b\nP8: Windows Defender (77BDAF73-B396-481F-9042-AD358843EC24)\nP9: {9482F4B4-E343-43B6-B170-9A65BC822C77}\nP10: 0\n\nAttached files:\n\nThese files may be available here:\nC:\\ProgramData\\Microsoft\\Windows\\WER\\ReportQueue\\NonCritical_10.0.14393.1794_24e185414aea5cc9f14f719cd15386584201a_00000000_0806c98f\n\nAnalysis symbol: \nRechecking for solution: 0\nReport Id: 5b9b3ebb-5cd3-11ea-8b84-000c290be9e1\nReport Status: 2\nHashed bucket: ",
          "opcode": "Info",
          "record_number": "23935",
          "source_name": "Windows Error Reporting",
          "type": "wineventlog"
        },
        "fields": {
          "@timestamp": [
            1583264300107
          ]
        },
        "sort": [
          1583264300107
        ]
      },
      {
        "_index": "winlogbeat-2020.03.03",
        "_type": "wineventlog",
        "_id": "AXCh7DJCn_lBW985Kybc",
        "_version": 1,
        "_score": null,
        "_source": {
          "@timestamp": "2020-03-03T19:38:20.059Z",
          "beat": {
            "hostname": "DC",
            "name": "server",
            "version": "5.4.0"
          },
          "computer_name": "DC.Giacobeville.com",
          "event_data": {
            "param10": "0",
            "param11": "0",
            "param12": "8024500b",
            "param13": "TrustedInstaller FOD",
            "param14": "{9482F4B4-E343-43B6-B170-9A65BC822C77}",
            "param15": "0",
            "param17": "C:\\ProgramData\\Microsoft\\Windows\\WER\\ReportQueue\\NonCritical_10.0.14393.1794_c189c1b5ca61634d86cf376f6ee59b177cad41_00000000_174c7502",
            "param19": "0",
            "param2": "0",
            "param20": "e633fd45-5ccc-11ea-8b84-000c290be9e1",
            "param21": "2",
            "param3": "WindowsUpdateFailure3",
            "param4": "Not available",
            "param5": "0",
            "param6": "10.0.14393.1794",
            "param7": "8024402c",
            "param8": "00000000-0000-0000-0000-000000000000",
            "param9": "Scan"
          },
          "event_id": 1001,
          "keywords": [
            "Classic"
          ],
          "level": "Information",
          "log_name": "Application",
          "message": "Fault bucket , type 0\nEvent Name: WindowsUpdateFailure3\nResponse: Not available\nCab Id: 0\n\nProblem signature:\nP1: 10.0.14393.1794\nP2: 8024402c\nP3: 00000000-0000-0000-0000-000000000000\nP4: Scan\nP5: 0\nP6: 0\nP7: 8024500b\nP8: TrustedInstaller FOD\nP9: {9482F4B4-E343-43B6-B170-9A65BC822C77}\nP10: 0\n\nAttached files:\n\nThese files may be available here:\nC:\\ProgramData\\Microsoft\\Windows\\WER\\ReportQueue\\NonCritical_10.0.14393.1794_c189c1b5ca61634d86cf376f6ee59b177cad41_00000000_174c7502\n\nAnalysis symbol: \nRechecking for solution: 0\nReport Id: e633fd45-5ccc-11ea-8b84-000c290be9e1\nReport Status: 2\nHashed bucket: ",
          "opcode": "Info",
          "record_number": "23934",
          "source_name": "Windows Error Reporting",
          "type": "wineventlog"
        },
        "fields": {
          "@timestamp": [
            1583264300059
          ]
        },
        "sort": [
          1583264300059
        ]
      },
      {
        "_index": "winlogbeat-2020.03.03",
        "_type": "wineventlog",
        "_id": "AXCh7DJCn_lBW985Kybb",
        "_version": 1,
        "_score": null,
        "_source": {
          "@timestamp": "2020-03-03T19:38:20.004Z",
          "beat": {
            "hostname": "DC",
            "name": "server",
            "version": "5.4.0"
          },
          "computer_name": "DC.Giacobeville.com",
          "event_data": {
            "param10": "0",
            "param11": "0",
            "param12": "8024500b",
            "param13": "TrustedInstaller FOD",
            "param14": "{9482F4B4-E343-43B6-B170-9A65BC822C77}",
            "param15": "0",
            "param17": "C:\\ProgramData\\Microsoft\\Windows\\WER\\ReportQueue\\NonCritical_10.0.14393.1794_c189c1b5ca61634d86cf376f6ee59b177cad41_00000000_0579e56e",
            "param19": "0",
            "param2": "0",
            "param20": "822cbecf-5ccc-11ea-8b84-000c290be9e1",
            "param21": "2",
            "param3": "WindowsUpdateFailure3",
            "param4": "Not available",
            "param5": "0",
            "param6": "10.0.14393.1794",
            "param7": "8024402c",
            "param8": "00000000-0000-0000-0000-000000000000",
            "param9": "Scan"
          },
          "event_id": 1001,
          "keywords": [
            "Classic"
          ],
          "level": "Information",
          "log_name": "Application",
          "message": "Fault bucket , type 0\nEvent Name: WindowsUpdateFailure3\nResponse: Not available\nCab Id: 0\n\nProblem signature:\nP1: 10.0.14393.1794\nP2: 8024402c\nP3: 00000000-0000-0000-0000-000000000000\nP4: Scan\nP5: 0\nP6: 0\nP7: 8024500b\nP8: TrustedInstaller FOD\nP9: {9482F4B4-E343-43B6-B170-9A65BC822C77}\nP10: 0\n\nAttached files:\n\nThese files may be available here:\nC:\\ProgramData\\Microsoft\\Windows\\WER\\ReportQueue\\NonCritical_10.0.14393.1794_c189c1b5ca61634d86cf376f6ee59b177cad41_00000000_0579e56e\n\nAnalysis symbol: \nRechecking for solution: 0\nReport Id: 822cbecf-5ccc-11ea-8b84-000c290be9e1\nReport Status: 2\nHashed bucket: ",
          "opcode": "Info",
          "record_number": "23933",
          "source_name": "Windows Error Reporting",
          "type": "wineventlog"
        },
        "fields": {
          "@timestamp": [
            1583264300004
          ]
        },
        "sort": [
          1583264300004
        ]
      },
      {
        "_index": "winlogbeat-2020.03.03",
        "_type": "wineventlog",
        "_id": "AXCh7DJCn_lBW985Kyba",
        "_version": 1,
        "_score": null,
        "_source": {
          "@timestamp": "2020-03-03T19:38:19.944Z",
          "beat": {
            "hostname": "DC",
            "name": "server",
            "version": "5.4.0"
          },
          "computer_name": "DC.Giacobeville.com",
          "event_data": {
            "param10": "0",
            "param11": "0",
            "param12": "8024500b",
            "param13": "UpdateOrchestrator",
            "param14": "{9482F4B4-E343-43B6-B170-9A65BC822C77}",
            "param15": "0",
            "param17": "C:\\ProgramData\\Microsoft\\Windows\\WER\\ReportQueue\\NonCritical_10.0.14393.1794_0aa1bcfffba3a89dd0b26a56a540de52375382_00000000_178d60f6",
            "param19": "0",
            "param2": "0",
            "param20": "d116846f-5cb1-11ea-8b84-000c290be9e1",
            "param21": "2",
            "param3": "WindowsUpdateFailure3",
            "param4": "Not available",
            "param5": "0",
            "param6": "10.0.14393.1794",
            "param7": "8024402c",
            "param8": "00000000-0000-0000-0000-000000000000",
            "param9": "Scan"
          },
          "event_id": 1001,
          "keywords": [
            "Classic"
          ],
          "level": "Information",
          "log_name": "Application",
          "message": "Fault bucket , type 0\nEvent Name: WindowsUpdateFailure3\nResponse: Not available\nCab Id: 0\n\nProblem signature:\nP1: 10.0.14393.1794\nP2: 8024402c\nP3: 00000000-0000-0000-0000-000000000000\nP4: Scan\nP5: 0\nP6: 0\nP7: 8024500b\nP8: UpdateOrchestrator\nP9: {9482F4B4-E343-43B6-B170-9A65BC822C77}\nP10: 0\n\nAttached files:\n\nThese files may be available here:\nC:\\ProgramData\\Microsoft\\Windows\\WER\\ReportQueue\\NonCritical_10.0.14393.1794_0aa1bcfffba3a89dd0b26a56a540de52375382_00000000_178d60f6\n\nAnalysis symbol: \nRechecking for solution: 0\nReport Id: d116846f-5cb1-11ea-8b84-000c290be9e1\nReport Status: 2\nHashed bucket: ",
          "opcode": "Info",
          "record_number": "23932",
          "source_name": "Windows Error Reporting",
          "type": "wineventlog"
        },
        "fields": {
          "@timestamp": [
            1583264299944
          ]
        },
        "sort": [
          1583264299944
        ]
      },
      {
        "_index": "winlogbeat-2020.03.03",
        "_type": "wineventlog",
        "_id": "AXCh7DJCn_lBW985KybZ",
        "_version": 1,
        "_score": null,
        "_source": {
          "@timestamp": "2020-03-03T19:38:19.902Z",
          "beat": {
            "hostname": "DC",
            "name": "server",
            "version": "5.4.0"
          },
          "computer_name": "DC.Giacobeville.com",
          "event_data": {
            "param10": "0",
            "param11": "0",
            "param12": "8024500b",
            "param13": "Windows Defender (77BDAF73-B396-481F-9042-AD358843EC24)",
            "param14": "{9482F4B4-E343-43B6-B170-9A65BC822C77}",
            "param15": "0",
            "param17": "C:\\ProgramData\\Microsoft\\Windows\\WER\\ReportQueue\\NonCritical_10.0.14393.1794_24e185414aea5cc9f14f719cd15386584201a_00000000_0ce8e1c5",
            "param19": "0",
            "param2": "0",
            "param20": "f92e216f-5bf6-11ea-8b84-000c290be9e1",
            "param21": "2",
            "param3": "WindowsUpdateFailure3",
            "param4": "Not available",
            "param5": "0",
            "param6": "10.0.14393.1794",
            "param7": "8024402c",
            "param8": "00000000-0000-0000-0000-000000000000",
            "param9": "Scan"
          },
          "event_id": 1001,
          "keywords": [
            "Classic"
          ],
          "level": "Information",
          "log_name": "Application",
          "message": "Fault bucket , type 0\nEvent Name: WindowsUpdateFailure3\nResponse: Not available\nCab Id: 0\n\nProblem signature:\nP1: 10.0.14393.1794\nP2: 8024402c\nP3: 00000000-0000-0000-0000-000000000000\nP4: Scan\nP5: 0\nP6: 0\nP7: 8024500b\nP8: Windows Defender (77BDAF73-B396-481F-9042-AD358843EC24)\nP9: {9482F4B4-E343-43B6-B170-9A65BC822C77}\nP10: 0\n\nAttached files:\n\nThese files may be available here:\nC:\\ProgramData\\Microsoft\\Windows\\WER\\ReportQueue\\NonCritical_10.0.14393.1794_24e185414aea5cc9f14f719cd15386584201a_00000000_0ce8e1c5\n\nAnalysis symbol: \nRechecking for solution: 0\nReport Id: f92e216f-5bf6-11ea-8b84-000c290be9e1\nReport Status: 2\nHashed bucket: ",
          "opcode": "Info",
          "record_number": "23931",
          "source_name": "Windows Error Reporting",
          "type": "wineventlog"
        },
        "fields": {
          "@timestamp": [
            1583264299902
          ]
        },
        "sort": [
          1583264299902
        ]
      },
      {
        "_index": "winlogbeat-2020.03.03",
        "_type": "wineventlog",
        "_id": "AXCh7DJCn_lBW985KybY",
        "_version": 1,
        "_score": null,
        "_source": {
          "@timestamp": "2020-03-03T19:38:19.857Z",
          "beat": {
            "hostname": "DC",
            "name": "server",
            "version": "5.4.0"
          },
          "computer_name": "DC.Giacobeville.com",
          "event_data": {
            "param10": "0",
            "param11": "0",
            "param12": "8024500b",
            "param13": "TrustedInstaller FOD",
            "param14": "{9482F4B4-E343-43B6-B170-9A65BC822C77}",
            "param15": "0",
            "param17": "C:\\ProgramData\\Microsoft\\Windows\\WER\\ReportQueue\\NonCritical_10.0.14393.1794_c189c1b5ca61634d86cf376f6ee59b177cad41_00000000_1d9b87e2",
            "param19": "0",
            "param2": "0",
            "param20": "c465b216-5bf6-11ea-8b84-000c290be9e1",
            "param21": "2",
            "param3": "WindowsUpdateFailure3",
            "param4": "Not available",
            "param5": "0",
            "param6": "10.0.14393.1794",
            "param7": "8024402c",
            "param8": "00000000-0000-0000-0000-000000000000",
            "param9": "Scan"
          },
          "event_id": 1001,
          "keywords": [
            "Classic"
          ],
          "level": "Information",
          "log_name": "Application",
          "message": "Fault bucket , type 0\nEvent Name: WindowsUpdateFailure3\nResponse: Not available\nCab Id: 0\n\nProblem signature:\nP1: 10.0.14393.1794\nP2: 8024402c\nP3: 00000000-0000-0000-0000-000000000000\nP4: Scan\nP5: 0\nP6: 0\nP7: 8024500b\nP8: TrustedInstaller FOD\nP9: {9482F4B4-E343-43B6-B170-9A65BC822C77}\nP10: 0\n\nAttached files:\n\nThese files may be available here:\nC:\\ProgramData\\Microsoft\\Windows\\WER\\ReportQueue\\NonCritical_10.0.14393.1794_c189c1b5ca61634d86cf376f6ee59b177cad41_00000000_1d9b87e2\n\nAnalysis symbol: \nRechecking for solution: 0\nReport Id: c465b216-5bf6-11ea-8b84-000c290be9e1\nReport Status: 2\nHashed bucket: ",
          "opcode": "Info",
          "record_number": "23930",
          "source_name": "Windows Error Reporting",
          "type": "wineventlog"
        },
        "fields": {
          "@timestamp": [
            1583264299857
          ]
        },
        "sort": [
          1583264299857
        ]
      },
      {
        "_index": "winlogbeat-2020.03.03",
        "_type": "wineventlog",
        "_id": "AXCh7DJCn_lBW985KybX",
        "_version": 1,
        "_score": null,
        "_source": {
          "@timestamp": "2020-03-03T19:38:19.814Z",
          "beat": {
            "hostname": "DC",
            "name": "server",
            "version": "5.4.0"
          },
          "computer_name": "DC.Giacobeville.com",
          "event_data": {
            "param10": "0",
            "param11": "0",
            "param12": "8024500b",
            "param13": "TrustedInstaller FOD",
            "param14": "{9482F4B4-E343-43B6-B170-9A65BC822C77}",
            "param15": "0",
            "param17": "C:\\ProgramData\\Microsoft\\Windows\\WER\\ReportQueue\\NonCritical_10.0.14393.1794_c189c1b5ca61634d86cf376f6ee59b177cad41_00000000_129dafd9",
            "param19": "0",
            "param2": "0",
            "param20": "e01d4ca3-5bf5-11ea-8b84-000c290be9e1",
            "param21": "2",
            "param3": "WindowsUpdateFailure3",
            "param4": "Not available",
            "param5": "0",
            "param6": "10.0.14393.1794",
            "param7": "8024402c",
            "param8": "00000000-0000-0000-0000-000000000000",
            "param9": "Scan"
          },
          "event_id": 1001,
          "keywords": [
            "Classic"
          ],
          "level": "Information",
          "log_name": "Application",
          "message": "Fault bucket , type 0\nEvent Name: WindowsUpdateFailure3\nResponse: Not available\nCab Id: 0\n\nProblem signature:\nP1: 10.0.14393.1794\nP2: 8024402c\nP3: 00000000-0000-0000-0000-000000000000\nP4: Scan\nP5: 0\nP6: 0\nP7: 8024500b\nP8: TrustedInstaller FOD\nP9: {9482F4B4-E343-43B6-B170-9A65BC822C77}\nP10: 0\n\nAttached files:\n\nThese files may be available here:\nC:\\ProgramData\\Microsoft\\Windows\\WER\\ReportQueue\\NonCritical_10.0.14393.1794_c189c1b5ca61634d86cf376f6ee59b177cad41_00000000_129dafd9\n\nAnalysis symbol: \nRechecking for solution: 0\nReport Id: e01d4ca3-5bf5-11ea-8b84-000c290be9e1\nReport Status: 2\nHashed bucket: ",
          "opcode": "Info",
          "record_number": "23929",
          "source_name": "Windows Error Reporting",
          "type": "wineventlog"
        },
        "fields": {
          "@timestamp": [
            1583264299814
          ]
        },
        "sort": [
          1583264299814
        ]
      },
      {
        "_index": "winlogbeat-2020.03.03",
        "_type": "wineventlog",
        "_id": "AXCh7DJCn_lBW985KybW",
        "_version": 1,
        "_score": null,
        "_source": {
          "@timestamp": "2020-03-03T19:38:19.764Z",
          "beat": {
            "hostname": "DC",
            "name": "server",
            "version": "5.4.0"
          },
          "computer_name": "DC.Giacobeville.com",
          "event_data": {
            "param10": "0",
            "param11": "0",
            "param12": "8024500b",
            "param13": "UpdateOrchestrator",
            "param14": "{9482F4B4-E343-43B6-B170-9A65BC822C77}",
            "param15": "0",
            "param17": "C:\\ProgramData\\Microsoft\\Windows\\WER\\ReportQueue\\NonCritical_10.0.14393.1794_0aa1bcfffba3a89dd0b26a56a540de52375382_00000000_1e0fe4b9",
            "param19": "0",
            "param2": "0",
            "param20": "c54f3662-5bf3-11ea-8b84-000c290be9e1",
            "param21": "2",
            "param3": "WindowsUpdateFailure3",
            "param4": "Not available",
            "param5": "0",
            "param6": "10.0.14393.1794",
            "param7": "8024402c",
            "param8": "00000000-0000-0000-0000-000000000000",
            "param9": "Scan"
          },
          "event_id": 1001,
          "keywords": [
            "Classic"
          ],
          "level": "Information",
          "log_name": "Application",
          "message": "Fault bucket , type 0\nEvent Name: WindowsUpdateFailure3\nResponse: Not available\nCab Id: 0\n\nProblem signature:\nP1: 10.0.14393.1794\nP2: 8024402c\nP3: 00000000-0000-0000-0000-000000000000\nP4: Scan\nP5: 0\nP6: 0\nP7: 8024500b\nP8: UpdateOrchestrator\nP9: {9482F4B4-E343-43B6-B170-9A65BC822C77}\nP10: 0\n\nAttached files:\n\nThese files may be available here:\nC:\\ProgramData\\Microsoft\\Windows\\WER\\ReportQueue\\NonCritical_10.0.14393.1794_0aa1bcfffba3a89dd0b26a56a540de52375382_00000000_1e0fe4b9\n\nAnalysis symbol: \nRechecking for solution: 0\nReport Id: c54f3662-5bf3-11ea-8b84-000c290be9e1\nReport Status: 2\nHashed bucket: ",
          "opcode": "Info",
          "record_number": "23928",
          "source_name": "Windows Error Reporting",
          "type": "wineventlog"
        },
        "fields": {
          "@timestamp": [
            1583264299764
          ]
        },
        "sort": [
          1583264299764
        ]
      },
      {
        "_index": "winlogbeat-2020.03.03",
        "_type": "wineventlog",
        "_id": "AXCh7DJCn_lBW985KybV",
        "_version": 1,
        "_score": null,
        "_source": {
          "@timestamp": "2020-03-03T19:38:19.721Z",
          "beat": {
            "hostname": "DC",
            "name": "server",
            "version": "5.4.0"
          },
          "computer_name": "DC.Giacobeville.com",
          "event_data": {
            "param10": "0",
            "param11": "0",
            "param12": "8024500b",
            "param13": "Windows Defender (77BDAF73-B396-481F-9042-AD358843EC24)",
            "param14": "{9482F4B4-E343-43B6-B170-9A65BC822C77}",
            "param15": "0",
            "param17": "C:\\ProgramData\\Microsoft\\Windows\\WER\\ReportQueue\\NonCritical_10.0.14393.1794_24e185414aea5cc9f14f719cd15386584201a_00000000_0a468f69",
            "param19": "0",
            "param2": "0",
            "param20": "d03c3161-5b2d-11ea-8b84-000c290be9e1",
            "param21": "2",
            "param3": "WindowsUpdateFailure3",
            "param4": "Not available",
            "param5": "0",
            "param6": "10.0.14393.1794",
            "param7": "8024402c",
            "param8": "00000000-0000-0000-0000-000000000000",
            "param9": "Scan"
          },
          "event_id": 1001,
          "keywords": [
            "Classic"
          ],
          "level": "Information",
          "log_name": "Application",
          "message": "Fault bucket , type 0\nEvent Name: WindowsUpdateFailure3\nResponse: Not available\nCab Id: 0\n\nProblem signature:\nP1: 10.0.14393.1794\nP2: 8024402c\nP3: 00000000-0000-0000-0000-000000000000\nP4: Scan\nP5: 0\nP6: 0\nP7: 8024500b\nP8: Windows Defender (77BDAF73-B396-481F-9042-AD358843EC24)\nP9: {9482F4B4-E343-43B6-B170-9A65BC822C77}\nP10: 0\n\nAttached files:\n\nThese files may be available here:\nC:\\ProgramData\\Microsoft\\Windows\\WER\\ReportQueue\\NonCritical_10.0.14393.1794_24e185414aea5cc9f14f719cd15386584201a_00000000_0a468f69\n\nAnalysis symbol: \nRechecking for solution: 0\nReport Id: d03c3161-5b2d-11ea-8b84-000c290be9e1\nReport Status: 2\nHashed bucket: ",
          "opcode": "Info",
          "record_number": "23927",
          "source_name": "Windows Error Reporting",
          "type": "wineventlog"
        },
        "fields": {
          "@timestamp": [
            1583264299721
          ]
        },
        "sort": [
          1583264299721
        ]
      },
