      {
        "_index": "winlogbeat-2020.03.03",
        "_type": "wineventlog",
        "_id": "AXCh59tQn_lBW985KyX0",
        "_version": 1,
        "_score": null,
        "_source": {
          "@timestamp": "2020-03-03T19:33:34.347Z",
          "beat": {
            "hostname": "DC",
            "name": "server",
            "version": "5.4.0"
          },
          "computer_name": "DC.Giacobeville.com",
          "event_data": {
            "VolumeGuid": "{E8A05CFB-01EA-11EA-8B75-806E6F6E6963}",
            "VolumeName": "A:",
            "VolumeNameLength": "2"
          },
          "event_id": 2,
          "level": "Information",
          "log_name": "Microsoft-Windows-Kernel-IO/Operational",
          "message": "The volume has been successfully mounted.\n\n           Volume GUID: {E8A05CFB-01EA-11EA-8B75-806E6F6E6963}\n           Volume Name: A:",
          "opcode": "Stop",
          "process_id": 2476,
          "provider_guid": "{ABF1F586-2E50-4BA8-928D-49044E6F0DB7}",
          "record_number": "189095",
          "source_name": "Microsoft-Windows-Kernel-IO",
          "thread_id": 2932,
          "type": "wineventlog",
          "user": {
            "domain": "NT AUTHORITY",
            "identifier": "S-1-5-18",
            "name": "SYSTEM",
            "type": "User"
          }
        },
        "fields": {
          "@timestamp": [
            1583264014347
          ]
        },
        "sort": [
          1583264014347
        ]
      },
      {
        "_index": "winlogbeat-2020.03.03",
        "_type": "wineventlog",
        "_id": "AXCh59dbn_lBW985KyXz",
        "_version": 1,
        "_score": null,
        "_source": {
          "@timestamp": "2020-03-03T19:33:33.325Z",
          "beat": {
            "hostname": "DC",
            "name": "server",
            "version": "5.4.0"
          },
          "computer_name": "DC.Giacobeville.com",
          "event_data": {
            "VolumeGuid": "{E8A05CFB-01EA-11EA-8B75-806E6F6E6963}",
            "VolumeName": "A:",
            "VolumeNameLength": "2"
          },
          "event_id": 1,
          "level": "Information",
          "log_name": "Microsoft-Windows-Kernel-IO/Operational",
          "message": "Windows has started processing the volume mount request.\n\n           Volume GUID: {E8A05CFB-01EA-11EA-8B75-806E6F6E6963}\n           Volume Name: A:",
          "opcode": "Start",
          "process_id": 2476,
          "provider_guid": "{ABF1F586-2E50-4BA8-928D-49044E6F0DB7}",
          "record_number": "189094",
          "source_name": "Microsoft-Windows-Kernel-IO",
          "thread_id": 2932,
          "type": "wineventlog",
          "user": {
            "domain": "NT AUTHORITY",
            "identifier": "S-1-5-18",
            "name": "SYSTEM",
            "type": "User"
          }
        },
        "fields": {
          "@timestamp": [
            1583264013325
          ]
        },
        "sort": [
          1583264013325
        ]
      },
      {
        "_index": "winlogbeat-2020.03.03",
        "_type": "wineventlog",
        "_id": "AXCh52Xln_lBW985KyXy",
        "_version": 1,
        "_score": null,
        "_source": {
          "@timestamp": "2020-03-03T19:33:04.347Z",
          "beat": {
            "hostname": "DC",
            "name": "server",
            "version": "5.4.0"
          },
          "computer_name": "DC.Giacobeville.com",
          "event_data": {
            "VolumeGuid": "{E8A05CFB-01EA-11EA-8B75-806E6F6E6963}",
            "VolumeName": "A:",
            "VolumeNameLength": "2"
          },
          "event_id": 2,
          "level": "Information",
          "log_name": "Microsoft-Windows-Kernel-IO/Operational",
          "message": "The volume has been successfully mounted.\n\n           Volume GUID: {E8A05CFB-01EA-11EA-8B75-806E6F6E6963}\n           Volume Name: A:",
          "opcode": "Stop",
          "process_id": 2476,
          "provider_guid": "{ABF1F586-2E50-4BA8-928D-49044E6F0DB7}",
          "record_number": "189093",
          "source_name": "Microsoft-Windows-Kernel-IO",
          "thread_id": 2932,
          "type": "wineventlog",
          "user": {
            "domain": "NT AUTHORITY",
            "identifier": "S-1-5-18",
            "name": "SYSTEM",
            "type": "User"
          }
        },
        "fields": {
          "@timestamp": [
            1583263984347
          ]
        },
        "sort": [
          1583263984347
        ]
      },
      {
        "_index": "winlogbeat-2020.03.03",
        "_type": "wineventlog",
        "_id": "AXCh52Hnn_lBW985KyXx",
        "_version": 1,
        "_score": null,
        "_source": {
          "@timestamp": "2020-03-03T19:33:03.325Z",
          "beat": {
            "hostname": "DC",
            "name": "server",
            "version": "5.4.0"
          },
          "computer_name": "DC.Giacobeville.com",
          "event_data": {
            "VolumeGuid": "{E8A05CFB-01EA-11EA-8B75-806E6F6E6963}",
            "VolumeName": "A:",
            "VolumeNameLength": "2"
          },
          "event_id": 1,
          "level": "Information",
          "log_name": "Microsoft-Windows-Kernel-IO/Operational",
          "message": "Windows has started processing the volume mount request.\n\n           Volume GUID: {E8A05CFB-01EA-11EA-8B75-806E6F6E6963}\n           Volume Name: A:",
          "opcode": "Start",
          "process_id": 2476,
          "provider_guid": "{ABF1F586-2E50-4BA8-928D-49044E6F0DB7}",
          "record_number": "189092",
          "source_name": "Microsoft-Windows-Kernel-IO",
          "thread_id": 2932,
          "type": "wineventlog",
          "user": {
            "domain": "NT AUTHORITY",
            "identifier": "S-1-5-18",
            "name": "SYSTEM",
            "type": "User"
          }
        },
        "fields": {
          "@timestamp": [
            1583263983325
          ]
        },
        "sort": [
          1583263983325
        ]
      },
      {
        "_index": "winlogbeat-2020.03.03",
        "_type": "wineventlog",
        "_id": "AXCh50h_n_lBW985KyXq",
        "_version": 1,
        "_score": null,
        "_source": {
          "@timestamp": "2020-03-03T19:32:57.715Z",
          "activity_id": "{96F20885-BB8F-401D-96F3-AB1BA5F4BD8F}",
          "beat": {
            "hostname": "DC",
            "name": "server",
            "version": "5.4.0"
          },
          "computer_name": "DC.Giacobeville.com",
          "event_id": 27,
          "level": "Information",
          "log_name": "Microsoft-Windows-ServerManager-MgmtProvider/Operational",
          "message": "Get counter samples in time range task complete.",
          "opcode": "Stop",
          "process_id": 3668,
          "provider_guid": "{C2E6D0D9-5DF8-4C77-A82B-C96C84579543}",
          "record_number": "16731",
          "source_name": "Microsoft-Windows-ServerManager-ManagementProvider",
          "task": "Get counter samples in time range task",
          "thread_id": 4060,
          "type": "wineventlog",
          "user": {
            "domain": "GIACOBEVILLE",
            "identifier": "S-1-5-21-1271178117-3594940576-1158983498-500",
            "name": "Administrator",
            "type": "User"
          }
        },
        "fields": {
          "@timestamp": [
            1583263977715
          ]
        },
        "sort": [
          1583263977715
        ]
      },
      {
        "_index": "winlogbeat-2020.03.03",
        "_type": "wineventlog",
        "_id": "AXCh50pin_lBW985KyXv",
        "_version": 1,
        "_score": null,
        "_source": {
          "@timestamp": "2020-03-03T19:32:57.715Z",
          "beat": {
            "hostname": "DC",
            "name": "server",
            "version": "5.4.0"
          },
          "computer_name": "DC.Giacobeville.com",
          "event_data": {
            "Count": "1",
            "MachineName": "DC.Giacobeville.com"
          },
          "event_id": 192,
          "level": "Information",
          "log_name": "Microsoft-Windows-ServerManager-MultiMachine/Operational",
          "message": "Refresh item completed. Server: DC.Giacobeville.com, Session Item Count: 1",
          "opcode": "Info",
          "process_id": 2068,
          "provider_guid": "{D8D37081-10BD-4A89-A971-1CDA6899BDB3}",
          "record_number": "27600",
          "source_name": "Microsoft-Windows-ServerManager-MultiMachine",
          "task": "Server manager refresh task.",
          "thread_id": 2156,
          "type": "wineventlog",
          "user": {
            "domain": "GIACOBEVILLE",
            "identifier": "S-1-5-21-1271178117-3594940576-1158983498-500",
            "name": "Administrator",
            "type": "User"
          }
        },
        "fields": {
          "@timestamp": [
            1583263977715
          ]
        },
        "sort": [
          1583263977715
        ]
      },
      {
        "_index": "winlogbeat-2020.03.03",
        "_type": "wineventlog",
        "_id": "AXCh50pin_lBW985KyXw",
        "_version": 1,
        "_score": null,
        "_source": {
          "@timestamp": "2020-03-03T19:32:57.715Z",
          "beat": {
            "hostname": "DC",
            "name": "server",
            "version": "5.4.0"
          },
          "computer_name": "DC.Giacobeville.com",
          "event_data": {
            "ID": "{E16A94CC-1481-4463-B91E-C68030E4FCB4}"
          },
          "event_id": 172,
          "level": "Information",
          "log_name": "Microsoft-Windows-ServerManager-MultiMachine/Operational",
          "message": "Refresh session completed. Id: {E16A94CC-1481-4463-B91E-C68030E4FCB4}",
          "opcode": "Info",
          "process_id": 2068,
          "provider_guid": "{D8D37081-10BD-4A89-A971-1CDA6899BDB3}",
          "record_number": "27601",
          "source_name": "Microsoft-Windows-ServerManager-MultiMachine",
          "task": "Server manager refresh task.",
          "thread_id": 2156,
          "type": "wineventlog",
          "user": {
            "domain": "GIACOBEVILLE",
            "identifier": "S-1-5-21-1271178117-3594940576-1158983498-500",
            "name": "Administrator",
            "type": "User"
          }
        },
        "fields": {
          "@timestamp": [
            1583263977715
          ]
        },
        "sort": [
          1583263977715
        ]
      },
      {
        "_index": "winlogbeat-2020.03.03",
        "_type": "wineventlog",
        "_id": "AXCh50pin_lBW985KyXu",
        "_version": 1,
        "_score": null,
        "_source": {
          "@timestamp": "2020-03-03T19:32:57.715Z",
          "beat": {
            "hostname": "DC",
            "name": "server",
            "version": "5.4.0"
          },
          "computer_name": "DC.Giacobeville.com",
          "event_data": {
            "methodName": "GetCounterSamplesInTimeRange",
            "namespaceName": "root\\microsoft\\windows\\servermanager",
            "protocol": "DCOM",
            "serverName": "localhost",
            "wmiClassName": "MSFT_ServerManagerTasks"
          },
          "event_id": 215,
          "level": "Information",
          "log_name": "Microsoft-Windows-ServerManager-MultiMachine/Operational",
          "message": "Invoke method completed. Server: localhost, Namespace: root\\microsoft\\windows\\servermanager, Class: MSFT_ServerManagerTasks, Method: GetCounterSamplesInTimeRange",
          "opcode": "Info",
          "process_id": 2068,
          "provider_guid": "{D8D37081-10BD-4A89-A971-1CDA6899BDB3}",
          "record_number": "27599",
          "source_name": "Microsoft-Windows-ServerManager-MultiMachine",
          "task": "Node access.",
          "thread_id": 2156,
          "type": "wineventlog",
          "user": {
            "domain": "GIACOBEVILLE",
            "identifier": "S-1-5-21-1271178117-3594940576-1158983498-500",
            "name": "Administrator",
            "type": "User"
          }
        },
        "fields": {
          "@timestamp": [
            1583263977715
          ]
        },
        "sort": [
          1583263977715
        ]
      },
      {
        "_index": "winlogbeat-2020.03.03",
        "_type": "wineventlog",
        "_id": "AXCh50pin_lBW985KyXt",
        "_version": 1,
        "_score": null,
        "_source": {
          "@timestamp": "2020-03-03T19:32:57.714Z",
          "beat": {
            "hostname": "DC",
            "name": "server",
            "version": "5.4.0"
          },
          "computer_name": "DC.Giacobeville.com",
          "event_data": {
            "methodName": "GetCounterSamplesInTimeRange",
            "namespaceName": "root\\microsoft\\windows\\servermanager",
            "protocol": "DCOM",
            "serverName": "localhost",
            "wmiClassName": "MSFT_ServerManagerTasks"
          },
          "event_id": 217,
          "level": "Information",
          "log_name": "Microsoft-Windows-ServerManager-MultiMachine/Operational",
          "message": "Invoke method data received. Server: localhost, Namespace: root\\microsoft\\windows\\servermanager, Class: MSFT_ServerManagerTasks, Method: GetCounterSamplesInTimeRange",
          "opcode": "Info",
          "process_id": 2068,
          "provider_guid": "{D8D37081-10BD-4A89-A971-1CDA6899BDB3}",
          "record_number": "27598",
          "source_name": "Microsoft-Windows-ServerManager-MultiMachine",
          "task": "Node access.",
          "thread_id": 2156,
          "type": "wineventlog",
          "user": {
            "domain": "GIACOBEVILLE",
            "identifier": "S-1-5-21-1271178117-3594940576-1158983498-500",
            "name": "Administrator",
            "type": "User"
          }
        },
        "fields": {
          "@timestamp": [
            1583263977714
          ]
        },
        "sort": [
          1583263977714
        ]
      },
      {
        "_index": "winlogbeat-2020.03.03",
        "_type": "wineventlog",
        "_id": "AXCh50pin_lBW985KyXr",
        "_version": 1,
        "_score": null,
        "_source": {
          "@timestamp": "2020-03-03T19:32:57.269Z",
          "beat": {
            "hostname": "DC",
            "name": "server",
            "version": "5.4.0"
          },
          "computer_name": "DC.Giacobeville.com",
          "event_data": {
            "methodName": "GetServerEventDetail",
            "namespaceName": "root\\microsoft\\windows\\servermanager",
            "protocol": "DCOM",
            "serverName": "localhost",
            "wmiClassName": "MSFT_ServerManagerTasks"
          },
          "event_id": 217,
          "level": "Information",
          "log_name": "Microsoft-Windows-ServerManager-MultiMachine/Operational",
          "message": "Invoke method data received. Server: localhost, Namespace: root\\microsoft\\windows\\servermanager, Class: MSFT_ServerManagerTasks, Method: GetServerEventDetail",
          "opcode": "Info",
          "process_id": 2068,
          "provider_guid": "{D8D37081-10BD-4A89-A971-1CDA6899BDB3}",
          "record_number": "27596",
          "source_name": "Microsoft-Windows-ServerManager-MultiMachine",
          "task": "Node access.",
          "thread_id": 2156,
          "type": "wineventlog",
          "user": {
            "domain": "GIACOBEVILLE",
            "identifier": "S-1-5-21-1271178117-3594940576-1158983498-500",
            "name": "Administrator",
            "type": "User"
          }
        },
        "fields": {
          "@timestamp": [
            1583263977269
          ]
        },
        "sort": [
          1583263977269
        ]
      },
      {
        "_index": "winlogbeat-2020.03.03",
        "_type": "wineventlog",
        "_id": "AXCh50pin_lBW985KyXs",
        "_version": 1,
        "_score": null,
        "_source": {
          "@timestamp": "2020-03-03T19:32:57.269Z",
          "beat": {
            "hostname": "DC",
            "name": "server",
            "version": "5.4.0"
          },
          "computer_name": "DC.Giacobeville.com",
          "event_data": {
            "methodName": "GetServerEventDetail",
            "namespaceName": "root\\microsoft\\windows\\servermanager",
            "protocol": "DCOM",
            "serverName": "localhost",
            "wmiClassName": "MSFT_ServerManagerTasks"
          },
          "event_id": 215,
          "level": "Information",
          "log_name": "Microsoft-Windows-ServerManager-MultiMachine/Operational",
          "message": "Invoke method completed. Server: localhost, Namespace: root\\microsoft\\windows\\servermanager, Class: MSFT_ServerManagerTasks, Method: GetServerEventDetail",
          "opcode": "Info",
          "process_id": 2068,
          "provider_guid": "{D8D37081-10BD-4A89-A971-1CDA6899BDB3}",
          "record_number": "27597",
          "source_name": "Microsoft-Windows-ServerManager-MultiMachine",
          "task": "Node access.",
          "thread_id": 2156,
          "type": "wineventlog",
          "user": {
            "domain": "GIACOBEVILLE",
            "identifier": "S-1-5-21-1271178117-3594940576-1158983498-500",
            "name": "Administrator",
            "type": "User"
          }
        },
        "fields": {
          "@timestamp": [
            1583263977269
          ]
        },
        "sort": [
          1583263977269
        ]
      },
      {
        "_index": "winlogbeat-2020.03.03",
        "_type": "wineventlog",
        "_id": "AXCh50h_n_lBW985KyXp",
        "_version": 1,
        "_score": null,
        "_source": {
          "@timestamp": "2020-03-03T19:32:57.268Z",
          "activity_id": "{3E7545D5-C9F1-4818-B09C-824343E96B44}",
          "beat": {
            "hostname": "DC",
            "name": "server",
            "version": "5.4.0"
          },
          "computer_name": "DC.Giacobeville.com",
          "event_data": {
            "uValue": "0"
          },
          "event_id": 53,
          "level": "Information",
          "log_name": "Microsoft-Windows-ServerManager-MgmtProvider/Operational",
          "message": "Get server event detail task complete, number of results: 0.",
          "opcode": "Info",
          "process_id": 3668,
          "provider_guid": "{C2E6D0D9-5DF8-4C77-A82B-C96C84579543}",
          "record_number": "16730",
          "source_name": "Microsoft-Windows-ServerManager-ManagementProvider",
          "task": "Get server event detail task",
          "thread_id": 3996,
          "type": "wineventlog",
          "user": {
            "domain": "GIACOBEVILLE",
            "identifier": "S-1-5-21-1271178117-3594940576-1158983498-500",
            "name": "Administrator",
            "type": "User"
          }
        },
        "fields": {
          "@timestamp": [
            1583263977268
          ]
        },
        "sort": [
          1583263977268
        ]
      },
      {
        "_index": "winlogbeat-2020.03.03",
        "_type": "wineventlog",
        "_id": "AXCh50Jqn_lBW985KyXX",
        "_version": 1,
        "_score": null,
        "_source": {
          "@timestamp": "2020-03-03T19:32:55.994Z",
          "beat": {
            "hostname": "DC",
            "name": "server",
            "version": "5.4.0"
          },
          "computer_name": "DC.Giacobeville.com",
          "event_data": {
            "methodName": "GetServerBpaResult",
            "namespaceName": "root\\microsoft\\windows\\servermanager",
            "protocol": "DCOM",
            "serverName": "localhost",
            "wmiClassName": "MSFT_ServerManagerTasks"
          },
          "event_id": 217,
          "level": "Information",
          "log_name": "Microsoft-Windows-ServerManager-MultiMachine/Operational",
          "message": "Invoke method data received. Server: localhost, Namespace: root\\microsoft\\windows\\servermanager, Class: MSFT_ServerManagerTasks, Method: GetServerBpaResult",
          "opcode": "Info",
          "process_id": 2068,
          "provider_guid": "{D8D37081-10BD-4A89-A971-1CDA6899BDB3}",
          "record_number": "27594",
          "source_name": "Microsoft-Windows-ServerManager-MultiMachine",
          "task": "Node access.",
          "thread_id": 2156,
          "type": "wineventlog",
          "user": {
            "domain": "GIACOBEVILLE",
            "identifier": "S-1-5-21-1271178117-3594940576-1158983498-500",
            "name": "Administrator",
            "type": "User"
          }
        },
        "fields": {
          "@timestamp": [
            1583263975994
          ]
        },
        "sort": [
          1583263975994
        ]
      },
      {
        "_index": "winlogbeat-2020.03.03",
        "_type": "wineventlog",
        "_id": "AXCh50Jqn_lBW985KyXY",
        "_version": 1,
        "_score": null,
        "_source": {
          "@timestamp": "2020-03-03T19:32:55.994Z",
          "beat": {
            "hostname": "DC",
            "name": "server",
            "version": "5.4.0"
          },
          "computer_name": "DC.Giacobeville.com",
          "event_data": {
            "methodName": "GetServerBpaResult",
            "namespaceName": "root\\microsoft\\windows\\servermanager",
            "protocol": "DCOM",
            "serverName": "localhost",
            "wmiClassName": "MSFT_ServerManagerTasks"
          },
          "event_id": 215,
          "level": "Information",
          "log_name": "Microsoft-Windows-ServerManager-MultiMachine/Operational",
          "message": "Invoke method completed. Server: localhost, Namespace: root\\microsoft\\windows\\servermanager, Class: MSFT_ServerManagerTasks, Method: GetServerBpaResult",
          "opcode": "Info",
          "process_id": 2068,
          "provider_guid": "{D8D37081-10BD-4A89-A971-1CDA6899BDB3}",
          "record_number": "27595",
          "source_name": "Microsoft-Windows-ServerManager-MultiMachine",
          "task": "Node access.",
          "thread_id": 2156,
          "type": "wineventlog",
          "user": {
            "domain": "GIACOBEVILLE",
            "identifier": "S-1-5-21-1271178117-3594940576-1158983498-500",
            "name": "Administrator",
            "type": "User"
          }
        },
        "fields": {
          "@timestamp": [
            1583263975994
          ]
        },
        "sort": [
          1583263975994
        ]
      },
      {
        "_index": "winlogbeat-2020.03.03",
        "_type": "wineventlog",
        "_id": "AXCh50Rkn_lBW985KyXo",
        "_version": 1,
        "_score": null,
        "_source": {
          "@timestamp": "2020-03-03T19:32:55.992Z",
          "activity_id": "{E708FE6E-3D60-4B94-B355-0E86027D8088}",
          "beat": {
            "hostname": "DC",
            "name": "server",
            "version": "5.4.0"
          },
          "computer_name": "DC.Giacobeville.com",
          "event_data": {
            "ResultsReturned": "20"
          },
          "event_id": 63,
          "level": "Information",
          "log_name": "Microsoft-Windows-ServerManager-MgmtProvider/Operational",
          "message": "Get bpa result task complete: 0x14.",
          "opcode": "Info",
          "process_id": 3668,
          "provider_guid": "{C2E6D0D9-5DF8-4C77-A82B-C96C84579543}",
          "record_number": "16729",
          "source_name": "Microsoft-Windows-ServerManager-ManagementProvider",
          "task": "Get server bpa result task",
          "thread_id": 1256,
          "type": "wineventlog",
          "user": {
            "domain": "GIACOBEVILLE",
            "identifier": "S-1-5-21-1271178117-3594940576-1158983498-500",
            "name": "Administrator",
            "type": "User"
          }
        },
        "fields": {
          "@timestamp": [
            1583263975992
          ]
        },
        "sort": [
          1583263975992
        ]
      },
      {
        "_index": "winlogbeat-2020.03.03",
        "_type": "wineventlog",
        "_id": "AXCh50Jqn_lBW985KyXW",
        "_version": 1,
        "_score": null,
        "_source": {
          "@timestamp": "2020-03-03T19:32:55.988Z",
          "beat": {
            "hostname": "DC",
            "name": "server",
            "version": "5.4.0"
          },
          "computer_name": "DC.Giacobeville.com",
          "event_data": {
            "methodName": "GetServerBpaResult",
            "namespaceName": "root\\microsoft\\windows\\servermanager",
            "protocol": "DCOM",
            "serverName": "localhost",
            "wmiClassName": "MSFT_ServerManagerTasks"
          },
          "event_id": 217,
          "level": "Information",
          "log_name": "Microsoft-Windows-ServerManager-MultiMachine/Operational",
          "message": "Invoke method data received. Server: localhost, Namespace: root\\microsoft\\windows\\servermanager, Class: MSFT_ServerManagerTasks, Method: GetServerBpaResult",
          "opcode": "Info",
          "process_id": 2068,
          "provider_guid": "{D8D37081-10BD-4A89-A971-1CDA6899BDB3}",
          "record_number": "27593",
          "source_name": "Microsoft-Windows-ServerManager-MultiMachine",
          "task": "Node access.",
          "thread_id": 2156,
          "type": "wineventlog",
          "user": {
            "domain": "GIACOBEVILLE",
            "identifier": "S-1-5-21-1271178117-3594940576-1158983498-500",
            "name": "Administrator",
            "type": "User"
          }
        },
        "fields": {
          "@timestamp": [
            1583263975988
          ]
        },
        "sort": [
          1583263975988
        ]
      },
      {
        "_index": "winlogbeat-2020.03.03",
        "_type": "wineventlog",
        "_id": "AXCh50Rkn_lBW985KyXn",
        "_version": 1,
        "_score": null,
        "_source": {
          "@timestamp": "2020-03-03T19:32:55.967Z",
          "activity_id": "{E708FE6E-3D60-4B94-B355-0E86027D8088}",
          "beat": {
            "hostname": "DC",
            "name": "server",
            "version": "5.4.0"
          },
          "computer_name": "DC.Giacobeville.com",
          "event_data": {
            "Error": "0x1f",
            "LastError": "0x3",
            "XPath": "Microsoft/Windows/DHCPServer:$reports$\\*\\Result.xml:/ResultDatabase/Result"
          },
          "event_id": 85,
          "level": "Warning",
          "log_name": "Microsoft-Windows-ServerManager-MgmtProvider/Operational",
          "message": "Failed to query the results of bpa xpath: Microsoft/Windows/DHCPServer:$reports$\\*\\Result.xml:/ResultDatabase/Result. error: A device attached to the system is not functioning., last error: The system cannot find the path specified..",
          "opcode": "Info",
          "process_id": 3668,
          "provider_guid": "{C2E6D0D9-5DF8-4C77-A82B-C96C84579543}",
          "record_number": "16728",
          "source_name": "Microsoft-Windows-ServerManager-ManagementProvider",
          "task": "Get server bpa result task",
          "thread_id": 1256,
          "type": "wineventlog",
          "user": {
            "domain": "GIACOBEVILLE",
            "identifier": "S-1-5-21-1271178117-3594940576-1158983498-500",
            "name": "Administrator",
            "type": "User"
          }
        },
        "fields": {
          "@timestamp": [
            1583263975967
          ]
        },
        "sort": [
          1583263975967
        ]
      },
      {
        "_index": "winlogbeat-2020.03.03",
        "_type": "wineventlog",
        "_id": "AXCh50Rkn_lBW985KyXm",
        "_version": 1,
        "_score": null,
        "_source": {
          "@timestamp": "2020-03-03T19:32:55.966Z",
          "activity_id": "{E708FE6E-3D60-4B94-B355-0E86027D8088}",
          "beat": {
            "hostname": "DC",
            "name": "server",
            "version": "5.4.0"
          },
          "computer_name": "DC.Giacobeville.com",
          "event_data": {
            "Error": "0x2",
            "LastError": "0x3",
            "XPath": "Microsoft/Windows/DHCPServer:$reports$\\$latestreport$\\Discovery.xml:$creationtime$"
          },
          "event_id": 85,
          "level": "Warning",
          "log_name": "Microsoft-Windows-ServerManager-MgmtProvider/Operational",
          "message": "Failed to query the results of bpa xpath: Microsoft/Windows/DHCPServer:$reports$\\$latestreport$\\Discovery.xml:$creationtime$. error: The system cannot find the file specified., last error: The system cannot find the path specified..",
          "opcode": "Info",
          "process_id": 3668,
          "provider_guid": "{C2E6D0D9-5DF8-4C77-A82B-C96C84579543}",
          "record_number": "16727",
          "source_name": "Microsoft-Windows-ServerManager-ManagementProvider",
          "task": "Get server bpa result task",
          "thread_id": 1256,
          "type": "wineventlog",
          "user": {
            "domain": "GIACOBEVILLE",
            "identifier": "S-1-5-21-1271178117-3594940576-1158983498-500",
            "name": "Administrator",
            "type": "User"
          }
        },
        "fields": {
          "@timestamp": [
            1583263975966
          ]
        },
        "sort": [
          1583263975966
        ]
      },
      {
        "_index": "winlogbeat-2020.03.03",
        "_type": "wineventlog",
        "_id": "AXCh50Rkn_lBW985KyXl",
        "_version": 1,
        "_score": null,
        "_source": {
          "@timestamp": "2020-03-03T19:32:55.966Z",
          "activity_id": "{E708FE6E-3D60-4B94-B355-0E86027D8088}",
          "beat": {
            "hostname": "DC",
            "name": "server",
            "version": "5.4.0"
          },
          "computer_name": "DC.Giacobeville.com",
          "event_data": {
            "Error": "0x1f",
            "LastError": "0x3",
            "XPath": "Microsoft/Windows/FileServices:$reports$\\*\\Result.xml:/ResultDatabase/Result"
          },
          "event_id": 85,
          "level": "Warning",
          "log_name": "Microsoft-Windows-ServerManager-MgmtProvider/Operational",
          "message": "Failed to query the results of bpa xpath: Microsoft/Windows/FileServices:$reports$\\*\\Result.xml:/ResultDatabase/Result. error: A device attached to the system is not functioning., last error: The system cannot find the path specified..",
          "opcode": "Info",
          "process_id": 3668,
          "provider_guid": "{C2E6D0D9-5DF8-4C77-A82B-C96C84579543}",
          "record_number": "16726",
          "source_name": "Microsoft-Windows-ServerManager-ManagementProvider",
          "task": "Get server bpa result task",
          "thread_id": 1256,
          "type": "wineventlog",
          "user": {
            "domain": "GIACOBEVILLE",
            "identifier": "S-1-5-21-1271178117-3594940576-1158983498-500",
            "name": "Administrator",
            "type": "User"
          }
        },
        "fields": {
          "@timestamp": [
            1583263975966
          ]
        },
        "sort": [
          1583263975966
        ]
      },
      {
        "_index": "winlogbeat-2020.03.03",
        "_type": "wineventlog",
        "_id": "AXCh50Rkn_lBW985KyXi",
        "_version": 1,
        "_score": null,
        "_source": {
          "@timestamp": "2020-03-03T19:32:55.965Z",
          "activity_id": "{E708FE6E-3D60-4B94-B355-0E86027D8088}",
          "beat": {
            "hostname": "DC",
            "name": "server",
            "version": "5.4.0"
          },
          "computer_name": "DC.Giacobeville.com",
          "event_data": {
            "Error": "0x2",
            "LastError": "0x3",
            "XPath": "Microsoft/Windows/WebServer:$reports$\\$latestreport$\\Discovery.xml:$creationtime$"
          },
          "event_id": 85,
          "level": "Warning",
          "log_name": "Microsoft-Windows-ServerManager-MgmtProvider/Operational",
          "message": "Failed to query the results of bpa xpath: Microsoft/Windows/WebServer:$reports$\\$latestreport$\\Discovery.xml:$creationtime$. error: The system cannot find the file specified., last error: The system cannot find the path specified..",
          "opcode": "Info",
          "process_id": 3668,
          "provider_guid": "{C2E6D0D9-5DF8-4C77-A82B-C96C84579543}",
          "record_number": "16723",
          "source_name": "Microsoft-Windows-ServerManager-ManagementProvider",
          "task": "Get server bpa result task",
          "thread_id": 1256,
          "type": "wineventlog",
          "user": {
            "domain": "GIACOBEVILLE",
            "identifier": "S-1-5-21-1271178117-3594940576-1158983498-500",
            "name": "Administrator",
            "type": "User"
          }
        },
        "fields": {
          "@timestamp": [
            1583263975965
          ]
        },
        "sort": [
          1583263975965
        ]
      },
      {
        "_index": "winlogbeat-2020.03.03",
        "_type": "wineventlog",
        "_id": "AXCh50Rkn_lBW985KyXj",
        "_version": 1,
        "_score": null,
        "_source": {
          "@timestamp": "2020-03-03T19:32:55.965Z",
          "activity_id": "{E708FE6E-3D60-4B94-B355-0E86027D8088}",
          "beat": {
            "hostname": "DC",
            "name": "server",
            "version": "5.4.0"
          },
          "computer_name": "DC.Giacobeville.com",
          "event_data": {
            "Error": "0x1f",
            "LastError": "0x3",
            "XPath": "Microsoft/Windows/WebServer:$reports$\\*\\Result.xml:/ResultDatabase/Result"
          },
          "event_id": 85,
          "level": "Warning",
          "log_name": "Microsoft-Windows-ServerManager-MgmtProvider/Operational",
          "message": "Failed to query the results of bpa xpath: Microsoft/Windows/WebServer:$reports$\\*\\Result.xml:/ResultDatabase/Result. error: A device attached to the system is not functioning., last error: The system cannot find the path specified..",
          "opcode": "Info",
          "process_id": 3668,
          "provider_guid": "{C2E6D0D9-5DF8-4C77-A82B-C96C84579543}",
          "record_number": "16724",
          "source_name": "Microsoft-Windows-ServerManager-ManagementProvider",
          "task": "Get server bpa result task",
          "thread_id": 1256,
          "type": "wineventlog",
          "user": {
            "domain": "GIACOBEVILLE",
            "identifier": "S-1-5-21-1271178117-3594940576-1158983498-500",
            "name": "Administrator",
            "type": "User"
          }
        },
        "fields": {
          "@timestamp": [
            1583263975965
          ]
        },
        "sort": [
          1583263975965
        ]
      },
      {
        "_index": "winlogbeat-2020.03.03",
        "_type": "wineventlog",
        "_id": "AXCh50Rkn_lBW985KyXk",
        "_version": 1,
        "_score": null,
        "_source": {
          "@timestamp": "2020-03-03T19:32:55.965Z",
          "activity_id": "{E708FE6E-3D60-4B94-B355-0E86027D8088}",
          "beat": {
            "hostname": "DC",
            "name": "server",
            "version": "5.4.0"
          },
          "computer_name": "DC.Giacobeville.com",
          "event_data": {
            "Error": "0x2",
            "LastError": "0x3",
            "XPath": "Microsoft/Windows/FileServices:$reports$\\$latestreport$\\Discovery.xml:$creationtime$"
          },
          "event_id": 85,
          "level": "Warning",
          "log_name": "Microsoft-Windows-ServerManager-MgmtProvider/Operational",
          "message": "Failed to query the results of bpa xpath: Microsoft/Windows/FileServices:$reports$\\$latestreport$\\Discovery.xml:$creationtime$. error: The system cannot find the file specified., last error: The system cannot find the path specified..",
          "opcode": "Info",
          "process_id": 3668,
          "provider_guid": "{C2E6D0D9-5DF8-4C77-A82B-C96C84579543}",
          "record_number": "16725",
          "source_name": "Microsoft-Windows-ServerManager-ManagementProvider",
          "task": "Get server bpa result task",
          "thread_id": 1256,
          "type": "wineventlog",
          "user": {
            "domain": "GIACOBEVILLE",
            "identifier": "S-1-5-21-1271178117-3594940576-1158983498-500",
            "name": "Administrator",
            "type": "User"
          }
        },
        "fields": {
          "@timestamp": [
            1583263975965
          ]
        },
        "sort": [
          1583263975965
        ]
      },
      {
        "_index": "winlogbeat-2020.03.03",
        "_type": "wineventlog",
        "_id": "AXCh50Rkn_lBW985KyXh",
        "_version": 1,
        "_score": null,
        "_source": {
          "@timestamp": "2020-03-03T19:32:55.964Z",
          "activity_id": "{E708FE6E-3D60-4B94-B355-0E86027D8088}",
          "beat": {
            "hostname": "DC",
            "name": "server",
            "version": "5.4.0"
          },
          "computer_name": "DC.Giacobeville.com",
          "event_data": {
            "Error": "0x1f",
            "LastError": "0x3",
            "XPath": "Microsoft/Windows/DirectoryServices:$reports$\\*\\Result.xml:/ResultDatabase/Result"
          },
          "event_id": 85,
          "level": "Warning",
          "log_name": "Microsoft-Windows-ServerManager-MgmtProvider/Operational",
          "message": "Failed to query the results of bpa xpath: Microsoft/Windows/DirectoryServices:$reports$\\*\\Result.xml:/ResultDatabase/Result. error: A device attached to the system is not functioning., last error: The system cannot find the path specified..",
          "opcode": "Info",
          "process_id": 3668,
          "provider_guid": "{C2E6D0D9-5DF8-4C77-A82B-C96C84579543}",
          "record_number": "16722",
          "source_name": "Microsoft-Windows-ServerManager-ManagementProvider",
          "task": "Get server bpa result task",
          "thread_id": 1256,
          "type": "wineventlog",
          "user": {
            "domain": "GIACOBEVILLE",
            "identifier": "S-1-5-21-1271178117-3594940576-1158983498-500",
            "name": "Administrator",
            "type": "User"
          }
        },
        "fields": {
          "@timestamp": [
            1583263975964
          ]
        },
        "sort": [
          1583263975964
        ]
      },
      {
        "_index": "winlogbeat-2020.03.03",
        "_type": "wineventlog",
        "_id": "AXCh50Rkn_lBW985KyXf",
        "_version": 1,
        "_score": null,
        "_source": {
          "@timestamp": "2020-03-03T19:32:55.964Z",
          "activity_id": "{E708FE6E-3D60-4B94-B355-0E86027D8088}",
          "beat": {
            "hostname": "DC",
            "name": "server",
            "version": "5.4.0"
          },
          "computer_name": "DC.Giacobeville.com",
          "event_data": {
            "Error": "0x1f",
            "LastError": "0x3",
            "XPath": "Microsoft/Windows/DNSServer:$reports$\\*\\Result.xml:/ResultDatabase/Result"
          },
          "event_id": 85,
          "level": "Warning",
          "log_name": "Microsoft-Windows-ServerManager-MgmtProvider/Operational",
          "message": "Failed to query the results of bpa xpath: Microsoft/Windows/DNSServer:$reports$\\*\\Result.xml:/ResultDatabase/Result. error: A device attached to the system is not functioning., last error: The system cannot find the path specified..",
          "opcode": "Info",
          "process_id": 3668,
          "provider_guid": "{C2E6D0D9-5DF8-4C77-A82B-C96C84579543}",
          "record_number": "16720",
          "source_name": "Microsoft-Windows-ServerManager-ManagementProvider",
          "task": "Get server bpa result task",
          "thread_id": 1256,
          "type": "wineventlog",
          "user": {
            "domain": "GIACOBEVILLE",
            "identifier": "S-1-5-21-1271178117-3594940576-1158983498-500",
            "name": "Administrator",
            "type": "User"
          }
        },
        "fields": {
          "@timestamp": [
            1583263975964
          ]
        },
        "sort": [
          1583263975964
        ]
      },
      {
        "_index": "winlogbeat-2020.03.03",
        "_type": "wineventlog",
        "_id": "AXCh50Rkn_lBW985KyXg",
        "_version": 1,
        "_score": null,
        "_source": {
          "@timestamp": "2020-03-03T19:32:55.964Z",
          "activity_id": "{E708FE6E-3D60-4B94-B355-0E86027D8088}",
          "beat": {
            "hostname": "DC",
            "name": "server",
            "version": "5.4.0"
          },
          "computer_name": "DC.Giacobeville.com",
          "event_data": {
            "Error": "0x2",
            "LastError": "0x3",
            "XPath": "Microsoft/Windows/DirectoryServices:$reports$\\$latestreport$\\Discovery.xml:$creationtime$"
          },
          "event_id": 85,
          "level": "Warning",
          "log_name": "Microsoft-Windows-ServerManager-MgmtProvider/Operational",
          "message": "Failed to query the results of bpa xpath: Microsoft/Windows/DirectoryServices:$reports$\\$latestreport$\\Discovery.xml:$creationtime$. error: The system cannot find the file specified., last error: The system cannot find the path specified..",
          "opcode": "Info",
          "process_id": 3668,
          "provider_guid": "{C2E6D0D9-5DF8-4C77-A82B-C96C84579543}",
          "record_number": "16721",
          "source_name": "Microsoft-Windows-ServerManager-ManagementProvider",
          "task": "Get server bpa result task",
          "thread_id": 1256,
          "type": "wineventlog",
          "user": {
            "domain": "GIACOBEVILLE",
            "identifier": "S-1-5-21-1271178117-3594940576-1158983498-500",
            "name": "Administrator",
            "type": "User"
          }
        },
        "fields": {
          "@timestamp": [
            1583263975964
          ]
        },
        "sort": [
          1583263975964
        ]
      },
      {
        "_index": "winlogbeat-2020.03.03",
        "_type": "wineventlog",
        "_id": "AXCh50Rkn_lBW985KyXe",
        "_version": 1,
        "_score": null,
        "_source": {
          "@timestamp": "2020-03-03T19:32:55.962Z",
          "activity_id": "{E708FE6E-3D60-4B94-B355-0E86027D8088}",
          "beat": {
            "hostname": "DC",
            "name": "server",
            "version": "5.4.0"
          },
          "computer_name": "DC.Giacobeville.com",
          "event_data": {
            "Error": "0x2",
            "LastError": "0x3",
            "XPath": "Microsoft/Windows/DNSServer:$reports$\\$latestreport$\\Discovery.xml:$creationtime$"
          },
          "event_id": 85,
          "level": "Warning",
          "log_name": "Microsoft-Windows-ServerManager-MgmtProvider/Operational",
          "message": "Failed to query the results of bpa xpath: Microsoft/Windows/DNSServer:$reports$\\$latestreport$\\Discovery.xml:$creationtime$. error: The system cannot find the file specified., last error: The system cannot find the path specified..",
          "opcode": "Info",
          "process_id": 3668,
          "provider_guid": "{C2E6D0D9-5DF8-4C77-A82B-C96C84579543}",
          "record_number": "16719",
          "source_name": "Microsoft-Windows-ServerManager-ManagementProvider",
          "task": "Get server bpa result task",
          "thread_id": 1256,
          "type": "wineventlog",
          "user": {
            "domain": "GIACOBEVILLE",
            "identifier": "S-1-5-21-1271178117-3594940576-1158983498-500",
            "name": "Administrator",
            "type": "User"
          }
        },
        "fields": {
          "@timestamp": [
            1583263975962
          ]
        },
        "sort": [
          1583263975962
        ]
      },
      {
        "_index": "winlogbeat-2020.03.03",
        "_type": "wineventlog",
        "_id": "AXCh50Rkn_lBW985KyXc",
        "_version": 1,
        "_score": null,
        "_source": {
          "@timestamp": "2020-03-03T19:32:55.961Z",
          "activity_id": "{96F20885-BB8F-401D-96F3-AB1BA5F4BD8F}",
          "beat": {
            "hostname": "DC",
            "name": "server",
            "version": "5.4.0"
          },
          "computer_name": "DC.Giacobeville.com",
          "event_id": 26,
          "level": "Information",
          "log_name": "Microsoft-Windows-ServerManager-MgmtProvider/Operational",
          "message": "Get counter sample in time range task start.",
          "opcode": "Start",
          "process_id": 3668,
          "provider_guid": "{C2E6D0D9-5DF8-4C77-A82B-C96C84579543}",
          "record_number": "16717",
          "source_name": "Microsoft-Windows-ServerManager-ManagementProvider",
          "task": "Get counter samples in time range task",
          "thread_id": 4060,
          "type": "wineventlog",
          "user": {
            "domain": "GIACOBEVILLE",
            "identifier": "S-1-5-21-1271178117-3594940576-1158983498-500",
            "name": "Administrator",
            "type": "User"
          }
        },
        "fields": {
          "@timestamp": [
            1583263975961
          ]
        },
        "sort": [
          1583263975961
        ]
      },
      {
        "_index": "winlogbeat-2020.03.03",
        "_type": "wineventlog",
        "_id": "AXCh50Rkn_lBW985KyXd",
        "_version": 1,
        "_score": null,
        "_source": {
          "@timestamp": "2020-03-03T19:32:55.961Z",
          "activity_id": "{E708FE6E-3D60-4B94-B355-0E86027D8088}",
          "beat": {
            "hostname": "DC",
            "name": "server",
            "version": "5.4.0"
          },
          "computer_name": "DC.Giacobeville.com",
          "event_data": {
            "TotalXPaths": "20"
          },
          "event_id": 62,
          "level": "Information",
          "log_name": "Microsoft-Windows-ServerManager-MgmtProvider/Operational",
          "message": "Get bpa result task start: 0x14.",
          "opcode": "Info",
          "process_id": 3668,
          "provider_guid": "{C2E6D0D9-5DF8-4C77-A82B-C96C84579543}",
          "record_number": "16718",
          "source_name": "Microsoft-Windows-ServerManager-ManagementProvider",
          "task": "Get server bpa result task",
          "thread_id": 1256,
          "type": "wineventlog",
          "user": {
            "domain": "GIACOBEVILLE",
            "identifier": "S-1-5-21-1271178117-3594940576-1158983498-500",
            "name": "Administrator",
            "type": "User"
          }
        },
        "fields": {
          "@timestamp": [
            1583263975961
          ]
        },
        "sort": [
          1583263975961
        ]
      },
      {
        "_index": "winlogbeat-2020.03.03",
        "_type": "wineventlog",
        "_id": "AXCh50Rkn_lBW985KyXb",
        "_version": 1,
        "_score": null,
        "_source": {
          "@timestamp": "2020-03-03T19:32:55.958Z",
          "activity_id": "{3E7545D5-C9F1-4818-B09C-824343E96B44}",
          "beat": {
            "hostname": "DC",
            "name": "server",
            "version": "5.4.0"
          },
          "computer_name": "DC.Giacobeville.com",
          "event_data": {
            "uValue": "8"
          },
          "event_id": 52,
          "level": "Information",
          "log_name": "Microsoft-Windows-ServerManager-MgmtProvider/Operational",
          "message": "Get server event detail task started, number of logs: 8.",
          "opcode": "Info",
          "process_id": 3668,
          "provider_guid": "{C2E6D0D9-5DF8-4C77-A82B-C96C84579543}",
          "record_number": "16716",
          "source_name": "Microsoft-Windows-ServerManager-ManagementProvider",
          "task": "Get server event detail task",
          "thread_id": 3996,
          "type": "wineventlog",
          "user": {
            "domain": "GIACOBEVILLE",
            "identifier": "S-1-5-21-1271178117-3594940576-1158983498-500",
            "name": "Administrator",
            "type": "User"
          }
        },
        "fields": {
          "@timestamp": [
            1583263975958
          ]
        },
        "sort": [
          1583263975958
        ]
      },
      {
        "_index": "winlogbeat-2020.03.03",
        "_type": "wineventlog",
        "_id": "AXCh50Jqn_lBW985KyXV",
        "_version": 1,
        "_score": null,
        "_source": {
          "@timestamp": "2020-03-03T19:32:55.936Z",
          "beat": {
            "hostname": "DC",
            "name": "server",
            "version": "5.4.0"
          },
          "computer_name": "DC.Giacobeville.com",
          "event_data": {
            "protocol": "DCOM",
            "serverName": "localhost",
            "userName": "null"
          },
          "event_id": 209,
          "level": "Information",
          "log_name": "Microsoft-Windows-ServerManager-MultiMachine/Operational",
          "message": "Creating new session. Server: localhost, Protocol: DCOM, User: null",
          "opcode": "Info",
          "process_id": 2068,
          "provider_guid": "{D8D37081-10BD-4A89-A971-1CDA6899BDB3}",
          "record_number": "27592",
          "source_name": "Microsoft-Windows-ServerManager-MultiMachine",
          "task": "Node access.",
          "thread_id": 2156,
          "type": "wineventlog",
          "user": {
            "domain": "GIACOBEVILLE",
            "identifier": "S-1-5-21-1271178117-3594940576-1158983498-500",
            "name": "Administrator",
            "type": "User"
          }
        },
        "fields": {
          "@timestamp": [
            1583263975936
          ]
        },
        "sort": [
          1583263975936
        ]
      },
