      {
        "_index": "winlogbeat-2020.03.03",
        "_type": "wineventlog",
        "_id": "AXCh7w8Gn_lBW985Kycb",
        "_version": 1,
        "_score": null,
        "_source": {
          "@timestamp": "2020-03-03T19:41:27.107Z",
          "activity_id": "{620D9A41-0AD3-474D-A86B-59EA5843A658}",
          "beat": {
            "hostname": "DC",
            "name": "server",
            "version": "5.4.0"
          },
          "computer_name": "DC.Giacobeville.com",
          "event_data": {
            "IsAsyncProcessing": "true",
            "IsBackgroundProcessing": "true",
            "IsMachine": "true"
          },
          "event_id": 4257,
          "level": "Information",
          "log_name": "Microsoft-Windows-GroupPolicy/Operational",
          "message": "Starting to download policies.",
          "opcode": "Info",
          "process_id": 76,
          "provider_guid": "{AEA1B4FA-97D1-45F2-A64C-4D69FFFD92C9}",
          "record_number": "308265",
          "source_name": "Microsoft-Windows-GroupPolicy",
          "thread_id": 6460,
          "type": "wineventlog",
          "user": {
            "domain": "NT AUTHORITY",
            "identifier": "S-1-5-18",
            "name": "SYSTEM",
            "type": "User"
          }
        },
        "fields": {
          "@timestamp": [
            1583264487107
          ]
        },
        "sort": [
          1583264487107
        ]
      },
      {
        "_index": "winlogbeat-2020.03.03",
        "_type": "wineventlog",
        "_id": "AXCh7w8Gn_lBW985KycZ",
        "_version": 1,
        "_score": null,
        "_source": {
          "@timestamp": "2020-03-03T19:41:27.104Z",
          "activity_id": "{620D9A41-0AD3-474D-A86B-59EA5843A658}",
          "beat": {
            "hostname": "DC",
            "name": "server",
            "version": "5.4.0"
          },
          "computer_name": "DC.Giacobeville.com",
          "event_data": {
            "PolicyProcessingMode": "0"
          },
          "event_id": 5311,
          "level": "Information",
          "log_name": "Microsoft-Windows-GroupPolicy/Operational",
          "message": "The loopback policy processing mode is \"No loopback mode\".",
          "opcode": "Info",
          "process_id": 76,
          "provider_guid": "{AEA1B4FA-97D1-45F2-A64C-4D69FFFD92C9}",
          "record_number": "308263",
          "source_name": "Microsoft-Windows-GroupPolicy",
          "thread_id": 6460,
          "type": "wineventlog",
          "user": {
            "domain": "NT AUTHORITY",
            "identifier": "S-1-5-18",
            "name": "SYSTEM",
            "type": "User"
          }
        },
        "fields": {
          "@timestamp": [
            1583264487104
          ]
        },
        "sort": [
          1583264487104
        ]
      },
      {
        "_index": "winlogbeat-2020.03.03",
        "_type": "wineventlog",
        "_id": "AXCh7w8Gn_lBW985Kyca",
        "_version": 1,
        "_score": null,
        "_source": {
          "@timestamp": "2020-03-03T19:41:27.104Z",
          "activity_id": "{620D9A41-0AD3-474D-A86B-59EA5843A658}",
          "beat": {
            "hostname": "DC",
            "name": "server",
            "version": "5.4.0"
          },
          "computer_name": "DC.Giacobeville.com",
          "event_data": {
            "IsMachine": "true"
          },
          "event_id": 4126,
          "level": "Information",
          "log_name": "Microsoft-Windows-GroupPolicy/Operational",
          "message": "Group Policy receiving applicable GPOs from the domain controller.",
          "opcode": "Info",
          "process_id": 76,
          "provider_guid": "{AEA1B4FA-97D1-45F2-A64C-4D69FFFD92C9}",
          "record_number": "308264",
          "source_name": "Microsoft-Windows-GroupPolicy",
          "thread_id": 6460,
          "type": "wineventlog",
          "user": {
            "domain": "NT AUTHORITY",
            "identifier": "S-1-5-18",
            "name": "SYSTEM",
            "type": "User"
          }
        },
        "fields": {
          "@timestamp": [
            1583264487104
          ]
        },
        "sort": [
          1583264487104
        ]
      },
      {
        "_index": "winlogbeat-2020.03.03",
        "_type": "wineventlog",
        "_id": "AXCh7w8Gn_lBW985KycY",
        "_version": 1,
        "_score": null,
        "_source": {
          "@timestamp": "2020-03-03T19:41:27.098Z",
          "activity_id": "{620D9A41-0AD3-474D-A86B-59EA5843A658}",
          "beat": {
            "hostname": "DC",
            "name": "server",
            "version": "5.4.0"
          },
          "computer_name": "DC.Giacobeville.com",
          "event_data": {
            "DCDomainName": "Giacobeville.com",
            "DCName": "\\\\DC.Giacobeville.com",
            "PrincipalCNName": "CN=DC,OU=Domain Controllers,DC=Giacobeville,DC=com",
            "PrincipalDomainName": "Giacobeville.com"
          },
          "event_id": 5310,
          "level": "Information",
          "log_name": "Microsoft-Windows-GroupPolicy/Operational",
          "message": "Account details: \n\tAccount Name : CN=DC,OU=Domain Controllers,DC=Giacobeville,DC=com\n\tAccount Domain Name : Giacobeville.com\n\tDC Name : \\\\DC.Giacobeville.com\n\tDC Domain Name : Giacobeville.com",
          "opcode": "Info",
          "process_id": 76,
          "provider_guid": "{AEA1B4FA-97D1-45F2-A64C-4D69FFFD92C9}",
          "record_number": "308262",
          "source_name": "Microsoft-Windows-GroupPolicy",
          "thread_id": 6460,
          "type": "wineventlog",
          "user": {
            "domain": "NT AUTHORITY",
            "identifier": "S-1-5-18",
            "name": "SYSTEM",
            "type": "User"
          }
        },
        "fields": {
          "@timestamp": [
            1583264487098
          ]
        },
        "sort": [
          1583264487098
        ]
      },
      {
        "_index": "winlogbeat-2020.03.03",
        "_type": "wineventlog",
        "_id": "AXCh7w8Gn_lBW985KycX",
        "_version": 1,
        "_score": null,
        "_source": {
          "@timestamp": "2020-03-03T19:41:27.098Z",
          "activity_id": "{620D9A41-0AD3-474D-A86B-59EA5843A658}",
          "beat": {
            "hostname": "DC",
            "name": "server",
            "version": "5.4.0"
          },
          "computer_name": "DC.Giacobeville.com",
          "event_data": {
            "MachineRole": "3"
          },
          "event_id": 5309,
          "level": "Information",
          "log_name": "Microsoft-Windows-GroupPolicy/Operational",
          "message": "Computer details: \n\tComputer role : 3\n\tNetwork name : ",
          "opcode": "Info",
          "process_id": 76,
          "provider_guid": "{AEA1B4FA-97D1-45F2-A64C-4D69FFFD92C9}",
          "record_number": "308261",
          "source_name": "Microsoft-Windows-GroupPolicy",
          "thread_id": 6460,
          "type": "wineventlog",
          "user": {
            "domain": "NT AUTHORITY",
            "identifier": "S-1-5-18",
            "name": "SYSTEM",
            "type": "User"
          }
        },
        "fields": {
          "@timestamp": [
            1583264487098
          ]
        },
        "sort": [
          1583264487098
        ]
      },
      {
        "_index": "winlogbeat-2020.03.03",
        "_type": "wineventlog",
        "_id": "AXCh7w8Gn_lBW985KycU",
        "_version": 1,
        "_score": null,
        "_source": {
          "@timestamp": "2020-03-03T19:41:27.094Z",
          "activity_id": "{620D9A41-0AD3-474D-A86B-59EA5843A658}",
          "beat": {
            "hostname": "DC",
            "name": "server",
            "version": "5.4.0"
          },
          "computer_name": "DC.Giacobeville.com",
          "event_data": {
            "ErrorCode": "0",
            "OperationDescription": "%%4120",
            "OperationElaspedTimeInMilliSeconds": "109",
            "Parameter": "DC.Giacobeville.com"
          },
          "event_id": 5017,
          "level": "Information",
          "log_name": "Microsoft-Windows-GroupPolicy/Operational",
          "message": "The LDAP call to connect and bind to Active Directory completed. \nDC.Giacobeville.com\nThe call completed in 109 milliseconds.",
          "opcode": "Info",
          "process_id": 76,
          "provider_guid": "{AEA1B4FA-97D1-45F2-A64C-4D69FFFD92C9}",
          "record_number": "308258",
          "source_name": "Microsoft-Windows-GroupPolicy",
          "thread_id": 6460,
          "type": "wineventlog",
          "user": {
            "domain": "NT AUTHORITY",
            "identifier": "S-1-5-18",
            "name": "SYSTEM",
            "type": "User"
          }
        },
        "fields": {
          "@timestamp": [
            1583264487094
          ]
        },
        "sort": [
          1583264487094
        ]
      },
      {
        "_index": "winlogbeat-2020.03.03",
        "_type": "wineventlog",
        "_id": "AXCh7w8Gn_lBW985KycV",
        "_version": 1,
        "_score": null,
        "_source": {
          "@timestamp": "2020-03-03T19:41:27.094Z",
          "activity_id": "{620D9A41-0AD3-474D-A86B-59EA5843A658}",
          "beat": {
            "hostname": "DC",
            "name": "server",
            "version": "5.4.0"
          },
          "computer_name": "DC.Giacobeville.com",
          "event_data": {
            "DCIPAddress": "192.168.100.10",
            "DCName": "DC.Giacobeville.com"
          },
          "event_id": 5308,
          "level": "Information",
          "log_name": "Microsoft-Windows-GroupPolicy/Operational",
          "message": "Domain Controller details: \n\tDomain Controller Name : DC.Giacobeville.com\n\tDomain Controller IP Address : 192.168.100.10",
          "opcode": "Info",
          "process_id": 76,
          "provider_guid": "{AEA1B4FA-97D1-45F2-A64C-4D69FFFD92C9}",
          "record_number": "308259",
          "source_name": "Microsoft-Windows-GroupPolicy",
          "thread_id": 6460,
          "type": "wineventlog",
          "user": {
            "domain": "NT AUTHORITY",
            "identifier": "S-1-5-18",
            "name": "SYSTEM",
            "type": "User"
          }
        },
        "fields": {
          "@timestamp": [
            1583264487094
          ]
        },
        "sort": [
          1583264487094
        ]
      },
      {
        "_index": "winlogbeat-2020.03.03",
        "_type": "wineventlog",
        "_id": "AXCh7w8Gn_lBW985KycW",
        "_version": 1,
        "_score": null,
        "_source": {
          "@timestamp": "2020-03-03T19:41:27.094Z",
          "activity_id": "{620D9A41-0AD3-474D-A86B-59EA5843A658}",
          "beat": {
            "hostname": "DC",
            "name": "server",
            "version": "5.4.0"
          },
          "computer_name": "DC.Giacobeville.com",
          "event_data": {
            "DCDiscoveryTimeInMilliSeconds": "422",
            "ErrorCode": "0"
          },
          "event_id": 5326,
          "level": "Information",
          "log_name": "Microsoft-Windows-GroupPolicy/Operational",
          "message": "Group Policy successfully discovered the Domain Controller in 422 milliseconds.",
          "opcode": "Info",
          "process_id": 76,
          "provider_guid": "{AEA1B4FA-97D1-45F2-A64C-4D69FFFD92C9}",
          "record_number": "308260",
          "source_name": "Microsoft-Windows-GroupPolicy",
          "thread_id": 6460,
          "type": "wineventlog",
          "user": {
            "domain": "NT AUTHORITY",
            "identifier": "S-1-5-18",
            "name": "SYSTEM",
            "type": "User"
          }
        },
        "fields": {
          "@timestamp": [
            1583264487094
          ]
        },
        "sort": [
          1583264487094
        ]
      },
      {
        "_index": "winlogbeat-2020.03.03",
        "_type": "wineventlog",
        "_id": "AXCh7w8Gn_lBW985KycT",
        "_version": 1,
        "_score": null,
        "_source": {
          "@timestamp": "2020-03-03T19:41:26.981Z",
          "activity_id": "{620D9A41-0AD3-474D-A86B-59EA5843A658}",
          "beat": {
            "hostname": "DC",
            "name": "server",
            "version": "5.4.0"
          },
          "computer_name": "DC.Giacobeville.com",
          "event_data": {
            "OperationDescription": "%%4119",
            "Parameter": "DC.Giacobeville.com"
          },
          "event_id": 4017,
          "level": "Information",
          "log_name": "Microsoft-Windows-GroupPolicy/Operational",
          "message": "Making LDAP calls to connect and bind to Active Directory. \nDC.Giacobeville.com",
          "opcode": "Info",
          "process_id": 76,
          "provider_guid": "{AEA1B4FA-97D1-45F2-A64C-4D69FFFD92C9}",
          "record_number": "308257",
          "source_name": "Microsoft-Windows-GroupPolicy",
          "thread_id": 6460,
          "type": "wineventlog",
          "user": {
            "domain": "NT AUTHORITY",
            "identifier": "S-1-5-18",
            "name": "SYSTEM",
            "type": "User"
          }
        },
        "fields": {
          "@timestamp": [
            1583264486981
          ]
        },
        "sort": [
          1583264486981
        ]
      },
      {
        "_index": "winlogbeat-2020.03.03",
        "_type": "wineventlog",
        "_id": "AXCh7w8Gn_lBW985KycP",
        "_version": 1,
        "_score": null,
        "_source": {
          "@timestamp": "2020-03-03T19:41:26.673Z",
          "activity_id": "{620D9A41-0AD3-474D-A86B-59EA5843A658}",
          "beat": {
            "hostname": "DC",
            "name": "server",
            "version": "5.4.0"
          },
          "computer_name": "DC.Giacobeville.com",
          "event_data": {
            "ErrorCode": "0",
            "OperationDescription": "%%4118",
            "OperationElaspedTimeInMilliSeconds": "0",
            "Parameter": "CN=DC,OU=Domain Controllers,DC=Giacobeville,DC=com"
          },
          "event_id": 5017,
          "level": "Information",
          "log_name": "Microsoft-Windows-GroupPolicy/Operational",
          "message": "The system call to get account information completed. \nCN=DC,OU=Domain Controllers,DC=Giacobeville,DC=com\nThe call completed in 0 milliseconds.",
          "opcode": "Info",
          "process_id": 76,
          "provider_guid": "{AEA1B4FA-97D1-45F2-A64C-4D69FFFD92C9}",
          "record_number": "308253",
          "source_name": "Microsoft-Windows-GroupPolicy",
          "thread_id": 6460,
          "type": "wineventlog",
          "user": {
            "domain": "NT AUTHORITY",
            "identifier": "S-1-5-18",
            "name": "SYSTEM",
            "type": "User"
          }
        },
        "fields": {
          "@timestamp": [
            1583264486673
          ]
        },
        "sort": [
          1583264486673
        ]
      },
      {
        "_index": "winlogbeat-2020.03.03",
        "_type": "wineventlog",
        "_id": "AXCh7w8Gn_lBW985KycQ",
        "_version": 1,
        "_score": null,
        "_source": {
          "@timestamp": "2020-03-03T19:41:26.673Z",
          "activity_id": "{620D9A41-0AD3-474D-A86B-59EA5843A658}",
          "beat": {
            "hostname": "DC",
            "name": "server",
            "version": "5.4.0"
          },
          "computer_name": "DC.Giacobeville.com",
          "event_data": {
            "InfoDescription": "%%4115"
          },
          "event_id": 5320,
          "level": "Information",
          "log_name": "Microsoft-Windows-GroupPolicy/Operational",
          "message": "Retrieved account information.",
          "opcode": "Info",
          "process_id": 76,
          "provider_guid": "{AEA1B4FA-97D1-45F2-A64C-4D69FFFD92C9}",
          "record_number": "308254",
          "source_name": "Microsoft-Windows-GroupPolicy",
          "thread_id": 6460,
          "type": "wineventlog",
          "user": {
            "domain": "NT AUTHORITY",
            "identifier": "S-1-5-18",
            "name": "SYSTEM",
            "type": "User"
          }
        },
        "fields": {
          "@timestamp": [
            1583264486673
          ]
        },
        "sort": [
          1583264486673
        ]
      },
      {
        "_index": "winlogbeat-2020.03.03",
        "_type": "wineventlog",
        "_id": "AXCh7w8Gn_lBW985KycO",
        "_version": 1,
        "_score": null,
        "_source": {
          "@timestamp": "2020-03-03T19:41:26.673Z",
          "activity_id": "{620D9A41-0AD3-474D-A86B-59EA5843A658}",
          "beat": {
            "hostname": "DC",
            "name": "server",
            "version": "5.4.0"
          },
          "computer_name": "DC.Giacobeville.com",
          "event_data": {
            "OperationDescription": "%%4117"
          },
          "event_id": 4017,
          "level": "Information",
          "log_name": "Microsoft-Windows-GroupPolicy/Operational",
          "message": "Making system call to get account information. ",
          "opcode": "Info",
          "process_id": 76,
          "provider_guid": "{AEA1B4FA-97D1-45F2-A64C-4D69FFFD92C9}",
          "record_number": "308252",
          "source_name": "Microsoft-Windows-GroupPolicy",
          "thread_id": 6460,
          "type": "wineventlog",
          "user": {
            "domain": "NT AUTHORITY",
            "identifier": "S-1-5-18",
            "name": "SYSTEM",
            "type": "User"
          }
        },
        "fields": {
          "@timestamp": [
            1583264486673
          ]
        },
        "sort": [
          1583264486673
        ]
      },
      {
        "_index": "winlogbeat-2020.03.03",
        "_type": "wineventlog",
        "_id": "AXCh7w8Gn_lBW985KycR",
        "_version": 1,
        "_score": null,
        "_source": {
          "@timestamp": "2020-03-03T19:41:26.673Z",
          "activity_id": "{620D9A41-0AD3-474D-A86B-59EA5843A658}",
          "beat": {
            "hostname": "DC",
            "name": "server",
            "version": "5.4.0"
          },
          "computer_name": "DC.Giacobeville.com",
          "event_id": 4326,
          "level": "Information",
          "log_name": "Microsoft-Windows-GroupPolicy/Operational",
          "message": "Group Policy is trying to discover the Domain Controller information.",
          "opcode": "Info",
          "process_id": 76,
          "provider_guid": "{AEA1B4FA-97D1-45F2-A64C-4D69FFFD92C9}",
          "record_number": "308255",
          "source_name": "Microsoft-Windows-GroupPolicy",
          "thread_id": 6460,
          "type": "wineventlog",
          "user": {
            "domain": "NT AUTHORITY",
            "identifier": "S-1-5-18",
            "name": "SYSTEM",
            "type": "User"
          }
        },
        "fields": {
          "@timestamp": [
            1583264486673
          ]
        },
        "sort": [
          1583264486673
        ]
      },
      {
        "_index": "winlogbeat-2020.03.03",
        "_type": "wineventlog",
        "_id": "AXCh7w8Gn_lBW985KycS",
        "_version": 1,
        "_score": null,
        "_source": {
          "@timestamp": "2020-03-03T19:41:26.673Z",
          "activity_id": "{620D9A41-0AD3-474D-A86B-59EA5843A658}",
          "beat": {
            "hostname": "DC",
            "name": "server",
            "version": "5.4.0"
          },
          "computer_name": "DC.Giacobeville.com",
          "event_data": {
            "InfoDescription": "%%4096"
          },
          "event_id": 5320,
          "level": "Information",
          "log_name": "Microsoft-Windows-GroupPolicy/Operational",
          "message": "Retrieving Domain Controller details.",
          "opcode": "Info",
          "process_id": 76,
          "provider_guid": "{AEA1B4FA-97D1-45F2-A64C-4D69FFFD92C9}",
          "record_number": "308256",
          "source_name": "Microsoft-Windows-GroupPolicy",
          "thread_id": 6460,
          "type": "wineventlog",
          "user": {
            "domain": "NT AUTHORITY",
            "identifier": "S-1-5-18",
            "name": "SYSTEM",
            "type": "User"
          }
        },
        "fields": {
          "@timestamp": [
            1583264486673
          ]
        },
        "sort": [
          1583264486673
        ]
      },
      {
        "_index": "winlogbeat-2020.03.03",
        "_type": "wineventlog",
        "_id": "AXCh7w8Gn_lBW985KycN",
        "_version": 1,
        "_score": null,
        "_source": {
          "@timestamp": "2020-03-03T19:41:26.673Z",
          "activity_id": "{620D9A41-0AD3-474D-A86B-59EA5843A658}",
          "beat": {
            "hostname": "DC",
            "name": "server",
            "version": "5.4.0"
          },
          "computer_name": "DC.Giacobeville.com",
          "event_data": {
            "InfoDescription": "%%4114"
          },
          "event_id": 5320,
          "level": "Information",
          "log_name": "Microsoft-Windows-GroupPolicy/Operational",
          "message": "Attempting to retrieve the account information.",
          "opcode": "Info",
          "process_id": 76,
          "provider_guid": "{AEA1B4FA-97D1-45F2-A64C-4D69FFFD92C9}",
          "record_number": "308251",
          "source_name": "Microsoft-Windows-GroupPolicy",
          "thread_id": 6460,
          "type": "wineventlog",
          "user": {
            "domain": "NT AUTHORITY",
            "identifier": "S-1-5-18",
            "name": "SYSTEM",
            "type": "User"
          }
        },
        "fields": {
          "@timestamp": [
            1583264486673
          ]
        },
        "sort": [
          1583264486673
        ]
      },
      {
        "_index": "winlogbeat-2020.03.03",
        "_type": "wineventlog",
        "_id": "AXCh7w8Gn_lBW985KycM",
        "_version": 1,
        "_score": null,
        "_source": {
          "@timestamp": "2020-03-03T19:41:26.672Z",
          "activity_id": "{620D9A41-0AD3-474D-A86B-59EA5843A658}",
          "beat": {
            "hostname": "DC",
            "name": "server",
            "version": "5.4.0"
          },
          "computer_name": "DC.Giacobeville.com",
          "event_data": {
            "PolicyApplicationMode": "0"
          },
          "event_id": 5340,
          "level": "Information",
          "log_name": "Microsoft-Windows-GroupPolicy/Operational",
          "message": "The Group Policy processing mode is Background.",
          "opcode": "Info",
          "process_id": 76,
          "provider_guid": "{AEA1B4FA-97D1-45F2-A64C-4D69FFFD92C9}",
          "record_number": "308250",
          "source_name": "Microsoft-Windows-GroupPolicy",
          "thread_id": 6460,
          "type": "wineventlog",
          "user": {
            "domain": "NT AUTHORITY",
            "identifier": "S-1-5-18",
            "name": "SYSTEM",
            "type": "User"
          }
        },
        "fields": {
          "@timestamp": [
            1583264486672
          ]
        },
        "sort": [
          1583264486672
        ]
      },
      {
        "_index": "winlogbeat-2020.03.03",
        "_type": "wineventlog",
        "_id": "AXCh7w8Gn_lBW985KycL",
        "_version": 1,
        "_score": null,
        "_source": {
          "@timestamp": "2020-03-03T19:41:26.665Z",
          "activity_id": "{620D9A41-0AD3-474D-A86B-59EA5843A658}",
          "beat": {
            "hostname": "DC",
            "name": "server",
            "version": "5.4.0"
          },
          "computer_name": "DC.Giacobeville.com",
          "event_data": {
            "IsAsyncProcessing": "false",
            "IsBackgroundProcessing": "true",
            "IsDomainJoined": "true",
            "IsMachine": "1",
            "IsServiceRestart": "false",
            "PolicyActivityId": "{620D9A41-0AD3-474D-A86B-59EA5843A658}",
            "PrincipalSamName": "GIACOBEVILLE\\DC$",
            "ReasonForSyncProcessing": "0"
          },
          "event_id": 4006,
          "level": "Information",
          "log_name": "Microsoft-Windows-GroupPolicy/Operational",
          "message": "Starting periodic policy processing for computer GIACOBEVILLE\\DC$. \nActivity id: {620D9A41-0AD3-474D-A86B-59EA5843A658}",
          "opcode": "Start",
          "process_id": 76,
          "provider_guid": "{AEA1B4FA-97D1-45F2-A64C-4D69FFFD92C9}",
          "record_number": "308249",
          "source_name": "Microsoft-Windows-GroupPolicy",
          "thread_id": 6460,
          "type": "wineventlog",
          "user": {
            "domain": "NT AUTHORITY",
            "identifier": "S-1-5-18",
            "name": "SYSTEM",
            "type": "User"
          },
          "version": 1
        },
        "fields": {
          "@timestamp": [
            1583264486665
          ]
        },
        "sort": [
          1583264486665
        ]
      },
      {
        "_index": "winlogbeat-2020.03.03",
        "_type": "wineventlog",
        "_id": "AXCh7riMn_lBW985KycK",
        "_version": 1,
        "_score": null,
        "_source": {
          "@timestamp": "2020-03-03T19:41:04.355Z",
          "beat": {
            "hostname": "DC",
            "name": "server",
            "version": "5.4.0"
          },
          "computer_name": "DC.Giacobeville.com",
          "event_data": {
            "VolumeGuid": "{E8A05CFB-01EA-11EA-8B75-806E6F6E6963}",
            "VolumeName": "A:",
            "VolumeNameLength": "2"
          },
          "event_id": 2,
          "level": "Information",
          "log_name": "Microsoft-Windows-Kernel-IO/Operational",
          "message": "The volume has been successfully mounted.\n\n           Volume GUID: {E8A05CFB-01EA-11EA-8B75-806E6F6E6963}\n           Volume Name: A:",
          "opcode": "Stop",
          "process_id": 2476,
          "provider_guid": "{ABF1F586-2E50-4BA8-928D-49044E6F0DB7}",
          "record_number": "189129",
          "source_name": "Microsoft-Windows-Kernel-IO",
          "thread_id": 2932,
          "type": "wineventlog",
          "user": {
            "domain": "NT AUTHORITY",
            "identifier": "S-1-5-18",
            "name": "SYSTEM",
            "type": "User"
          }
        },
        "fields": {
          "@timestamp": [
            1583264464355
          ]
        },
        "sort": [
          1583264464355
        ]
      },
      {
        "_index": "winlogbeat-2020.03.03",
        "_type": "wineventlog",
        "_id": "AXCh7rSHn_lBW985KycJ",
        "_version": 1,
        "_score": null,
        "_source": {
          "@timestamp": "2020-03-03T19:41:03.323Z",
          "beat": {
            "hostname": "DC",
            "name": "server",
            "version": "5.4.0"
          },
          "computer_name": "DC.Giacobeville.com",
          "event_data": {
            "VolumeGuid": "{E8A05CFB-01EA-11EA-8B75-806E6F6E6963}",
            "VolumeName": "A:",
            "VolumeNameLength": "2"
          },
          "event_id": 1,
          "level": "Information",
          "log_name": "Microsoft-Windows-Kernel-IO/Operational",
          "message": "Windows has started processing the volume mount request.\n\n           Volume GUID: {E8A05CFB-01EA-11EA-8B75-806E6F6E6963}\n           Volume Name: A:",
          "opcode": "Start",
          "process_id": 2476,
          "provider_guid": "{ABF1F586-2E50-4BA8-928D-49044E6F0DB7}",
          "record_number": "189128",
          "source_name": "Microsoft-Windows-Kernel-IO",
          "thread_id": 2932,
          "type": "wineventlog",
          "user": {
            "domain": "NT AUTHORITY",
            "identifier": "S-1-5-18",
            "name": "SYSTEM",
            "type": "User"
          }
        },
        "fields": {
          "@timestamp": [
            1583264463323
          ]
        },
        "sort": [
          1583264463323
        ]
      },
      {
        "_index": "winlogbeat-2020.03.03",
        "_type": "wineventlog",
        "_id": "AXCh7kMWn_lBW985KycI",
        "_version": 1,
        "_score": null,
        "_source": {
          "@timestamp": "2020-03-03T19:40:34.346Z",
          "beat": {
            "hostname": "DC",
            "name": "server",
            "version": "5.4.0"
          },
          "computer_name": "DC.Giacobeville.com",
          "event_data": {
            "VolumeGuid": "{E8A05CFB-01EA-11EA-8B75-806E6F6E6963}",
            "VolumeName": "A:",
            "VolumeNameLength": "2"
          },
          "event_id": 2,
          "level": "Information",
          "log_name": "Microsoft-Windows-Kernel-IO/Operational",
          "message": "The volume has been successfully mounted.\n\n           Volume GUID: {E8A05CFB-01EA-11EA-8B75-806E6F6E6963}\n           Volume Name: A:",
          "opcode": "Stop",
          "process_id": 2476,
          "provider_guid": "{ABF1F586-2E50-4BA8-928D-49044E6F0DB7}",
          "record_number": "189127",
          "source_name": "Microsoft-Windows-Kernel-IO",
          "thread_id": 2932,
          "type": "wineventlog",
          "user": {
            "domain": "NT AUTHORITY",
            "identifier": "S-1-5-18",
            "name": "SYSTEM",
            "type": "User"
          }
        },
        "fields": {
          "@timestamp": [
            1583264434346
          ]
        },
        "sort": [
          1583264434346
        ]
      },
      {
        "_index": "winlogbeat-2020.03.03",
        "_type": "wineventlog",
        "_id": "AXCh7kFin_lBW985KycH",
        "_version": 1,
        "_score": null,
        "_source": {
          "@timestamp": "2020-03-03T19:40:34.082Z",
          "beat": {
            "hostname": "DC",
            "name": "server",
            "version": "5.4.0"
          },
          "computer_name": "DC.Giacobeville.com",
          "event_data": {
            "AccessList": "%%1541\n\t\t\t\t%%4423\n\t\t\t\t",
            "AccessMask": "0x100080",
            "AccessReason": "%%1541:\t%%1801\tD:(A;;0x1200a9;;;WD)\n\t\t\t\t%%4423:\t%%1801\tD:(A;;0x1200a9;;;WD)\n\t\t\t\t",
            "IpAddress": "::1",
            "IpPort": "49821",
            "ObjectType": "File",
            "RelativeTargetName": "\\",
            "ShareLocalPath": "\\??\\C:\\Windows\\SYSVOL\\sysvol",
            "ShareName": "\\\\*\\SYSVOL",
            "SubjectDomainName": "GIACOBEVILLE",
            "SubjectLogonId": "0xe2aa8",
            "SubjectUserName": "DC$",
            "SubjectUserSid": "S-1-5-18"
          },
          "event_id": 5145,
          "keywords": [
            "Audit Success"
          ],
          "level": "Information",
          "log_name": "Security",
          "message": "A network share object was checked to see whether client can be granted desired access.\n\t\nSubject:\n\tSecurity ID:\t\tS-1-5-18\n\tAccount Name:\t\tDC$\n\tAccount Domain:\t\tGIACOBEVILLE\n\tLogon ID:\t\t0xE2AA8\n\nNetwork Information:\t\n\tObject Type:\t\tFile\n\tSource Address:\t\t::1\n\tSource Port:\t\t49821\n\t\nShare Information:\n\tShare Name:\t\t\\\\*\\SYSVOL\n\tShare Path:\t\t\\??\\C:\\Windows\\SYSVOL\\sysvol\n\tRelative Target Name:\t\\\n\nAccess Request Information:\n\tAccess Mask:\t\t0x100080\n\tAccesses:\t\tSYNCHRONIZE\n\t\t\t\tReadAttributes\n\t\t\t\t\nAccess Check Results:\n\tSYNCHRONIZE:\tGranted by\tD:(A;;0x1200a9;;;WD)\n\t\t\t\tReadAttributes:\tGranted by\tD:(A;;0x1200a9;;;WD)\n\t\t\t\t",
          "opcode": "Info",
          "process_id": 4,
          "provider_guid": "{54849625-5478-4994-A5BA-3E3B0328C30D}",
          "record_number": "539861",
          "source_name": "Microsoft-Windows-Security-Auditing",
          "task": "Detailed File Share",
          "thread_id": 336,
          "type": "wineventlog"
        },
        "fields": {
          "@timestamp": [
            1583264434082
          ]
        },
        "sort": [
          1583264434082
        ]
      },
      {
        "_index": "winlogbeat-2020.03.03",
        "_type": "wineventlog",
        "_id": "AXCh7j8Tn_lBW985KycG",
        "_version": 1,
        "_score": null,
        "_source": {
          "@timestamp": "2020-03-03T19:40:33.324Z",
          "beat": {
            "hostname": "DC",
            "name": "server",
            "version": "5.4.0"
          },
          "computer_name": "DC.Giacobeville.com",
          "event_data": {
            "VolumeGuid": "{E8A05CFB-01EA-11EA-8B75-806E6F6E6963}",
            "VolumeName": "A:",
            "VolumeNameLength": "2"
          },
          "event_id": 1,
          "level": "Information",
          "log_name": "Microsoft-Windows-Kernel-IO/Operational",
          "message": "Windows has started processing the volume mount request.\n\n           Volume GUID: {E8A05CFB-01EA-11EA-8B75-806E6F6E6963}\n           Volume Name: A:",
          "opcode": "Start",
          "process_id": 2476,
          "provider_guid": "{ABF1F586-2E50-4BA8-928D-49044E6F0DB7}",
          "record_number": "189126",
          "source_name": "Microsoft-Windows-Kernel-IO",
          "thread_id": 2932,
          "type": "wineventlog",
          "user": {
            "domain": "NT AUTHORITY",
            "identifier": "S-1-5-18",
            "name": "SYSTEM",
            "type": "User"
          }
        },
        "fields": {
          "@timestamp": [
            1583264433324
          ]
        },
        "sort": [
          1583264433324
        ]
      },
      {
        "_index": "winlogbeat-2020.03.03",
        "_type": "wineventlog",
        "_id": "AXCh7fIdn_lBW985KycF",
        "_version": 1,
        "_score": null,
        "_source": {
          "@timestamp": "2020-03-03T19:40:13.417Z",
          "beat": {
            "hostname": "DC",
            "name": "server",
            "version": "5.4.0"
          },
          "computer_name": "DC.Giacobeville.com",
          "event_data": {
            "Binary": "540072007500730074006500640049006E007300740061006C006C00650072002F0031000000",
            "param1": "Windows Modules Installer",
            "param2": "stopped"
          },
          "event_id": 7036,
          "keywords": [
            "Classic"
          ],
          "level": "Information",
          "log_name": "System",
          "message": "The Windows Modules Installer service entered the stopped state.",
          "process_id": 652,
          "provider_guid": "{555908d1-a6d7-4695-8e1e-26931d2012f4}",
          "record_number": "18474",
          "source_name": "Service Control Manager",
          "thread_id": 2316,
          "type": "wineventlog"
        },
        "fields": {
          "@timestamp": [
            1583264413417
          ]
        },
        "sort": [
          1583264413417
        ]
      },
      {
        "_index": "winlogbeat-2020.03.03",
        "_type": "wineventlog",
        "_id": "AXCh7c24n_lBW985KycE",
        "_version": 1,
        "_score": null,
        "_source": {
          "@timestamp": "2020-03-03T19:40:04.345Z",
          "beat": {
            "hostname": "DC",
            "name": "server",
            "version": "5.4.0"
          },
          "computer_name": "DC.Giacobeville.com",
          "event_data": {
            "VolumeGuid": "{E8A05CFB-01EA-11EA-8B75-806E6F6E6963}",
            "VolumeName": "A:",
            "VolumeNameLength": "2"
          },
          "event_id": 2,
          "level": "Information",
          "log_name": "Microsoft-Windows-Kernel-IO/Operational",
          "message": "The volume has been successfully mounted.\n\n           Volume GUID: {E8A05CFB-01EA-11EA-8B75-806E6F6E6963}\n           Volume Name: A:",
          "opcode": "Stop",
          "process_id": 2476,
          "provider_guid": "{ABF1F586-2E50-4BA8-928D-49044E6F0DB7}",
          "record_number": "189125",
          "source_name": "Microsoft-Windows-Kernel-IO",
          "thread_id": 2932,
          "type": "wineventlog",
          "user": {
            "domain": "NT AUTHORITY",
            "identifier": "S-1-5-18",
            "name": "SYSTEM",
            "type": "User"
          }
        },
        "fields": {
          "@timestamp": [
            1583264404345
          ]
        },
        "sort": [
          1583264404345
        ]
      },
      {
        "_index": "winlogbeat-2020.03.03",
        "_type": "wineventlog",
        "_id": "AXCh7cmwn_lBW985KycD",
        "_version": 1,
        "_score": null,
        "_source": {
          "@timestamp": "2020-03-03T19:40:03.324Z",
          "beat": {
            "hostname": "DC",
            "name": "server",
            "version": "5.4.0"
          },
          "computer_name": "DC.Giacobeville.com",
          "event_data": {
            "VolumeGuid": "{E8A05CFB-01EA-11EA-8B75-806E6F6E6963}",
            "VolumeName": "A:",
            "VolumeNameLength": "2"
          },
          "event_id": 1,
          "level": "Information",
          "log_name": "Microsoft-Windows-Kernel-IO/Operational",
          "message": "Windows has started processing the volume mount request.\n\n           Volume GUID: {E8A05CFB-01EA-11EA-8B75-806E6F6E6963}\n           Volume Name: A:",
          "opcode": "Start",
          "process_id": 2476,
          "provider_guid": "{ABF1F586-2E50-4BA8-928D-49044E6F0DB7}",
          "record_number": "189124",
          "source_name": "Microsoft-Windows-Kernel-IO",
          "thread_id": 2932,
          "type": "wineventlog",
          "user": {
            "domain": "NT AUTHORITY",
            "identifier": "S-1-5-18",
            "name": "SYSTEM",
            "type": "User"
          }
        },
        "fields": {
          "@timestamp": [
            1583264403324
          ]
        },
        "sort": [
          1583264403324
        ]
      },
      {
        "_index": "winlogbeat-2020.03.03",
        "_type": "wineventlog",
        "_id": "AXCh7VhAn_lBW985KycC",
        "_version": 1,
        "_score": null,
        "_source": {
          "@timestamp": "2020-03-03T19:39:34.345Z",
          "beat": {
            "hostname": "DC",
            "name": "server",
            "version": "5.4.0"
          },
          "computer_name": "DC.Giacobeville.com",
          "event_data": {
            "VolumeGuid": "{E8A05CFB-01EA-11EA-8B75-806E6F6E6963}",
            "VolumeName": "A:",
            "VolumeNameLength": "2"
          },
          "event_id": 2,
          "level": "Information",
          "log_name": "Microsoft-Windows-Kernel-IO/Operational",
          "message": "The volume has been successfully mounted.\n\n           Volume GUID: {E8A05CFB-01EA-11EA-8B75-806E6F6E6963}\n           Volume Name: A:",
          "opcode": "Stop",
          "process_id": 2476,
          "provider_guid": "{ABF1F586-2E50-4BA8-928D-49044E6F0DB7}",
          "record_number": "189123",
          "source_name": "Microsoft-Windows-Kernel-IO",
          "thread_id": 2932,
          "type": "wineventlog",
          "user": {
            "domain": "NT AUTHORITY",
            "identifier": "S-1-5-18",
            "name": "SYSTEM",
            "type": "User"
          }
        },
        "fields": {
          "@timestamp": [
            1583264374345
          ]
        },
        "sort": [
          1583264374345
        ]
      },
      {
        "_index": "winlogbeat-2020.03.03",
        "_type": "wineventlog",
        "_id": "AXCh7VRCn_lBW985KycB",
        "_version": 1,
        "_score": null,
        "_source": {
          "@timestamp": "2020-03-03T19:39:33.323Z",
          "beat": {
            "hostname": "DC",
            "name": "server",
            "version": "5.4.0"
          },
          "computer_name": "DC.Giacobeville.com",
          "event_data": {
            "VolumeGuid": "{E8A05CFB-01EA-11EA-8B75-806E6F6E6963}",
            "VolumeName": "A:",
            "VolumeNameLength": "2"
          },
          "event_id": 1,
          "level": "Information",
          "log_name": "Microsoft-Windows-Kernel-IO/Operational",
          "message": "Windows has started processing the volume mount request.\n\n           Volume GUID: {E8A05CFB-01EA-11EA-8B75-806E6F6E6963}\n           Volume Name: A:",
          "opcode": "Start",
          "process_id": 2476,
          "provider_guid": "{ABF1F586-2E50-4BA8-928D-49044E6F0DB7}",
          "record_number": "189122",
          "source_name": "Microsoft-Windows-Kernel-IO",
          "thread_id": 2932,
          "type": "wineventlog",
          "user": {
            "domain": "NT AUTHORITY",
            "identifier": "S-1-5-18",
            "name": "SYSTEM",
            "type": "User"
          }
        },
        "fields": {
          "@timestamp": [
            1583264373323
          ]
        },
        "sort": [
          1583264373323
        ]
      },
      {
        "_index": "winlogbeat-2020.03.03",
        "_type": "wineventlog",
        "_id": "AXCh7PkOn_lBW985KycA",
        "_version": 1,
        "_score": null,
        "_source": {
          "@timestamp": "2020-03-03T19:39:09.992Z",
          "beat": {
            "hostname": "DC",
            "name": "server",
            "version": "5.4.0"
          },
          "computer_name": "DC.Giacobeville.com",
          "event_data": {
            "AccessList": "%%1538\n\t\t\t\t%%1541\n\t\t\t\t%%4416\n\t\t\t\t%%4417\n\t\t\t\t%%4418\n\t\t\t\t%%4419\n\t\t\t\t%%4420\n\t\t\t\t%%4423\n\t\t\t\t%%4424\n\t\t\t\t",
            "AccessMask": "0x12019f",
            "AccessReason": "-",
            "IpAddress": "192.168.100.18",
            "IpPort": "49206",
            "ObjectType": "File",
            "RelativeTargetName": "browser",
            "ShareName": "\\\\*\\IPC$",
            "SubjectDomainName": "GIACOBEVILLE",
            "SubjectLogonId": "0xe173c",
            "SubjectUserName": "TAXOFFICE$",
            "SubjectUserSid": "S-1-5-21-1271178117-3594940576-1158983498-1107"
          },
          "event_id": 5145,
          "keywords": [
            "Audit Success"
          ],
          "level": "Information",
          "log_name": "Security",
          "message": "A network share object was checked to see whether client can be granted desired access.\n\t\nSubject:\n\tSecurity ID:\t\tS-1-5-21-1271178117-3594940576-1158983498-1107\n\tAccount Name:\t\tTAXOFFICE$\n\tAccount Domain:\t\tGIACOBEVILLE\n\tLogon ID:\t\t0xE173C\n\nNetwork Information:\t\n\tObject Type:\t\tFile\n\tSource Address:\t\t192.168.100.18\n\tSource Port:\t\t49206\n\t\nShare Information:\n\tShare Name:\t\t\\\\*\\IPC$\n\tShare Path:\t\t\n\tRelative Target Name:\tbrowser\n\nAccess Request Information:\n\tAccess Mask:\t\t0x12019F\n\tAccesses:\t\tREAD_CONTROL\n\t\t\t\tSYNCHRONIZE\n\t\t\t\tReadData (or ListDirectory)\n\t\t\t\tWriteData (or AddFile)\n\t\t\t\tAppendData (or AddSubdirectory or CreatePipeInstance)\n\t\t\t\tReadEA\n\t\t\t\tWriteEA\n\t\t\t\tReadAttributes\n\t\t\t\tWriteAttributes\n\t\t\t\t\nAccess Check Results:\n\t-",
          "opcode": "Info",
          "process_id": 4,
          "provider_guid": "{54849625-5478-4994-A5BA-3E3B0328C30D}",
          "record_number": "539860",
          "source_name": "Microsoft-Windows-Security-Auditing",
          "task": "Detailed File Share",
          "thread_id": 332,
          "type": "wineventlog"
        },
        "fields": {
          "@timestamp": [
            1583264349992
          ]
        },
        "sort": [
          1583264349992
        ]
      },
      {
        "_index": "winlogbeat-2020.03.03",
        "_type": "wineventlog",
        "_id": "AXCh7PkOn_lBW985Kyb_",
        "_version": 1,
        "_score": null,
        "_source": {
          "@timestamp": "2020-03-03T19:39:09.887Z",
          "beat": {
            "hostname": "DC",
            "name": "server",
            "version": "5.4.0"
          },
          "computer_name": "DC.Giacobeville.com",
          "event_data": {
            "AccessList": "%%1538\n\t\t\t\t%%1541\n\t\t\t\t%%4416\n\t\t\t\t%%4417\n\t\t\t\t%%4418\n\t\t\t\t%%4419\n\t\t\t\t%%4420\n\t\t\t\t%%4423\n\t\t\t\t%%4424\n\t\t\t\t",
            "AccessMask": "0x12019f",
            "AccessReason": "-",
            "IpAddress": "192.168.100.18",
            "IpPort": "49206",
            "ObjectType": "File",
            "RelativeTargetName": "browser",
            "ShareName": "\\\\*\\IPC$",
            "SubjectDomainName": "GIACOBEVILLE",
            "SubjectLogonId": "0xe173c",
            "SubjectUserName": "TAXOFFICE$",
            "SubjectUserSid": "S-1-5-21-1271178117-3594940576-1158983498-1107"
          },
          "event_id": 5145,
          "keywords": [
            "Audit Success"
          ],
          "level": "Information",
          "log_name": "Security",
          "message": "A network share object was checked to see whether client can be granted desired access.\n\t\nSubject:\n\tSecurity ID:\t\tS-1-5-21-1271178117-3594940576-1158983498-1107\n\tAccount Name:\t\tTAXOFFICE$\n\tAccount Domain:\t\tGIACOBEVILLE\n\tLogon ID:\t\t0xE173C\n\nNetwork Information:\t\n\tObject Type:\t\tFile\n\tSource Address:\t\t192.168.100.18\n\tSource Port:\t\t49206\n\t\nShare Information:\n\tShare Name:\t\t\\\\*\\IPC$\n\tShare Path:\t\t\n\tRelative Target Name:\tbrowser\n\nAccess Request Information:\n\tAccess Mask:\t\t0x12019F\n\tAccesses:\t\tREAD_CONTROL\n\t\t\t\tSYNCHRONIZE\n\t\t\t\tReadData (or ListDirectory)\n\t\t\t\tWriteData (or AddFile)\n\t\t\t\tAppendData (or AddSubdirectory or CreatePipeInstance)\n\t\t\t\tReadEA\n\t\t\t\tWriteEA\n\t\t\t\tReadAttributes\n\t\t\t\tWriteAttributes\n\t\t\t\t\nAccess Check Results:\n\t-",
          "opcode": "Info",
          "process_id": 4,
          "provider_guid": "{54849625-5478-4994-A5BA-3E3B0328C30D}",
          "record_number": "539859",
          "source_name": "Microsoft-Windows-Security-Auditing",
          "task": "Detailed File Share",
          "thread_id": 332,
          "type": "wineventlog"
        },
        "fields": {
          "@timestamp": [
            1583264349887
          ]
        },
        "sort": [
          1583264349887
        ]
      },
      {
        "_index": "winlogbeat-2020.03.03",
        "_type": "wineventlog",
        "_id": "AXCh7PjLn_lBW985Kyb8",
        "_version": 1,
        "_score": null,
        "_source": {
          "@timestamp": "2020-03-03T19:39:09.881Z",
          "beat": {
            "hostname": "DC",
            "name": "server",
            "version": "5.4.0"
          },
          "computer_name": "DC.Giacobeville.com",
          "event_id": 551,
          "keywords": [
            "Audit Failure"
          ],
          "level": "Error",
          "log_name": "Microsoft-Windows-SMBServer/Security",
          "message": "SMB Session Authentication Failure\n\nClient Name: \\\\192.168.100.18\nClient Address: 192.168.100.18:49209\nUser Name: NT AUTHORITY\\ANONYMOUS LOGON\nSession ID: 0x540000000055\nStatus: {Access Denied}\nA process has requested access to an object, but has not been granted those access rights. (0xC0000022)\nSPN: session setup failed before the SPN could be queried\nSPN Validation Policy: SPN optional / no validation\n\nGuidance:\n\nYou should expect this error when attempting to connect to shares using incorrect credentials.\n\nThis error does not always indicate a problem with authorization, but mainly authentication. It is more common with non-Windows clients.\n\nThis error can occur when using incorrect usernames and passwords with NTLM, mismatched LmCompatibility settings between client and server, an incorrect service principal name, duplicate Kerberos service principal names, incorrect Kerberos ticket-granting service tickets, or Guest accounts without Guest access enabled",
          "opcode": "Info",
          "process_id": 4,
          "provider_guid": "{D48CE617-33A2-4BC3-A5C7-11AA4F29619E}",
          "record_number": "14284",
          "source_name": "Microsoft-Windows-SMBServer",
          "thread_id": 2160,
          "type": "wineventlog",
          "user": {
            "domain": "NT AUTHORITY",
            "identifier": "S-1-5-18",
            "name": "SYSTEM",
            "type": "User"
          },
          "user_data": {
            "ClientAddress": "0200C039C0A8641200000000000000000000FFFFC0A864120000000000000000000000000000000000000000000000000000000000000000000000000000000000000000000000000000000000000000000000000000000000000000000000000000000000000000000000000000000000000000000000000000000000000000",
            "ClientAddressLength": "128",
            "ClientName": "\\\\192.168.100.18",
            "ClientNameLength": "16",
            "ConnectionGUID": "{C1F4B524-F190-0001-71C1-F4C190F1D501}",
            "SPN": "session setup failed before the SPN could be queried",
            "SPNValidationPolicy": "0",
            "SessionGUID": "{C1F4B524-F190-0000-0AC2-F4C190F1D501}",
            "SessionId": "0x540000000055",
            "Status": "0xc0000022",
            "TranslatedStatus": "0xc0000022",
            "UserName": "NT AUTHORITY\\ANONYMOUS LOGON",
            "UserNameLength": "28",
            "xml_name": "EventData"
          },
          "version": 2
        },
        "fields": {
          "@timestamp": [
            1583264349881
          ]
        },
        "sort": [
          1583264349881
        ]
      },
