      {
        "_index": "winlogbeat-2020.03.03",
        "_type": "wineventlog",
        "_id": "AXCh7C4En_lBW985Kya6",
        "_version": 1,
        "_score": null,
        "_source": {
          "@timestamp": "2020-03-03T19:38:18.615Z",
          "beat": {
            "hostname": "DC",
            "name": "server",
            "version": "5.4.0"
          },
          "computer_name": "DC.Giacobeville.com",
          "event_data": {
            "param10": "0",
            "param11": "0",
            "param12": "8024500b",
            "param13": "TrustedInstaller FOD",
            "param14": "{9482F4B4-E343-43B6-B170-9A65BC822C77}",
            "param15": "0",
            "param17": "C:\\ProgramData\\Microsoft\\Windows\\WER\\ReportQueue\\NonCritical_10.0.14393.1794_c189c1b5ca61634d86cf376f6ee59b177cad41_00000000_14b8809f",
            "param19": "0",
            "param2": "0",
            "param20": "7c55b550-58de-11ea-8b83-000c290be9e1",
            "param21": "2",
            "param3": "WindowsUpdateFailure3",
            "param4": "Not available",
            "param5": "0",
            "param6": "10.0.14393.1794",
            "param7": "8024402c",
            "param8": "00000000-0000-0000-0000-000000000000",
            "param9": "Scan"
          },
          "event_id": 1001,
          "keywords": [
            "Classic"
          ],
          "level": "Information",
          "log_name": "Application",
          "message": "Fault bucket , type 0\nEvent Name: WindowsUpdateFailure3\nResponse: Not available\nCab Id: 0\n\nProblem signature:\nP1: 10.0.14393.1794\nP2: 8024402c\nP3: 00000000-0000-0000-0000-000000000000\nP4: Scan\nP5: 0\nP6: 0\nP7: 8024500b\nP8: TrustedInstaller FOD\nP9: {9482F4B4-E343-43B6-B170-9A65BC822C77}\nP10: 0\n\nAttached files:\n\nThese files may be available here:\nC:\\ProgramData\\Microsoft\\Windows\\WER\\ReportQueue\\NonCritical_10.0.14393.1794_c189c1b5ca61634d86cf376f6ee59b177cad41_00000000_14b8809f\n\nAnalysis symbol: \nRechecking for solution: 0\nReport Id: 7c55b550-58de-11ea-8b83-000c290be9e1\nReport Status: 2\nHashed bucket: ",
          "opcode": "Info",
          "record_number": "23906",
          "source_name": "Windows Error Reporting",
          "type": "wineventlog"
        },
        "fields": {
          "@timestamp": [
            1583264298615
          ]
        },
        "sort": [
          1583264298615
        ]
      },
      {
        "_index": "winlogbeat-2020.03.03",
        "_type": "wineventlog",
        "_id": "AXCh7DIun_lBW985KybR",
        "_version": 1,
        "_score": null,
        "_source": {
          "@timestamp": "2020-03-03T19:38:18.485Z",
          "activity_id": "{A057E488-16F3-4263-B64D-27FA0F44624E}",
          "beat": {
            "hostname": "DC",
            "name": "server",
            "version": "5.4.0"
          },
          "computer_name": "DC.Giacobeville.com",
          "event_data": {
            "ActionName": "%windir%\\system32\\wermgr.exe",
            "EnginePID": "396",
            "TaskInstanceId": "{A057E488-16F3-4263-B64D-27FA0F44624E}",
            "TaskName": "\\Microsoft\\Windows\\Windows Error Reporting\\QueueReporting"
          },
          "event_id": 200,
          "level": "Information",
          "log_name": "Microsoft-Windows-TaskScheduler/Operational",
          "message": "Task Scheduler launched action \"%windir%\\system32\\wermgr.exe\" in instance \"{A057E488-16F3-4263-B64D-27FA0F44624E}\" of task \"\\Microsoft\\Windows\\Windows Error Reporting\\QueueReporting\".",
          "opcode": "Start",
          "process_id": 76,
          "provider_guid": "{DE7B24EA-73C8-4A09-985D-5BDADCFA9017}",
          "record_number": "12531",
          "source_name": "Microsoft-Windows-TaskScheduler",
          "task": "Action started",
          "thread_id": 1624,
          "type": "wineventlog",
          "user": {
            "domain": "NT AUTHORITY",
            "identifier": "S-1-5-18",
            "name": "SYSTEM",
            "type": "User"
          },
          "version": 1
        },
        "fields": {
          "@timestamp": [
            1583264298485
          ]
        },
        "sort": [
          1583264298485
        ]
      },
      {
        "_index": "winlogbeat-2020.03.03",
        "_type": "wineventlog",
        "_id": "AXCh7DIun_lBW985KybQ",
        "_version": 1,
        "_score": null,
        "_source": {
          "@timestamp": "2020-03-03T19:38:18.485Z",
          "activity_id": "{A057E488-16F3-4263-B64D-27FA0F44624E}",
          "beat": {
            "hostname": "DC",
            "name": "server",
            "version": "5.4.0"
          },
          "computer_name": "DC.Giacobeville.com",
          "event_data": {
            "InstanceId": "{A057E488-16F3-4263-B64D-27FA0F44624E}",
            "TaskName": "\\Microsoft\\Windows\\Windows Error Reporting\\QueueReporting",
            "UserContext": "NT AUTHORITY\\SYSTEM"
          },
          "event_id": 100,
          "level": "Information",
          "log_name": "Microsoft-Windows-TaskScheduler/Operational",
          "message": "Task Scheduler started \"{A057E488-16F3-4263-B64D-27FA0F44624E}\" instance of the \"\\Microsoft\\Windows\\Windows Error Reporting\\QueueReporting\" task for user \"NT AUTHORITY\\SYSTEM\".",
          "opcode": "Start",
          "process_id": 76,
          "provider_guid": "{DE7B24EA-73C8-4A09-985D-5BDADCFA9017}",
          "record_number": "12530",
          "source_name": "Microsoft-Windows-TaskScheduler",
          "task": "Task Started",
          "thread_id": 1624,
          "type": "wineventlog",
          "user": {
            "domain": "NT AUTHORITY",
            "identifier": "S-1-5-18",
            "name": "SYSTEM",
            "type": "User"
          }
        },
        "fields": {
          "@timestamp": [
            1583264298485
          ]
        },
        "sort": [
          1583264298485
        ]
      },
      {
        "_index": "winlogbeat-2020.03.03",
        "_type": "wineventlog",
        "_id": "AXCh7DIun_lBW985KybP",
        "_version": 1,
        "_score": null,
        "_source": {
          "@timestamp": "2020-03-03T19:38:18.483Z",
          "beat": {
            "hostname": "DC",
            "name": "server",
            "version": "5.4.0"
          },
          "computer_name": "DC.Giacobeville.com",
          "event_data": {
            "Path": "%windir%\\system32\\wermgr.exe",
            "Priority": "16384",
            "ProcessID": "396",
            "TaskName": "\\Microsoft\\Windows\\Windows Error Reporting\\QueueReporting"
          },
          "event_id": 129,
          "level": "Information",
          "log_name": "Microsoft-Windows-TaskScheduler/Operational",
          "message": "Task Scheduler launch task \"\\Microsoft\\Windows\\Windows Error Reporting\\QueueReporting\" , instance \"%windir%\\system32\\wermgr.exe\"  with process ID 396.",
          "opcode": "Info",
          "process_id": 76,
          "provider_guid": "{DE7B24EA-73C8-4A09-985D-5BDADCFA9017}",
          "record_number": "12529",
          "source_name": "Microsoft-Windows-TaskScheduler",
          "task": "Created Task Process",
          "thread_id": 1624,
          "type": "wineventlog",
          "user": {
            "domain": "NT AUTHORITY",
            "identifier": "S-1-5-18",
            "name": "SYSTEM",
            "type": "User"
          }
        },
        "fields": {
          "@timestamp": [
            1583264298483
          ]
        },
        "sort": [
          1583264298483
        ]
      },
      {
        "_index": "winlogbeat-2020.03.03",
        "_type": "wineventlog",
        "_id": "AXCh7DGdn_lBW985KybO",
        "_version": 1,
        "_score": null,
        "_source": {
          "@timestamp": "2020-03-03T19:38:18.456Z",
          "beat": {
            "hostname": "DC",
            "name": "server",
            "version": "5.4.0"
          },
          "computer_name": "DC.Giacobeville.com",
          "event_data": {
            "CommandLine": "C:\\Windows\\system32\\wermgr.exe -upload",
            "MandatoryLabel": "S-1-16-16384",
            "NewProcessId": "0x18c",
            "NewProcessName": "C:\\Windows\\System32\\wermgr.exe",
            "ParentProcessName": "C:\\Windows\\System32\\svchost.exe",
            "ProcessId": "0x4c",
            "SubjectDomainName": "GIACOBEVILLE",
            "SubjectLogonId": "0x3e7",
            "SubjectUserName": "DC$",
            "SubjectUserSid": "S-1-5-18",
            "TargetDomainName": "-",
            "TargetLogonId": "0x0",
            "TargetUserName": "-",
            "TargetUserSid": "S-1-0-0",
            "TokenElevationType": "%%1936"
          },
          "event_id": 4688,
          "keywords": [
            "Audit Success"
          ],
          "level": "Information",
          "log_name": "Security",
          "message": "A new process has been created.\n\nCreator Subject:\n\tSecurity ID:\t\tS-1-5-18\n\tAccount Name:\t\tDC$\n\tAccount Domain:\t\tGIACOBEVILLE\n\tLogon ID:\t\t0x3E7\n\nTarget Subject:\n\tSecurity ID:\t\tS-1-0-0\n\tAccount Name:\t\t-\n\tAccount Domain:\t\t-\n\tLogon ID:\t\t0x0\n\nProcess Information:\n\tNew Process ID:\t\t0x18c\n\tNew Process Name:\tC:\\Windows\\System32\\wermgr.exe\n\tToken Elevation Type:\t%%1936\n\tMandatory Label:\t\tS-1-16-16384\n\tCreator Process ID:\t0x4c\n\tCreator Process Name:\tC:\\Windows\\System32\\svchost.exe\n\tProcess Command Line:\tC:\\Windows\\system32\\wermgr.exe -upload\n\nToken Elevation Type indicates the type of token that was assigned to the new process in accordance with User Account Control policy.\n\nType 1 is a full token with no privileges removed or groups disabled.  A full token is only used if User Account Control is disabled or if the user is the built-in Administrator account or a service account.\n\nType 2 is an elevated token with no privileges removed or groups disabled.  An elevated token is used when User Account Control is enabled and the user chooses to start the program using Run as administrator.  An elevated token is also used when an application is configured to always require administrative privilege or to always require maximum privilege, and the user is a member of the Administrators group.\n\nType 3 is a limited token with administrative privileges removed and administrative groups disabled.  The limited token is used when User Account Control is enabled, the application does not require administrative privilege, and the user does not choose to start the program using Run as administrator.",
          "opcode": "Info",
          "process_id": 4,
          "provider_guid": "{54849625-5478-4994-A5BA-3E3B0328C30D}",
          "record_number": "539856",
          "source_name": "Microsoft-Windows-Security-Auditing",
          "task": "Process Creation",
          "thread_id": 308,
          "type": "wineventlog",
          "version": 2
        },
        "fields": {
          "@timestamp": [
            1583264298456
          ]
        },
        "sort": [
          1583264298456
        ]
      },
      {
        "_index": "winlogbeat-2020.03.03",
        "_type": "wineventlog",
        "_id": "AXCh7C4En_lBW985Kya5",
        "_version": 1,
        "_score": null,
        "_source": {
          "@timestamp": "2020-03-03T19:38:18.453Z",
          "beat": {
            "hostname": "DC",
            "name": "server",
            "version": "5.4.0"
          },
          "computer_name": "DC.Giacobeville.com",
          "event_data": {
            "param10": "0",
            "param11": "0",
            "param12": "8024500b",
            "param13": "TrustedInstaller FOD",
            "param14": "{9482F4B4-E343-43B6-B170-9A65BC822C77}",
            "param15": "0",
            "param17": "C:\\ProgramData\\Microsoft\\Windows\\WER\\ReportQueue\\NonCritical_10.0.14393.1794_c189c1b5ca61634d86cf376f6ee59b177cad41_00000000_02c49c90",
            "param19": "0",
            "param2": "0",
            "param20": "87c7594b-5d86-11ea-8b86-000c290be9e1",
            "param21": "4100",
            "param3": "WindowsUpdateFailure3",
            "param4": "Not available",
            "param5": "0",
            "param6": "10.0.14393.1794",
            "param7": "8024402c",
            "param8": "00000000-0000-0000-0000-000000000000",
            "param9": "Scan"
          },
          "event_id": 1001,
          "keywords": [
            "Classic"
          ],
          "level": "Information",
          "log_name": "Application",
          "message": "Fault bucket , type 0\nEvent Name: WindowsUpdateFailure3\nResponse: Not available\nCab Id: 0\n\nProblem signature:\nP1: 10.0.14393.1794\nP2: 8024402c\nP3: 00000000-0000-0000-0000-000000000000\nP4: Scan\nP5: 0\nP6: 0\nP7: 8024500b\nP8: TrustedInstaller FOD\nP9: {9482F4B4-E343-43B6-B170-9A65BC822C77}\nP10: 0\n\nAttached files:\n\nThese files may be available here:\nC:\\ProgramData\\Microsoft\\Windows\\WER\\ReportQueue\\NonCritical_10.0.14393.1794_c189c1b5ca61634d86cf376f6ee59b177cad41_00000000_02c49c90\n\nAnalysis symbol: \nRechecking for solution: 0\nReport Id: 87c7594b-5d86-11ea-8b86-000c290be9e1\nReport Status: 4100\nHashed bucket: ",
          "opcode": "Info",
          "record_number": "23905",
          "source_name": "Windows Error Reporting",
          "type": "wineventlog"
        },
        "fields": {
          "@timestamp": [
            1583264298453
          ]
        },
        "sort": [
          1583264298453
        ]
      },
      {
        "_index": "winlogbeat-2020.03.03",
        "_type": "wineventlog",
        "_id": "AXCh7Cnqn_lBW985Kya4",
        "_version": 1,
        "_score": null,
        "_source": {
          "@timestamp": "2020-03-03T19:38:18.336Z",
          "beat": {
            "hostname": "DC",
            "name": "server",
            "version": "5.4.0"
          },
          "computer_name": "DC.Giacobeville.com",
          "event_data": {
            "param10": "0",
            "param11": "0",
            "param12": "8024500b",
            "param13": "TrustedInstaller FOD",
            "param14": "{9482F4B4-E343-43B6-B170-9A65BC822C77}",
            "param15": "0",
            "param19": "0",
            "param2": "0",
            "param20": "87c7594b-5d86-11ea-8b86-000c290be9e1",
            "param21": "262144",
            "param3": "WindowsUpdateFailure3",
            "param4": "Not available",
            "param5": "0",
            "param6": "10.0.14393.1794",
            "param7": "8024402c",
            "param8": "00000000-0000-0000-0000-000000000000",
            "param9": "Scan"
          },
          "event_id": 1001,
          "keywords": [
            "Classic"
          ],
          "level": "Information",
          "log_name": "Application",
          "message": "Fault bucket , type 0\nEvent Name: WindowsUpdateFailure3\nResponse: Not available\nCab Id: 0\n\nProblem signature:\nP1: 10.0.14393.1794\nP2: 8024402c\nP3: 00000000-0000-0000-0000-000000000000\nP4: Scan\nP5: 0\nP6: 0\nP7: 8024500b\nP8: TrustedInstaller FOD\nP9: {9482F4B4-E343-43B6-B170-9A65BC822C77}\nP10: 0\n\nAttached files:\n\nThese files may be available here:\n\n\nAnalysis symbol: \nRechecking for solution: 0\nReport Id: 87c7594b-5d86-11ea-8b86-000c290be9e1\nReport Status: 262144\nHashed bucket: ",
          "opcode": "Info",
          "record_number": "23904",
          "source_name": "Windows Error Reporting",
          "type": "wineventlog"
        },
        "fields": {
          "@timestamp": [
            1583264298336
          ]
        },
        "sort": [
          1583264298336
        ]
      },
      {
        "_index": "winlogbeat-2020.03.03",
        "_type": "wineventlog",
        "_id": "AXCh7DGdn_lBW985KybN",
        "_version": 1,
        "_score": null,
        "_source": {
          "@timestamp": "2020-03-03T19:38:18.327Z",
          "beat": {
            "hostname": "DC",
            "name": "server",
            "version": "5.4.0"
          },
          "computer_name": "DC.Giacobeville.com",
          "event_data": {
            "CommandLine": "\"C:\\Windows\\system32\\wermgr.exe\" \"-outproc\" \"0\" \"76\" \"6376\" \"7624\" \"7436\" \"0\" \"0\" \"0\" \"0\" \"0\" \"0\" \"0\" \"0\" ",
            "MandatoryLabel": "S-1-16-16384",
            "NewProcessId": "0x2d4",
            "NewProcessName": "C:\\Windows\\System32\\wermgr.exe",
            "ParentProcessName": "C:\\Windows\\System32\\svchost.exe",
            "ProcessId": "0x4c",
            "SubjectDomainName": "GIACOBEVILLE",
            "SubjectLogonId": "0x3e7",
            "SubjectUserName": "DC$",
            "SubjectUserSid": "S-1-5-18",
            "TargetDomainName": "-",
            "TargetLogonId": "0x0",
            "TargetUserName": "-",
            "TargetUserSid": "S-1-0-0",
            "TokenElevationType": "%%1936"
          },
          "event_id": 4688,
          "keywords": [
            "Audit Success"
          ],
          "level": "Information",
          "log_name": "Security",
          "message": "A new process has been created.\n\nCreator Subject:\n\tSecurity ID:\t\tS-1-5-18\n\tAccount Name:\t\tDC$\n\tAccount Domain:\t\tGIACOBEVILLE\n\tLogon ID:\t\t0x3E7\n\nTarget Subject:\n\tSecurity ID:\t\tS-1-0-0\n\tAccount Name:\t\t-\n\tAccount Domain:\t\t-\n\tLogon ID:\t\t0x0\n\nProcess Information:\n\tNew Process ID:\t\t0x2d4\n\tNew Process Name:\tC:\\Windows\\System32\\wermgr.exe\n\tToken Elevation Type:\t%%1936\n\tMandatory Label:\t\tS-1-16-16384\n\tCreator Process ID:\t0x4c\n\tCreator Process Name:\tC:\\Windows\\System32\\svchost.exe\n\tProcess Command Line:\t\"C:\\Windows\\system32\\wermgr.exe\" \"-outproc\" \"0\" \"76\" \"6376\" \"7624\" \"7436\" \"0\" \"0\" \"0\" \"0\" \"0\" \"0\" \"0\" \"0\" \n\nToken Elevation Type indicates the type of token that was assigned to the new process in accordance with User Account Control policy.\n\nType 1 is a full token with no privileges removed or groups disabled.  A full token is only used if User Account Control is disabled or if the user is the built-in Administrator account or a service account.\n\nType 2 is an elevated token with no privileges removed or groups disabled.  An elevated token is used when User Account Control is enabled and the user chooses to start the program using Run as administrator.  An elevated token is also used when an application is configured to always require administrative privilege or to always require maximum privilege, and the user is a member of the Administrators group.\n\nType 3 is a limited token with administrative privileges removed and administrative groups disabled.  The limited token is used when User Account Control is enabled, the application does not require administrative privilege, and the user does not choose to start the program using Run as administrator.",
          "opcode": "Info",
          "process_id": 4,
          "provider_guid": "{54849625-5478-4994-A5BA-3E3B0328C30D}",
          "record_number": "539855",
          "source_name": "Microsoft-Windows-Security-Auditing",
          "task": "Process Creation",
          "thread_id": 308,
          "type": "wineventlog",
          "version": 2
        },
        "fields": {
          "@timestamp": [
            1583264298327
          ]
        },
        "sort": [
          1583264298327
        ]
      },
      {
        "_index": "winlogbeat-2020.03.03",
        "_type": "wineventlog",
        "_id": "AXCh7DAcn_lBW985KybM",
        "_version": 1,
        "_score": null,
        "_source": {
          "@timestamp": "2020-03-03T19:38:18.319Z",
          "beat": {
            "hostname": "DC",
            "name": "server",
            "version": "5.4.0"
          },
          "computer_name": "DC.Giacobeville.com",
          "event_data": {
            "errorCode": "0x8024402c",
            "serviceGuid": "{9482F4B4-E343-43B6-B170-9A65BC822C77}"
          },
          "event_id": 25,
          "keywords": [
            "Check for Updates",
            "Failure"
          ],
          "level": "Error",
          "log_name": "Microsoft-Windows-WindowsUpdateClient/Operational",
          "message": "Windows Update failed to check for updates with error 0x8024402C.",
          "opcode": "Check for Updates",
          "process_id": 76,
          "provider_guid": "{945A8954-C147-4ACD-923F-40C45405A658}",
          "record_number": "243",
          "source_name": "Microsoft-Windows-WindowsUpdateClient",
          "task": "Windows Update Agent",
          "thread_id": 6432,
          "type": "wineventlog",
          "user": {
            "domain": "NT AUTHORITY",
            "identifier": "S-1-5-18",
            "name": "SYSTEM",
            "type": "User"
          },
          "version": 1
        },
        "fields": {
          "@timestamp": [
            1583264298319
          ]
        },
        "sort": [
          1583264298319
        ]
      },
      {
        "_index": "winlogbeat-2020.03.03",
        "_type": "wineventlog",
        "_id": "AXCh7CN_n_lBW985Kya3",
        "_version": 1,
        "_score": null,
        "_source": {
          "@timestamp": "2020-03-03T19:38:14.882Z",
          "activity_id": "{C1F4B524-F190-0003-5DC5-F4C190F1D501}",
          "beat": {
            "hostname": "DC",
            "name": "server",
            "version": "5.4.0"
          },
          "computer_name": "DC.Giacobeville.com",
          "event_data": {
            "ErrorCode": "-2147186583",
            "FunctionName": "Windows::Internal::Security::WebAuthentication::UserHostAuthenticationOperation::SetupIdentityHandle"
          },
          "event_id": 2028,
          "keywords": [
            "Telemetry trigger events",
            "Error"
          ],
          "level": "Error",
          "log_name": "Microsoft-Windows-LiveId/Operational",
          "message": "ErrorVerifier in function Windows::Internal::Security::WebAuthentication::UserHostAuthenticationOperation::SetupIdentityHandle encountered unexpected error code (Unknown HResult Error code: 0x80048869).",
          "opcode": "Info",
          "process_id": 2284,
          "provider_guid": "{05F02597-FE85-4E67-8542-69567AB8FD4F}",
          "record_number": "59080",
          "source_name": "Microsoft-Windows-LiveId",
          "thread_id": 3808,
          "type": "wineventlog",
          "user": {
            "domain": "NT AUTHORITY",
            "identifier": "S-1-5-18",
            "name": "SYSTEM",
            "type": "User"
          }
        },
        "fields": {
          "@timestamp": [
            1583264294882
          ]
        },
        "sort": [
          1583264294882
        ]
      },
      {
        "_index": "winlogbeat-2020.03.03",
        "_type": "wineventlog",
        "_id": "AXCh7CN_n_lBW985Kya1",
        "_version": 1,
        "_score": null,
        "_source": {
          "@timestamp": "2020-03-03T19:38:14.881Z",
          "beat": {
            "hostname": "DC",
            "name": "server",
            "version": "5.4.0"
          },
          "computer_name": "DC.Giacobeville.com",
          "event_data": {
            "Value": "<DeviceAddRequest><ClientInfo name=\"IDCRL\" version=\"1.0\"/><Authentication><Membername>*</Membername><Password>*</Password></Authentication></DeviceAddRequest>"
          },
          "event_id": 6115,
          "keywords": [
            "wlidsvc",
            "SOAP"
          ],
          "level": "Information",
          "log_name": "Microsoft-Windows-LiveId/Operational",
          "message": "## SOAP Request: <DeviceAddRequest><ClientInfo name=\"IDCRL\" version=\"1.0\"/><Authentication><Membername>*</Membername><Password>*</Password></Authentication></DeviceAddRequest>",
          "opcode": "Info",
          "process_id": 76,
          "provider_guid": "{05F02597-FE85-4E67-8542-69567AB8FD4F}",
          "record_number": "59078",
          "source_name": "Microsoft-Windows-LiveId",
          "thread_id": 1624,
          "type": "wineventlog",
          "user": {
            "domain": "NT AUTHORITY",
            "identifier": "S-1-5-18",
            "name": "SYSTEM",
            "type": "User"
          }
        },
        "fields": {
          "@timestamp": [
            1583264294881
          ]
        },
        "sort": [
          1583264294881
        ]
      },
      {
        "_index": "winlogbeat-2020.03.03",
        "_type": "wineventlog",
        "_id": "AXCh7CN_n_lBW985Kya2",
        "_version": 1,
        "_score": null,
        "_source": {
          "@timestamp": "2020-03-03T19:38:14.881Z",
          "beat": {
            "hostname": "DC",
            "name": "server",
            "version": "5.4.0"
          },
          "computer_name": "DC.Giacobeville.com",
          "event_data": {
            "ErrorCode": "2147780713",
            "FunctionName": "WLIDCreateContext"
          },
          "event_id": 6113,
          "keywords": [
            "Error",
            "Operational",
            "wlidsvc",
            "RPC"
          ],
          "level": "Error",
          "log_name": "Microsoft-Windows-LiveId/Operational",
          "message": "RPC call to function WLIDCreateContext returned the following error code: 0x80048869.",
          "opcode": "Info",
          "process_id": 76,
          "provider_guid": "{05F02597-FE85-4E67-8542-69567AB8FD4F}",
          "record_number": "59079",
          "source_name": "Microsoft-Windows-LiveId",
          "thread_id": 1624,
          "type": "wineventlog",
          "user": {
            "domain": "NT AUTHORITY",
            "identifier": "S-1-5-18",
            "name": "SYSTEM",
            "type": "User"
          }
        },
        "fields": {
          "@timestamp": [
            1583264294881
          ]
        },
        "sort": [
          1583264294881
        ]
      },
      {
        "_index": "winlogbeat-2020.03.03",
        "_type": "wineventlog",
        "_id": "AXCh7CN_n_lBW985Kya0",
        "_version": 1,
        "_score": null,
        "_source": {
          "@timestamp": "2020-03-03T19:38:14.878Z",
          "beat": {
            "hostname": "DC",
            "name": "server",
            "version": "5.4.0"
          },
          "computer_name": "DC.Giacobeville.com",
          "event_data": {
            "Value": "<DeviceAddRequest><ClientInfo name=\"IDCRL\" version=\"1.0\"/><Authentication><Membername>*</Membername><Password>*</Password></Authentication><DeviceInfo Id=\"DeviceInfo\"><Component name=\"4131\">*</Component><Component name=\"4112\">*</Component><Component name=\"4113\">*</Component><Component name=\"4097\">*</Component><Component name=\"4098\">*</Component><Component name=\"4099\">*</Component><Component name=\"4100\">*</Component><Component name=\"4101\">*</Component><Component name=\"4102\">*</Component><Component name=\"8195\">*</Component><Component name=\"8196\">*</Component><Component name=\"4144\">*</Component><Component name=\"4145\">*</Component><TPMInfo><KeyValue><RSAKeyValue><Modulus>*</Modulus><Exponent>*</Exponent></RSAKeyValue><KeyType>*</KeyType></KeyValue></TPMInfo></DeviceInfo></DeviceAddRequest>"
          },
          "event_id": 6115,
          "keywords": [
            "wlidsvc",
            "SOAP"
          ],
          "level": "Information",
          "log_name": "Microsoft-Windows-LiveId/Operational",
          "message": "## SOAP Request: <DeviceAddRequest><ClientInfo name=\"IDCRL\" version=\"1.0\"/><Authentication><Membername>*</Membername><Password>*</Password></Authentication><DeviceInfo Id=\"DeviceInfo\"><Component name=\"4131\">*</Component><Component name=\"4112\">*</Component><Component name=\"4113\">*</Component><Component name=\"4097\">*</Component><Component name=\"4098\">*</Component><Component name=\"4099\">*</Component><Component name=\"4100\">*</Component><Component name=\"4101\">*</Component><Component name=\"4102\">*</Component><Component name=\"8195\">*</Component><Component name=\"8196\">*</Component><Component name=\"4144\">*</Component><Component name=\"4145\">*</Component><TPMInfo><KeyValue><RSAKeyValue><Modulus>*</Modulus><Exponent>*</Exponent></RSAKeyValue><KeyType>*</KeyType></KeyValue></TPMInfo></DeviceInfo></DeviceAddRequest>",
          "opcode": "Info",
          "process_id": 76,
          "provider_guid": "{05F02597-FE85-4E67-8542-69567AB8FD4F}",
          "record_number": "59077",
          "source_name": "Microsoft-Windows-LiveId",
          "thread_id": 1624,
          "type": "wineventlog",
          "user": {
            "domain": "NT AUTHORITY",
            "identifier": "S-1-5-18",
            "name": "SYSTEM",
            "type": "User"
          }
        },
        "fields": {
          "@timestamp": [
            1583264294878
          ]
        },
        "sort": [
          1583264294878
        ]
      },
      {
        "_index": "winlogbeat-2020.03.03",
        "_type": "wineventlog",
        "_id": "AXCh7BqJn_lBW985Kyay",
        "_version": 1,
        "_score": null,
        "_source": {
          "@timestamp": "2020-03-03T19:38:13.394Z",
          "activity_id": "{1813BCEF-33A3-4BE6-86B7-474424876607}",
          "beat": {
            "hostname": "DC",
            "name": "server",
            "version": "5.4.0"
          },
          "computer_name": "DC.Giacobeville.com",
          "event_data": {
            "ActionName": "Language Components Installer",
            "EnginePID": "6104",
            "ResultCode": "0",
            "TaskInstanceId": "{1813BCEF-33A3-4BE6-86B7-474424876607}",
            "TaskName": "\\Microsoft\\Windows\\LanguageComponentsInstaller\\Installation"
          },
          "event_id": 201,
          "level": "Information",
          "log_name": "Microsoft-Windows-TaskScheduler/Operational",
          "message": "Task Scheduler successfully completed task \"\\Microsoft\\Windows\\LanguageComponentsInstaller\\Installation\" , instance \"{1813BCEF-33A3-4BE6-86B7-474424876607}\" , action \"Language Components Installer\" with return code 0.",
          "opcode": "Stop",
          "process_id": 76,
          "provider_guid": "{DE7B24EA-73C8-4A09-985D-5BDADCFA9017}",
          "record_number": "12527",
          "source_name": "Microsoft-Windows-TaskScheduler",
          "task": "Action completed",
          "thread_id": 1624,
          "type": "wineventlog",
          "user": {
            "domain": "NT AUTHORITY",
            "identifier": "S-1-5-18",
            "name": "SYSTEM",
            "type": "User"
          },
          "version": 2
        },
        "fields": {
          "@timestamp": [
            1583264293394
          ]
        },
        "sort": [
          1583264293394
        ]
      },
      {
        "_index": "winlogbeat-2020.03.03",
        "_type": "wineventlog",
        "_id": "AXCh7BqJn_lBW985Kyaz",
        "_version": 1,
        "_score": null,
        "_source": {
          "@timestamp": "2020-03-03T19:38:13.394Z",
          "activity_id": "{1813BCEF-33A3-4BE6-86B7-474424876607}",
          "beat": {
            "hostname": "DC",
            "name": "server",
            "version": "5.4.0"
          },
          "computer_name": "DC.Giacobeville.com",
          "event_data": {
            "InstanceId": "{1813BCEF-33A3-4BE6-86B7-474424876607}",
            "TaskName": "\\Microsoft\\Windows\\LanguageComponentsInstaller\\Installation",
            "UserContext": "GIACOBEVILLE\\Administrator"
          },
          "event_id": 102,
          "level": "Information",
          "log_name": "Microsoft-Windows-TaskScheduler/Operational",
          "message": "Task Scheduler successfully finished \"{1813BCEF-33A3-4BE6-86B7-474424876607}\" instance of the \"\\Microsoft\\Windows\\LanguageComponentsInstaller\\Installation\" task for user \"GIACOBEVILLE\\Administrator\".",
          "opcode": "Stop",
          "process_id": 76,
          "provider_guid": "{DE7B24EA-73C8-4A09-985D-5BDADCFA9017}",
          "record_number": "12528",
          "source_name": "Microsoft-Windows-TaskScheduler",
          "task": "Task completed",
          "thread_id": 1624,
          "type": "wineventlog",
          "user": {
            "domain": "NT AUTHORITY",
            "identifier": "S-1-5-18",
            "name": "SYSTEM",
            "type": "User"
          }
        },
        "fields": {
          "@timestamp": [
            1583264293394
          ]
        },
        "sort": [
          1583264293394
        ]
      },
      {
        "_index": "winlogbeat-2020.03.03",
        "_type": "wineventlog",
        "_id": "AXCh7ArKn_lBW985Kyaw",
        "_version": 1,
        "_score": null,
        "_source": {
          "@timestamp": "2020-03-03T19:38:09.381Z",
          "beat": {
            "hostname": "DC",
            "name": "server",
            "version": "5.4.0"
          },
          "computer_name": "DC.Giacobeville.com",
          "event_data": {
            "EntryPointLength": "63",
            "NameLength": "40",
            "Result": "2150040147",
            "TaskEntryPoint": "Cortana.BackgroundTask.BackgroundTaskRegistrationBackgroundTask",
            "TaskName": "BackgroundTaskRegistrationBackgroundTask"
          },
          "event_id": 21,
          "level": "Information",
          "log_name": "Microsoft-Windows-BackgroundTaskInfrastructure/Operational",
          "message": "The background task with entry point Cortana.BackgroundTask.BackgroundTaskRegistrationBackgroundTask and name BackgroundTaskRegistrationBackgroundTask failed to activate with error code 0x80270253.",
          "process_id": 852,
          "provider_guid": "{E6835967-E0D2-41FB-BCEC-58387404E25A}",
          "record_number": "63",
          "source_name": "Microsoft-Windows-BrokerInfrastructure",
          "thread_id": 7328,
          "type": "wineventlog",
          "user": {
            "domain": "NT AUTHORITY",
            "identifier": "S-1-5-18",
            "name": "SYSTEM",
            "type": "User"
          }
        },
        "fields": {
          "@timestamp": [
            1583264289381
          ]
        },
        "sort": [
          1583264289381
        ]
      },
      {
        "_index": "winlogbeat-2020.03.03",
        "_type": "wineventlog",
        "_id": "AXCh7Aren_lBW985Kyax",
        "_version": 1,
        "_score": null,
        "_source": {
          "@timestamp": "2020-03-03T19:38:09.374Z",
          "beat": {
            "hostname": "DC",
            "name": "server",
            "version": "5.4.0"
          },
          "computer_name": "DC.Giacobeville.com",
          "event_data": {
            "ErrorCode": "-2144927149"
          },
          "event_id": 5962,
          "level": "Error",
          "log_name": "Microsoft-Windows-TWinUI/Operational",
          "message": "Activation of the app failed with error: This app can't be activated by the Built-in Administrator..",
          "opcode": "Info",
          "process_id": 6976,
          "provider_guid": "{315A8872-923E-4EA2-9889-33CD4754BF64}",
          "record_number": "170",
          "source_name": "Microsoft-Windows-Immersive-Shell",
          "thread_id": 7020,
          "type": "wineventlog",
          "user": {
            "domain": "GIACOBEVILLE",
            "identifier": "S-1-5-21-1271178117-3594940576-1158983498-500",
            "name": "Administrator",
            "type": "User"
          }
        },
        "fields": {
          "@timestamp": [
            1583264289374
          ]
        },
        "sort": [
          1583264289374
        ]
      },
      {
        "_index": "winlogbeat-2020.03.03",
        "_type": "wineventlog",
        "_id": "AXCh6_gzn_lBW985Kyav",
        "_version": 1,
        "_score": null,
        "_source": {
          "@timestamp": "2020-03-03T19:38:04.351Z",
          "beat": {
            "hostname": "DC",
            "name": "server",
            "version": "5.4.0"
          },
          "computer_name": "DC.Giacobeville.com",
          "event_data": {
            "VolumeGuid": "{E8A05CFB-01EA-11EA-8B75-806E6F6E6963}",
            "VolumeName": "A:",
            "VolumeNameLength": "2"
          },
          "event_id": 2,
          "level": "Information",
          "log_name": "Microsoft-Windows-Kernel-IO/Operational",
          "message": "The volume has been successfully mounted.\n\n           Volume GUID: {E8A05CFB-01EA-11EA-8B75-806E6F6E6963}\n           Volume Name: A:",
          "opcode": "Stop",
          "process_id": 2476,
          "provider_guid": "{ABF1F586-2E50-4BA8-928D-49044E6F0DB7}",
          "record_number": "189117",
          "source_name": "Microsoft-Windows-Kernel-IO",
          "thread_id": 2932,
          "type": "wineventlog",
          "user": {
            "domain": "NT AUTHORITY",
            "identifier": "S-1-5-18",
            "name": "SYSTEM",
            "type": "User"
          }
        },
        "fields": {
          "@timestamp": [
            1583264284351
          ]
        },
        "sort": [
          1583264284351
        ]
      },
      {
        "_index": "winlogbeat-2020.03.03",
        "_type": "wineventlog",
        "_id": "AXCh6_Q7n_lBW985Kyau",
        "_version": 1,
        "_score": null,
        "_source": {
          "@timestamp": "2020-03-03T19:38:03.324Z",
          "beat": {
            "hostname": "DC",
            "name": "server",
            "version": "5.4.0"
          },
          "computer_name": "DC.Giacobeville.com",
          "event_data": {
            "VolumeGuid": "{E8A05CFB-01EA-11EA-8B75-806E6F6E6963}",
            "VolumeName": "A:",
            "VolumeNameLength": "2"
          },
          "event_id": 1,
          "level": "Information",
          "log_name": "Microsoft-Windows-Kernel-IO/Operational",
          "message": "Windows has started processing the volume mount request.\n\n           Volume GUID: {E8A05CFB-01EA-11EA-8B75-806E6F6E6963}\n           Volume Name: A:",
          "opcode": "Start",
          "process_id": 2476,
          "provider_guid": "{ABF1F586-2E50-4BA8-928D-49044E6F0DB7}",
          "record_number": "189116",
          "source_name": "Microsoft-Windows-Kernel-IO",
          "thread_id": 2932,
          "type": "wineventlog",
          "user": {
            "domain": "NT AUTHORITY",
            "identifier": "S-1-5-18",
            "name": "SYSTEM",
            "type": "User"
          }
        },
        "fields": {
          "@timestamp": [
            1583264283324
          ]
        },
        "sort": [
          1583264283324
        ]
      },
      {
        "_index": "winlogbeat-2020.03.03",
        "_type": "wineventlog",
        "_id": "AXCh6-8an_lBW985Kyat",
        "_version": 1,
        "_score": null,
        "_source": {
          "@timestamp": "2020-03-03T19:38:01.506Z",
          "beat": {
            "hostname": "DC",
            "name": "server",
            "version": "5.4.0"
          },
          "computer_name": "DC.Giacobeville.com",
          "event_data": {
            "CommandLine": "C:\\Windows\\system32\\DllHost.exe /Processid:{DC4537C3-CA73-4AC7-9E1D-B2CE27C3A7A6}",
            "MandatoryLabel": "S-1-16-12288",
            "NewProcessId": "0xbbc",
            "NewProcessName": "C:\\Windows\\System32\\dllhost.exe",
            "ParentProcessName": "C:\\Windows\\System32\\svchost.exe",
            "ProcessId": "0x354",
            "SubjectDomainName": "GIACOBEVILLE",
            "SubjectLogonId": "0x3e7",
            "SubjectUserName": "DC$",
            "SubjectUserSid": "S-1-5-18",
            "TargetDomainName": "GIACOBEVILLE",
            "TargetLogonId": "0x4a1df",
            "TargetUserName": "Administrator",
            "TargetUserSid": "S-1-0-0",
            "TokenElevationType": "%%1936"
          },
          "event_id": 4688,
          "keywords": [
            "Audit Success"
          ],
          "level": "Information",
          "log_name": "Security",
          "message": "A new process has been created.\n\nCreator Subject:\n\tSecurity ID:\t\tS-1-5-18\n\tAccount Name:\t\tDC$\n\tAccount Domain:\t\tGIACOBEVILLE\n\tLogon ID:\t\t0x3E7\n\nTarget Subject:\n\tSecurity ID:\t\tS-1-0-0\n\tAccount Name:\t\tAdministrator\n\tAccount Domain:\t\tGIACOBEVILLE\n\tLogon ID:\t\t0x4A1DF\n\nProcess Information:\n\tNew Process ID:\t\t0xbbc\n\tNew Process Name:\tC:\\Windows\\System32\\dllhost.exe\n\tToken Elevation Type:\t%%1936\n\tMandatory Label:\t\tS-1-16-12288\n\tCreator Process ID:\t0x354\n\tCreator Process Name:\tC:\\Windows\\System32\\svchost.exe\n\tProcess Command Line:\tC:\\Windows\\system32\\DllHost.exe /Processid:{DC4537C3-CA73-4AC7-9E1D-B2CE27C3A7A6}\n\nToken Elevation Type indicates the type of token that was assigned to the new process in accordance with User Account Control policy.\n\nType 1 is a full token with no privileges removed or groups disabled.  A full token is only used if User Account Control is disabled or if the user is the built-in Administrator account or a service account.\n\nType 2 is an elevated token with no privileges removed or groups disabled.  An elevated token is used when User Account Control is enabled and the user chooses to start the program using Run as administrator.  An elevated token is also used when an application is configured to always require administrative privilege or to always require maximum privilege, and the user is a member of the Administrators group.\n\nType 3 is a limited token with administrative privileges removed and administrative groups disabled.  The limited token is used when User Account Control is enabled, the application does not require administrative privilege, and the user does not choose to start the program using Run as administrator.",
          "opcode": "Info",
          "process_id": 4,
          "provider_guid": "{54849625-5478-4994-A5BA-3E3B0328C30D}",
          "record_number": "539854",
          "source_name": "Microsoft-Windows-Security-Auditing",
          "task": "Process Creation",
          "thread_id": 196,
          "type": "wineventlog",
          "version": 2
        },
        "fields": {
          "@timestamp": [
            1583264281506
          ]
        },
        "sort": [
          1583264281506
        ]
      },
      {
        "_index": "winlogbeat-2020.03.03",
        "_type": "wineventlog",
        "_id": "AXCh67Amn_lBW985Kyas",
        "_version": 1,
        "_score": null,
        "_source": {
          "@timestamp": "2020-03-03T19:37:45.944Z",
          "beat": {
            "hostname": "DC",
            "name": "server",
            "version": "5.4.0"
          },
          "computer_name": "DC.Giacobeville.com",
          "event_data": {
            "Details": "Binary Data",
            "EventType": "SetValue",
            "Image": "C:\\Windows\\System32\\svchost.exe",
            "ProcessGuid": "{825D88E6-AE09-5E5E-0000-0010EA2D0100}",
            "ProcessId": "776",
            "RuleName": "InvDB",
            "TargetObject": "HKU\\S-1-5-21-1271178117-3594940576-1158983498-500\\SOFTWARE\\Microsoft\\Windows NT\\CurrentVersion\\AppCompatFlags\\Compatibility Assistant\\Store\\C:\\Windows\\Sysmon.exe",
            "UtcTime": "2020-03-03 19:37:45.943"
          },
          "event_id": 13,
          "level": "Information",
          "log_name": "Microsoft-Windows-Sysmon/Operational",
          "message": "Registry value set:\nRuleName: InvDB\nEventType: SetValue\nUtcTime: 2020-03-03 19:37:45.943\nProcessGuid: {825D88E6-AE09-5E5E-0000-0010EA2D0100}\nProcessId: 776\nImage: C:\\Windows\\System32\\svchost.exe\nTargetObject: HKU\\S-1-5-21-1271178117-3594940576-1158983498-500\\SOFTWARE\\Microsoft\\Windows NT\\CurrentVersion\\AppCompatFlags\\Compatibility Assistant\\Store\\C:\\Windows\\Sysmon.exe\nDetails: Binary Data",
          "opcode": "Info",
          "process_id": 2432,
          "provider_guid": "{5770385F-C22A-43E0-BF4C-06F5698FFBD9}",
          "record_number": "6780",
          "source_name": "Microsoft-Windows-Sysmon",
          "task": "Registry value set (rule: RegistryEvent)",
          "thread_id": 3264,
          "type": "wineventlog",
          "user": {
            "domain": "NT AUTHORITY",
            "identifier": "S-1-5-18",
            "name": "SYSTEM",
            "type": "User"
          },
          "version": 2
        },
        "fields": {
          "@timestamp": [
            1583264265944
          ]
        },
        "sort": [
          1583264265944
        ]
      },
      {
        "_index": "winlogbeat-2020.03.03",
        "_type": "wineventlog",
        "_id": "AXCh66i0n_lBW985Kyap",
        "_version": 1,
        "_score": null,
        "_source": {
          "@timestamp": "2020-03-03T19:37:43.576Z",
          "beat": {
            "hostname": "DC",
            "name": "server",
            "version": "5.4.0"
          },
          "computer_name": "DC.Giacobeville.com",
          "event_data": {
            "CommandLine": "\\??\\C:\\Windows\\system32\\conhost.exe 0xffffffff -ForceV1",
            "MandatoryLabel": "S-1-16-12288",
            "NewProcessId": "0x1ef0",
            "NewProcessName": "C:\\Windows\\System32\\conhost.exe",
            "ParentProcessName": "C:\\Windows\\Sysmon.exe",
            "ProcessId": "0x1a60",
            "SubjectDomainName": "GIACOBEVILLE",
            "SubjectLogonId": "0x4a1df",
            "SubjectUserName": "Administrator",
            "SubjectUserSid": "S-1-5-21-1271178117-3594940576-1158983498-500",
            "TargetDomainName": "-",
            "TargetLogonId": "0x0",
            "TargetUserName": "-",
            "TargetUserSid": "S-1-0-0",
            "TokenElevationType": "%%1936"
          },
          "event_id": 4688,
          "keywords": [
            "Audit Success"
          ],
          "level": "Information",
          "log_name": "Security",
          "message": "A new process has been created.\n\nCreator Subject:\n\tSecurity ID:\t\tS-1-5-21-1271178117-3594940576-1158983498-500\n\tAccount Name:\t\tAdministrator\n\tAccount Domain:\t\tGIACOBEVILLE\n\tLogon ID:\t\t0x4A1DF\n\nTarget Subject:\n\tSecurity ID:\t\tS-1-0-0\n\tAccount Name:\t\t-\n\tAccount Domain:\t\t-\n\tLogon ID:\t\t0x0\n\nProcess Information:\n\tNew Process ID:\t\t0x1ef0\n\tNew Process Name:\tC:\\Windows\\System32\\conhost.exe\n\tToken Elevation Type:\t%%1936\n\tMandatory Label:\t\tS-1-16-12288\n\tCreator Process ID:\t0x1a60\n\tCreator Process Name:\tC:\\Windows\\Sysmon.exe\n\tProcess Command Line:\t\\??\\C:\\Windows\\system32\\conhost.exe 0xffffffff -ForceV1\n\nToken Elevation Type indicates the type of token that was assigned to the new process in accordance with User Account Control policy.\n\nType 1 is a full token with no privileges removed or groups disabled.  A full token is only used if User Account Control is disabled or if the user is the built-in Administrator account or a service account.\n\nType 2 is an elevated token with no privileges removed or groups disabled.  An elevated token is used when User Account Control is enabled and the user chooses to start the program using Run as administrator.  An elevated token is also used when an application is configured to always require administrative privilege or to always require maximum privilege, and the user is a member of the Administrators group.\n\nType 3 is a limited token with administrative privileges removed and administrative groups disabled.  The limited token is used when User Account Control is enabled, the application does not require administrative privilege, and the user does not choose to start the program using Run as administrator.",
          "opcode": "Info",
          "process_id": 4,
          "provider_guid": "{54849625-5478-4994-A5BA-3E3B0328C30D}",
          "record_number": "539853",
          "source_name": "Microsoft-Windows-Security-Auditing",
          "task": "Process Creation",
          "thread_id": 308,
          "type": "wineventlog",
          "version": 2
        },
        "fields": {
          "@timestamp": [
            1583264263576
          ]
        },
        "sort": [
          1583264263576
        ]
      },
