      {
        "_index": "winlogbeat-2020.03.03",
        "_type": "wineventlog",
        "_id": "AXCh78jCn_lBW985Kyc3",
        "_version": 1,
        "_score": null,
        "_source": {
          "@timestamp": "2020-03-03T19:42:14.301Z",
          "beat": {
            "hostname": "DC",
            "name": "server",
            "version": "5.4.0"
          },
          "computer_name": "DC.Giacobeville.com",
          "event_data": {
            "AccessList": "%%1538\n\t\t\t\t%%1541\n\t\t\t\t%%4416\n\t\t\t\t%%4417\n\t\t\t\t%%4418\n\t\t\t\t%%4419\n\t\t\t\t%%4420\n\t\t\t\t%%4423\n\t\t\t\t%%4424\n\t\t\t\t",
            "AccessMask": "0x12019f",
            "AccessReason": "-",
            "IpAddress": "192.168.100.18",
            "IpPort": "49213",
            "ObjectType": "File",
            "RelativeTargetName": "samr",
            "ShareName": "\\\\*\\IPC$",
            "SubjectDomainName": "GIACOBEVILLE",
            "SubjectLogonId": "0xe4b99",
            "SubjectUserName": "MillyBond",
            "SubjectUserSid": "S-1-5-21-1271178117-3594940576-1158983498-1117"
          },
          "event_id": 5145,
          "keywords": [
            "Audit Success"
          ],
          "level": "Information",
          "log_name": "Security",
          "message": "A network share object was checked to see whether client can be granted desired access.\n\t\nSubject:\n\tSecurity ID:\t\tS-1-5-21-1271178117-3594940576-1158983498-1117\n\tAccount Name:\t\tMillyBond\n\tAccount Domain:\t\tGIACOBEVILLE\n\tLogon ID:\t\t0xE4B99\n\nNetwork Information:\t\n\tObject Type:\t\tFile\n\tSource Address:\t\t192.168.100.18\n\tSource Port:\t\t49213\n\t\nShare Information:\n\tShare Name:\t\t\\\\*\\IPC$\n\tShare Path:\t\t\n\tRelative Target Name:\tsamr\n\nAccess Request Information:\n\tAccess Mask:\t\t0x12019F\n\tAccesses:\t\tREAD_CONTROL\n\t\t\t\tSYNCHRONIZE\n\t\t\t\tReadData (or ListDirectory)\n\t\t\t\tWriteData (or AddFile)\n\t\t\t\tAppendData (or AddSubdirectory or CreatePipeInstance)\n\t\t\t\tReadEA\n\t\t\t\tWriteEA\n\t\t\t\tReadAttributes\n\t\t\t\tWriteAttributes\n\t\t\t\t\nAccess Check Results:\n\t-",
          "opcode": "Info",
          "process_id": 4,
          "provider_guid": "{54849625-5478-4994-A5BA-3E3B0328C30D}",
          "record_number": "539864",
          "source_name": "Microsoft-Windows-Security-Auditing",
          "task": "Detailed File Share",
          "thread_id": 308,
          "type": "wineventlog"
        },
        "fields": {
          "@timestamp": [
            1583264534301
          ]
        },
        "sort": [
          1583264534301
        ]
      },
      {
        "_index": "winlogbeat-2020.03.03",
        "_type": "wineventlog",
        "_id": "AXCh76Oqn_lBW985Kyc2",
        "_version": 1,
        "_score": null,
        "_source": {
          "@timestamp": "2020-03-03T19:42:04.346Z",
          "beat": {
            "hostname": "DC",
            "name": "server",
            "version": "5.4.0"
          },
          "computer_name": "DC.Giacobeville.com",
          "event_data": {
            "VolumeGuid": "{E8A05CFB-01EA-11EA-8B75-806E6F6E6963}",
            "VolumeName": "A:",
            "VolumeNameLength": "2"
          },
          "event_id": 2,
          "level": "Information",
          "log_name": "Microsoft-Windows-Kernel-IO/Operational",
          "message": "The volume has been successfully mounted.\n\n           Volume GUID: {E8A05CFB-01EA-11EA-8B75-806E6F6E6963}\n           Volume Name: A:",
          "opcode": "Stop",
          "process_id": 2476,
          "provider_guid": "{ABF1F586-2E50-4BA8-928D-49044E6F0DB7}",
          "record_number": "189137",
          "source_name": "Microsoft-Windows-Kernel-IO",
          "thread_id": 2932,
          "type": "wineventlog",
          "user": {
            "domain": "NT AUTHORITY",
            "identifier": "S-1-5-18",
            "name": "SYSTEM",
            "type": "User"
          }
        },
        "fields": {
          "@timestamp": [
            1583264524346
          ]
        },
        "sort": [
          1583264524346
        ]
      },
      {
        "_index": "winlogbeat-2020.03.03",
        "_type": "wineventlog",
        "_id": "AXCh75-zn_lBW985Kyc1",
        "_version": 1,
        "_score": null,
        "_source": {
          "@timestamp": "2020-03-03T19:42:03.324Z",
          "beat": {
            "hostname": "DC",
            "name": "server",
            "version": "5.4.0"
          },
          "computer_name": "DC.Giacobeville.com",
          "event_data": {
            "VolumeGuid": "{E8A05CFB-01EA-11EA-8B75-806E6F6E6963}",
            "VolumeName": "A:",
            "VolumeNameLength": "2"
          },
          "event_id": 1,
          "level": "Information",
          "log_name": "Microsoft-Windows-Kernel-IO/Operational",
          "message": "Windows has started processing the volume mount request.\n\n           Volume GUID: {E8A05CFB-01EA-11EA-8B75-806E6F6E6963}\n           Volume Name: A:",
          "opcode": "Start",
          "process_id": 2476,
          "provider_guid": "{ABF1F586-2E50-4BA8-928D-49044E6F0DB7}",
          "record_number": "189136",
          "source_name": "Microsoft-Windows-Kernel-IO",
          "thread_id": 2932,
          "type": "wineventlog",
          "user": {
            "domain": "NT AUTHORITY",
            "identifier": "S-1-5-18",
            "name": "SYSTEM",
            "type": "User"
          }
        },
        "fields": {
          "@timestamp": [
            1583264523324
          ]
        },
        "sort": [
          1583264523324
        ]
      },
      {
        "_index": "winlogbeat-2020.03.03",
        "_type": "wineventlog",
        "_id": "AXCh7y5Gn_lBW985Kyc0",
        "_version": 1,
        "_score": null,
        "_source": {
          "@timestamp": "2020-03-03T19:41:34.344Z",
          "beat": {
            "hostname": "DC",
            "name": "server",
            "version": "5.4.0"
          },
          "computer_name": "DC.Giacobeville.com",
          "event_data": {
            "VolumeGuid": "{E8A05CFB-01EA-11EA-8B75-806E6F6E6963}",
            "VolumeName": "A:",
            "VolumeNameLength": "2"
          },
          "event_id": 2,
          "level": "Information",
          "log_name": "Microsoft-Windows-Kernel-IO/Operational",
          "message": "The volume has been successfully mounted.\n\n           Volume GUID: {E8A05CFB-01EA-11EA-8B75-806E6F6E6963}\n           Volume Name: A:",
          "opcode": "Stop",
          "process_id": 2476,
          "provider_guid": "{ABF1F586-2E50-4BA8-928D-49044E6F0DB7}",
          "record_number": "189135",
          "source_name": "Microsoft-Windows-Kernel-IO",
          "thread_id": 2932,
          "type": "wineventlog",
          "user": {
            "domain": "NT AUTHORITY",
            "identifier": "S-1-5-18",
            "name": "SYSTEM",
            "type": "User"
          }
        },
        "fields": {
          "@timestamp": [
            1583264494344
          ]
        },
        "sort": [
          1583264494344
        ]
      },
      {
        "_index": "winlogbeat-2020.03.03",
        "_type": "wineventlog",
        "_id": "AXCh7ypIn_lBW985Kycz",
        "_version": 1,
        "_score": null,
        "_source": {
          "@timestamp": "2020-03-03T19:41:33.323Z",
          "beat": {
            "hostname": "DC",
            "name": "server",
            "version": "5.4.0"
          },
          "computer_name": "DC.Giacobeville.com",
          "event_data": {
            "VolumeGuid": "{E8A05CFB-01EA-11EA-8B75-806E6F6E6963}",
            "VolumeName": "A:",
            "VolumeNameLength": "2"
          },
          "event_id": 1,
          "level": "Information",
          "log_name": "Microsoft-Windows-Kernel-IO/Operational",
          "message": "Windows has started processing the volume mount request.\n\n           Volume GUID: {E8A05CFB-01EA-11EA-8B75-806E6F6E6963}\n           Volume Name: A:",
          "opcode": "Start",
          "process_id": 2476,
          "provider_guid": "{ABF1F586-2E50-4BA8-928D-49044E6F0DB7}",
          "record_number": "189134",
          "source_name": "Microsoft-Windows-Kernel-IO",
          "thread_id": 2932,
          "type": "wineventlog",
          "user": {
            "domain": "NT AUTHORITY",
            "identifier": "S-1-5-18",
            "name": "SYSTEM",
            "type": "User"
          }
        },
        "fields": {
          "@timestamp": [
            1583264493323
          ]
        },
        "sort": [
          1583264493323
        ]
      },
      {
        "_index": "winlogbeat-2020.03.03",
        "_type": "wineventlog",
        "_id": "AXCh7xahn_lBW985Kycy",
        "_version": 1,
        "_score": null,
        "_source": {
          "@timestamp": "2020-03-03T19:41:28.756Z",
          "beat": {
            "hostname": "DC",
            "name": "server",
            "version": "5.4.0"
          },
          "computer_name": "DC.Giacobeville.com",
          "event_data": {
            "Error": "0xc0000013",
            "VolumeGuid": "{E8A05CFA-01EA-11EA-8B75-806E6F6E6963}",
            "VolumeName": "D:",
            "VolumeNameLength": "2"
          },
          "event_id": 3,
          "level": "Warning",
          "log_name": "Microsoft-Windows-Kernel-IO/Operational",
          "message": "Windows failed to mount the volume.\n\n           Status: {No Disk}\nThere is no disk in the drive.\nPlease insert a disk into drive %hs.\n           Volume GUID: {E8A05CFA-01EA-11EA-8B75-806E6F6E6963}\n           Volume Name: D:",
          "opcode": "Stop",
          "process_id": 2320,
          "provider_guid": "{ABF1F586-2E50-4BA8-928D-49044E6F0DB7}",
          "record_number": "189133",
          "source_name": "Microsoft-Windows-Kernel-IO",
          "thread_id": 3180,
          "type": "wineventlog",
          "user": {
            "domain": "NT AUTHORITY",
            "identifier": "S-1-5-18",
            "name": "SYSTEM",
            "type": "User"
          }
        },
        "fields": {
          "@timestamp": [
            1583264488756
          ]
        },
        "sort": [
          1583264488756
        ]
      },
      {
        "_index": "winlogbeat-2020.03.03",
        "_type": "wineventlog",
        "_id": "AXCh7xahn_lBW985Kycx",
        "_version": 1,
        "_score": null,
        "_source": {
          "@timestamp": "2020-03-03T19:41:28.755Z",
          "beat": {
            "hostname": "DC",
            "name": "server",
            "version": "5.4.0"
          },
          "computer_name": "DC.Giacobeville.com",
          "event_data": {
            "VolumeGuid": "{E8A05CFA-01EA-11EA-8B75-806E6F6E6963}",
            "VolumeName": "D:",
            "VolumeNameLength": "2"
          },
          "event_id": 1,
          "level": "Information",
          "log_name": "Microsoft-Windows-Kernel-IO/Operational",
          "message": "Windows has started processing the volume mount request.\n\n           Volume GUID: {E8A05CFA-01EA-11EA-8B75-806E6F6E6963}\n           Volume Name: D:",
          "opcode": "Start",
          "process_id": 2320,
          "provider_guid": "{ABF1F586-2E50-4BA8-928D-49044E6F0DB7}",
          "record_number": "189132",
          "source_name": "Microsoft-Windows-Kernel-IO",
          "thread_id": 3180,
          "type": "wineventlog",
          "user": {
            "domain": "NT AUTHORITY",
            "identifier": "S-1-5-18",
            "name": "SYSTEM",
            "type": "User"
          }
        },
        "fields": {
          "@timestamp": [
            1583264488755
          ]
        },
        "sort": [
          1583264488755
        ]
      },
      {
        "_index": "winlogbeat-2020.03.03",
        "_type": "wineventlog",
        "_id": "AXCh7xahn_lBW985Kycw",
        "_version": 1,
        "_score": null,
        "_source": {
          "@timestamp": "2020-03-03T19:41:28.755Z",
          "beat": {
            "hostname": "DC",
            "name": "server",
            "version": "5.4.0"
          },
          "computer_name": "DC.Giacobeville.com",
          "event_data": {
            "Error": "0xc0000013",
            "VolumeGuid": "{E8A05CFB-01EA-11EA-8B75-806E6F6E6963}",
            "VolumeName": "A:",
            "VolumeNameLength": "2"
          },
          "event_id": 3,
          "level": "Warning",
          "log_name": "Microsoft-Windows-Kernel-IO/Operational",
          "message": "Windows failed to mount the volume.\n\n           Status: {No Disk}\nThere is no disk in the drive.\nPlease insert a disk into drive %hs.\n           Volume GUID: {E8A05CFB-01EA-11EA-8B75-806E6F6E6963}\n           Volume Name: A:",
          "opcode": "Stop",
          "process_id": 2320,
          "provider_guid": "{ABF1F586-2E50-4BA8-928D-49044E6F0DB7}",
          "record_number": "189131",
          "source_name": "Microsoft-Windows-Kernel-IO",
          "thread_id": 3180,
          "type": "wineventlog",
          "user": {
            "domain": "NT AUTHORITY",
            "identifier": "S-1-5-18",
            "name": "SYSTEM",
            "type": "User"
          }
        },
        "fields": {
          "@timestamp": [
            1583264488755
          ]
        },
        "sort": [
          1583264488755
        ]
      },
      {
        "_index": "winlogbeat-2020.03.03",
        "_type": "wineventlog",
        "_id": "AXCh7xKKn_lBW985Kycu",
        "_version": 1,
        "_score": null,
        "_source": {
          "@timestamp": "2020-03-03T19:41:27.741Z",
          "beat": {
            "hostname": "DC",
            "name": "server",
            "version": "5.4.0"
          },
          "computer_name": "DC.Giacobeville.com",
          "event_data": {
            "VolumeGuid": "{E8A05CFB-01EA-11EA-8B75-806E6F6E6963}",
            "VolumeName": "A:",
            "VolumeNameLength": "2"
          },
          "event_id": 1,
          "level": "Information",
          "log_name": "Microsoft-Windows-Kernel-IO/Operational",
          "message": "Windows has started processing the volume mount request.\n\n           Volume GUID: {E8A05CFB-01EA-11EA-8B75-806E6F6E6963}\n           Volume Name: A:",
          "opcode": "Start",
          "process_id": 2320,
          "provider_guid": "{ABF1F586-2E50-4BA8-928D-49044E6F0DB7}",
          "record_number": "189130",
          "source_name": "Microsoft-Windows-Kernel-IO",
          "thread_id": 3180,
          "type": "wineventlog",
          "user": {
            "domain": "NT AUTHORITY",
            "identifier": "S-1-5-18",
            "name": "SYSTEM",
            "type": "User"
          }
        },
        "fields": {
          "@timestamp": [
            1583264487741
          ]
        },
        "sort": [
          1583264487741
        ]
      },
      {
        "_index": "winlogbeat-2020.03.03",
        "_type": "wineventlog",
        "_id": "AXCh7w8Gn_lBW985Kycr",
        "_version": 1,
        "_score": null,
        "_source": {
          "@timestamp": "2020-03-03T19:41:27.519Z",
          "activity_id": "{620D9A41-0AD3-474D-A86B-59EA5843A658}",
          "beat": {
            "hostname": "DC",
            "name": "server",
            "version": "5.4.0"
          },
          "computer_name": "DC.Giacobeville.com",
          "event_data": {
            "NextPolicyApplicationTime": "5",
            "NextPolicyApplicationTimeUnit": "%%4100",
            "PrincipalSamName": "GIACOBEVILLE\\DC$"
          },
          "event_id": 5315,
          "level": "Information",
          "log_name": "Microsoft-Windows-GroupPolicy/Operational",
          "message": "Next policy processing for GIACOBEVILLE\\DC$ will be attempted in 5 minutes.",
          "opcode": "Info",
          "process_id": 76,
          "provider_guid": "{AEA1B4FA-97D1-45F2-A64C-4D69FFFD92C9}",
          "record_number": "308281",
          "source_name": "Microsoft-Windows-GroupPolicy",
          "thread_id": 6460,
          "type": "wineventlog",
          "user": {
            "domain": "NT AUTHORITY",
            "identifier": "S-1-5-18",
            "name": "SYSTEM",
            "type": "User"
          }
        },
        "fields": {
          "@timestamp": [
            1583264487519
          ]
        },
        "sort": [
          1583264487519
        ]
      },
      {
        "_index": "winlogbeat-2020.03.03",
        "_type": "wineventlog",
        "_id": "AXCh7w8Gn_lBW985Kycq",
        "_version": 1,
        "_score": null,
        "_source": {
          "@timestamp": "2020-03-03T19:41:27.500Z",
          "activity_id": "{620D9A41-0AD3-474D-A86B-59EA5843A658}",
          "beat": {
            "hostname": "DC",
            "name": "server",
            "version": "5.4.0"
          },
          "computer_name": "DC.Giacobeville.com",
          "event_data": {
            "ErrorCode": "0",
            "IsConnectivityFailure": "false",
            "IsMachine": "1",
            "PolicyElaspedTimeInSeconds": "0",
            "PrincipalSamName": "GIACOBEVILLE\\DC$"
          },
          "event_id": 8006,
          "level": "Information",
          "log_name": "Microsoft-Windows-GroupPolicy/Operational",
          "message": "Completed periodic policy processing for computer GIACOBEVILLE\\DC$ in 0 seconds.",
          "opcode": "Stop",
          "process_id": 76,
          "provider_guid": "{AEA1B4FA-97D1-45F2-A64C-4D69FFFD92C9}",
          "record_number": "308280",
          "source_name": "Microsoft-Windows-GroupPolicy",
          "thread_id": 6460,
          "type": "wineventlog",
          "user": {
            "domain": "NT AUTHORITY",
            "identifier": "S-1-5-18",
            "name": "SYSTEM",
            "type": "User"
          },
          "version": 1
        },
        "fields": {
          "@timestamp": [
            1583264487500
          ]
        },
        "sort": [
          1583264487500
        ]
      },
      {
        "_index": "winlogbeat-2020.03.03",
        "_type": "wineventlog",
        "_id": "AXCh7w8Gn_lBW985Kycp",
        "_version": 1,
        "_score": null,
        "_source": {
          "@timestamp": "2020-03-03T19:41:27.493Z",
          "activity_id": "{620D9A41-0AD3-474D-A86B-59EA5843A658}",
          "beat": {
            "hostname": "DC",
            "name": "server",
            "version": "5.4.0"
          },
          "computer_name": "DC.Giacobeville.com",
          "event_data": {
            "CSEElaspedTimeInMilliSeconds": "15",
            "CSEExtensionId": "{F3CCC681-B74C-4060-9F26-CD84525DCA2A}",
            "CSEExtensionName": "Audit Policy Configuration",
            "ErrorCode": "2147483658"
          },
          "event_id": 5016,
          "level": "Information",
          "log_name": "Microsoft-Windows-GroupPolicy/Operational",
          "message": "Completed Audit Policy Configuration Extension Processing in 15 milliseconds.",
          "opcode": "Stop",
          "process_id": 76,
          "provider_guid": "{AEA1B4FA-97D1-45F2-A64C-4D69FFFD92C9}",
          "record_number": "308279",
          "source_name": "Microsoft-Windows-GroupPolicy",
          "thread_id": 6460,
          "type": "wineventlog",
          "user": {
            "domain": "NT AUTHORITY",
            "identifier": "S-1-5-18",
            "name": "SYSTEM",
            "type": "User"
          }
        },
        "fields": {
          "@timestamp": [
            1583264487493
          ]
        },
        "sort": [
          1583264487493
        ]
      },
      {
        "_index": "winlogbeat-2020.03.03",
        "_type": "wineventlog",
        "_id": "AXCh7xPan_lBW985Kycv",
        "_version": 1,
        "_score": null,
        "_source": {
          "@timestamp": "2020-03-03T19:41:27.491Z",
          "activity_id": "{620D9A41-0AD3-474D-A86B-59EA5843A658}",
          "beat": {
            "hostname": "DC",
            "name": "server",
            "version": "5.4.0"
          },
          "computer_name": "DC.Giacobeville.com",
          "event_data": {
            "GPOList": "Local Group Policy"
          },
          "event_id": 102,
          "level": "Information",
          "log_name": "Microsoft-Windows-Security-Audit-Configuration-Client/Operational",
          "message": "List of applicable GPOs:\nLocal Group Policy",
          "opcode": "Info",
          "process_id": 76,
          "provider_guid": "{08466062-AED4-4834-8B04-CDDB414504E5}",
          "record_number": "2384",
          "source_name": "Microsoft-Windows-Security-Audit-Configuration-Client",
          "thread_id": 6460,
          "type": "wineventlog",
          "user": {
            "domain": "NT AUTHORITY",
            "identifier": "S-1-5-18",
            "name": "SYSTEM",
            "type": "User"
          }
        },
        "fields": {
          "@timestamp": [
            1583264487491
          ]
        },
        "sort": [
          1583264487491
        ]
      },
      {
        "_index": "winlogbeat-2020.03.03",
        "_type": "wineventlog",
        "_id": "AXCh7w8Gn_lBW985Kyco",
        "_version": 1,
        "_score": null,
        "_source": {
          "@timestamp": "2020-03-03T19:41:27.485Z",
          "activity_id": "{620D9A41-0AD3-474D-A86B-59EA5843A658}",
          "beat": {
            "hostname": "DC",
            "name": "server",
            "version": "5.4.0"
          },
          "computer_name": "DC.Giacobeville.com",
          "event_data": {
            "ApplicableGPOList": "<GPO ID=\"Local Group Policy\"><Name>Local Group Policy</Name></GPO>",
            "CSEExtensionId": "{F3CCC681-B74C-4060-9F26-CD84525DCA2A}",
            "CSEExtensionName": "Audit Policy Configuration",
            "DescriptionString": "Local Group Policy",
            "GPOListStatusString": "%%4101",
            "IsExtensionAsyncProcessing": "true",
            "IsGPOListChanged": "false"
          },
          "event_id": 4016,
          "level": "Information",
          "log_name": "Microsoft-Windows-GroupPolicy/Operational",
          "message": "Starting Audit Policy Configuration Extension Processing. \n\nList of applicable Group Policy objects: (No changes were detected.)\n\nLocal Group Policy",
          "opcode": "Start",
          "process_id": 76,
          "provider_guid": "{AEA1B4FA-97D1-45F2-A64C-4D69FFFD92C9}",
          "record_number": "308278",
          "source_name": "Microsoft-Windows-GroupPolicy",
          "thread_id": 6460,
          "type": "wineventlog",
          "user": {
            "domain": "NT AUTHORITY",
            "identifier": "S-1-5-18",
            "name": "SYSTEM",
            "type": "User"
          }
        },
        "fields": {
          "@timestamp": [
            1583264487485
          ]
        },
        "sort": [
          1583264487485
        ]
      },
      {
        "_index": "winlogbeat-2020.03.03",
        "_type": "wineventlog",
        "_id": "AXCh7w8Gn_lBW985Kycl",
        "_version": 1,
        "_score": null,
        "_source": {
          "@timestamp": "2020-03-03T19:41:27.479Z",
          "activity_id": "{620D9A41-0AD3-474D-A86B-59EA5843A658}",
          "beat": {
            "hostname": "DC",
            "name": "server",
            "version": "5.4.0"
          },
          "computer_name": "DC.Giacobeville.com",
          "event_data": {
            "InfoDescription": "%%4161"
          },
          "event_id": 5320,
          "level": "Information",
          "log_name": "Microsoft-Windows-GroupPolicy/Operational",
          "message": "Checking for Group Policy client extensions that are not part of the system.",
          "opcode": "Info",
          "process_id": 76,
          "provider_guid": "{AEA1B4FA-97D1-45F2-A64C-4D69FFFD92C9}",
          "record_number": "308275",
          "source_name": "Microsoft-Windows-GroupPolicy",
          "thread_id": 6460,
          "type": "wineventlog",
          "user": {
            "domain": "NT AUTHORITY",
            "identifier": "S-1-5-18",
            "name": "SYSTEM",
            "type": "User"
          }
        },
        "fields": {
          "@timestamp": [
            1583264487479
          ]
        },
        "sort": [
          1583264487479
        ]
      },
      {
        "_index": "winlogbeat-2020.03.03",
        "_type": "wineventlog",
        "_id": "AXCh7w8Gn_lBW985Kycm",
        "_version": 1,
        "_score": null,
        "_source": {
          "@timestamp": "2020-03-03T19:41:27.479Z",
          "activity_id": "{620D9A41-0AD3-474D-A86B-59EA5843A658}",
          "beat": {
            "hostname": "DC",
            "name": "server",
            "version": "5.4.0"
          },
          "computer_name": "DC.Giacobeville.com",
          "event_data": {
            "InfoDescription": "%%4163"
          },
          "event_id": 5320,
          "level": "Information",
          "log_name": "Microsoft-Windows-GroupPolicy/Operational",
          "message": "Service configuration update to standalone is not required and will be skipped.",
          "opcode": "Info",
          "process_id": 76,
          "provider_guid": "{AEA1B4FA-97D1-45F2-A64C-4D69FFFD92C9}",
          "record_number": "308276",
          "source_name": "Microsoft-Windows-GroupPolicy",
          "thread_id": 6460,
          "type": "wineventlog",
          "user": {
            "domain": "NT AUTHORITY",
            "identifier": "S-1-5-18",
            "name": "SYSTEM",
            "type": "User"
          }
        },
        "fields": {
          "@timestamp": [
            1583264487479
          ]
        },
        "sort": [
          1583264487479
        ]
      },
      {
        "_index": "winlogbeat-2020.03.03",
        "_type": "wineventlog",
        "_id": "AXCh7w8Gn_lBW985Kycn",
        "_version": 1,
        "_score": null,
        "_source": {
          "@timestamp": "2020-03-03T19:41:27.479Z",
          "activity_id": "{620D9A41-0AD3-474D-A86B-59EA5843A658}",
          "beat": {
            "hostname": "DC",
            "name": "server",
            "version": "5.4.0"
          },
          "computer_name": "DC.Giacobeville.com",
          "event_data": {
            "InfoDescription": "%%4165"
          },
          "event_id": 5320,
          "level": "Information",
          "log_name": "Microsoft-Windows-GroupPolicy/Operational",
          "message": "Finished checking for non-system extensions.",
          "opcode": "Info",
          "process_id": 76,
          "provider_guid": "{AEA1B4FA-97D1-45F2-A64C-4D69FFFD92C9}",
          "record_number": "308277",
          "source_name": "Microsoft-Windows-GroupPolicy",
          "thread_id": 6460,
          "type": "wineventlog",
          "user": {
            "domain": "NT AUTHORITY",
            "identifier": "S-1-5-18",
            "name": "SYSTEM",
            "type": "User"
          }
        },
        "fields": {
          "@timestamp": [
            1583264487479
          ]
        },
        "sort": [
          1583264487479
        ]
      },
      {
        "_index": "winlogbeat-2020.03.03",
        "_type": "wineventlog",
        "_id": "AXCh7w8Gn_lBW985Kyck",
        "_version": 1,
        "_score": null,
        "_source": {
          "@timestamp": "2020-03-03T19:41:27.474Z",
          "activity_id": "{620D9A41-0AD3-474D-A86B-59EA5843A658}",
          "beat": {
            "hostname": "DC",
            "name": "server",
            "version": "5.4.0"
          },
          "computer_name": "DC.Giacobeville.com",
          "event_data": {
            "DescriptionString": "None"
          },
          "event_id": 5313,
          "level": "Information",
          "log_name": "Microsoft-Windows-GroupPolicy/Operational",
          "message": "The following Group Policy objects were not applicable because they were filtered out : \n\nNone",
          "opcode": "Info",
          "process_id": 76,
          "provider_guid": "{AEA1B4FA-97D1-45F2-A64C-4D69FFFD92C9}",
          "record_number": "308274",
          "source_name": "Microsoft-Windows-GroupPolicy",
          "thread_id": 6460,
          "type": "wineventlog",
          "user": {
            "domain": "NT AUTHORITY",
            "identifier": "S-1-5-18",
            "name": "SYSTEM",
            "type": "User"
          }
        },
        "fields": {
          "@timestamp": [
            1583264487474
          ]
        },
        "sort": [
          1583264487474
        ]
      },
      {
        "_index": "winlogbeat-2020.03.03",
        "_type": "wineventlog",
        "_id": "AXCh7w8Gn_lBW985Kycj",
        "_version": 1,
        "_score": null,
        "_source": {
          "@timestamp": "2020-03-03T19:41:27.473Z",
          "activity_id": "{620D9A41-0AD3-474D-A86B-59EA5843A658}",
          "beat": {
            "hostname": "DC",
            "name": "server",
            "version": "5.4.0"
          },
          "computer_name": "DC.Giacobeville.com",
          "event_data": {
            "DescriptionString": "Local Group Policy\nDefault Domain Policy\nDefault Domain Controllers Policy",
            "GPOInfoList": "<GPO ID=\"Local Group Policy\"><Name>Local Group Policy</Name><Version>196611</Version><SOM>Local</SOM><FSPath>C:\\Windows\\System32\\GroupPolicy\\Machine</FSPath><Extensions>[{35378EAC-683F-11D2-A89A-00C04FBBCFA2}{D02B1F72-3407-48AE-BA88-E8213C6761F1}][{F3CCC681-B74C-4060-9F26-CD84525DCA2A}{0F3F3735-573D-9804-99E4-AB2A69BA5FD4}]</Extensions></GPO><GPO ID=\"{31B2F340-016D-11D2-945F-00C04FB984F9}\"><Name>Default Domain Policy</Name><Version>196611</Version><SOM>LDAP://DC=Giacobeville,DC=com</SOM><FSPath>\\\\Giacobeville.com\\sysvol\\Giacobeville.com\\Policies\\{31B2F340-016D-11D2-945F-00C04FB984F9}\\Machine</FSPath><Extensions>[{35378EAC-683F-11D2-A89A-00C04FBBCFA2}{53D6AB1B-2488-11D1-A28C-00C04FB94F17}][{827D319E-6EAC-11D2-A4EA-00C04F79F83A}{803E14A0-B4FB-11D0-A0D0-00A0C90F574B}][{B1BE8D72-6EAC-11D2-A4EA-00C04F79F83A}{53D6AB1B-2488-11D1-A28C-00C04FB94F17}]</Extensions></GPO><GPO ID=\"{6AC1786C-016F-11D2-945F-00C04fB984F9}\"><Name>Default Domain Controllers Policy</Name><Version>196611</Version><SOM>LDAP://OU=Domain Controllers,DC=Giacobeville,DC=com</SOM><FSPath>\\\\Giacobeville.com\\sysvol\\Giacobeville.com\\Policies\\{6AC1786C-016F-11D2-945F-00C04fB984F9}\\Machine</FSPath><Extensions>[{827D319E-6EAC-11D2-A4EA-00C04F79F83A}{803E14A0-B4FB-11D0-A0D0-00A0C90F574B}]</Extensions></GPO>"
          },
          "event_id": 5312,
          "level": "Information",
          "log_name": "Microsoft-Windows-GroupPolicy/Operational",
          "message": "List of applicable Group Policy objects: \n\nLocal Group Policy\nDefault Domain Policy\nDefault Domain Controllers Policy",
          "opcode": "Info",
          "process_id": 76,
          "provider_guid": "{AEA1B4FA-97D1-45F2-A64C-4D69FFFD92C9}",
          "record_number": "308273",
          "source_name": "Microsoft-Windows-GroupPolicy",
          "thread_id": 6460,
          "type": "wineventlog",
          "user": {
            "domain": "NT AUTHORITY",
            "identifier": "S-1-5-18",
            "name": "SYSTEM",
            "type": "User"
          }
        },
        "fields": {
          "@timestamp": [
            1583264487473
          ]
        },
        "sort": [
          1583264487473
        ]
      },
      {
        "_index": "winlogbeat-2020.03.03",
        "_type": "wineventlog",
        "_id": "AXCh7w8Gn_lBW985Kyci",
        "_version": 1,
        "_score": null,
        "_source": {
          "@timestamp": "2020-03-03T19:41:27.471Z",
          "activity_id": "{620D9A41-0AD3-474D-A86B-59EA5843A658}",
          "beat": {
            "hostname": "DC",
            "name": "server",
            "version": "5.4.0"
          },
          "computer_name": "DC.Giacobeville.com",
          "event_data": {
            "GPODownloadTimeElapsedInMilliseconds": "359",
            "IsAsyncProcessing": "false",
            "IsBackgroundProcessing": "true",
            "IsMachine": "true",
            "NumberOfGPOsApplicable": "0",
            "NumberOfGPOsDownloaded": "3"
          },
          "event_id": 5126,
          "level": "Information",
          "log_name": "Microsoft-Windows-GroupPolicy/Operational",
          "message": "Group Policy successfully got applicable GPOs from the domain controller.",
          "opcode": "Info",
          "process_id": 76,
          "provider_guid": "{AEA1B4FA-97D1-45F2-A64C-4D69FFFD92C9}",
          "record_number": "308272",
          "source_name": "Microsoft-Windows-GroupPolicy",
          "thread_id": 6460,
          "type": "wineventlog",
          "user": {
            "domain": "NT AUTHORITY",
            "identifier": "S-1-5-18",
            "name": "SYSTEM",
            "type": "User"
          }
        },
        "fields": {
          "@timestamp": [
            1583264487471
          ]
        },
        "sort": [
          1583264487471
        ]
      },
      {
        "_index": "winlogbeat-2020.03.03",
        "_type": "wineventlog",
        "_id": "AXCh7w8Gn_lBW985Kych",
        "_version": 1,
        "_score": null,
        "_source": {
          "@timestamp": "2020-03-03T19:41:27.470Z",
          "activity_id": "{620D9A41-0AD3-474D-A86B-59EA5843A658}",
          "beat": {
            "hostname": "DC",
            "name": "server",
            "version": "5.4.0"
          },
          "computer_name": "DC.Giacobeville.com",
          "event_data": {
            "IsMachine": "true",
            "PolicyDownloadTimeElapsedInMilliseconds": "359"
          },
          "event_id": 5257,
          "level": "Information",
          "log_name": "Microsoft-Windows-GroupPolicy/Operational",
          "message": "Successfully completed downloading policies.",
          "opcode": "Info",
          "process_id": 76,
          "provider_guid": "{AEA1B4FA-97D1-45F2-A64C-4D69FFFD92C9}",
          "record_number": "308271",
          "source_name": "Microsoft-Windows-GroupPolicy",
          "thread_id": 6460,
          "type": "wineventlog",
          "user": {
            "domain": "NT AUTHORITY",
            "identifier": "S-1-5-18",
            "name": "SYSTEM",
            "type": "User"
          }
        },
        "fields": {
          "@timestamp": [
            1583264487470
          ]
        },
        "sort": [
          1583264487470
        ]
      },
      {
        "_index": "winlogbeat-2020.03.03",
        "_type": "wineventlog",
        "_id": "AXCh7w8Gn_lBW985Kycg",
        "_version": 1,
        "_score": null,
        "_source": {
          "@timestamp": "2020-03-03T19:41:27.469Z",
          "activity_id": "{620D9A41-0AD3-474D-A86B-59EA5843A658}",
          "beat": {
            "hostname": "DC",
            "name": "server",
            "version": "5.4.0"
          },
          "computer_name": "DC.Giacobeville.com",
          "event_data": {
            "ErrorCode": "0",
            "OperationDescription": "%%4132",
            "OperationElaspedTimeInMilliSeconds": "0",
            "Parameter": "\\\\Giacobeville.com\\sysvol\\Giacobeville.com\\Policies\\{6AC1786C-016F-11D2-945F-00C04fB984F9}\\gpt.ini"
          },
          "event_id": 5017,
          "level": "Information",
          "log_name": "Microsoft-Windows-GroupPolicy/Operational",
          "message": "The system calls to access specified file completed. \n\\\\Giacobeville.com\\sysvol\\Giacobeville.com\\Policies\\{6AC1786C-016F-11D2-945F-00C04fB984F9}\\gpt.ini\nThe call completed in 0 milliseconds.",
          "opcode": "Info",
          "process_id": 76,
          "provider_guid": "{AEA1B4FA-97D1-45F2-A64C-4D69FFFD92C9}",
          "record_number": "308270",
          "source_name": "Microsoft-Windows-GroupPolicy",
          "thread_id": 6460,
          "type": "wineventlog",
          "user": {
            "domain": "NT AUTHORITY",
            "identifier": "S-1-5-18",
            "name": "SYSTEM",
            "type": "User"
          }
        },
        "fields": {
          "@timestamp": [
            1583264487469
          ]
        },
        "sort": [
          1583264487469
        ]
      },
      {
        "_index": "winlogbeat-2020.03.03",
        "_type": "wineventlog",
        "_id": "AXCh7xCOn_lBW985Kyct",
        "_version": 1,
        "_score": null,
        "_source": {
          "@timestamp": "2020-03-03T19:41:27.464Z",
          "beat": {
            "hostname": "DC",
            "name": "server",
            "version": "5.4.0"
          },
          "computer_name": "DC.Giacobeville.com",
          "event_data": {
            "AccessList": "%%1538\n\t\t\t\t%%1541\n\t\t\t\t%%4416\n\t\t\t\t%%4419\n\t\t\t\t%%4423\n\t\t\t\t",
            "AccessMask": "0x120089",
            "AccessReason": "%%1538:\t%%1804\n\t\t\t\t%%1541:\t%%1801\tD:(A;;0x1200a9;;;WD)\n\t\t\t\t%%4416:\t%%1801\tD:(A;;0x1200a9;;;WD)\n\t\t\t\t%%4419:\t%%1801\tD:(A;;0x1200a9;;;WD)\n\t\t\t\t%%4423:\t%%1801\tD:(A;;0x1200a9;;;WD)\n\t\t\t\t",
            "IpAddress": "::1",
            "IpPort": "49827",
            "ObjectType": "File",
            "RelativeTargetName": "Giacobeville.com\\Policies\\{6AC1786C-016F-11D2-945F-00C04fB984F9}\\gpt.ini",
            "ShareLocalPath": "\\??\\C:\\Windows\\SYSVOL\\sysvol",
            "ShareName": "\\\\*\\SYSVOL",
            "SubjectDomainName": "GIACOBEVILLE",
            "SubjectLogonId": "0xe3ad5",
            "SubjectUserName": "DC$",
            "SubjectUserSid": "S-1-5-18"
          },
          "event_id": 5145,
          "keywords": [
            "Audit Success"
          ],
          "level": "Information",
          "log_name": "Security",
          "message": "A network share object was checked to see whether client can be granted desired access.\n\t\nSubject:\n\tSecurity ID:\t\tS-1-5-18\n\tAccount Name:\t\tDC$\n\tAccount Domain:\t\tGIACOBEVILLE\n\tLogon ID:\t\t0xE3AD5\n\nNetwork Information:\t\n\tObject Type:\t\tFile\n\tSource Address:\t\t::1\n\tSource Port:\t\t49827\n\t\nShare Information:\n\tShare Name:\t\t\\\\*\\SYSVOL\n\tShare Path:\t\t\\??\\C:\\Windows\\SYSVOL\\sysvol\n\tRelative Target Name:\tGiacobeville.com\\Policies\\{6AC1786C-016F-11D2-945F-00C04fB984F9}\\gpt.ini\n\nAccess Request Information:\n\tAccess Mask:\t\t0x120089\n\tAccesses:\t\tREAD_CONTROL\n\t\t\t\tSYNCHRONIZE\n\t\t\t\tReadData (or ListDirectory)\n\t\t\t\tReadEA\n\t\t\t\tReadAttributes\n\t\t\t\t\nAccess Check Results:\n\tREAD_CONTROL:\tGranted by Ownership\n\t\t\t\tSYNCHRONIZE:\tGranted by\tD:(A;;0x1200a9;;;WD)\n\t\t\t\tReadData (or ListDirectory):\tGranted by\tD:(A;;0x1200a9;;;WD)\n\t\t\t\tReadEA:\tGranted by\tD:(A;;0x1200a9;;;WD)\n\t\t\t\tReadAttributes:\tGranted by\tD:(A;;0x1200a9;;;WD)\n\t\t\t\t",
          "opcode": "Info",
          "process_id": 4,
          "provider_guid": "{54849625-5478-4994-A5BA-3E3B0328C30D}",
          "record_number": "539863",
          "source_name": "Microsoft-Windows-Security-Auditing",
          "task": "Detailed File Share",
          "thread_id": 124,
          "type": "wineventlog"
        },
        "fields": {
          "@timestamp": [
            1583264487464
          ]
        },
        "sort": [
          1583264487464
        ]
      },
      {
        "_index": "winlogbeat-2020.03.03",
        "_type": "wineventlog",
        "_id": "AXCh7w8Gn_lBW985Kycf",
        "_version": 1,
        "_score": null,
        "_source": {
          "@timestamp": "2020-03-03T19:41:27.464Z",
          "activity_id": "{620D9A41-0AD3-474D-A86B-59EA5843A658}",
          "beat": {
            "hostname": "DC",
            "name": "server",
            "version": "5.4.0"
          },
          "computer_name": "DC.Giacobeville.com",
          "event_data": {
            "OperationDescription": "%%4131",
            "Parameter": "\\\\Giacobeville.com\\sysvol\\Giacobeville.com\\Policies\\{6AC1786C-016F-11D2-945F-00C04fB984F9}\\gpt.ini"
          },
          "event_id": 4017,
          "level": "Information",
          "log_name": "Microsoft-Windows-GroupPolicy/Operational",
          "message": "Making system calls to access specified file. \n\\\\Giacobeville.com\\sysvol\\Giacobeville.com\\Policies\\{6AC1786C-016F-11D2-945F-00C04fB984F9}\\gpt.ini",
          "opcode": "Info",
          "process_id": 76,
          "provider_guid": "{AEA1B4FA-97D1-45F2-A64C-4D69FFFD92C9}",
          "record_number": "308269",
          "source_name": "Microsoft-Windows-GroupPolicy",
          "thread_id": 6460,
          "type": "wineventlog",
          "user": {
            "domain": "NT AUTHORITY",
            "identifier": "S-1-5-18",
            "name": "SYSTEM",
            "type": "User"
          }
        },
        "fields": {
          "@timestamp": [
            1583264487464
          ]
        },
        "sort": [
          1583264487464
        ]
      },
      {
        "_index": "winlogbeat-2020.03.03",
        "_type": "wineventlog",
        "_id": "AXCh7w8Gn_lBW985Kyce",
        "_version": 1,
        "_score": null,
        "_source": {
          "@timestamp": "2020-03-03T19:41:27.463Z",
          "activity_id": "{620D9A41-0AD3-474D-A86B-59EA5843A658}",
          "beat": {
            "hostname": "DC",
            "name": "server",
            "version": "5.4.0"
          },
          "computer_name": "DC.Giacobeville.com",
          "event_data": {
            "ErrorCode": "0",
            "OperationDescription": "%%4132",
            "OperationElaspedTimeInMilliSeconds": "31",
            "Parameter": "\\\\Giacobeville.com\\sysvol\\Giacobeville.com\\Policies\\{31B2F340-016D-11D2-945F-00C04FB984F9}\\gpt.ini"
          },
          "event_id": 5017,
          "level": "Information",
          "log_name": "Microsoft-Windows-GroupPolicy/Operational",
          "message": "The system calls to access specified file completed. \n\\\\Giacobeville.com\\sysvol\\Giacobeville.com\\Policies\\{31B2F340-016D-11D2-945F-00C04FB984F9}\\gpt.ini\nThe call completed in 31 milliseconds.",
          "opcode": "Info",
          "process_id": 76,
          "provider_guid": "{AEA1B4FA-97D1-45F2-A64C-4D69FFFD92C9}",
          "record_number": "308268",
          "source_name": "Microsoft-Windows-GroupPolicy",
          "thread_id": 6460,
          "type": "wineventlog",
          "user": {
            "domain": "NT AUTHORITY",
            "identifier": "S-1-5-18",
            "name": "SYSTEM",
            "type": "User"
          }
        },
        "fields": {
          "@timestamp": [
            1583264487463
          ]
        },
        "sort": [
          1583264487463
        ]
      },
      {
        "_index": "winlogbeat-2020.03.03",
        "_type": "wineventlog",
        "_id": "AXCh7xCOn_lBW985Kycs",
        "_version": 1,
        "_score": null,
        "_source": {
          "@timestamp": "2020-03-03T19:41:27.453Z",
          "beat": {
            "hostname": "DC",
            "name": "server",
            "version": "5.4.0"
          },
          "computer_name": "DC.Giacobeville.com",
          "event_data": {
            "AccessList": "%%1538\n\t\t\t\t%%1541\n\t\t\t\t%%4416\n\t\t\t\t%%4419\n\t\t\t\t%%4423\n\t\t\t\t",
            "AccessMask": "0x120089",
            "AccessReason": "%%1538:\t%%1804\n\t\t\t\t%%1541:\t%%1801\tD:(A;;0x1200a9;;;WD)\n\t\t\t\t%%4416:\t%%1801\tD:(A;;0x1200a9;;;WD)\n\t\t\t\t%%4419:\t%%1801\tD:(A;;0x1200a9;;;WD)\n\t\t\t\t%%4423:\t%%1801\tD:(A;;0x1200a9;;;WD)\n\t\t\t\t",
            "IpAddress": "::1",
            "IpPort": "49827",
            "ObjectType": "File",
            "RelativeTargetName": "Giacobeville.com\\Policies\\{31B2F340-016D-11D2-945F-00C04FB984F9}\\gpt.ini",
            "ShareLocalPath": "\\??\\C:\\Windows\\SYSVOL\\sysvol",
            "ShareName": "\\\\*\\SYSVOL",
            "SubjectDomainName": "GIACOBEVILLE",
            "SubjectLogonId": "0xe3ad5",
            "SubjectUserName": "DC$",
            "SubjectUserSid": "S-1-5-18"
          },
          "event_id": 5145,
          "keywords": [
            "Audit Success"
          ],
          "level": "Information",
          "log_name": "Security",
          "message": "A network share object was checked to see whether client can be granted desired access.\n\t\nSubject:\n\tSecurity ID:\t\tS-1-5-18\n\tAccount Name:\t\tDC$\n\tAccount Domain:\t\tGIACOBEVILLE\n\tLogon ID:\t\t0xE3AD5\n\nNetwork Information:\t\n\tObject Type:\t\tFile\n\tSource Address:\t\t::1\n\tSource Port:\t\t49827\n\t\nShare Information:\n\tShare Name:\t\t\\\\*\\SYSVOL\n\tShare Path:\t\t\\??\\C:\\Windows\\SYSVOL\\sysvol\n\tRelative Target Name:\tGiacobeville.com\\Policies\\{31B2F340-016D-11D2-945F-00C04FB984F9}\\gpt.ini\n\nAccess Request Information:\n\tAccess Mask:\t\t0x120089\n\tAccesses:\t\tREAD_CONTROL\n\t\t\t\tSYNCHRONIZE\n\t\t\t\tReadData (or ListDirectory)\n\t\t\t\tReadEA\n\t\t\t\tReadAttributes\n\t\t\t\t\nAccess Check Results:\n\tREAD_CONTROL:\tGranted by Ownership\n\t\t\t\tSYNCHRONIZE:\tGranted by\tD:(A;;0x1200a9;;;WD)\n\t\t\t\tReadData (or ListDirectory):\tGranted by\tD:(A;;0x1200a9;;;WD)\n\t\t\t\tReadEA:\tGranted by\tD:(A;;0x1200a9;;;WD)\n\t\t\t\tReadAttributes:\tGranted by\tD:(A;;0x1200a9;;;WD)\n\t\t\t\t",
          "opcode": "Info",
          "process_id": 4,
          "provider_guid": "{54849625-5478-4994-A5BA-3E3B0328C30D}",
          "record_number": "539862",
          "source_name": "Microsoft-Windows-Security-Auditing",
          "task": "Detailed File Share",
          "thread_id": 124,
          "type": "wineventlog"
        },
        "fields": {
          "@timestamp": [
            1583264487453
          ]
        },
        "sort": [
          1583264487453
        ]
      },
      {
        "_index": "winlogbeat-2020.03.03",
        "_type": "wineventlog",
        "_id": "AXCh7w8Gn_lBW985Kycc",
        "_version": 1,
        "_score": null,
        "_source": {
          "@timestamp": "2020-03-03T19:41:27.433Z",
          "activity_id": "{620D9A41-0AD3-474D-A86B-59EA5843A658}",
          "beat": {
            "hostname": "DC",
            "name": "server",
            "version": "5.4.0"
          },
          "computer_name": "DC.Giacobeville.com",
          "event_data": {
            "BandwidthInkbps": "0",
            "ErrorCode": "0",
            "IsSlowLink": "false",
            "LinkDescription": "%%4113",
            "PolicyApplicationMode": "0",
            "ThresholdInkbps": "500"
          },
          "event_id": 5314,
          "level": "Information",
          "log_name": "Microsoft-Windows-GroupPolicy/Operational",
          "message": "A fast link was detected. The Estimated bandwidth is 0 kbps. The slow link threshold is 500 kbps.",
          "opcode": "Info",
          "process_id": 76,
          "provider_guid": "{AEA1B4FA-97D1-45F2-A64C-4D69FFFD92C9}",
          "record_number": "308266",
          "source_name": "Microsoft-Windows-GroupPolicy",
          "thread_id": 6460,
          "type": "wineventlog",
          "user": {
            "domain": "NT AUTHORITY",
            "identifier": "S-1-5-18",
            "name": "SYSTEM",
            "type": "User"
          }
        },
        "fields": {
          "@timestamp": [
            1583264487433
          ]
        },
        "sort": [
          1583264487433
        ]
      },
      {
        "_index": "winlogbeat-2020.03.03",
        "_type": "wineventlog",
        "_id": "AXCh7w8Gn_lBW985Kycd",
        "_version": 1,
        "_score": null,
        "_source": {
          "@timestamp": "2020-03-03T19:41:27.433Z",
          "activity_id": "{620D9A41-0AD3-474D-A86B-59EA5843A658}",
          "beat": {
            "hostname": "DC",
            "name": "server",
            "version": "5.4.0"
          },
          "computer_name": "DC.Giacobeville.com",
          "event_data": {
            "OperationDescription": "%%4131",
            "Parameter": "\\\\Giacobeville.com\\sysvol\\Giacobeville.com\\Policies\\{31B2F340-016D-11D2-945F-00C04FB984F9}\\gpt.ini"
          },
          "event_id": 4017,
          "level": "Information",
          "log_name": "Microsoft-Windows-GroupPolicy/Operational",
          "message": "Making system calls to access specified file. \n\\\\Giacobeville.com\\sysvol\\Giacobeville.com\\Policies\\{31B2F340-016D-11D2-945F-00C04FB984F9}\\gpt.ini",
          "opcode": "Info",
          "process_id": 76,
          "provider_guid": "{AEA1B4FA-97D1-45F2-A64C-4D69FFFD92C9}",
          "record_number": "308267",
          "source_name": "Microsoft-Windows-GroupPolicy",
          "thread_id": 6460,
          "type": "wineventlog",
          "user": {
            "domain": "NT AUTHORITY",
            "identifier": "S-1-5-18",
            "name": "SYSTEM",
            "type": "User"
          }
        },
        "fields": {
          "@timestamp": [
            1583264487433
          ]
        },
        "sort": [
          1583264487433
        ]
      },
