      {
        "_index": "winlogbeat-2020.03.03",
        "_type": "wineventlog",
        "_id": "AXCh6no4n_lBW985KyZj",
        "_version": 1,
        "_score": null,
        "_source": {
          "@timestamp": "2020-03-03T19:36:25.846Z",
          "activity_id": "{FA7CD237-6F93-45C3-9BBA-29623A7AA364}",
          "beat": {
            "hostname": "DC",
            "name": "server",
            "version": "5.4.0"
          },
          "computer_name": "DC.Giacobeville.com",
          "event_data": {
            "ErrorCode": "0",
            "OperationDescription": "%%4118",
            "OperationElaspedTimeInMilliSeconds": "0",
            "Parameter": "CN=DC,OU=Domain Controllers,DC=Giacobeville,DC=com"
          },
          "event_id": 5017,
          "level": "Information",
          "log_name": "Microsoft-Windows-GroupPolicy/Operational",
          "message": "The system call to get account information completed. \nCN=DC,OU=Domain Controllers,DC=Giacobeville,DC=com\nThe call completed in 0 milliseconds.",
          "opcode": "Info",
          "process_id": 76,
          "provider_guid": "{AEA1B4FA-97D1-45F2-A64C-4D69FFFD92C9}",
          "record_number": "308220",
          "source_name": "Microsoft-Windows-GroupPolicy",
          "thread_id": 6460,
          "type": "wineventlog",
          "user": {
            "domain": "NT AUTHORITY",
            "identifier": "S-1-5-18",
            "name": "SYSTEM",
            "type": "User"
          }
        },
        "fields": {
          "@timestamp": [
            1583264185846
          ]
        },
        "sort": [
          1583264185846
        ]
      },
      {
        "_index": "winlogbeat-2020.03.03",
        "_type": "wineventlog",
        "_id": "AXCh6no4n_lBW985KyZm",
        "_version": 1,
        "_score": null,
        "_source": {
          "@timestamp": "2020-03-03T19:36:25.846Z",
          "activity_id": "{FA7CD237-6F93-45C3-9BBA-29623A7AA364}",
          "beat": {
            "hostname": "DC",
            "name": "server",
            "version": "5.4.0"
          },
          "computer_name": "DC.Giacobeville.com",
          "event_data": {
            "InfoDescription": "%%4096"
          },
          "event_id": 5320,
          "level": "Information",
          "log_name": "Microsoft-Windows-GroupPolicy/Operational",
          "message": "Retrieving Domain Controller details.",
          "opcode": "Info",
          "process_id": 76,
          "provider_guid": "{AEA1B4FA-97D1-45F2-A64C-4D69FFFD92C9}",
          "record_number": "308223",
          "source_name": "Microsoft-Windows-GroupPolicy",
          "thread_id": 6460,
          "type": "wineventlog",
          "user": {
            "domain": "NT AUTHORITY",
            "identifier": "S-1-5-18",
            "name": "SYSTEM",
            "type": "User"
          }
        },
        "fields": {
          "@timestamp": [
            1583264185846
          ]
        },
        "sort": [
          1583264185846
        ]
      },
      {
        "_index": "winlogbeat-2020.03.03",
        "_type": "wineventlog",
        "_id": "AXCh6no4n_lBW985KyZi",
        "_version": 1,
        "_score": null,
        "_source": {
          "@timestamp": "2020-03-03T19:36:25.845Z",
          "activity_id": "{FA7CD237-6F93-45C3-9BBA-29623A7AA364}",
          "beat": {
            "hostname": "DC",
            "name": "server",
            "version": "5.4.0"
          },
          "computer_name": "DC.Giacobeville.com",
          "event_data": {
            "OperationDescription": "%%4117"
          },
          "event_id": 4017,
          "level": "Information",
          "log_name": "Microsoft-Windows-GroupPolicy/Operational",
          "message": "Making system call to get account information. ",
          "opcode": "Info",
          "process_id": 76,
          "provider_guid": "{AEA1B4FA-97D1-45F2-A64C-4D69FFFD92C9}",
          "record_number": "308219",
          "source_name": "Microsoft-Windows-GroupPolicy",
          "thread_id": 6460,
          "type": "wineventlog",
          "user": {
            "domain": "NT AUTHORITY",
            "identifier": "S-1-5-18",
            "name": "SYSTEM",
            "type": "User"
          }
        },
        "fields": {
          "@timestamp": [
            1583264185845
          ]
        },
        "sort": [
          1583264185845
        ]
      },
      {
        "_index": "winlogbeat-2020.03.03",
        "_type": "wineventlog",
        "_id": "AXCh6no4n_lBW985KyZg",
        "_version": 1,
        "_score": null,
        "_source": {
          "@timestamp": "2020-03-03T19:36:25.845Z",
          "activity_id": "{FA7CD237-6F93-45C3-9BBA-29623A7AA364}",
          "beat": {
            "hostname": "DC",
            "name": "server",
            "version": "5.4.0"
          },
          "computer_name": "DC.Giacobeville.com",
          "event_data": {
            "PolicyApplicationMode": "0"
          },
          "event_id": 5340,
          "level": "Information",
          "log_name": "Microsoft-Windows-GroupPolicy/Operational",
          "message": "The Group Policy processing mode is Background.",
          "opcode": "Info",
          "process_id": 76,
          "provider_guid": "{AEA1B4FA-97D1-45F2-A64C-4D69FFFD92C9}",
          "record_number": "308217",
          "source_name": "Microsoft-Windows-GroupPolicy",
          "thread_id": 6460,
          "type": "wineventlog",
          "user": {
            "domain": "NT AUTHORITY",
            "identifier": "S-1-5-18",
            "name": "SYSTEM",
            "type": "User"
          }
        },
        "fields": {
          "@timestamp": [
            1583264185845
          ]
        },
        "sort": [
          1583264185845
        ]
      },
      {
        "_index": "winlogbeat-2020.03.03",
        "_type": "wineventlog",
        "_id": "AXCh6no4n_lBW985KyZh",
        "_version": 1,
        "_score": null,
        "_source": {
          "@timestamp": "2020-03-03T19:36:25.845Z",
          "activity_id": "{FA7CD237-6F93-45C3-9BBA-29623A7AA364}",
          "beat": {
            "hostname": "DC",
            "name": "server",
            "version": "5.4.0"
          },
          "computer_name": "DC.Giacobeville.com",
          "event_data": {
            "InfoDescription": "%%4114"
          },
          "event_id": 5320,
          "level": "Information",
          "log_name": "Microsoft-Windows-GroupPolicy/Operational",
          "message": "Attempting to retrieve the account information.",
          "opcode": "Info",
          "process_id": 76,
          "provider_guid": "{AEA1B4FA-97D1-45F2-A64C-4D69FFFD92C9}",
          "record_number": "308218",
          "source_name": "Microsoft-Windows-GroupPolicy",
          "thread_id": 6460,
          "type": "wineventlog",
          "user": {
            "domain": "NT AUTHORITY",
            "identifier": "S-1-5-18",
            "name": "SYSTEM",
            "type": "User"
          }
        },
        "fields": {
          "@timestamp": [
            1583264185845
          ]
        },
        "sort": [
          1583264185845
        ]
      },
      {
        "_index": "winlogbeat-2020.03.03",
        "_type": "wineventlog",
        "_id": "AXCh6no4n_lBW985KyZf",
        "_version": 1,
        "_score": null,
        "_source": {
          "@timestamp": "2020-03-03T19:36:25.841Z",
          "activity_id": "{FA7CD237-6F93-45C3-9BBA-29623A7AA364}",
          "beat": {
            "hostname": "DC",
            "name": "server",
            "version": "5.4.0"
          },
          "computer_name": "DC.Giacobeville.com",
          "event_data": {
            "IsAsyncProcessing": "false",
            "IsBackgroundProcessing": "true",
            "IsDomainJoined": "true",
            "IsMachine": "1",
            "IsServiceRestart": "false",
            "PolicyActivityId": "{FA7CD237-6F93-45C3-9BBA-29623A7AA364}",
            "PrincipalSamName": "GIACOBEVILLE\\DC$",
            "ReasonForSyncProcessing": "0"
          },
          "event_id": 4006,
          "level": "Information",
          "log_name": "Microsoft-Windows-GroupPolicy/Operational",
          "message": "Starting periodic policy processing for computer GIACOBEVILLE\\DC$. \nActivity id: {FA7CD237-6F93-45C3-9BBA-29623A7AA364}",
          "opcode": "Start",
          "process_id": 76,
          "provider_guid": "{AEA1B4FA-97D1-45F2-A64C-4D69FFFD92C9}",
          "record_number": "308216",
          "source_name": "Microsoft-Windows-GroupPolicy",
          "thread_id": 6460,
          "type": "wineventlog",
          "user": {
            "domain": "NT AUTHORITY",
            "identifier": "S-1-5-18",
            "name": "SYSTEM",
            "type": "User"
          },
          "version": 1
        },
        "fields": {
          "@timestamp": [
            1583264185841
          ]
        },
        "sort": [
          1583264185841
        ]
      },
      {
        "_index": "winlogbeat-2020.03.03",
        "_type": "wineventlog",
        "_id": "AXCh6kaHn_lBW985KyZc",
        "_version": 1,
        "_score": null,
        "_source": {
          "@timestamp": "2020-03-03T19:36:13.439Z",
          "beat": {
            "hostname": "DC",
            "name": "server",
            "version": "5.4.0"
          },
          "computer_name": "DC.Giacobeville.com",
          "event_data": {
            "ErrorCode": "2147780713",
            "FunctionName": "WLIDCreateContext"
          },
          "event_id": 6113,
          "keywords": [
            "Error",
            "Operational",
            "wlidsvc",
            "RPC"
          ],
          "level": "Error",
          "log_name": "Microsoft-Windows-LiveId/Operational",
          "message": "RPC call to function WLIDCreateContext returned the following error code: 0x80048869.",
          "opcode": "Info",
          "process_id": 76,
          "provider_guid": "{05F02597-FE85-4E67-8542-69567AB8FD4F}",
          "record_number": "59071",
          "source_name": "Microsoft-Windows-LiveId",
          "thread_id": 788,
          "type": "wineventlog",
          "user": {
            "domain": "NT AUTHORITY",
            "identifier": "S-1-5-18",
            "name": "SYSTEM",
            "type": "User"
          }
        },
        "fields": {
          "@timestamp": [
            1583264173439
          ]
        },
        "sort": [
          1583264173439
        ]
      },
      {
        "_index": "winlogbeat-2020.03.03",
        "_type": "wineventlog",
        "_id": "AXCh6kaHn_lBW985KyZd",
        "_version": 1,
        "_score": null,
        "_source": {
          "@timestamp": "2020-03-03T19:36:13.439Z",
          "activity_id": "{C1F4B524-F190-0001-2FBE-F4C190F1D501}",
          "beat": {
            "hostname": "DC",
            "name": "server",
            "version": "5.4.0"
          },
          "computer_name": "DC.Giacobeville.com",
          "event_data": {
            "ErrorCode": "-2147186583",
            "FunctionName": "Windows::Internal::Security::WebAuthentication::UserHostAuthenticationOperation::SetupIdentityHandle"
          },
          "event_id": 2028,
          "keywords": [
            "Telemetry trigger events",
            "Error"
          ],
          "level": "Error",
          "log_name": "Microsoft-Windows-LiveId/Operational",
          "message": "ErrorVerifier in function Windows::Internal::Security::WebAuthentication::UserHostAuthenticationOperation::SetupIdentityHandle encountered unexpected error code (Unknown HResult Error code: 0x80048869).",
          "opcode": "Info",
          "process_id": 2284,
          "provider_guid": "{05F02597-FE85-4E67-8542-69567AB8FD4F}",
          "record_number": "59072",
          "source_name": "Microsoft-Windows-LiveId",
          "thread_id": 3372,
          "type": "wineventlog",
          "user": {
            "domain": "NT AUTHORITY",
            "identifier": "S-1-5-18",
            "name": "SYSTEM",
            "type": "User"
          }
        },
        "fields": {
          "@timestamp": [
            1583264173439
          ]
        },
        "sort": [
          1583264173439
        ]
      },
      {
        "_index": "winlogbeat-2020.03.03",
        "_type": "wineventlog",
        "_id": "AXCh6kaHn_lBW985KyZb",
        "_version": 1,
        "_score": null,
        "_source": {
          "@timestamp": "2020-03-03T19:36:13.438Z",
          "beat": {
            "hostname": "DC",
            "name": "server",
            "version": "5.4.0"
          },
          "computer_name": "DC.Giacobeville.com",
          "event_data": {
            "Value": "<DeviceAddRequest><ClientInfo name=\"IDCRL\" version=\"1.0\"/><Authentication><Membername>*</Membername><Password>*</Password></Authentication></DeviceAddRequest>"
          },
          "event_id": 6115,
          "keywords": [
            "wlidsvc",
            "SOAP"
          ],
          "level": "Information",
          "log_name": "Microsoft-Windows-LiveId/Operational",
          "message": "## SOAP Request: <DeviceAddRequest><ClientInfo name=\"IDCRL\" version=\"1.0\"/><Authentication><Membername>*</Membername><Password>*</Password></Authentication></DeviceAddRequest>",
          "opcode": "Info",
          "process_id": 76,
          "provider_guid": "{05F02597-FE85-4E67-8542-69567AB8FD4F}",
          "record_number": "59070",
          "source_name": "Microsoft-Windows-LiveId",
          "thread_id": 788,
          "type": "wineventlog",
          "user": {
            "domain": "NT AUTHORITY",
            "identifier": "S-1-5-18",
            "name": "SYSTEM",
            "type": "User"
          }
        },
        "fields": {
          "@timestamp": [
            1583264173438
          ]
        },
        "sort": [
          1583264173438
        ]
      },
      {
        "_index": "winlogbeat-2020.03.03",
        "_type": "wineventlog",
        "_id": "AXCh6kaHn_lBW985KyZa",
        "_version": 1,
        "_score": null,
        "_source": {
          "@timestamp": "2020-03-03T19:36:13.436Z",
          "beat": {
            "hostname": "DC",
            "name": "server",
            "version": "5.4.0"
          },
          "computer_name": "DC.Giacobeville.com",
          "event_data": {
            "Value": "<DeviceAddRequest><ClientInfo name=\"IDCRL\" version=\"1.0\"/><Authentication><Membername>*</Membername><Password>*</Password></Authentication><DeviceInfo Id=\"DeviceInfo\"><Component name=\"4131\">*</Component><Component name=\"4112\">*</Component><Component name=\"4113\">*</Component><Component name=\"4097\">*</Component><Component name=\"4098\">*</Component><Component name=\"4099\">*</Component><Component name=\"4100\">*</Component><Component name=\"4101\">*</Component><Component name=\"4102\">*</Component><Component name=\"8195\">*</Component><Component name=\"8196\">*</Component><Component name=\"4144\">*</Component><Component name=\"4145\">*</Component><TPMInfo><KeyValue><RSAKeyValue><Modulus>*</Modulus><Exponent>*</Exponent></RSAKeyValue><KeyType>*</KeyType></KeyValue></TPMInfo></DeviceInfo></DeviceAddRequest>"
          },
          "event_id": 6115,
          "keywords": [
            "wlidsvc",
            "SOAP"
          ],
          "level": "Information",
          "log_name": "Microsoft-Windows-LiveId/Operational",
          "message": "## SOAP Request: <DeviceAddRequest><ClientInfo name=\"IDCRL\" version=\"1.0\"/><Authentication><Membername>*</Membername><Password>*</Password></Authentication><DeviceInfo Id=\"DeviceInfo\"><Component name=\"4131\">*</Component><Component name=\"4112\">*</Component><Component name=\"4113\">*</Component><Component name=\"4097\">*</Component><Component name=\"4098\">*</Component><Component name=\"4099\">*</Component><Component name=\"4100\">*</Component><Component name=\"4101\">*</Component><Component name=\"4102\">*</Component><Component name=\"8195\">*</Component><Component name=\"8196\">*</Component><Component name=\"4144\">*</Component><Component name=\"4145\">*</Component><TPMInfo><KeyValue><RSAKeyValue><Modulus>*</Modulus><Exponent>*</Exponent></RSAKeyValue><KeyType>*</KeyType></KeyValue></TPMInfo></DeviceInfo></DeviceAddRequest>",
          "opcode": "Info",
          "process_id": 76,
          "provider_guid": "{05F02597-FE85-4E67-8542-69567AB8FD4F}",
          "record_number": "59069",
          "source_name": "Microsoft-Windows-LiveId",
          "thread_id": 788,
          "type": "wineventlog",
          "user": {
            "domain": "NT AUTHORITY",
            "identifier": "S-1-5-18",
            "name": "SYSTEM",
            "type": "User"
          }
        },
        "fields": {
          "@timestamp": [
            1583264173436
          ]
        },
        "sort": [
          1583264173436
        ]
      },
      {
        "_index": "winlogbeat-2020.03.03",
        "_type": "wineventlog",
        "_id": "AXCh6iZcn_lBW985KyZZ",
        "_version": 1,
        "_score": null,
        "_source": {
          "@timestamp": "2020-03-03T19:36:04.348Z",
          "beat": {
            "hostname": "DC",
            "name": "server",
            "version": "5.4.0"
          },
          "computer_name": "DC.Giacobeville.com",
          "event_data": {
            "VolumeGuid": "{E8A05CFB-01EA-11EA-8B75-806E6F6E6963}",
            "VolumeName": "A:",
            "VolumeNameLength": "2"
          },
          "event_id": 2,
          "level": "Information",
          "log_name": "Microsoft-Windows-Kernel-IO/Operational",
          "message": "The volume has been successfully mounted.\n\n           Volume GUID: {E8A05CFB-01EA-11EA-8B75-806E6F6E6963}\n           Volume Name: A:",
          "opcode": "Stop",
          "process_id": 2476,
          "provider_guid": "{ABF1F586-2E50-4BA8-928D-49044E6F0DB7}",
          "record_number": "189105",
          "source_name": "Microsoft-Windows-Kernel-IO",
          "thread_id": 2932,
          "type": "wineventlog",
          "user": {
            "domain": "NT AUTHORITY",
            "identifier": "S-1-5-18",
            "name": "SYSTEM",
            "type": "User"
          }
        },
        "fields": {
          "@timestamp": [
            1583264164348
          ]
        },
        "sort": [
          1583264164348
        ]
      },
      {
        "_index": "winlogbeat-2020.03.03",
        "_type": "wineventlog",
        "_id": "AXCh6h5vn_lBW985KyZY",
        "_version": 1,
        "_score": null,
        "_source": {
          "@timestamp": "2020-03-03T19:36:03.326Z",
          "beat": {
            "hostname": "DC",
            "name": "server",
            "version": "5.4.0"
          },
          "computer_name": "DC.Giacobeville.com",
          "event_data": {
            "VolumeGuid": "{E8A05CFB-01EA-11EA-8B75-806E6F6E6963}",
            "VolumeName": "A:",
            "VolumeNameLength": "2"
          },
          "event_id": 1,
          "level": "Information",
          "log_name": "Microsoft-Windows-Kernel-IO/Operational",
          "message": "Windows has started processing the volume mount request.\n\n           Volume GUID: {E8A05CFB-01EA-11EA-8B75-806E6F6E6963}\n           Volume Name: A:",
          "opcode": "Start",
          "process_id": 2476,
          "provider_guid": "{ABF1F586-2E50-4BA8-928D-49044E6F0DB7}",
          "record_number": "189104",
          "source_name": "Microsoft-Windows-Kernel-IO",
          "thread_id": 2932,
          "type": "wineventlog",
          "user": {
            "domain": "NT AUTHORITY",
            "identifier": "S-1-5-18",
            "name": "SYSTEM",
            "type": "User"
          }
        },
        "fields": {
          "@timestamp": [
            1583264163326
          ]
        },
        "sort": [
          1583264163326
        ]
      },
      {
        "_index": "winlogbeat-2020.03.03",
        "_type": "wineventlog",
        "_id": "AXCh6htpn_lBW985KyZX",
        "_version": 1,
        "_score": null,
        "_source": {
          "@timestamp": "2020-03-03T19:36:02.283Z",
          "activity_id": "{C1F4B524-F190-0002-B7BD-F4C190F1D501}",
          "beat": {
            "hostname": "DC",
            "name": "server",
            "version": "5.4.0"
          },
          "computer_name": "DC.Giacobeville.com",
          "event_data": {
            "ErrorCode": "-2147186583",
            "FunctionName": "Windows::Internal::Security::WebAuthentication::UserHostAuthenticationOperation::SetupIdentityHandle"
          },
          "event_id": 2028,
          "keywords": [
            "Telemetry trigger events",
            "Error"
          ],
          "level": "Error",
          "log_name": "Microsoft-Windows-LiveId/Operational",
          "message": "ErrorVerifier in function Windows::Internal::Security::WebAuthentication::UserHostAuthenticationOperation::SetupIdentityHandle encountered unexpected error code (Unknown HResult Error code: 0x80048869).",
          "opcode": "Info",
          "process_id": 2284,
          "provider_guid": "{05F02597-FE85-4E67-8542-69567AB8FD4F}",
          "record_number": "59068",
          "source_name": "Microsoft-Windows-LiveId",
          "thread_id": 6408,
          "type": "wineventlog",
          "user": {
            "domain": "NT AUTHORITY",
            "identifier": "S-1-5-18",
            "name": "SYSTEM",
            "type": "User"
          }
        },
        "fields": {
          "@timestamp": [
            1583264162283
          ]
        },
        "sort": [
          1583264162283
        ]
      },
      {
        "_index": "winlogbeat-2020.03.03",
        "_type": "wineventlog",
        "_id": "AXCh6htpn_lBW985KyZW",
        "_version": 1,
        "_score": null,
        "_source": {
          "@timestamp": "2020-03-03T19:36:02.282Z",
          "beat": {
            "hostname": "DC",
            "name": "server",
            "version": "5.4.0"
          },
          "computer_name": "DC.Giacobeville.com",
          "event_data": {
            "ErrorCode": "2147780713",
            "FunctionName": "WLIDCreateContext"
          },
          "event_id": 6113,
          "keywords": [
            "Error",
            "Operational",
            "wlidsvc",
            "RPC"
          ],
          "level": "Error",
          "log_name": "Microsoft-Windows-LiveId/Operational",
          "message": "RPC call to function WLIDCreateContext returned the following error code: 0x80048869.",
          "opcode": "Info",
          "process_id": 76,
          "provider_guid": "{05F02597-FE85-4E67-8542-69567AB8FD4F}",
          "record_number": "59067",
          "source_name": "Microsoft-Windows-LiveId",
          "thread_id": 788,
          "type": "wineventlog",
          "user": {
            "domain": "NT AUTHORITY",
            "identifier": "S-1-5-18",
            "name": "SYSTEM",
            "type": "User"
          }
        },
        "fields": {
          "@timestamp": [
            1583264162282
          ]
        },
        "sort": [
          1583264162282
        ]
      },
      {
        "_index": "winlogbeat-2020.03.03",
        "_type": "wineventlog",
        "_id": "AXCh6htpn_lBW985KyZV",
        "_version": 1,
        "_score": null,
        "_source": {
          "@timestamp": "2020-03-03T19:36:02.281Z",
          "beat": {
            "hostname": "DC",
            "name": "server",
            "version": "5.4.0"
          },
          "computer_name": "DC.Giacobeville.com",
          "event_data": {
            "Value": "<DeviceAddRequest><ClientInfo name=\"IDCRL\" version=\"1.0\"/><Authentication><Membername>*</Membername><Password>*</Password></Authentication></DeviceAddRequest>"
          },
          "event_id": 6115,
          "keywords": [
            "wlidsvc",
            "SOAP"
          ],
          "level": "Information",
          "log_name": "Microsoft-Windows-LiveId/Operational",
          "message": "## SOAP Request: <DeviceAddRequest><ClientInfo name=\"IDCRL\" version=\"1.0\"/><Authentication><Membername>*</Membername><Password>*</Password></Authentication></DeviceAddRequest>",
          "opcode": "Info",
          "process_id": 76,
          "provider_guid": "{05F02597-FE85-4E67-8542-69567AB8FD4F}",
          "record_number": "59066",
          "source_name": "Microsoft-Windows-LiveId",
          "thread_id": 788,
          "type": "wineventlog",
          "user": {
            "domain": "NT AUTHORITY",
            "identifier": "S-1-5-18",
            "name": "SYSTEM",
            "type": "User"
          }
        },
        "fields": {
          "@timestamp": [
            1583264162281
          ]
        },
        "sort": [
          1583264162281
        ]
      },
      {
        "_index": "winlogbeat-2020.03.03",
        "_type": "wineventlog",
        "_id": "AXCh6htpn_lBW985KyZU",
        "_version": 1,
        "_score": null,
        "_source": {
          "@timestamp": "2020-03-03T19:36:02.279Z",
          "beat": {
            "hostname": "DC",
            "name": "server",
            "version": "5.4.0"
          },
          "computer_name": "DC.Giacobeville.com",
          "event_data": {
            "Value": "<DeviceAddRequest><ClientInfo name=\"IDCRL\" version=\"1.0\"/><Authentication><Membername>*</Membername><Password>*</Password></Authentication><DeviceInfo Id=\"DeviceInfo\"><Component name=\"4131\">*</Component><Component name=\"4112\">*</Component><Component name=\"4113\">*</Component><Component name=\"4097\">*</Component><Component name=\"4098\">*</Component><Component name=\"4099\">*</Component><Component name=\"4100\">*</Component><Component name=\"4101\">*</Component><Component name=\"4102\">*</Component><Component name=\"8195\">*</Component><Component name=\"8196\">*</Component><Component name=\"4144\">*</Component><Component name=\"4145\">*</Component><TPMInfo><KeyValue><RSAKeyValue><Modulus>*</Modulus><Exponent>*</Exponent></RSAKeyValue><KeyType>*</KeyType></KeyValue></TPMInfo></DeviceInfo></DeviceAddRequest>"
          },
          "event_id": 6115,
          "keywords": [
            "wlidsvc",
            "SOAP"
          ],
          "level": "Information",
          "log_name": "Microsoft-Windows-LiveId/Operational",
          "message": "## SOAP Request: <DeviceAddRequest><ClientInfo name=\"IDCRL\" version=\"1.0\"/><Authentication><Membername>*</Membername><Password>*</Password></Authentication><DeviceInfo Id=\"DeviceInfo\"><Component name=\"4131\">*</Component><Component name=\"4112\">*</Component><Component name=\"4113\">*</Component><Component name=\"4097\">*</Component><Component name=\"4098\">*</Component><Component name=\"4099\">*</Component><Component name=\"4100\">*</Component><Component name=\"4101\">*</Component><Component name=\"4102\">*</Component><Component name=\"8195\">*</Component><Component name=\"8196\">*</Component><Component name=\"4144\">*</Component><Component name=\"4145\">*</Component><TPMInfo><KeyValue><RSAKeyValue><Modulus>*</Modulus><Exponent>*</Exponent></RSAKeyValue><KeyType>*</KeyType></KeyValue></TPMInfo></DeviceInfo></DeviceAddRequest>",
          "opcode": "Info",
          "process_id": 76,
          "provider_guid": "{05F02597-FE85-4E67-8542-69567AB8FD4F}",
          "record_number": "59065",
          "source_name": "Microsoft-Windows-LiveId",
          "thread_id": 788,
          "type": "wineventlog",
          "user": {
            "domain": "NT AUTHORITY",
            "identifier": "S-1-5-18",
            "name": "SYSTEM",
            "type": "User"
          }
        },
        "fields": {
          "@timestamp": [
            1583264162279
          ]
        },
        "sort": [
          1583264162279
        ]
      },
      {
        "_index": "winlogbeat-2020.03.03",
        "_type": "wineventlog",
        "_id": "AXCh6fqvn_lBW985KyZR",
        "_version": 1,
        "_score": null,
        "_source": {
          "@timestamp": "2020-03-03T19:35:55.068Z",
          "beat": {
            "hostname": "DC",
            "name": "server",
            "version": "5.4.0"
          },
          "computer_name": "DC.Giacobeville.com",
          "event_data": {
            "param1": "NTDS",
            "param10": "69",
            "param2": "664",
            "param3": "NTDSA: ",
            "param4": "C:\\Windows\\NTDS\\ntds.dit",
            "param5": "0",
            "param6": "3/3/2020",
            "param7": "1",
            "param8": "1",
            "param9": "1"
          },
          "event_id": 701,
          "keywords": [
            "Classic"
          ],
          "level": "Information",
          "log_name": "Directory Service",
          "message": "NTDS (664) NTDSA: Online defragmentation has completed a full pass on database 'C:\\Windows\\NTDS\\ntds.dit', freeing 0 pages. This pass started on 3/3/2020 and ran for a total of 1 seconds, requiring 1 invocations over 1 days. Since the database was created it has been fully defragmented 69 times.",
          "opcode": "Info",
          "record_number": "522",
          "source_name": "NTDS ISAM",
          "task": "Performance",
          "type": "wineventlog"
        },
        "fields": {
          "@timestamp": [
            1583264155068
          ]
        },
        "sort": [
          1583264155068
        ]
      },
      {
        "_index": "winlogbeat-2020.03.03",
        "_type": "wineventlog",
        "_id": "AXCh6f20n_lBW985KyZT",
        "_version": 1,
        "_score": null,
        "_source": {
          "@timestamp": "2020-03-03T19:35:53.968Z",
          "beat": {
            "hostname": "DC",
            "name": "server",
            "version": "5.4.0"
          },
          "computer_name": "DC.Giacobeville.com",
          "event_data": {
            "Image": "C:\\Windows\\System32\\lsass.exe",
            "ProcessGuid": "{825D88E6-ADFD-5E5E-0000-0010E39F0000}",
            "ProcessId": "664",
            "QueryName": "DC.Giacobeville.com",
            "QueryResults": "192.168.100.10;",
            "QueryStatus": "0",
            "UtcTime": "2020-03-03 19:35:51.954"
          },
          "event_id": 22,
          "level": "Information",
          "log_name": "Microsoft-Windows-Sysmon/Operational",
          "message": "Dns query:\nRuleName: \nUtcTime: 2020-03-03 19:35:51.954\nProcessGuid: {825D88E6-ADFD-5E5E-0000-0010E39F0000}\nProcessId: 664\nQueryName: DC.Giacobeville.com\nQueryStatus: 0\nQueryResults: 192.168.100.10;\nImage: C:\\Windows\\System32\\lsass.exe",
          "opcode": "Info",
          "process_id": 2432,
          "provider_guid": "{5770385F-C22A-43E0-BF4C-06F5698FFBD9}",
          "record_number": "6773",
          "source_name": "Microsoft-Windows-Sysmon",
          "task": "Dns query (rule: DnsQuery)",
          "thread_id": 3260,
          "type": "wineventlog",
          "user": {
            "domain": "NT AUTHORITY",
            "identifier": "S-1-5-18",
            "name": "SYSTEM",
            "type": "User"
          },
          "version": 5
        },
        "fields": {
          "@timestamp": [
            1583264153968
          ]
        },
        "sort": [
          1583264153968
        ]
      },
      {
        "_index": "winlogbeat-2020.03.03",
        "_type": "wineventlog",
        "_id": "AXCh6f20n_lBW985KyZS",
        "_version": 1,
        "_score": null,
        "_source": {
          "@timestamp": "2020-03-03T19:35:53.968Z",
          "beat": {
            "hostname": "DC",
            "name": "server",
            "version": "5.4.0"
          },
          "computer_name": "DC.Giacobeville.com",
          "event_data": {
            "Image": "C:\\Windows\\System32\\lsass.exe",
            "ProcessGuid": "{825D88E6-ADFD-5E5E-0000-0010E39F0000}",
            "ProcessId": "664",
            "QueryName": "DC.Giacobeville.com",
            "QueryResults": "::1;",
            "QueryStatus": "0",
            "UtcTime": "2020-03-03 19:35:51.954"
          },
          "event_id": 22,
          "level": "Information",
          "log_name": "Microsoft-Windows-Sysmon/Operational",
          "message": "Dns query:\nRuleName: \nUtcTime: 2020-03-03 19:35:51.954\nProcessGuid: {825D88E6-ADFD-5E5E-0000-0010E39F0000}\nProcessId: 664\nQueryName: DC.Giacobeville.com\nQueryStatus: 0\nQueryResults: ::1;\nImage: C:\\Windows\\System32\\lsass.exe",
          "opcode": "Info",
          "process_id": 2432,
          "provider_guid": "{5770385F-C22A-43E0-BF4C-06F5698FFBD9}",
          "record_number": "6772",
          "source_name": "Microsoft-Windows-Sysmon",
          "task": "Dns query (rule: DnsQuery)",
          "thread_id": 3260,
          "type": "wineventlog",
          "user": {
            "domain": "NT AUTHORITY",
            "identifier": "S-1-5-18",
            "name": "SYSTEM",
            "type": "User"
          },
          "version": 5
        },
        "fields": {
          "@timestamp": [
            1583264153968
          ]
        },
        "sort": [
          1583264153968
        ]
      },
      {
        "_index": "winlogbeat-2020.03.03",
        "_type": "wineventlog",
        "_id": "AXCh6fLDn_lBW985KyZP",
        "_version": 1,
        "_score": null,
        "_source": {
          "@timestamp": "2020-03-03T19:35:52.657Z",
          "beat": {
            "hostname": "DC",
            "name": "server",
            "version": "5.4.0"
          },
          "computer_name": "DC.Giacobeville.com",
          "event_data": {
            "param1": "NTDS",
            "param2": "664",
            "param3": "NTDSA: ",
            "param4": "C:\\Windows\\NTDS\\ntds.dit"
          },
          "event_id": 700,
          "keywords": [
            "Classic"
          ],
          "level": "Information",
          "log_name": "Directory Service",
          "message": "NTDS (664) NTDSA: Online defragmentation is beginning a full pass on database 'C:\\Windows\\NTDS\\ntds.dit'.",
          "opcode": "Info",
          "record_number": "520",
          "source_name": "NTDS ISAM",
          "task": "Performance",
          "type": "wineventlog"
        },
        "fields": {
          "@timestamp": [
            1583264152657
          ]
        },
        "sort": [
          1583264152657
        ]
      },
      {
        "_index": "winlogbeat-2020.03.03",
        "_type": "wineventlog",
        "_id": "AXCh6fLDn_lBW985KyZO",
        "_version": 1,
        "_score": null,
        "_source": {
          "@timestamp": "2020-03-03T19:35:52.656Z",
          "beat": {
            "hostname": "DC",
            "name": "server",
            "version": "5.4.0"
          },
          "computer_name": "DC.Giacobeville.com",
          "event_data": {
            "param1": "NTDS",
            "param2": "664",
            "param3": "NTDSA: ",
            "param4": "1",
            "param5": "C:\\Windows\\NTDS\\ntds.dit",
            "param6": "0",
            "param7": "[1] 0.000, [2] 0.000, [3] 0.078, [4] 0.000, [5] 0.015, [6] 0.032, [7] 0.000, [8] 0.000, [9] 0.000, [10] 0.000, [11] 0.000, [12] 0.000.",
            "param8": "0 0"
          },
          "event_id": 326,
          "keywords": [
            "Classic"
          ],
          "level": "Information",
          "log_name": "Directory Service",
          "message": "NTDS (664) NTDSA: The database engine attached a database (1, C:\\Windows\\NTDS\\ntds.dit). (Time=0 seconds) \n \nInternal Timing Sequence: [1] 0.000, [2] 0.000, [3] 0.078, [4] 0.000, [5] 0.015, [6] 0.032, [7] 0.000, [8] 0.000, [9] 0.000, [10] 0.000, [11] 0.000, [12] 0.000. \nSaved Cache: 0 0",
          "opcode": "Info",
          "record_number": "519",
          "source_name": "NTDS ISAM",
          "task": "Knowledge Consistency Checker",
          "type": "wineventlog"
        },
        "fields": {
          "@timestamp": [
            1583264152656
          ]
        },
        "sort": [
          1583264152656
        ]
      },
      {
        "_index": "winlogbeat-2020.03.03",
        "_type": "wineventlog",
        "_id": "AXCh6fLDn_lBW985KyZN",
        "_version": 1,
        "_score": null,
        "_source": {
          "@timestamp": "2020-03-03T19:35:52.655Z",
          "beat": {
            "hostname": "DC",
            "name": "server",
            "version": "5.4.0"
          },
          "computer_name": "DC.Giacobeville.com",
          "event_data": {
            "param1": "NTDS",
            "param2": "664",
            "param3": "NTDSA: ",
            "param4": "0",
            "param5": "0",
            "param6": "[1] 0.093, [2] 0.000, [3] 0.032, [4] 0.250, [5] 0.000, [6] 0.000, [7] 0.109, [8] 0.000, [9] 0.000, [10] 0.016."
          },
          "event_id": 105,
          "keywords": [
            "Classic"
          ],
          "level": "Information",
          "log_name": "Directory Service",
          "message": "NTDS (664) NTDSA: The database engine started a new instance (0). (Time=0 seconds) \n \nInternal Timing Sequence: [1] 0.093, [2] 0.000, [3] 0.032, [4] 0.250, [5] 0.000, [6] 0.000, [7] 0.109, [8] 0.000, [9] 0.000, [10] 0.016.",
          "opcode": "Info",
          "record_number": "518",
          "source_name": "NTDS ISAM",
          "task": "Knowledge Consistency Checker",
          "type": "wineventlog"
        },
        "fields": {
          "@timestamp": [
            1583264152655
          ]
        },
        "sort": [
          1583264152655
        ]
      },
      {
        "_index": "winlogbeat-2020.03.03",
        "_type": "wineventlog",
        "_id": "AXCh6fLDn_lBW985KyZM",
        "_version": 1,
        "_score": null,
        "_source": {
          "@timestamp": "2020-03-03T19:35:52.654Z",
          "beat": {
            "hostname": "DC",
            "name": "server",
            "version": "5.4.0"
          },
          "computer_name": "DC.Giacobeville.com",
          "event_data": {
            "param1": "NTDS",
            "param2": "664",
            "param3": "NTDSA: ",
            "param4": "0",
            "param5": "10",
            "param6": "00",
            "param7": "14393",
            "param8": "0000"
          },
          "event_id": 102,
          "keywords": [
            "Classic"
          ],
          "level": "Information",
          "log_name": "Directory Service",
          "message": "NTDS (664) NTDSA: The database engine (10.00.14393.0000) is starting a new instance (0).",
          "opcode": "Info",
          "record_number": "517",
          "source_name": "NTDS ISAM",
          "task": "Knowledge Consistency Checker",
          "type": "wineventlog"
        },
        "fields": {
          "@timestamp": [
            1583264152654
          ]
        },
        "sort": [
          1583264152654
        ]
      },
      {
        "_index": "winlogbeat-2020.03.03",
        "_type": "wineventlog",
        "_id": "AXCh6fLDn_lBW985KyZQ",
        "_version": 1,
        "_score": null,
        "_source": {
          "@timestamp": "2020-03-03T19:35:51.952Z",
          "beat": {
            "hostname": "DC",
            "name": "server",
            "version": "5.4.0"
          },
          "computer_name": "DC.Giacobeville.com",
          "event_data": {
            "param1": "\\\\DC.Giacobeville.com",
            "param2": "Default-First-Site-Name"
          },
          "event_id": 1869,
          "keywords": [
            "Classic"
          ],
          "level": "Information",
          "log_name": "Directory Service",
          "message": "Active Directory Domain Services has located a global catalog in the following site. \n \nGlobal catalog:\n\\\\DC.Giacobeville.com \nSite:\nDefault-First-Site-Name",
          "process_id": 664,
          "provider_guid": "{0e8478c5-3605-4e8c-8497-1e730c959516}",
          "record_number": "521",
          "source_name": "Microsoft-Windows-ActiveDirectory_DomainService",
          "task": "Global Catalog",
          "thread_id": 808,
          "type": "wineventlog",
          "user": {
            "domain": "NT AUTHORITY",
            "identifier": "S-1-5-7",
            "name": "ANONYMOUS LOGON",
            "type": "Well Known Group"
          }
        },
        "fields": {
          "@timestamp": [
            1583264151952
          ]
        },
        "sort": [
          1583264151952
        ]
      },
      {
        "_index": "winlogbeat-2020.03.03",
        "_type": "wineventlog",
        "_id": "AXCh6eZ6n_lBW985KyZH",
        "_version": 1,
        "_score": null,
        "_source": {
          "@timestamp": "2020-03-03T19:35:49.080Z",
          "beat": {
            "hostname": "DC",
            "name": "server",
            "version": "5.4.0"
          },
          "computer_name": "DC.Giacobeville.com",
          "event_data": {
            "AccessList": "%%1538\n\t\t\t\t%%1541\n\t\t\t\t%%4416\n\t\t\t\t%%4417\n\t\t\t\t%%4418\n\t\t\t\t%%4419\n\t\t\t\t%%4420\n\t\t\t\t%%4423\n\t\t\t\t%%4424\n\t\t\t\t",
            "AccessMask": "0x12019f",
            "AccessReason": "-",
            "IpAddress": "192.168.100.11",
            "IpPort": "49307",
            "ObjectType": "File",
            "RelativeTargetName": "browser",
            "ShareName": "\\\\*\\IPC$",
            "SubjectDomainName": "GIACOBEVILLE",
            "SubjectLogonId": "0xcce4e",
            "SubjectUserName": "MAYOR2$",
            "SubjectUserSid": "S-1-5-21-1271178117-3594940576-1158983498-1137"
          },
          "event_id": 5145,
          "keywords": [
            "Audit Success"
          ],
          "level": "Information",
          "log_name": "Security",
          "message": "A network share object was checked to see whether client can be granted desired access.\n\t\nSubject:\n\tSecurity ID:\t\tS-1-5-21-1271178117-3594940576-1158983498-1137\n\tAccount Name:\t\tMAYOR2$\n\tAccount Domain:\t\tGIACOBEVILLE\n\tLogon ID:\t\t0xCCE4E\n\nNetwork Information:\t\n\tObject Type:\t\tFile\n\tSource Address:\t\t192.168.100.11\n\tSource Port:\t\t49307\n\t\nShare Information:\n\tShare Name:\t\t\\\\*\\IPC$\n\tShare Path:\t\t\n\tRelative Target Name:\tbrowser\n\nAccess Request Information:\n\tAccess Mask:\t\t0x12019F\n\tAccesses:\t\tREAD_CONTROL\n\t\t\t\tSYNCHRONIZE\n\t\t\t\tReadData (or ListDirectory)\n\t\t\t\tWriteData (or AddFile)\n\t\t\t\tAppendData (or AddSubdirectory or CreatePipeInstance)\n\t\t\t\tReadEA\n\t\t\t\tWriteEA\n\t\t\t\tReadAttributes\n\t\t\t\tWriteAttributes\n\t\t\t\t\nAccess Check Results:\n\t-",
          "opcode": "Info",
          "process_id": 4,
          "provider_guid": "{54849625-5478-4994-A5BA-3E3B0328C30D}",
          "record_number": "539839",
          "source_name": "Microsoft-Windows-Security-Auditing",
          "task": "Detailed File Share",
          "thread_id": 7772,
          "type": "wineventlog"
        },
        "fields": {
          "@timestamp": [
            1583264149080
          ]
        },
        "sort": [
          1583264149080
        ]
      },
      {
        "_index": "winlogbeat-2020.03.03",
        "_type": "wineventlog",
        "_id": "AXCh6eZ6n_lBW985KyZG",
        "_version": 1,
        "_score": null,
        "_source": {
          "@timestamp": "2020-03-03T19:35:48.964Z",
          "beat": {
            "hostname": "DC",
            "name": "server",
            "version": "5.4.0"
          },
          "computer_name": "DC.Giacobeville.com",
          "event_data": {
            "AccessList": "%%1538\n\t\t\t\t%%1541\n\t\t\t\t%%4416\n\t\t\t\t%%4417\n\t\t\t\t%%4418\n\t\t\t\t%%4419\n\t\t\t\t%%4420\n\t\t\t\t%%4423\n\t\t\t\t%%4424\n\t\t\t\t",
            "AccessMask": "0x12019f",
            "AccessReason": "-",
            "IpAddress": "192.168.100.11",
            "IpPort": "49307",
            "ObjectType": "File",
            "RelativeTargetName": "browser",
            "ShareName": "\\\\*\\IPC$",
            "SubjectDomainName": "GIACOBEVILLE",
            "SubjectLogonId": "0xcce4e",
            "SubjectUserName": "MAYOR2$",
            "SubjectUserSid": "S-1-5-21-1271178117-3594940576-1158983498-1137"
          },
          "event_id": 5145,
          "keywords": [
            "Audit Success"
          ],
          "level": "Information",
          "log_name": "Security",
          "message": "A network share object was checked to see whether client can be granted desired access.\n\t\nSubject:\n\tSecurity ID:\t\tS-1-5-21-1271178117-3594940576-1158983498-1137\n\tAccount Name:\t\tMAYOR2$\n\tAccount Domain:\t\tGIACOBEVILLE\n\tLogon ID:\t\t0xCCE4E\n\nNetwork Information:\t\n\tObject Type:\t\tFile\n\tSource Address:\t\t192.168.100.11\n\tSource Port:\t\t49307\n\t\nShare Information:\n\tShare Name:\t\t\\\\*\\IPC$\n\tShare Path:\t\t\n\tRelative Target Name:\tbrowser\n\nAccess Request Information:\n\tAccess Mask:\t\t0x12019F\n\tAccesses:\t\tREAD_CONTROL\n\t\t\t\tSYNCHRONIZE\n\t\t\t\tReadData (or ListDirectory)\n\t\t\t\tWriteData (or AddFile)\n\t\t\t\tAppendData (or AddSubdirectory or CreatePipeInstance)\n\t\t\t\tReadEA\n\t\t\t\tWriteEA\n\t\t\t\tReadAttributes\n\t\t\t\tWriteAttributes\n\t\t\t\t\nAccess Check Results:\n\t-",
          "opcode": "Info",
          "process_id": 4,
          "provider_guid": "{54849625-5478-4994-A5BA-3E3B0328C30D}",
          "record_number": "539838",
          "source_name": "Microsoft-Windows-Security-Auditing",
          "task": "Detailed File Share",
          "thread_id": 7772,
          "type": "wineventlog"
        },
        "fields": {
          "@timestamp": [
            1583264148964
          ]
        },
        "sort": [
          1583264148964
        ]
      },
      {
        "_index": "winlogbeat-2020.03.03",
        "_type": "wineventlog",
        "_id": "AXCh6echn_lBW985KyZK",
        "_version": 1,
        "_score": null,
        "_source": {
          "@timestamp": "2020-03-03T19:35:48.958Z",
          "beat": {
            "hostname": "DC",
            "name": "server",
            "version": "5.4.0"
          },
          "computer_name": "DC.Giacobeville.com",
          "event_id": 1009,
          "keywords": [
            "Audit Failure"
          ],
          "level": "Error",
          "log_name": "Microsoft-Windows-SMBServer/Security",
          "message": "The server denied anonymous access to the client.\n\nClient Name: \\\\192.168.100.11\n Client Address: 192.168.100.11:49308\nSession ID: 0x54000000003D\n\nGuidance:\n\nYou should expect this error when a client attempts to connect to shares and does not provide any credentials. This indicates that the client is not providing a user name (and domain credentials, if necessary). By default, Windows Server denies anonymous access to shares.\n\nThis error does not always indicate a problem with authorization, but mainly authentication. It is more common with non-Windows clients.",
          "opcode": "Info",
          "process_id": 4,
          "provider_guid": "{D48CE617-33A2-4BC3-A5C7-11AA4F29619E}",
          "record_number": "14279",
          "source_name": "Microsoft-Windows-SMBServer",
          "thread_id": 2160,
          "type": "wineventlog",
          "user": {
            "domain": "NT AUTHORITY",
            "identifier": "S-1-5-18",
            "name": "SYSTEM",
            "type": "User"
          },
          "user_data": {
            "ClientAddress": "0200C09CC0A8640B00000000000000000000FFFFC0A8640B0000000000000000000000000000000000000000000000000000000000000000000000000000000000000000000000000000000000000000000000000000000000000000000000000000000000000000000000000000000000000000000000000000000000000000",
            "ClientAddressLength": "128",
            "ClientName": "\\\\192.168.100.11",
            "ClientNameLength": "16",
            "ConnectionGUID": "{C1F4B524-F190-0000-59BE-F4C190F1D501}",
            "SessionGUID": "{C1F4B524-F190-0000-5ABE-F4C190F1D501}",
            "SessionID": "0x54000000003d",
            "xml_name": "EventData"
          }
        },
        "fields": {
          "@timestamp": [
            1583264148958
          ]
        },
        "sort": [
          1583264148958
        ]
      },
