      {
        "_index": "winlogbeat-2020.03.03",
        "_type": "wineventlog",
        "_id": "AXCh6BVmn_lBW985KyYG",
        "_version": 1,
        "_score": null,
        "_source": {
          "@timestamp": "2020-03-03T19:33:50.241Z",
          "beat": {
            "hostname": "DC",
            "name": "server",
            "version": "5.4.0"
          },
          "computer_name": "DC.Giacobeville.com",
          "event_data": {
            "param10": "0",
            "param11": "0",
            "param12": "8024500b",
            "param13": "Windows Defender (77BDAF73-B396-481F-9042-AD358843EC24)",
            "param14": "{9482F4B4-E343-43B6-B170-9A65BC822C77}",
            "param15": "0",
            "param17": "C:\\ProgramData\\Microsoft\\Windows\\WER\\ReportQueue\\NonCritical_10.0.14393.1794_24e185414aea5cc9f14f719cd15386584201a_00000000_1d2de2c1",
            "param19": "0",
            "param2": "0",
            "param20": "236032f9-58e1-11ea-8b83-000c290be9e1",
            "param21": "2",
            "param3": "WindowsUpdateFailure3",
            "param4": "Not available",
            "param5": "0",
            "param6": "10.0.14393.1794",
            "param7": "8024402c",
            "param8": "00000000-0000-0000-0000-000000000000",
            "param9": "Scan"
          },
          "event_id": 1001,
          "keywords": [
            "Classic"
          ],
          "level": "Information",
          "log_name": "Application",
          "message": "Fault bucket , type 0\nEvent Name: WindowsUpdateFailure3\nResponse: Not available\nCab Id: 0\n\nProblem signature:\nP1: 10.0.14393.1794\nP2: 8024402c\nP3: 00000000-0000-0000-0000-000000000000\nP4: Scan\nP5: 0\nP6: 0\nP7: 8024500b\nP8: Windows Defender (77BDAF73-B396-481F-9042-AD358843EC24)\nP9: {9482F4B4-E343-43B6-B170-9A65BC822C77}\nP10: 0\n\nAttached files:\n\nThese files may be available here:\nC:\\ProgramData\\Microsoft\\Windows\\WER\\ReportQueue\\NonCritical_10.0.14393.1794_24e185414aea5cc9f14f719cd15386584201a_00000000_1d2de2c1\n\nAnalysis symbol: \nRechecking for solution: 0\nReport Id: 236032f9-58e1-11ea-8b83-000c290be9e1\nReport Status: 2\nHashed bucket: ",
          "opcode": "Info",
          "record_number": "23859",
          "source_name": "Windows Error Reporting",
          "type": "wineventlog"
        },
        "fields": {
          "@timestamp": [
            1583264030241
          ]
        },
        "sort": [
          1583264030241
        ]
      },
      {
        "_index": "winlogbeat-2020.03.03",
        "_type": "wineventlog",
        "_id": "AXCh6BVmn_lBW985KyYF",
        "_version": 1,
        "_score": null,
        "_source": {
          "@timestamp": "2020-03-03T19:33:50.182Z",
          "beat": {
            "hostname": "DC",
            "name": "server",
            "version": "5.4.0"
          },
          "computer_name": "DC.Giacobeville.com",
          "event_data": {
            "param10": "0",
            "param11": "0",
            "param12": "0",
            "param13": "<<PROCESS>>: CompatTelRunner.exe",
            "param14": "{F9D81F42-09ED-474A-BFDB-BE6A250666F3}",
            "param15": "0",
            "param16": "\n\\\\?\\C:\\ProgramData\\Microsoft\\Windows\\WER\\Temp\\WER3BE3.tmp.WERInternalMetadata.xml",
            "param17": "C:\\ProgramData\\Microsoft\\Windows\\WER\\ReportQueue\\NonCritical_10.0.14393.1794_8d55b0e3d1c56b8949fd23b103eff937ee56fd2_00000000_cab_195b3c51",
            "param19": "0",
            "param2": "0",
            "param20": "83467d99-58df-11ea-8b83-000c290be9e1",
            "param21": "2",
            "param3": "WindowsUpdateFailure3",
            "param4": "Not available",
            "param5": "0",
            "param6": "10.0.14393.1794",
            "param7": "80248014",
            "param8": "00000000-0000-0000-0000-000000000000",
            "param9": "Scan"
          },
          "event_id": 1001,
          "keywords": [
            "Classic"
          ],
          "level": "Information",
          "log_name": "Application",
          "message": "Fault bucket , type 0\nEvent Name: WindowsUpdateFailure3\nResponse: Not available\nCab Id: 0\n\nProblem signature:\nP1: 10.0.14393.1794\nP2: 80248014\nP3: 00000000-0000-0000-0000-000000000000\nP4: Scan\nP5: 0\nP6: 0\nP7: 0\nP8: <<PROCESS>>: CompatTelRunner.exe\nP9: {F9D81F42-09ED-474A-BFDB-BE6A250666F3}\nP10: 0\n\nAttached files:\n\\\\?\\C:\\ProgramData\\Microsoft\\Windows\\WER\\Temp\\WER3BE3.tmp.WERInternalMetadata.xml\n\nThese files may be available here:\nC:\\ProgramData\\Microsoft\\Windows\\WER\\ReportQueue\\NonCritical_10.0.14393.1794_8d55b0e3d1c56b8949fd23b103eff937ee56fd2_00000000_cab_195b3c51\n\nAnalysis symbol: \nRechecking for solution: 0\nReport Id: 83467d99-58df-11ea-8b83-000c290be9e1\nReport Status: 2\nHashed bucket: ",
          "opcode": "Info",
          "record_number": "23858",
          "source_name": "Windows Error Reporting",
          "type": "wineventlog"
        },
        "fields": {
          "@timestamp": [
            1583264030182
          ]
        },
        "sort": [
          1583264030182
        ]
      },
      {
        "_index": "winlogbeat-2020.03.03",
        "_type": "wineventlog",
        "_id": "AXCh6BVmn_lBW985KyYE",
        "_version": 1,
        "_score": null,
        "_source": {
          "@timestamp": "2020-03-03T19:33:50.095Z",
          "beat": {
            "hostname": "DC",
            "name": "server",
            "version": "5.4.0"
          },
          "computer_name": "DC.Giacobeville.com",
          "event_data": {
            "param10": "0",
            "param11": "0",
            "param12": "8024500b",
            "param13": "TrustedInstaller FOD",
            "param14": "{9482F4B4-E343-43B6-B170-9A65BC822C77}",
            "param15": "0",
            "param17": "C:\\ProgramData\\Microsoft\\Windows\\WER\\ReportQueue\\NonCritical_10.0.14393.1794_c189c1b5ca61634d86cf376f6ee59b177cad41_00000000_0a433c02",
            "param19": "0",
            "param2": "0",
            "param20": "83467d98-58df-11ea-8b83-000c290be9e1",
            "param21": "2",
            "param3": "WindowsUpdateFailure3",
            "param4": "Not available",
            "param5": "0",
            "param6": "10.0.14393.1794",
            "param7": "8024402c",
            "param8": "00000000-0000-0000-0000-000000000000",
            "param9": "Scan"
          },
          "event_id": 1001,
          "keywords": [
            "Classic"
          ],
          "level": "Information",
          "log_name": "Application",
          "message": "Fault bucket , type 0\nEvent Name: WindowsUpdateFailure3\nResponse: Not available\nCab Id: 0\n\nProblem signature:\nP1: 10.0.14393.1794\nP2: 8024402c\nP3: 00000000-0000-0000-0000-000000000000\nP4: Scan\nP5: 0\nP6: 0\nP7: 8024500b\nP8: TrustedInstaller FOD\nP9: {9482F4B4-E343-43B6-B170-9A65BC822C77}\nP10: 0\n\nAttached files:\n\nThese files may be available here:\nC:\\ProgramData\\Microsoft\\Windows\\WER\\ReportQueue\\NonCritical_10.0.14393.1794_c189c1b5ca61634d86cf376f6ee59b177cad41_00000000_0a433c02\n\nAnalysis symbol: \nRechecking for solution: 0\nReport Id: 83467d98-58df-11ea-8b83-000c290be9e1\nReport Status: 2\nHashed bucket: ",
          "opcode": "Info",
          "record_number": "23857",
          "source_name": "Windows Error Reporting",
          "type": "wineventlog"
        },
        "fields": {
          "@timestamp": [
            1583264030095
          ]
        },
        "sort": [
          1583264030095
        ]
      },
      {
        "_index": "winlogbeat-2020.03.03",
        "_type": "wineventlog",
        "_id": "AXCh6BVmn_lBW985KyYD",
        "_version": 1,
        "_score": null,
        "_source": {
          "@timestamp": "2020-03-03T19:33:50.050Z",
          "beat": {
            "hostname": "DC",
            "name": "server",
            "version": "5.4.0"
          },
          "computer_name": "DC.Giacobeville.com",
          "event_data": {
            "param10": "0",
            "param11": "0",
            "param12": "0",
            "param13": "<<PROCESS>>: CompatTelRunner.exe",
            "param14": "{3DCE052E-AA54-418F-886E-F87F33552A22}",
            "param15": "0",
            "param16": "\n\\\\?\\C:\\ProgramData\\Microsoft\\Windows\\WER\\Temp\\WERE02C.tmp.WERInternalMetadata.xml",
            "param17": "C:\\ProgramData\\Microsoft\\Windows\\WER\\ReportQueue\\NonCritical_10.0.14393.1794_384731b3bc398c63f6ba41c2463491e7b1216945_00000000_cab_1701e07a",
            "param19": "0",
            "param2": "0",
            "param20": "4e40e737-58df-11ea-8b83-000c290be9e1",
            "param21": "2",
            "param3": "WindowsUpdateFailure3",
            "param4": "Not available",
            "param5": "0",
            "param6": "10.0.14393.1794",
            "param7": "80240007",
            "param8": "00000000-0000-0000-0000-000000000000",
            "param9": "Scan"
          },
          "event_id": 1001,
          "keywords": [
            "Classic"
          ],
          "level": "Information",
          "log_name": "Application",
          "message": "Fault bucket , type 0\nEvent Name: WindowsUpdateFailure3\nResponse: Not available\nCab Id: 0\n\nProblem signature:\nP1: 10.0.14393.1794\nP2: 80240007\nP3: 00000000-0000-0000-0000-000000000000\nP4: Scan\nP5: 0\nP6: 0\nP7: 0\nP8: <<PROCESS>>: CompatTelRunner.exe\nP9: {3DCE052E-AA54-418F-886E-F87F33552A22}\nP10: 0\n\nAttached files:\n\\\\?\\C:\\ProgramData\\Microsoft\\Windows\\WER\\Temp\\WERE02C.tmp.WERInternalMetadata.xml\n\nThese files may be available here:\nC:\\ProgramData\\Microsoft\\Windows\\WER\\ReportQueue\\NonCritical_10.0.14393.1794_384731b3bc398c63f6ba41c2463491e7b1216945_00000000_cab_1701e07a\n\nAnalysis symbol: \nRechecking for solution: 0\nReport Id: 4e40e737-58df-11ea-8b83-000c290be9e1\nReport Status: 2\nHashed bucket: ",
          "opcode": "Info",
          "record_number": "23856",
          "source_name": "Windows Error Reporting",
          "type": "wineventlog"
        },
        "fields": {
          "@timestamp": [
            1583264030050
          ]
        },
        "sort": [
          1583264030050
        ]
      },
      {
        "_index": "winlogbeat-2020.03.03",
        "_type": "wineventlog",
        "_id": "AXCh6BVmn_lBW985KyYC",
        "_version": 1,
        "_score": null,
        "_source": {
          "@timestamp": "2020-03-03T19:33:49.992Z",
          "beat": {
            "hostname": "DC",
            "name": "server",
            "version": "5.4.0"
          },
          "computer_name": "DC.Giacobeville.com",
          "event_data": {
            "param10": "0",
            "param11": "0",
            "param12": "8024500b",
            "param13": "Windows Defender (77BDAF73-B396-481F-9042-AD358843EC24)",
            "param14": "{9482F4B4-E343-43B6-B170-9A65BC822C77}",
            "param15": "0",
            "param17": "C:\\ProgramData\\Microsoft\\Windows\\WER\\ReportQueue\\NonCritical_10.0.14393.1794_24e185414aea5cc9f14f719cd15386584201a_00000000_15ff3109",
            "param19": "0",
            "param2": "0",
            "param20": "e563570e-58de-11ea-8b83-000c290be9e1",
            "param21": "2",
            "param3": "WindowsUpdateFailure3",
            "param4": "Not available",
            "param5": "0",
            "param6": "10.0.14393.1794",
            "param7": "8024402c",
            "param8": "00000000-0000-0000-0000-000000000000",
            "param9": "Scan"
          },
          "event_id": 1001,
          "keywords": [
            "Classic"
          ],
          "level": "Information",
          "log_name": "Application",
          "message": "Fault bucket , type 0\nEvent Name: WindowsUpdateFailure3\nResponse: Not available\nCab Id: 0\n\nProblem signature:\nP1: 10.0.14393.1794\nP2: 8024402c\nP3: 00000000-0000-0000-0000-000000000000\nP4: Scan\nP5: 0\nP6: 0\nP7: 8024500b\nP8: Windows Defender (77BDAF73-B396-481F-9042-AD358843EC24)\nP9: {9482F4B4-E343-43B6-B170-9A65BC822C77}\nP10: 0\n\nAttached files:\n\nThese files may be available here:\nC:\\ProgramData\\Microsoft\\Windows\\WER\\ReportQueue\\NonCritical_10.0.14393.1794_24e185414aea5cc9f14f719cd15386584201a_00000000_15ff3109\n\nAnalysis symbol: \nRechecking for solution: 0\nReport Id: e563570e-58de-11ea-8b83-000c290be9e1\nReport Status: 2\nHashed bucket: ",
          "opcode": "Info",
          "record_number": "23855",
          "source_name": "Windows Error Reporting",
          "type": "wineventlog"
        },
        "fields": {
          "@timestamp": [
            1583264029992
          ]
        },
        "sort": [
          1583264029992
        ]
      },
      {
        "_index": "winlogbeat-2020.03.03",
        "_type": "wineventlog",
        "_id": "AXCh6BVmn_lBW985KyYB",
        "_version": 1,
        "_score": null,
        "_source": {
          "@timestamp": "2020-03-03T19:33:49.948Z",
          "beat": {
            "hostname": "DC",
            "name": "server",
            "version": "5.4.0"
          },
          "computer_name": "DC.Giacobeville.com",
          "event_data": {
            "param10": "0",
            "param11": "0",
            "param12": "8024500b",
            "param13": "TrustedInstaller FOD",
            "param14": "{9482F4B4-E343-43B6-B170-9A65BC822C77}",
            "param15": "0",
            "param17": "C:\\ProgramData\\Microsoft\\Windows\\WER\\ReportQueue\\NonCritical_10.0.14393.1794_c189c1b5ca61634d86cf376f6ee59b177cad41_00000000_14b8809f",
            "param19": "0",
            "param2": "0",
            "param20": "7c55b550-58de-11ea-8b83-000c290be9e1",
            "param21": "2",
            "param3": "WindowsUpdateFailure3",
            "param4": "Not available",
            "param5": "0",
            "param6": "10.0.14393.1794",
            "param7": "8024402c",
            "param8": "00000000-0000-0000-0000-000000000000",
            "param9": "Scan"
          },
          "event_id": 1001,
          "keywords": [
            "Classic"
          ],
          "level": "Information",
          "log_name": "Application",
          "message": "Fault bucket , type 0\nEvent Name: WindowsUpdateFailure3\nResponse: Not available\nCab Id: 0\n\nProblem signature:\nP1: 10.0.14393.1794\nP2: 8024402c\nP3: 00000000-0000-0000-0000-000000000000\nP4: Scan\nP5: 0\nP6: 0\nP7: 8024500b\nP8: TrustedInstaller FOD\nP9: {9482F4B4-E343-43B6-B170-9A65BC822C77}\nP10: 0\n\nAttached files:\n\nThese files may be available here:\nC:\\ProgramData\\Microsoft\\Windows\\WER\\ReportQueue\\NonCritical_10.0.14393.1794_c189c1b5ca61634d86cf376f6ee59b177cad41_00000000_14b8809f\n\nAnalysis symbol: \nRechecking for solution: 0\nReport Id: 7c55b550-58de-11ea-8b83-000c290be9e1\nReport Status: 2\nHashed bucket: ",
          "opcode": "Info",
          "record_number": "23854",
          "source_name": "Windows Error Reporting",
          "type": "wineventlog"
        },
        "fields": {
          "@timestamp": [
            1583264029948
          ]
        },
        "sort": [
          1583264029948
        ]
      },
      {
        "_index": "winlogbeat-2020.03.03",
        "_type": "wineventlog",
        "_id": "AXCh6BEqn_lBW985KyX9",
        "_version": 1,
        "_score": null,
        "_source": {
          "@timestamp": "2020-03-03T19:33:49.887Z",
          "beat": {
            "hostname": "DC",
            "name": "server",
            "version": "5.4.0"
          },
          "computer_name": "DC.Giacobeville.com",
          "event_data": {
            "param10": "0",
            "param11": "0",
            "param12": "8024500b",
            "param13": "UpdateOrchestrator",
            "param14": "{9482F4B4-E343-43B6-B170-9A65BC822C77}",
            "param15": "0",
            "param17": "C:\\ProgramData\\Microsoft\\Windows\\WER\\ReportQueue\\NonCritical_10.0.14393.1794_0aa1bcfffba3a89dd0b26a56a540de52375382_00000000_173c310f",
            "param19": "0",
            "param2": "0",
            "param20": "37b67213-58dd-11ea-8b83-000c290be9e1",
            "param21": "2",
            "param3": "WindowsUpdateFailure3",
            "param4": "Not available",
            "param5": "0",
            "param6": "10.0.14393.1794",
            "param7": "8024402c",
            "param8": "00000000-0000-0000-0000-000000000000",
            "param9": "Scan"
          },
          "event_id": 1001,
          "keywords": [
            "Classic"
          ],
          "level": "Information",
          "log_name": "Application",
          "message": "Fault bucket , type 0\nEvent Name: WindowsUpdateFailure3\nResponse: Not available\nCab Id: 0\n\nProblem signature:\nP1: 10.0.14393.1794\nP2: 8024402c\nP3: 00000000-0000-0000-0000-000000000000\nP4: Scan\nP5: 0\nP6: 0\nP7: 8024500b\nP8: UpdateOrchestrator\nP9: {9482F4B4-E343-43B6-B170-9A65BC822C77}\nP10: 0\n\nAttached files:\n\nThese files may be available here:\nC:\\ProgramData\\Microsoft\\Windows\\WER\\ReportQueue\\NonCritical_10.0.14393.1794_0aa1bcfffba3a89dd0b26a56a540de52375382_00000000_173c310f\n\nAnalysis symbol: \nRechecking for solution: 0\nReport Id: 37b67213-58dd-11ea-8b83-000c290be9e1\nReport Status: 2\nHashed bucket: ",
          "opcode": "Info",
          "record_number": "23853",
          "source_name": "Windows Error Reporting",
          "type": "wineventlog"
        },
        "fields": {
          "@timestamp": [
            1583264029887
          ]
        },
        "sort": [
          1583264029887
        ]
      },
      {
        "_index": "winlogbeat-2020.03.03",
        "_type": "wineventlog",
        "_id": "AXCh6BZan_lBW985KyYU",
        "_version": 1,
        "_score": null,
        "_source": {
          "@timestamp": "2020-03-03T19:33:49.733Z",
          "activity_id": "{DA222F0A-87F5-405A-A6F5-03095AA3EC36}",
          "beat": {
            "hostname": "DC",
            "name": "server",
            "version": "5.4.0"
          },
          "computer_name": "DC.Giacobeville.com",
          "event_data": {
            "ActionName": "%windir%\\system32\\wermgr.exe",
            "EnginePID": "6772",
            "TaskInstanceId": "{DA222F0A-87F5-405A-A6F5-03095AA3EC36}",
            "TaskName": "\\Microsoft\\Windows\\Windows Error Reporting\\QueueReporting"
          },
          "event_id": 200,
          "level": "Information",
          "log_name": "Microsoft-Windows-TaskScheduler/Operational",
          "message": "Task Scheduler launched action \"%windir%\\system32\\wermgr.exe\" in instance \"{DA222F0A-87F5-405A-A6F5-03095AA3EC36}\" of task \"\\Microsoft\\Windows\\Windows Error Reporting\\QueueReporting\".",
          "opcode": "Start",
          "process_id": 76,
          "provider_guid": "{DE7B24EA-73C8-4A09-985D-5BDADCFA9017}",
          "record_number": "12520",
          "source_name": "Microsoft-Windows-TaskScheduler",
          "task": "Action started",
          "thread_id": 1536,
          "type": "wineventlog",
          "user": {
            "domain": "NT AUTHORITY",
            "identifier": "S-1-5-18",
            "name": "SYSTEM",
            "type": "User"
          },
          "version": 1
        },
        "fields": {
          "@timestamp": [
            1583264029733
          ]
        },
        "sort": [
          1583264029733
        ]
      },
      {
        "_index": "winlogbeat-2020.03.03",
        "_type": "wineventlog",
        "_id": "AXCh6BZan_lBW985KyYT",
        "_version": 1,
        "_score": null,
        "_source": {
          "@timestamp": "2020-03-03T19:33:49.733Z",
          "activity_id": "{DA222F0A-87F5-405A-A6F5-03095AA3EC36}",
          "beat": {
            "hostname": "DC",
            "name": "server",
            "version": "5.4.0"
          },
          "computer_name": "DC.Giacobeville.com",
          "event_data": {
            "InstanceId": "{DA222F0A-87F5-405A-A6F5-03095AA3EC36}",
            "TaskName": "\\Microsoft\\Windows\\Windows Error Reporting\\QueueReporting",
            "UserContext": "NT AUTHORITY\\SYSTEM"
          },
          "event_id": 100,
          "level": "Information",
          "log_name": "Microsoft-Windows-TaskScheduler/Operational",
          "message": "Task Scheduler started \"{DA222F0A-87F5-405A-A6F5-03095AA3EC36}\" instance of the \"\\Microsoft\\Windows\\Windows Error Reporting\\QueueReporting\" task for user \"NT AUTHORITY\\SYSTEM\".",
          "opcode": "Start",
          "process_id": 76,
          "provider_guid": "{DE7B24EA-73C8-4A09-985D-5BDADCFA9017}",
          "record_number": "12519",
          "source_name": "Microsoft-Windows-TaskScheduler",
          "task": "Task Started",
          "thread_id": 1536,
          "type": "wineventlog",
          "user": {
            "domain": "NT AUTHORITY",
            "identifier": "S-1-5-18",
            "name": "SYSTEM",
            "type": "User"
          }
        },
        "fields": {
          "@timestamp": [
            1583264029733
          ]
        },
        "sort": [
          1583264029733
        ]
      },
      {
        "_index": "winlogbeat-2020.03.03",
        "_type": "wineventlog",
        "_id": "AXCh6BZan_lBW985KyYS",
        "_version": 1,
        "_score": null,
        "_source": {
          "@timestamp": "2020-03-03T19:33:49.732Z",
          "beat": {
            "hostname": "DC",
            "name": "server",
            "version": "5.4.0"
          },
          "computer_name": "DC.Giacobeville.com",
          "event_data": {
            "Path": "%windir%\\system32\\wermgr.exe",
            "Priority": "16384",
            "ProcessID": "6772",
            "TaskName": "\\Microsoft\\Windows\\Windows Error Reporting\\QueueReporting"
          },
          "event_id": 129,
          "level": "Information",
          "log_name": "Microsoft-Windows-TaskScheduler/Operational",
          "message": "Task Scheduler launch task \"\\Microsoft\\Windows\\Windows Error Reporting\\QueueReporting\" , instance \"%windir%\\system32\\wermgr.exe\"  with process ID 6772.",
          "opcode": "Info",
          "process_id": 76,
          "provider_guid": "{DE7B24EA-73C8-4A09-985D-5BDADCFA9017}",
          "record_number": "12518",
          "source_name": "Microsoft-Windows-TaskScheduler",
          "task": "Created Task Process",
          "thread_id": 1536,
          "type": "wineventlog",
          "user": {
            "domain": "NT AUTHORITY",
            "identifier": "S-1-5-18",
            "name": "SYSTEM",
            "type": "User"
          }
        },
        "fields": {
          "@timestamp": [
            1583264029732
          ]
        },
        "sort": [
          1583264029732
        ]
      },
      {
        "_index": "winlogbeat-2020.03.03",
        "_type": "wineventlog",
        "_id": "AXCh6BU-n_lBW985KyYA",
        "_version": 1,
        "_score": null,
        "_source": {
          "@timestamp": "2020-03-03T19:33:49.721Z",
          "beat": {
            "hostname": "DC",
            "name": "server",
            "version": "5.4.0"
          },
          "computer_name": "DC.Giacobeville.com",
          "event_data": {
            "CommandLine": "C:\\Windows\\system32\\wermgr.exe -upload",
            "MandatoryLabel": "S-1-16-16384",
            "NewProcessId": "0x1a74",
            "NewProcessName": "C:\\Windows\\System32\\wermgr.exe",
            "ParentProcessName": "C:\\Windows\\System32\\svchost.exe",
            "ProcessId": "0x4c",
            "SubjectDomainName": "GIACOBEVILLE",
            "SubjectLogonId": "0x3e7",
            "SubjectUserName": "DC$",
            "SubjectUserSid": "S-1-5-18",
            "TargetDomainName": "-",
            "TargetLogonId": "0x0",
            "TargetUserName": "-",
            "TargetUserSid": "S-1-0-0",
            "TokenElevationType": "%%1936"
          },
          "event_id": 4688,
          "keywords": [
            "Audit Success"
          ],
          "level": "Information",
          "log_name": "Security",
          "message": "A new process has been created.\n\nCreator Subject:\n\tSecurity ID:\t\tS-1-5-18\n\tAccount Name:\t\tDC$\n\tAccount Domain:\t\tGIACOBEVILLE\n\tLogon ID:\t\t0x3E7\n\nTarget Subject:\n\tSecurity ID:\t\tS-1-0-0\n\tAccount Name:\t\t-\n\tAccount Domain:\t\t-\n\tLogon ID:\t\t0x0\n\nProcess Information:\n\tNew Process ID:\t\t0x1a74\n\tNew Process Name:\tC:\\Windows\\System32\\wermgr.exe\n\tToken Elevation Type:\t%%1936\n\tMandatory Label:\t\tS-1-16-16384\n\tCreator Process ID:\t0x4c\n\tCreator Process Name:\tC:\\Windows\\System32\\svchost.exe\n\tProcess Command Line:\tC:\\Windows\\system32\\wermgr.exe -upload\n\nToken Elevation Type indicates the type of token that was assigned to the new process in accordance with User Account Control policy.\n\nType 1 is a full token with no privileges removed or groups disabled.  A full token is only used if User Account Control is disabled or if the user is the built-in Administrator account or a service account.\n\nType 2 is an elevated token with no privileges removed or groups disabled.  An elevated token is used when User Account Control is enabled and the user chooses to start the program using Run as administrator.  An elevated token is also used when an application is configured to always require administrative privilege or to always require maximum privilege, and the user is a member of the Administrators group.\n\nType 3 is a limited token with administrative privileges removed and administrative groups disabled.  The limited token is used when User Account Control is enabled, the application does not require administrative privilege, and the user does not choose to start the program using Run as administrator.",
          "opcode": "Info",
          "process_id": 4,
          "provider_guid": "{54849625-5478-4994-A5BA-3E3B0328C30D}",
          "record_number": "539837",
          "source_name": "Microsoft-Windows-Security-Auditing",
          "task": "Process Creation",
          "thread_id": 340,
          "type": "wineventlog",
          "version": 2
        },
        "fields": {
          "@timestamp": [
            1583264029721
          ]
        },
        "sort": [
          1583264029721
        ]
      },
      {
        "_index": "winlogbeat-2020.03.03",
        "_type": "wineventlog",
        "_id": "AXCh6BEEn_lBW985KyX8",
        "_version": 1,
        "_score": null,
        "_source": {
          "@timestamp": "2020-03-03T19:33:49.719Z",
          "beat": {
            "hostname": "DC",
            "name": "server",
            "version": "5.4.0"
          },
          "computer_name": "DC.Giacobeville.com",
          "event_data": {
            "param10": "0",
            "param11": "0",
            "param12": "8024500b",
            "param13": "Windows Defender (77BDAF73-B396-481F-9042-AD358843EC24)",
            "param14": "{9482F4B4-E343-43B6-B170-9A65BC822C77}",
            "param15": "0",
            "param16": "\n\\\\?\\C:\\ProgramData\\Microsoft\\Windows\\WER\\Temp\\WER8283.tmp.WERInternalMetadata.xml",
            "param17": "C:\\ProgramData\\Microsoft\\Windows\\WER\\ReportQueue\\NonCritical_10.0.14393.1794_24e185414aea5cc9f14f719cd15386584201a_00000000_cab_185082c2",
            "param19": "0",
            "param2": "0",
            "param20": "e7926848-5d85-11ea-8b86-000c290be9e1",
            "param21": "4",
            "param3": "WindowsUpdateFailure3",
            "param4": "Not available",
            "param5": "0",
            "param6": "10.0.14393.1794",
            "param7": "8024402c",
            "param8": "00000000-0000-0000-0000-000000000000",
            "param9": "Scan"
          },
          "event_id": 1001,
          "keywords": [
            "Classic"
          ],
          "level": "Information",
          "log_name": "Application",
          "message": "Fault bucket , type 0\nEvent Name: WindowsUpdateFailure3\nResponse: Not available\nCab Id: 0\n\nProblem signature:\nP1: 10.0.14393.1794\nP2: 8024402c\nP3: 00000000-0000-0000-0000-000000000000\nP4: Scan\nP5: 0\nP6: 0\nP7: 8024500b\nP8: Windows Defender (77BDAF73-B396-481F-9042-AD358843EC24)\nP9: {9482F4B4-E343-43B6-B170-9A65BC822C77}\nP10: 0\n\nAttached files:\n\\\\?\\C:\\ProgramData\\Microsoft\\Windows\\WER\\Temp\\WER8283.tmp.WERInternalMetadata.xml\n\nThese files may be available here:\nC:\\ProgramData\\Microsoft\\Windows\\WER\\ReportQueue\\NonCritical_10.0.14393.1794_24e185414aea5cc9f14f719cd15386584201a_00000000_cab_185082c2\n\nAnalysis symbol: \nRechecking for solution: 0\nReport Id: e7926848-5d85-11ea-8b86-000c290be9e1\nReport Status: 4\nHashed bucket: ",
          "opcode": "Info",
          "record_number": "23852",
          "source_name": "Windows Error Reporting",
          "type": "wineventlog"
        },
        "fields": {
          "@timestamp": [
            1583264029719
          ]
        },
        "sort": [
          1583264029719
        ]
      },
      {
        "_index": "winlogbeat-2020.03.03",
        "_type": "wineventlog",
        "_id": "AXCh6BEEn_lBW985KyX7",
        "_version": 1,
        "_score": null,
        "_source": {
          "@timestamp": "2020-03-03T19:33:49.560Z",
          "beat": {
            "hostname": "DC",
            "name": "server",
            "version": "5.4.0"
          },
          "computer_name": "DC.Giacobeville.com",
          "event_data": {
            "param10": "0",
            "param11": "0",
            "param12": "8024500b",
            "param13": "Windows Defender (77BDAF73-B396-481F-9042-AD358843EC24)",
            "param14": "{9482F4B4-E343-43B6-B170-9A65BC822C77}",
            "param15": "0",
            "param19": "0",
            "param2": "0",
            "param20": "e7926848-5d85-11ea-8b86-000c290be9e1",
            "param21": "262144",
            "param3": "WindowsUpdateFailure3",
            "param4": "Not available",
            "param5": "0",
            "param6": "10.0.14393.1794",
            "param7": "8024402c",
            "param8": "00000000-0000-0000-0000-000000000000",
            "param9": "Scan"
          },
          "event_id": 1001,
          "keywords": [
            "Classic"
          ],
          "level": "Information",
          "log_name": "Application",
          "message": "Fault bucket , type 0\nEvent Name: WindowsUpdateFailure3\nResponse: Not available\nCab Id: 0\n\nProblem signature:\nP1: 10.0.14393.1794\nP2: 8024402c\nP3: 00000000-0000-0000-0000-000000000000\nP4: Scan\nP5: 0\nP6: 0\nP7: 8024500b\nP8: Windows Defender (77BDAF73-B396-481F-9042-AD358843EC24)\nP9: {9482F4B4-E343-43B6-B170-9A65BC822C77}\nP10: 0\n\nAttached files:\n\nThese files may be available here:\n\n\nAnalysis symbol: \nRechecking for solution: 0\nReport Id: e7926848-5d85-11ea-8b86-000c290be9e1\nReport Status: 262144\nHashed bucket: ",
          "opcode": "Info",
          "record_number": "23851",
          "source_name": "Windows Error Reporting",
          "type": "wineventlog"
        },
        "fields": {
          "@timestamp": [
            1583264029560
          ]
        },
        "sort": [
          1583264029560
        ]
      },
      {
        "_index": "winlogbeat-2020.03.03",
        "_type": "wineventlog",
        "_id": "AXCh6BU-n_lBW985KyX_",
        "_version": 1,
        "_score": null,
        "_source": {
          "@timestamp": "2020-03-03T19:33:49.548Z",
          "beat": {
            "hostname": "DC",
            "name": "server",
            "version": "5.4.0"
          },
          "computer_name": "DC.Giacobeville.com",
          "event_data": {
            "CommandLine": "\"C:\\Windows\\system32\\wermgr.exe\" \"-outproc\" \"0\" \"76\" \"7144\" \"7604\" \"7676\" \"0\" \"0\" \"0\" \"0\" \"0\" \"0\" \"0\" \"0\" ",
            "MandatoryLabel": "S-1-16-16384",
            "NewProcessId": "0x185c",
            "NewProcessName": "C:\\Windows\\System32\\wermgr.exe",
            "ParentProcessName": "C:\\Windows\\System32\\svchost.exe",
            "ProcessId": "0x4c",
            "SubjectDomainName": "GIACOBEVILLE",
            "SubjectLogonId": "0x3e7",
            "SubjectUserName": "DC$",
            "SubjectUserSid": "S-1-5-18",
            "TargetDomainName": "-",
            "TargetLogonId": "0x0",
            "TargetUserName": "-",
            "TargetUserSid": "S-1-0-0",
            "TokenElevationType": "%%1936"
          },
          "event_id": 4688,
          "keywords": [
            "Audit Success"
          ],
          "level": "Information",
          "log_name": "Security",
          "message": "A new process has been created.\n\nCreator Subject:\n\tSecurity ID:\t\tS-1-5-18\n\tAccount Name:\t\tDC$\n\tAccount Domain:\t\tGIACOBEVILLE\n\tLogon ID:\t\t0x3E7\n\nTarget Subject:\n\tSecurity ID:\t\tS-1-0-0\n\tAccount Name:\t\t-\n\tAccount Domain:\t\t-\n\tLogon ID:\t\t0x0\n\nProcess Information:\n\tNew Process ID:\t\t0x185c\n\tNew Process Name:\tC:\\Windows\\System32\\wermgr.exe\n\tToken Elevation Type:\t%%1936\n\tMandatory Label:\t\tS-1-16-16384\n\tCreator Process ID:\t0x4c\n\tCreator Process Name:\tC:\\Windows\\System32\\svchost.exe\n\tProcess Command Line:\t\"C:\\Windows\\system32\\wermgr.exe\" \"-outproc\" \"0\" \"76\" \"7144\" \"7604\" \"7676\" \"0\" \"0\" \"0\" \"0\" \"0\" \"0\" \"0\" \"0\" \n\nToken Elevation Type indicates the type of token that was assigned to the new process in accordance with User Account Control policy.\n\nType 1 is a full token with no privileges removed or groups disabled.  A full token is only used if User Account Control is disabled or if the user is the built-in Administrator account or a service account.\n\nType 2 is an elevated token with no privileges removed or groups disabled.  An elevated token is used when User Account Control is enabled and the user chooses to start the program using Run as administrator.  An elevated token is also used when an application is configured to always require administrative privilege or to always require maximum privilege, and the user is a member of the Administrators group.\n\nType 3 is a limited token with administrative privileges removed and administrative groups disabled.  The limited token is used when User Account Control is enabled, the application does not require administrative privilege, and the user does not choose to start the program using Run as administrator.",
          "opcode": "Info",
          "process_id": 4,
          "provider_guid": "{54849625-5478-4994-A5BA-3E3B0328C30D}",
          "record_number": "539836",
          "source_name": "Microsoft-Windows-Security-Auditing",
          "task": "Process Creation",
          "thread_id": 340,
          "type": "wineventlog",
          "version": 2
        },
        "fields": {
          "@timestamp": [
            1583264029548
          ]
        },
        "sort": [
          1583264029548
        ]
      },
      {
        "_index": "winlogbeat-2020.03.03",
        "_type": "wineventlog",
        "_id": "AXCh6BRdn_lBW985KyX-",
        "_version": 1,
        "_score": null,
        "_source": {
          "@timestamp": "2020-03-03T19:33:49.536Z",
          "beat": {
            "hostname": "DC",
            "name": "server",
            "version": "5.4.0"
          },
          "computer_name": "DC.Giacobeville.com",
          "event_data": {
            "errorCode": "0x8024402c",
            "serviceGuid": "{9482F4B4-E343-43B6-B170-9A65BC822C77}"
          },
          "event_id": 25,
          "keywords": [
            "Check for Updates",
            "Failure"
          ],
          "level": "Error",
          "log_name": "Microsoft-Windows-WindowsUpdateClient/Operational",
          "message": "Windows Update failed to check for updates with error 0x8024402C.",
          "opcode": "Check for Updates",
          "process_id": 76,
          "provider_guid": "{945A8954-C147-4ACD-923F-40C45405A658}",
          "record_number": "242",
          "source_name": "Microsoft-Windows-WindowsUpdateClient",
          "task": "Windows Update Agent",
          "thread_id": 6432,
          "type": "wineventlog",
          "user": {
            "domain": "NT AUTHORITY",
            "identifier": "S-1-5-18",
            "name": "SYSTEM",
            "type": "User"
          },
          "version": 1
        },
        "fields": {
          "@timestamp": [
            1583264029536
          ]
        },
        "sort": [
          1583264029536
        ]
      },
      {
        "_index": "winlogbeat-2020.03.03",
        "_type": "wineventlog",
        "_id": "AXCh6AfKn_lBW985KyX5",
        "_version": 1,
        "_score": null,
        "_source": {
          "@timestamp": "2020-03-03T19:33:46.264Z",
          "beat": {
            "hostname": "DC",
            "name": "server",
            "version": "5.4.0"
          },
          "computer_name": "DC.Giacobeville.com",
          "event_data": {
            "ErrorCode": "2147780713",
            "FunctionName": "WLIDCreateContext"
          },
          "event_id": 6113,
          "keywords": [
            "Error",
            "Operational",
            "wlidsvc",
            "RPC"
          ],
          "level": "Error",
          "log_name": "Microsoft-Windows-LiveId/Operational",
          "message": "RPC call to function WLIDCreateContext returned the following error code: 0x80048869.",
          "opcode": "Info",
          "process_id": 76,
          "provider_guid": "{05F02597-FE85-4E67-8542-69567AB8FD4F}",
          "record_number": "59063",
          "source_name": "Microsoft-Windows-LiveId",
          "thread_id": 1536,
          "type": "wineventlog",
          "user": {
            "domain": "NT AUTHORITY",
            "identifier": "S-1-5-18",
            "name": "SYSTEM",
            "type": "User"
          }
        },
        "fields": {
          "@timestamp": [
            1583264026264
          ]
        },
        "sort": [
          1583264026264
        ]
      },
      {
        "_index": "winlogbeat-2020.03.03",
        "_type": "wineventlog",
        "_id": "AXCh6AfKn_lBW985KyX6",
        "_version": 1,
        "_score": null,
        "_source": {
          "@timestamp": "2020-03-03T19:33:46.264Z",
          "activity_id": "{C1F4B524-F190-0003-DBBE-F4C190F1D501}",
          "beat": {
            "hostname": "DC",
            "name": "server",
            "version": "5.4.0"
          },
          "computer_name": "DC.Giacobeville.com",
          "event_data": {
            "ErrorCode": "-2147186583",
            "FunctionName": "Windows::Internal::Security::WebAuthentication::UserHostAuthenticationOperation::SetupIdentityHandle"
          },
          "event_id": 2028,
          "keywords": [
            "Telemetry trigger events",
            "Error"
          ],
          "level": "Error",
          "log_name": "Microsoft-Windows-LiveId/Operational",
          "message": "ErrorVerifier in function Windows::Internal::Security::WebAuthentication::UserHostAuthenticationOperation::SetupIdentityHandle encountered unexpected error code (Unknown HResult Error code: 0x80048869).",
          "opcode": "Info",
          "process_id": 2284,
          "provider_guid": "{05F02597-FE85-4E67-8542-69567AB8FD4F}",
          "record_number": "59064",
          "source_name": "Microsoft-Windows-LiveId",
          "thread_id": 6408,
          "type": "wineventlog",
          "user": {
            "domain": "NT AUTHORITY",
            "identifier": "S-1-5-18",
            "name": "SYSTEM",
            "type": "User"
          }
        },
        "fields": {
          "@timestamp": [
            1583264026264
          ]
        },
        "sort": [
          1583264026264
        ]
      },
      {
        "_index": "winlogbeat-2020.03.03",
        "_type": "wineventlog",
        "_id": "AXCh6AfKn_lBW985KyX4",
        "_version": 1,
        "_score": null,
        "_source": {
          "@timestamp": "2020-03-03T19:33:46.263Z",
          "beat": {
            "hostname": "DC",
            "name": "server",
            "version": "5.4.0"
          },
          "computer_name": "DC.Giacobeville.com",
          "event_data": {
            "Value": "<DeviceAddRequest><ClientInfo name=\"IDCRL\" version=\"1.0\"/><Authentication><Membername>*</Membername><Password>*</Password></Authentication></DeviceAddRequest>"
          },
          "event_id": 6115,
          "keywords": [
            "wlidsvc",
            "SOAP"
          ],
          "level": "Information",
          "log_name": "Microsoft-Windows-LiveId/Operational",
          "message": "## SOAP Request: <DeviceAddRequest><ClientInfo name=\"IDCRL\" version=\"1.0\"/><Authentication><Membername>*</Membername><Password>*</Password></Authentication></DeviceAddRequest>",
          "opcode": "Info",
          "process_id": 76,
          "provider_guid": "{05F02597-FE85-4E67-8542-69567AB8FD4F}",
          "record_number": "59062",
          "source_name": "Microsoft-Windows-LiveId",
          "thread_id": 1536,
          "type": "wineventlog",
          "user": {
            "domain": "NT AUTHORITY",
            "identifier": "S-1-5-18",
            "name": "SYSTEM",
            "type": "User"
          }
        },
        "fields": {
          "@timestamp": [
            1583264026263
          ]
        },
        "sort": [
          1583264026263
        ]
      },
      {
        "_index": "winlogbeat-2020.03.03",
        "_type": "wineventlog",
        "_id": "AXCh6AfKn_lBW985KyX3",
        "_version": 1,
        "_score": null,
        "_source": {
          "@timestamp": "2020-03-03T19:33:46.261Z",
          "beat": {
            "hostname": "DC",
            "name": "server",
            "version": "5.4.0"
          },
          "computer_name": "DC.Giacobeville.com",
          "event_data": {
            "Value": "<DeviceAddRequest><ClientInfo name=\"IDCRL\" version=\"1.0\"/><Authentication><Membername>*</Membername><Password>*</Password></Authentication><DeviceInfo Id=\"DeviceInfo\"><Component name=\"4131\">*</Component><Component name=\"4112\">*</Component><Component name=\"4113\">*</Component><Component name=\"4097\">*</Component><Component name=\"4098\">*</Component><Component name=\"4099\">*</Component><Component name=\"4100\">*</Component><Component name=\"4101\">*</Component><Component name=\"4102\">*</Component><Component name=\"8195\">*</Component><Component name=\"8196\">*</Component><Component name=\"4144\">*</Component><Component name=\"4145\">*</Component><TPMInfo><KeyValue><RSAKeyValue><Modulus>*</Modulus><Exponent>*</Exponent></RSAKeyValue><KeyType>*</KeyType></KeyValue></TPMInfo></DeviceInfo></DeviceAddRequest>"
          },
          "event_id": 6115,
          "keywords": [
            "wlidsvc",
            "SOAP"
          ],
          "level": "Information",
          "log_name": "Microsoft-Windows-LiveId/Operational",
          "message": "## SOAP Request: <DeviceAddRequest><ClientInfo name=\"IDCRL\" version=\"1.0\"/><Authentication><Membername>*</Membername><Password>*</Password></Authentication><DeviceInfo Id=\"DeviceInfo\"><Component name=\"4131\">*</Component><Component name=\"4112\">*</Component><Component name=\"4113\">*</Component><Component name=\"4097\">*</Component><Component name=\"4098\">*</Component><Component name=\"4099\">*</Component><Component name=\"4100\">*</Component><Component name=\"4101\">*</Component><Component name=\"4102\">*</Component><Component name=\"8195\">*</Component><Component name=\"8196\">*</Component><Component name=\"4144\">*</Component><Component name=\"4145\">*</Component><TPMInfo><KeyValue><RSAKeyValue><Modulus>*</Modulus><Exponent>*</Exponent></RSAKeyValue><KeyType>*</KeyType></KeyValue></TPMInfo></DeviceInfo></DeviceAddRequest>",
          "opcode": "Info",
          "process_id": 76,
          "provider_guid": "{05F02597-FE85-4E67-8542-69567AB8FD4F}",
          "record_number": "59061",
          "source_name": "Microsoft-Windows-LiveId",
          "thread_id": 1536,
          "type": "wineventlog",
          "user": {
            "domain": "NT AUTHORITY",
            "identifier": "S-1-5-18",
            "name": "SYSTEM",
            "type": "User"
          }
        },
        "fields": {
          "@timestamp": [
            1583264026261
          ]
        },
        "sort": [
          1583264026261
        ]
      },
      {
        "_index": "winlogbeat-2020.03.03",
        "_type": "wineventlog",
        "_id": "AXCh6AGBn_lBW985KyX1",
        "_version": 1,
        "_score": null,
        "_source": {
          "@timestamp": "2020-03-03T19:33:44.681Z",
          "beat": {
            "hostname": "DC",
            "name": "server",
            "version": "5.4.0"
          },
          "computer_name": "DC.Giacobeville.com",
          "event_data": {
            "CreationUtcTime": "2020-03-03 19:33:44.680",
            "Image": "C:\\Program Files\\Windows Defender\\MpCmdRun.exe",
            "ProcessGuid": "{825D88E6-B087-5E5E-0000-0010A83F0B00}",
            "ProcessId": "7976",
            "RuleName": "EXE",
            "TargetFilename": "C:\\Windows\\SERVIC~2\\NETWOR~1\\AppData\\Local\\Temp\\mpam-81bd4a14.exe",
            "UtcTime": "2020-03-03 19:33:44.680"
          },
          "event_id": 11,
          "level": "Information",
          "log_name": "Microsoft-Windows-Sysmon/Operational",
          "message": "File created:\nRuleName: EXE\nUtcTime: 2020-03-03 19:33:44.680\nProcessGuid: {825D88E6-B087-5E5E-0000-0010A83F0B00}\nProcessId: 7976\nImage: C:\\Program Files\\Windows Defender\\MpCmdRun.exe\nTargetFilename: C:\\Windows\\SERVIC~2\\NETWOR~1\\AppData\\Local\\Temp\\mpam-81bd4a14.exe\nCreationUtcTime: 2020-03-03 19:33:44.680",
          "opcode": "Info",
          "process_id": 2432,
          "provider_guid": "{5770385F-C22A-43E0-BF4C-06F5698FFBD9}",
          "record_number": "6770",
          "source_name": "Microsoft-Windows-Sysmon",
          "task": "File created (rule: FileCreate)",
          "thread_id": 3264,
          "type": "wineventlog",
          "user": {
            "domain": "NT AUTHORITY",
            "identifier": "S-1-5-18",
            "name": "SYSTEM",
            "type": "User"
          },
          "version": 2
        },
        "fields": {
          "@timestamp": [
            1583264024681
          ]
        },
        "sort": [
          1583264024681
        ]
      },
      {
        "_index": "winlogbeat-2020.03.03",
        "_type": "wineventlog",
        "_id": "AXCh6AJIn_lBW985KyX2",
        "_version": 1,
        "_score": null,
        "_source": {
          "@timestamp": "2020-03-03T19:33:44.596Z",
          "beat": {
            "hostname": "DC",
            "name": "server",
            "version": "5.4.0"
          },
          "computer_name": "DC.Giacobeville.com",
          "event_data": {
            "Domain": "NT AUTHORITY",
            "Error Code": "0x8024402c",
            "Error Description": "An unexpected problem occurred while checking for updates. For information on installing or troubleshooting updates, see Help and Support. ",
            "Previous Engine Version": "1.1.12805.0",
            "Previous Signature Version": "1.221.14.0",
            "Product Name": "%%827",
            "Product Version": "4.10.14393.1794",
            "SID": "S-1-5-18",
            "Signature Type": "%%800",
            "Signature Type Index": "1",
            "Source Path": "http://www.microsoft.com",
            "Update Source": "%%859",
            "Update Source Index": "7",
            "Update State": "%%852",
            "Update State Index": "1",
            "Update Type": "%%803",
            "Update Type Index": "1",
            "User": "SYSTEM"
          },
          "event_id": 2001,
          "level": "Error",
          "log_name": "Microsoft-Windows-Windows Defender/Operational",
          "message": "Windows Defender has encountered an error trying to update signatures.\n \tNew Signature Version: \n \tPrevious Signature Version: 1.221.14.0\n \tUpdate Source: Microsoft Update Server\n \tSignature Type: AntiVirus\n \tUpdate Type: Full\n \tUser: NT AUTHORITY\\SYSTEM\n \tCurrent Engine Version: \n \tPrevious Engine Version: 1.1.12805.0\n \tError code: 0x8024402c\n \tError description: An unexpected problem occurred while checking for updates. For information on installing or troubleshooting updates, see Help and Support. ",
          "opcode": "Info",
          "process_id": 2412,
          "provider_guid": "{11CD958A-C507-4EF3-B3F2-5FD9DFBD2C78}",
          "record_number": "307",
          "source_name": "Microsoft-Windows-Windows Defender",
          "thread_id": 6256,
          "type": "wineventlog",
          "user": {
            "domain": "NT AUTHORITY",
            "identifier": "S-1-5-18",
            "name": "SYSTEM",
            "type": "User"
          }
        },
        "fields": {
          "@timestamp": [
            1583264024596
          ]
        },
        "sort": [
          1583264024596
        ]
      },
