      {
        "_index": "winlogbeat-2020.03.03",
        "_type": "wineventlog",
        "_id": "AXCh7PjLn_lBW985Kyb7",
        "_version": 1,
        "_score": null,
        "_source": {
          "@timestamp": "2020-03-03T19:39:09.881Z",
          "beat": {
            "hostname": "DC",
            "name": "server",
            "version": "5.4.0"
          },
          "computer_name": "DC.Giacobeville.com",
          "event_id": 1009,
          "keywords": [
            "Audit Failure"
          ],
          "level": "Error",
          "log_name": "Microsoft-Windows-SMBServer/Security",
          "message": "The server denied anonymous access to the client.\n\nClient Name: \\\\192.168.100.18\n Client Address: 192.168.100.18:49209\nSession ID: 0x540000000055\n\nGuidance:\n\nYou should expect this error when a client attempts to connect to shares and does not provide any credentials. This indicates that the client is not providing a user name (and domain credentials, if necessary). By default, Windows Server denies anonymous access to shares.\n\nThis error does not always indicate a problem with authorization, but mainly authentication. It is more common with non-Windows clients.",
          "opcode": "Info",
          "process_id": 4,
          "provider_guid": "{D48CE617-33A2-4BC3-A5C7-11AA4F29619E}",
          "record_number": "14283",
          "source_name": "Microsoft-Windows-SMBServer",
          "thread_id": 2160,
          "type": "wineventlog",
          "user": {
            "domain": "NT AUTHORITY",
            "identifier": "S-1-5-18",
            "name": "SYSTEM",
            "type": "User"
          },
          "user_data": {
            "ClientAddress": "0200C039C0A8641200000000000000000000FFFFC0A864120000000000000000000000000000000000000000000000000000000000000000000000000000000000000000000000000000000000000000000000000000000000000000000000000000000000000000000000000000000000000000000000000000000000000000",
            "ClientAddressLength": "128",
            "ClientName": "\\\\192.168.100.18",
            "ClientNameLength": "16",
            "ConnectionGUID": "{C1F4B524-F190-0001-71C1-F4C190F1D501}",
            "SessionGUID": "{C1F4B524-F190-0000-0AC2-F4C190F1D501}",
            "SessionID": "0x540000000055",
            "xml_name": "EventData"
          }
        },
        "fields": {
          "@timestamp": [
            1583264349881
          ]
        },
        "sort": [
          1583264349881
        ]
      },
      {
        "_index": "winlogbeat-2020.03.03",
        "_type": "wineventlog",
        "_id": "AXCh7PjLn_lBW985Kyb6",
        "_version": 1,
        "_score": null,
        "_source": {
          "@timestamp": "2020-03-03T19:39:09.848Z",
          "beat": {
            "hostname": "DC",
            "name": "server",
            "version": "5.4.0"
          },
          "computer_name": "DC.Giacobeville.com",
          "event_id": 551,
          "keywords": [
            "Audit Failure"
          ],
          "level": "Error",
          "log_name": "Microsoft-Windows-SMBServer/Security",
          "message": "SMB Session Authentication Failure\n\nClient Name: \\\\192.168.100.18\nClient Address: 192.168.100.18:49207\nUser Name: NT AUTHORITY\\ANONYMOUS LOGON\nSession ID: 0x540000000051\nStatus: {Access Denied}\nA process has requested access to an object, but has not been granted those access rights. (0xC0000022)\nSPN: session setup failed before the SPN could be queried\nSPN Validation Policy: SPN optional / no validation\n\nGuidance:\n\nYou should expect this error when attempting to connect to shares using incorrect credentials.\n\nThis error does not always indicate a problem with authorization, but mainly authentication. It is more common with non-Windows clients.\n\nThis error can occur when using incorrect usernames and passwords with NTLM, mismatched LmCompatibility settings between client and server, an incorrect service principal name, duplicate Kerberos service principal names, incorrect Kerberos ticket-granting service tickets, or Guest accounts without Guest access enabled",
          "opcode": "Info",
          "process_id": 4,
          "provider_guid": "{D48CE617-33A2-4BC3-A5C7-11AA4F29619E}",
          "record_number": "14282",
          "source_name": "Microsoft-Windows-SMBServer",
          "thread_id": 7300,
          "type": "wineventlog",
          "user": {
            "domain": "NT AUTHORITY",
            "identifier": "S-1-5-18",
            "name": "SYSTEM",
            "type": "User"
          },
          "user_data": {
            "ClientAddress": "0200C037C0A8641200000000000000000000FFFFC0A864120000000000000000000000000000000000000000000000000000000000000000000000000000000000000000000000000000000000000000000000000000000000000000000000000000000000000000000000000000000000000000000000000000000000000000",
            "ClientAddressLength": "128",
            "ClientName": "\\\\192.168.100.18",
            "ClientNameLength": "16",
            "ConnectionGUID": "{C1F4B524-F190-0001-6FC1-F4C190F1D501}",
            "SPN": "session setup failed before the SPN could be queried",
            "SPNValidationPolicy": "0",
            "SessionGUID": "{C1F4B524-F190-0000-09C2-F4C190F1D501}",
            "SessionId": "0x540000000051",
            "Status": "0xc0000022",
            "TranslatedStatus": "0xc0000022",
            "UserName": "NT AUTHORITY\\ANONYMOUS LOGON",
            "UserNameLength": "28",
            "xml_name": "EventData"
          },
          "version": 2
        },
        "fields": {
          "@timestamp": [
            1583264349848
          ]
        },
        "sort": [
          1583264349848
        ]
      },
      {
        "_index": "winlogbeat-2020.03.03",
        "_type": "wineventlog",
        "_id": "AXCh7PjLn_lBW985Kyb5",
        "_version": 1,
        "_score": null,
        "_source": {
          "@timestamp": "2020-03-03T19:39:09.848Z",
          "beat": {
            "hostname": "DC",
            "name": "server",
            "version": "5.4.0"
          },
          "computer_name": "DC.Giacobeville.com",
          "event_id": 1009,
          "keywords": [
            "Audit Failure"
          ],
          "level": "Error",
          "log_name": "Microsoft-Windows-SMBServer/Security",
          "message": "The server denied anonymous access to the client.\n\nClient Name: \\\\192.168.100.18\n Client Address: 192.168.100.18:49207\nSession ID: 0x540000000051\n\nGuidance:\n\nYou should expect this error when a client attempts to connect to shares and does not provide any credentials. This indicates that the client is not providing a user name (and domain credentials, if necessary). By default, Windows Server denies anonymous access to shares.\n\nThis error does not always indicate a problem with authorization, but mainly authentication. It is more common with non-Windows clients.",
          "opcode": "Info",
          "process_id": 4,
          "provider_guid": "{D48CE617-33A2-4BC3-A5C7-11AA4F29619E}",
          "record_number": "14281",
          "source_name": "Microsoft-Windows-SMBServer",
          "thread_id": 7300,
          "type": "wineventlog",
          "user": {
            "domain": "NT AUTHORITY",
            "identifier": "S-1-5-18",
            "name": "SYSTEM",
            "type": "User"
          },
          "user_data": {
            "ClientAddress": "0200C037C0A8641200000000000000000000FFFFC0A864120000000000000000000000000000000000000000000000000000000000000000000000000000000000000000000000000000000000000000000000000000000000000000000000000000000000000000000000000000000000000000000000000000000000000000",
            "ClientAddressLength": "128",
            "ClientName": "\\\\192.168.100.18",
            "ClientNameLength": "16",
            "ConnectionGUID": "{C1F4B524-F190-0001-6FC1-F4C190F1D501}",
            "SessionGUID": "{C1F4B524-F190-0000-09C2-F4C190F1D501}",
            "SessionID": "0x540000000051",
            "xml_name": "EventData"
          }
        },
        "fields": {
          "@timestamp": [
            1583264349848
          ]
        },
        "sort": [
          1583264349848
        ]
      },
      {
        "_index": "winlogbeat-2020.03.03",
        "_type": "wineventlog",
        "_id": "AXCh7PkOn_lBW985Kyb-",
        "_version": 1,
        "_score": null,
        "_source": {
          "@timestamp": "2020-03-03T19:39:09.836Z",
          "beat": {
            "hostname": "DC",
            "name": "server",
            "version": "5.4.0"
          },
          "computer_name": "DC.Giacobeville.com",
          "event_data": {
            "AccessList": "%%1538\n\t\t\t\t%%1541\n\t\t\t\t%%4416\n\t\t\t\t%%4417\n\t\t\t\t%%4418\n\t\t\t\t%%4419\n\t\t\t\t%%4420\n\t\t\t\t%%4423\n\t\t\t\t%%4424\n\t\t\t\t",
            "AccessMask": "0x12019f",
            "AccessReason": "-",
            "IpAddress": "192.168.100.18",
            "IpPort": "49206",
            "ObjectType": "File",
            "RelativeTargetName": "browser",
            "ShareName": "\\\\*\\IPC$",
            "SubjectDomainName": "GIACOBEVILLE",
            "SubjectLogonId": "0xe173c",
            "SubjectUserName": "TAXOFFICE$",
            "SubjectUserSid": "S-1-5-21-1271178117-3594940576-1158983498-1107"
          },
          "event_id": 5145,
          "keywords": [
            "Audit Success"
          ],
          "level": "Information",
          "log_name": "Security",
          "message": "A network share object was checked to see whether client can be granted desired access.\n\t\nSubject:\n\tSecurity ID:\t\tS-1-5-21-1271178117-3594940576-1158983498-1107\n\tAccount Name:\t\tTAXOFFICE$\n\tAccount Domain:\t\tGIACOBEVILLE\n\tLogon ID:\t\t0xE173C\n\nNetwork Information:\t\n\tObject Type:\t\tFile\n\tSource Address:\t\t192.168.100.18\n\tSource Port:\t\t49206\n\t\nShare Information:\n\tShare Name:\t\t\\\\*\\IPC$\n\tShare Path:\t\t\n\tRelative Target Name:\tbrowser\n\nAccess Request Information:\n\tAccess Mask:\t\t0x12019F\n\tAccesses:\t\tREAD_CONTROL\n\t\t\t\tSYNCHRONIZE\n\t\t\t\tReadData (or ListDirectory)\n\t\t\t\tWriteData (or AddFile)\n\t\t\t\tAppendData (or AddSubdirectory or CreatePipeInstance)\n\t\t\t\tReadEA\n\t\t\t\tWriteEA\n\t\t\t\tReadAttributes\n\t\t\t\tWriteAttributes\n\t\t\t\t\nAccess Check Results:\n\t-",
          "opcode": "Info",
          "process_id": 4,
          "provider_guid": "{54849625-5478-4994-A5BA-3E3B0328C30D}",
          "record_number": "539858",
          "source_name": "Microsoft-Windows-Security-Auditing",
          "task": "Detailed File Share",
          "thread_id": 332,
          "type": "wineventlog"
        },
        "fields": {
          "@timestamp": [
            1583264349836
          ]
        },
        "sort": [
          1583264349836
        ]
      },
      {
        "_index": "winlogbeat-2020.03.03",
        "_type": "wineventlog",
        "_id": "AXCh7PkOn_lBW985Kyb9",
        "_version": 1,
        "_score": null,
        "_source": {
          "@timestamp": "2020-03-03T19:39:09.721Z",
          "beat": {
            "hostname": "DC",
            "name": "server",
            "version": "5.4.0"
          },
          "computer_name": "DC.Giacobeville.com",
          "event_data": {
            "AccessList": "%%1538\n\t\t\t\t%%1541\n\t\t\t\t%%4416\n\t\t\t\t%%4417\n\t\t\t\t%%4418\n\t\t\t\t%%4419\n\t\t\t\t%%4420\n\t\t\t\t%%4423\n\t\t\t\t%%4424\n\t\t\t\t",
            "AccessMask": "0x12019f",
            "AccessReason": "-",
            "IpAddress": "192.168.100.18",
            "IpPort": "49206",
            "ObjectType": "File",
            "RelativeTargetName": "browser",
            "ShareName": "\\\\*\\IPC$",
            "SubjectDomainName": "GIACOBEVILLE",
            "SubjectLogonId": "0xe173c",
            "SubjectUserName": "TAXOFFICE$",
            "SubjectUserSid": "S-1-5-21-1271178117-3594940576-1158983498-1107"
          },
          "event_id": 5145,
          "keywords": [
            "Audit Success"
          ],
          "level": "Information",
          "log_name": "Security",
          "message": "A network share object was checked to see whether client can be granted desired access.\n\t\nSubject:\n\tSecurity ID:\t\tS-1-5-21-1271178117-3594940576-1158983498-1107\n\tAccount Name:\t\tTAXOFFICE$\n\tAccount Domain:\t\tGIACOBEVILLE\n\tLogon ID:\t\t0xE173C\n\nNetwork Information:\t\n\tObject Type:\t\tFile\n\tSource Address:\t\t192.168.100.18\n\tSource Port:\t\t49206\n\t\nShare Information:\n\tShare Name:\t\t\\\\*\\IPC$\n\tShare Path:\t\t\n\tRelative Target Name:\tbrowser\n\nAccess Request Information:\n\tAccess Mask:\t\t0x12019F\n\tAccesses:\t\tREAD_CONTROL\n\t\t\t\tSYNCHRONIZE\n\t\t\t\tReadData (or ListDirectory)\n\t\t\t\tWriteData (or AddFile)\n\t\t\t\tAppendData (or AddSubdirectory or CreatePipeInstance)\n\t\t\t\tReadEA\n\t\t\t\tWriteEA\n\t\t\t\tReadAttributes\n\t\t\t\tWriteAttributes\n\t\t\t\t\nAccess Check Results:\n\t-",
          "opcode": "Info",
          "process_id": 4,
          "provider_guid": "{54849625-5478-4994-A5BA-3E3B0328C30D}",
          "record_number": "539857",
          "source_name": "Microsoft-Windows-Security-Auditing",
          "task": "Detailed File Share",
          "thread_id": 332,
          "type": "wineventlog"
        },
        "fields": {
          "@timestamp": [
            1583264349721
          ]
        },
        "sort": [
          1583264349721
        ]
      },
      {
        "_index": "winlogbeat-2020.03.03",
        "_type": "wineventlog",
        "_id": "AXCh7OLnn_lBW985Kyb4",
        "_version": 1,
        "_score": null,
        "_source": {
          "@timestamp": "2020-03-03T19:39:04.346Z",
          "beat": {
            "hostname": "DC",
            "name": "server",
            "version": "5.4.0"
          },
          "computer_name": "DC.Giacobeville.com",
          "event_data": {
            "VolumeGuid": "{E8A05CFB-01EA-11EA-8B75-806E6F6E6963}",
            "VolumeName": "A:",
            "VolumeNameLength": "2"
          },
          "event_id": 2,
          "level": "Information",
          "log_name": "Microsoft-Windows-Kernel-IO/Operational",
          "message": "The volume has been successfully mounted.\n\n           Volume GUID: {E8A05CFB-01EA-11EA-8B75-806E6F6E6963}\n           Volume Name: A:",
          "opcode": "Stop",
          "process_id": 2476,
          "provider_guid": "{ABF1F586-2E50-4BA8-928D-49044E6F0DB7}",
          "record_number": "189121",
          "source_name": "Microsoft-Windows-Kernel-IO",
          "thread_id": 2932,
          "type": "wineventlog",
          "user": {
            "domain": "NT AUTHORITY",
            "identifier": "S-1-5-18",
            "name": "SYSTEM",
            "type": "User"
          }
        },
        "fields": {
          "@timestamp": [
            1583264344346
          ]
        },
        "sort": [
          1583264344346
        ]
      },
      {
        "_index": "winlogbeat-2020.03.03",
        "_type": "wineventlog",
        "_id": "AXCh7N7sn_lBW985Kyb3",
        "_version": 1,
        "_score": null,
        "_source": {
          "@timestamp": "2020-03-03T19:39:03.324Z",
          "beat": {
            "hostname": "DC",
            "name": "server",
            "version": "5.4.0"
          },
          "computer_name": "DC.Giacobeville.com",
          "event_data": {
            "VolumeGuid": "{E8A05CFB-01EA-11EA-8B75-806E6F6E6963}",
            "VolumeName": "A:",
            "VolumeNameLength": "2"
          },
          "event_id": 1,
          "level": "Information",
          "log_name": "Microsoft-Windows-Kernel-IO/Operational",
          "message": "Windows has started processing the volume mount request.\n\n           Volume GUID: {E8A05CFB-01EA-11EA-8B75-806E6F6E6963}\n           Volume Name: A:",
          "opcode": "Start",
          "process_id": 2476,
          "provider_guid": "{ABF1F586-2E50-4BA8-928D-49044E6F0DB7}",
          "record_number": "189120",
          "source_name": "Microsoft-Windows-Kernel-IO",
          "thread_id": 2932,
          "type": "wineventlog",
          "user": {
            "domain": "NT AUTHORITY",
            "identifier": "S-1-5-18",
            "name": "SYSTEM",
            "type": "User"
          }
        },
        "fields": {
          "@timestamp": [
            1583264343324
          ]
        },
        "sort": [
          1583264343324
        ]
      },
      {
        "_index": "winlogbeat-2020.03.03",
        "_type": "wineventlog",
        "_id": "AXCh7GmXn_lBW985Kyb2",
        "_version": 1,
        "_score": null,
        "_source": {
          "@timestamp": "2020-03-03T19:38:34.346Z",
          "beat": {
            "hostname": "DC",
            "name": "server",
            "version": "5.4.0"
          },
          "computer_name": "DC.Giacobeville.com",
          "event_data": {
            "VolumeGuid": "{E8A05CFB-01EA-11EA-8B75-806E6F6E6963}",
            "VolumeName": "A:",
            "VolumeNameLength": "2"
          },
          "event_id": 2,
          "level": "Information",
          "log_name": "Microsoft-Windows-Kernel-IO/Operational",
          "message": "The volume has been successfully mounted.\n\n           Volume GUID: {E8A05CFB-01EA-11EA-8B75-806E6F6E6963}\n           Volume Name: A:",
          "opcode": "Stop",
          "process_id": 2476,
          "provider_guid": "{ABF1F586-2E50-4BA8-928D-49044E6F0DB7}",
          "record_number": "189119",
          "source_name": "Microsoft-Windows-Kernel-IO",
          "thread_id": 2932,
          "type": "wineventlog",
          "user": {
            "domain": "NT AUTHORITY",
            "identifier": "S-1-5-18",
            "name": "SYSTEM",
            "type": "User"
          }
        },
        "fields": {
          "@timestamp": [
            1583264314346
          ]
        },
        "sort": [
          1583264314346
        ]
      },
      {
        "_index": "winlogbeat-2020.03.03",
        "_type": "wineventlog",
        "_id": "AXCh7GmXn_lBW985Kyb1",
        "_version": 1,
        "_score": null,
        "_source": {
          "@timestamp": "2020-03-03T19:38:33.324Z",
          "beat": {
            "hostname": "DC",
            "name": "server",
            "version": "5.4.0"
          },
          "computer_name": "DC.Giacobeville.com",
          "event_data": {
            "VolumeGuid": "{E8A05CFB-01EA-11EA-8B75-806E6F6E6963}",
            "VolumeName": "A:",
            "VolumeNameLength": "2"
          },
          "event_id": 1,
          "level": "Information",
          "log_name": "Microsoft-Windows-Kernel-IO/Operational",
          "message": "Windows has started processing the volume mount request.\n\n           Volume GUID: {E8A05CFB-01EA-11EA-8B75-806E6F6E6963}\n           Volume Name: A:",
          "opcode": "Start",
          "process_id": 2476,
          "provider_guid": "{ABF1F586-2E50-4BA8-928D-49044E6F0DB7}",
          "record_number": "189118",
          "source_name": "Microsoft-Windows-Kernel-IO",
          "thread_id": 2932,
          "type": "wineventlog",
          "user": {
            "domain": "NT AUTHORITY",
            "identifier": "S-1-5-18",
            "name": "SYSTEM",
            "type": "User"
          }
        },
        "fields": {
          "@timestamp": [
            1583264313324
          ]
        },
        "sort": [
          1583264313324
        ]
      },
      {
        "_index": "winlogbeat-2020.03.03",
        "_type": "wineventlog",
        "_id": "AXCh7DoXn_lBW985Kyb0",
        "_version": 1,
        "_score": null,
        "_source": {
          "@timestamp": "2020-03-03T19:38:21.186Z",
          "activity_id": "{A057E488-16F3-4263-B64D-27FA0F44624E}",
          "beat": {
            "hostname": "DC",
            "name": "server",
            "version": "5.4.0"
          },
          "computer_name": "DC.Giacobeville.com",
          "event_data": {
            "InstanceId": "{A057E488-16F3-4263-B64D-27FA0F44624E}",
            "TaskName": "\\Microsoft\\Windows\\Windows Error Reporting\\QueueReporting",
            "UserContext": "NT AUTHORITY\\SYSTEM"
          },
          "event_id": 102,
          "level": "Information",
          "log_name": "Microsoft-Windows-TaskScheduler/Operational",
          "message": "Task Scheduler successfully finished \"{A057E488-16F3-4263-B64D-27FA0F44624E}\" instance of the \"\\Microsoft\\Windows\\Windows Error Reporting\\QueueReporting\" task for user \"NT AUTHORITY\\SYSTEM\".",
          "opcode": "Stop",
          "process_id": 76,
          "provider_guid": "{DE7B24EA-73C8-4A09-985D-5BDADCFA9017}",
          "record_number": "12533",
          "source_name": "Microsoft-Windows-TaskScheduler",
          "task": "Task completed",
          "thread_id": 1624,
          "type": "wineventlog",
          "user": {
            "domain": "NT AUTHORITY",
            "identifier": "S-1-5-18",
            "name": "SYSTEM",
            "type": "User"
          }
        },
        "fields": {
          "@timestamp": [
            1583264301186
          ]
        },
        "sort": [
          1583264301186
        ]
      },
      {
        "_index": "winlogbeat-2020.03.03",
        "_type": "wineventlog",
        "_id": "AXCh7DoXn_lBW985Kybz",
        "_version": 1,
        "_score": null,
        "_source": {
          "@timestamp": "2020-03-03T19:38:21.182Z",
          "activity_id": "{A057E488-16F3-4263-B64D-27FA0F44624E}",
          "beat": {
            "hostname": "DC",
            "name": "server",
            "version": "5.4.0"
          },
          "computer_name": "DC.Giacobeville.com",
          "event_data": {
            "ActionName": "%windir%\\system32\\wermgr.exe",
            "EnginePID": "396",
            "ResultCode": "0",
            "TaskInstanceId": "{A057E488-16F3-4263-B64D-27FA0F44624E}",
            "TaskName": "\\Microsoft\\Windows\\Windows Error Reporting\\QueueReporting"
          },
          "event_id": 201,
          "level": "Information",
          "log_name": "Microsoft-Windows-TaskScheduler/Operational",
          "message": "Task Scheduler successfully completed task \"\\Microsoft\\Windows\\Windows Error Reporting\\QueueReporting\" , instance \"{A057E488-16F3-4263-B64D-27FA0F44624E}\" , action \"%windir%\\system32\\wermgr.exe\" with return code 0.",
          "opcode": "Stop",
          "process_id": 76,
          "provider_guid": "{DE7B24EA-73C8-4A09-985D-5BDADCFA9017}",
          "record_number": "12532",
          "source_name": "Microsoft-Windows-TaskScheduler",
          "task": "Action completed",
          "thread_id": 1624,
          "type": "wineventlog",
          "user": {
            "domain": "NT AUTHORITY",
            "identifier": "S-1-5-18",
            "name": "SYSTEM",
            "type": "User"
          },
          "version": 2
        },
        "fields": {
          "@timestamp": [
            1583264301182
          ]
        },
        "sort": [
          1583264301182
        ]
      },
      {
        "_index": "winlogbeat-2020.03.03",
        "_type": "wineventlog",
        "_id": "AXCh7Dagn_lBW985Kyby",
        "_version": 1,
        "_score": null,
        "_source": {
          "@timestamp": "2020-03-03T19:38:21.136Z",
          "beat": {
            "hostname": "DC",
            "name": "server",
            "version": "5.4.0"
          },
          "computer_name": "DC.Giacobeville.com",
          "event_data": {
            "param10": "0",
            "param11": "0",
            "param12": "8024500b",
            "param13": "TrustedInstaller FOD",
            "param14": "{9482F4B4-E343-43B6-B170-9A65BC822C77}",
            "param15": "0",
            "param17": "C:\\ProgramData\\Microsoft\\Windows\\WER\\ReportQueue\\NonCritical_10.0.14393.1794_c189c1b5ca61634d86cf376f6ee59b177cad41_00000000_02c49c90",
            "param19": "0",
            "param2": "0",
            "param20": "87c7594b-5d86-11ea-8b86-000c290be9e1",
            "param21": "2",
            "param3": "WindowsUpdateFailure3",
            "param4": "Not available",
            "param5": "0",
            "param6": "10.0.14393.1794",
            "param7": "8024402c",
            "param8": "00000000-0000-0000-0000-000000000000",
            "param9": "Scan"
          },
          "event_id": 1001,
          "keywords": [
            "Classic"
          ],
          "level": "Information",
          "log_name": "Application",
          "message": "Fault bucket , type 0\nEvent Name: WindowsUpdateFailure3\nResponse: Not available\nCab Id: 0\n\nProblem signature:\nP1: 10.0.14393.1794\nP2: 8024402c\nP3: 00000000-0000-0000-0000-000000000000\nP4: Scan\nP5: 0\nP6: 0\nP7: 8024500b\nP8: TrustedInstaller FOD\nP9: {9482F4B4-E343-43B6-B170-9A65BC822C77}\nP10: 0\n\nAttached files:\n\nThese files may be available here:\nC:\\ProgramData\\Microsoft\\Windows\\WER\\ReportQueue\\NonCritical_10.0.14393.1794_c189c1b5ca61634d86cf376f6ee59b177cad41_00000000_02c49c90\n\nAnalysis symbol: \nRechecking for solution: 0\nReport Id: 87c7594b-5d86-11ea-8b86-000c290be9e1\nReport Status: 2\nHashed bucket: ",
          "opcode": "Info",
          "record_number": "23956",
          "source_name": "Windows Error Reporting",
          "type": "wineventlog"
        },
        "fields": {
          "@timestamp": [
            1583264301136
          ]
        },
        "sort": [
          1583264301136
        ]
      },
      {
        "_index": "winlogbeat-2020.03.03",
        "_type": "wineventlog",
        "_id": "AXCh7Dagn_lBW985Kybx",
        "_version": 1,
        "_score": null,
        "_source": {
          "@timestamp": "2020-03-03T19:38:21.093Z",
          "beat": {
            "hostname": "DC",
            "name": "server",
            "version": "5.4.0"
          },
          "computer_name": "DC.Giacobeville.com",
          "event_data": {
            "param10": "0",
            "param11": "0",
            "param12": "8024500b",
            "param13": "Windows Defender (77BDAF73-B396-481F-9042-AD358843EC24)",
            "param14": "{9482F4B4-E343-43B6-B170-9A65BC822C77}",
            "param15": "0",
            "param16": "\n\\\\?\\C:\\ProgramData\\Microsoft\\Windows\\WER\\Temp\\WER8283.tmp.WERInternalMetadata.xml",
            "param17": "C:\\ProgramData\\Microsoft\\Windows\\WER\\ReportQueue\\NonCritical_10.0.14393.1794_24e185414aea5cc9f14f719cd15386584201a_00000000_cab_185082c2",
            "param19": "0",
            "param2": "0",
            "param20": "e7926848-5d85-11ea-8b86-000c290be9e1",
            "param21": "2",
            "param3": "WindowsUpdateFailure3",
            "param4": "Not available",
            "param5": "0",
            "param6": "10.0.14393.1794",
            "param7": "8024402c",
            "param8": "00000000-0000-0000-0000-000000000000",
            "param9": "Scan"
          },
          "event_id": 1001,
          "keywords": [
            "Classic"
          ],
          "level": "Information",
          "log_name": "Application",
          "message": "Fault bucket , type 0\nEvent Name: WindowsUpdateFailure3\nResponse: Not available\nCab Id: 0\n\nProblem signature:\nP1: 10.0.14393.1794\nP2: 8024402c\nP3: 00000000-0000-0000-0000-000000000000\nP4: Scan\nP5: 0\nP6: 0\nP7: 8024500b\nP8: Windows Defender (77BDAF73-B396-481F-9042-AD358843EC24)\nP9: {9482F4B4-E343-43B6-B170-9A65BC822C77}\nP10: 0\n\nAttached files:\n\\\\?\\C:\\ProgramData\\Microsoft\\Windows\\WER\\Temp\\WER8283.tmp.WERInternalMetadata.xml\n\nThese files may be available here:\nC:\\ProgramData\\Microsoft\\Windows\\WER\\ReportQueue\\NonCritical_10.0.14393.1794_24e185414aea5cc9f14f719cd15386584201a_00000000_cab_185082c2\n\nAnalysis symbol: \nRechecking for solution: 0\nReport Id: e7926848-5d85-11ea-8b86-000c290be9e1\nReport Status: 2\nHashed bucket: ",
          "opcode": "Info",
          "record_number": "23955",
          "source_name": "Windows Error Reporting",
          "type": "wineventlog"
        },
        "fields": {
          "@timestamp": [
            1583264301093
          ]
        },
        "sort": [
          1583264301093
        ]
      },
      {
        "_index": "winlogbeat-2020.03.03",
        "_type": "wineventlog",
        "_id": "AXCh7Dagn_lBW985Kybw",
        "_version": 1,
        "_score": null,
        "_source": {
          "@timestamp": "2020-03-03T19:38:21.044Z",
          "beat": {
            "hostname": "DC",
            "name": "server",
            "version": "5.4.0"
          },
          "computer_name": "DC.Giacobeville.com",
          "event_data": {
            "param10": "0",
            "param11": "0",
            "param12": "8024500b",
            "param13": "TrustedInstaller FOD",
            "param14": "{9482F4B4-E343-43B6-B170-9A65BC822C77}",
            "param15": "0",
            "param16": "\n\\\\?\\C:\\ProgramData\\Microsoft\\Windows\\WER\\Temp\\WER294C.tmp.WERInternalMetadata.xml",
            "param17": "C:\\ProgramData\\Microsoft\\Windows\\WER\\ReportQueue\\NonCritical_10.0.14393.1794_c189c1b5ca61634d86cf376f6ee59b177cad41_00000000_cab_1b9f299a",
            "param19": "0",
            "param2": "0",
            "param20": "b2e32739-5d85-11ea-8b86-000c290be9e1",
            "param21": "2",
            "param3": "WindowsUpdateFailure3",
            "param4": "Not available",
            "param5": "0",
            "param6": "10.0.14393.1794",
            "param7": "8024402c",
            "param8": "00000000-0000-0000-0000-000000000000",
            "param9": "Scan"
          },
          "event_id": 1001,
          "keywords": [
            "Classic"
          ],
          "level": "Information",
          "log_name": "Application",
          "message": "Fault bucket , type 0\nEvent Name: WindowsUpdateFailure3\nResponse: Not available\nCab Id: 0\n\nProblem signature:\nP1: 10.0.14393.1794\nP2: 8024402c\nP3: 00000000-0000-0000-0000-000000000000\nP4: Scan\nP5: 0\nP6: 0\nP7: 8024500b\nP8: TrustedInstaller FOD\nP9: {9482F4B4-E343-43B6-B170-9A65BC822C77}\nP10: 0\n\nAttached files:\n\\\\?\\C:\\ProgramData\\Microsoft\\Windows\\WER\\Temp\\WER294C.tmp.WERInternalMetadata.xml\n\nThese files may be available here:\nC:\\ProgramData\\Microsoft\\Windows\\WER\\ReportQueue\\NonCritical_10.0.14393.1794_c189c1b5ca61634d86cf376f6ee59b177cad41_00000000_cab_1b9f299a\n\nAnalysis symbol: \nRechecking for solution: 0\nReport Id: b2e32739-5d85-11ea-8b86-000c290be9e1\nReport Status: 2\nHashed bucket: ",
          "opcode": "Info",
          "record_number": "23954",
          "source_name": "Windows Error Reporting",
          "type": "wineventlog"
        },
        "fields": {
          "@timestamp": [
            1583264301044
          ]
        },
        "sort": [
          1583264301044
        ]
      },
      {
        "_index": "winlogbeat-2020.03.03",
        "_type": "wineventlog",
        "_id": "AXCh7Dagn_lBW985Kybv",
        "_version": 1,
        "_score": null,
        "_source": {
          "@timestamp": "2020-03-03T19:38:20.997Z",
          "beat": {
            "hostname": "DC",
            "name": "server",
            "version": "5.4.0"
          },
          "computer_name": "DC.Giacobeville.com",
          "event_data": {
            "param10": "0",
            "param11": "0",
            "param12": "8024500b",
            "param13": "UpdateOrchestrator",
            "param14": "{9482F4B4-E343-43B6-B170-9A65BC822C77}",
            "param15": "0",
            "param16": "\n\\\\?\\C:\\ProgramData\\Microsoft\\Windows\\WER\\Temp\\WER3D8E.tmp.WERInternalMetadata.xml",
            "param17": "C:\\ProgramData\\Microsoft\\Windows\\WER\\ReportQueue\\NonCritical_10.0.14393.1794_0aa1bcfffba3a89dd0b26a56a540de52375382_00000000_cab_07143ddd",
            "param19": "0",
            "param2": "0",
            "param20": "40cd604c-5d85-11ea-8b86-000c290be9e1",
            "param21": "2",
            "param3": "WindowsUpdateFailure3",
            "param4": "Not available",
            "param5": "0",
            "param6": "10.0.14393.1794",
            "param7": "8024402c",
            "param8": "00000000-0000-0000-0000-000000000000",
            "param9": "Scan"
          },
          "event_id": 1001,
          "keywords": [
            "Classic"
          ],
          "level": "Information",
          "log_name": "Application",
          "message": "Fault bucket , type 0\nEvent Name: WindowsUpdateFailure3\nResponse: Not available\nCab Id: 0\n\nProblem signature:\nP1: 10.0.14393.1794\nP2: 8024402c\nP3: 00000000-0000-0000-0000-000000000000\nP4: Scan\nP5: 0\nP6: 0\nP7: 8024500b\nP8: UpdateOrchestrator\nP9: {9482F4B4-E343-43B6-B170-9A65BC822C77}\nP10: 0\n\nAttached files:\n\\\\?\\C:\\ProgramData\\Microsoft\\Windows\\WER\\Temp\\WER3D8E.tmp.WERInternalMetadata.xml\n\nThese files may be available here:\nC:\\ProgramData\\Microsoft\\Windows\\WER\\ReportQueue\\NonCritical_10.0.14393.1794_0aa1bcfffba3a89dd0b26a56a540de52375382_00000000_cab_07143ddd\n\nAnalysis symbol: \nRechecking for solution: 0\nReport Id: 40cd604c-5d85-11ea-8b86-000c290be9e1\nReport Status: 2\nHashed bucket: ",
          "opcode": "Info",
          "record_number": "23953",
          "source_name": "Windows Error Reporting",
          "type": "wineventlog"
        },
        "fields": {
          "@timestamp": [
            1583264300997
          ]
        },
        "sort": [
          1583264300997
        ]
      },
      {
        "_index": "winlogbeat-2020.03.03",
        "_type": "wineventlog",
        "_id": "AXCh7Dagn_lBW985Kybu",
        "_version": 1,
        "_score": null,
        "_source": {
          "@timestamp": "2020-03-03T19:38:20.950Z",
          "beat": {
            "hostname": "DC",
            "name": "server",
            "version": "5.4.0"
          },
          "computer_name": "DC.Giacobeville.com",
          "event_data": {
            "param10": "0",
            "param11": "0",
            "param12": "8024500b",
            "param13": "Windows Defender (77BDAF73-B396-481F-9042-AD358843EC24)",
            "param14": "{9482F4B4-E343-43B6-B170-9A65BC822C77}",
            "param15": "0",
            "param17": "C:\\ProgramData\\Microsoft\\Windows\\WER\\ReportQueue\\NonCritical_10.0.14393.1794_24e185414aea5cc9f14f719cd15386584201a_00000000_1ebebb57",
            "param19": "0",
            "param2": "0",
            "param20": "69860820-5d84-11ea-8b86-000c290be9e1",
            "param21": "2",
            "param3": "WindowsUpdateFailure3",
            "param4": "Not available",
            "param5": "0",
            "param6": "10.0.14393.1794",
            "param7": "8024402c",
            "param8": "00000000-0000-0000-0000-000000000000",
            "param9": "Scan"
          },
          "event_id": 1001,
          "keywords": [
            "Classic"
          ],
          "level": "Information",
          "log_name": "Application",
          "message": "Fault bucket , type 0\nEvent Name: WindowsUpdateFailure3\nResponse: Not available\nCab Id: 0\n\nProblem signature:\nP1: 10.0.14393.1794\nP2: 8024402c\nP3: 00000000-0000-0000-0000-000000000000\nP4: Scan\nP5: 0\nP6: 0\nP7: 8024500b\nP8: Windows Defender (77BDAF73-B396-481F-9042-AD358843EC24)\nP9: {9482F4B4-E343-43B6-B170-9A65BC822C77}\nP10: 0\n\nAttached files:\n\nThese files may be available here:\nC:\\ProgramData\\Microsoft\\Windows\\WER\\ReportQueue\\NonCritical_10.0.14393.1794_24e185414aea5cc9f14f719cd15386584201a_00000000_1ebebb57\n\nAnalysis symbol: \nRechecking for solution: 0\nReport Id: 69860820-5d84-11ea-8b86-000c290be9e1\nReport Status: 2\nHashed bucket: ",
          "opcode": "Info",
          "record_number": "23952",
          "source_name": "Windows Error Reporting",
          "type": "wineventlog"
        },
        "fields": {
          "@timestamp": [
            1583264300950
          ]
        },
        "sort": [
          1583264300950
        ]
      },
      {
        "_index": "winlogbeat-2020.03.03",
        "_type": "wineventlog",
        "_id": "AXCh7Dagn_lBW985Kybt",
        "_version": 1,
        "_score": null,
        "_source": {
          "@timestamp": "2020-03-03T19:38:20.908Z",
          "beat": {
            "hostname": "DC",
            "name": "server",
            "version": "5.4.0"
          },
          "computer_name": "DC.Giacobeville.com",
          "event_data": {
            "param10": "input.inf",
            "param11": "*",
            "param16": "\n\\\\?\\C:\\ProgramData\\Microsoft\\Windows\\WER\\Temp\\WERA386.tmp.WERInternalMetadata.xml",
            "param17": "C:\\ProgramData\\Microsoft\\Windows\\WER\\ReportQueue\\NonCritical_x64_97ce89a358ff49a55768153830f827597be98c2b_00000000_cab_004ca3c1",
            "param19": "0",
            "param2": "0",
            "param20": "15c1a002-5d84-11ea-8b86-000c290be9e1",
            "param21": "2",
            "param3": "PnPRequestAdditionalSoftware",
            "param4": "Not available",
            "param5": "0",
            "param6": "x64",
            "param7": "USB\\VID_0E0F&PID_0003&REV_0102&MI_01",
            "param8": "10.0.0.0",
            "param9": "0409"
          },
          "event_id": 1001,
          "keywords": [
            "Classic"
          ],
          "level": "Information",
          "log_name": "Application",
          "message": "Fault bucket , type 0\nEvent Name: PnPRequestAdditionalSoftware\nResponse: Not available\nCab Id: 0\n\nProblem signature:\nP1: x64\nP2: USB\\VID_0E0F&PID_0003&REV_0102&MI_01\nP3: 10.0.0.0\nP4: 0409\nP5: input.inf\nP6: *\nP7: \nP8: \nP9: \nP10: \n\nAttached files:\n\\\\?\\C:\\ProgramData\\Microsoft\\Windows\\WER\\Temp\\WERA386.tmp.WERInternalMetadata.xml\n\nThese files may be available here:\nC:\\ProgramData\\Microsoft\\Windows\\WER\\ReportQueue\\NonCritical_x64_97ce89a358ff49a55768153830f827597be98c2b_00000000_cab_004ca3c1\n\nAnalysis symbol: \nRechecking for solution: 0\nReport Id: 15c1a002-5d84-11ea-8b86-000c290be9e1\nReport Status: 2\nHashed bucket: ",
          "opcode": "Info",
          "record_number": "23951",
          "source_name": "Windows Error Reporting",
          "type": "wineventlog"
        },
        "fields": {
          "@timestamp": [
            1583264300908
          ]
        },
        "sort": [
          1583264300908
        ]
      },
      {
        "_index": "winlogbeat-2020.03.03",
        "_type": "wineventlog",
        "_id": "AXCh7Dagn_lBW985Kybs",
        "_version": 1,
        "_score": null,
        "_source": {
          "@timestamp": "2020-03-03T19:38:20.864Z",
          "beat": {
            "hostname": "DC",
            "name": "server",
            "version": "5.4.0"
          },
          "computer_name": "DC.Giacobeville.com",
          "event_data": {
            "param16": "\n\\\\?\\C:\\ProgramData\\Microsoft\\Windows\\WER\\Temp\\WERA25C.tmp.WERInternalMetadata.xml",
            "param17": "C:\\ProgramData\\Microsoft\\Windows\\WER\\ReportQueue\\NonCritical_x64_d58b5b9eab264d936b18adf6fd56a7d43e5840_00000000_cab_004ca2d7",
            "param19": "0",
            "param2": "0",
            "param20": "15c1a001-5d84-11ea-8b86-000c290be9e1",
            "param21": "2",
            "param3": "PnPGenericDriverFound",
            "param4": "Not available",
            "param5": "0",
            "param6": "x64",
            "param7": "USB\\VID_0E0F&PID_0003&REV_0102&MI_01"
          },
          "event_id": 1001,
          "keywords": [
            "Classic"
          ],
          "level": "Information",
          "log_name": "Application",
          "message": "Fault bucket , type 0\nEvent Name: PnPGenericDriverFound\nResponse: Not available\nCab Id: 0\n\nProblem signature:\nP1: x64\nP2: USB\\VID_0E0F&PID_0003&REV_0102&MI_01\nP3: \nP4: \nP5: \nP6: \nP7: \nP8: \nP9: \nP10: \n\nAttached files:\n\\\\?\\C:\\ProgramData\\Microsoft\\Windows\\WER\\Temp\\WERA25C.tmp.WERInternalMetadata.xml\n\nThese files may be available here:\nC:\\ProgramData\\Microsoft\\Windows\\WER\\ReportQueue\\NonCritical_x64_d58b5b9eab264d936b18adf6fd56a7d43e5840_00000000_cab_004ca2d7\n\nAnalysis symbol: \nRechecking for solution: 0\nReport Id: 15c1a001-5d84-11ea-8b86-000c290be9e1\nReport Status: 2\nHashed bucket: ",
          "opcode": "Info",
          "record_number": "23950",
          "source_name": "Windows Error Reporting",
          "type": "wineventlog"
        },
        "fields": {
          "@timestamp": [
            1583264300864
          ]
        },
        "sort": [
          1583264300864
        ]
      },
      {
        "_index": "winlogbeat-2020.03.03",
        "_type": "wineventlog",
        "_id": "AXCh7Dagn_lBW985Kybr",
        "_version": 1,
        "_score": null,
        "_source": {
          "@timestamp": "2020-03-03T19:38:20.815Z",
          "beat": {
            "hostname": "DC",
            "name": "server",
            "version": "5.4.0"
          },
          "computer_name": "DC.Giacobeville.com",
          "event_data": {
            "param10": "input.inf",
            "param11": "*",
            "param16": "\n\\\\?\\C:\\ProgramData\\Microsoft\\Windows\\WER\\Temp\\WERA180.tmp.WERInternalMetadata.xml",
            "param17": "C:\\ProgramData\\Microsoft\\Windows\\WER\\ReportQueue\\NonCritical_x64_156fa6fb8ea6cefc5a823f2b62893def2e44f482_00000000_cab_004ca1fc",
            "param19": "0",
            "param2": "0",
            "param20": "15c1a000-5d84-11ea-8b86-000c290be9e1",
            "param21": "2",
            "param3": "PnPRequestAdditionalSoftware",
            "param4": "Not available",
            "param5": "0",
            "param6": "x64",
            "param7": "USB\\VID_0E0F&PID_0003&REV_0102&MI_00",
            "param8": "10.0.0.0",
            "param9": "0409"
          },
          "event_id": 1001,
          "keywords": [
            "Classic"
          ],
          "level": "Information",
          "log_name": "Application",
          "message": "Fault bucket , type 0\nEvent Name: PnPRequestAdditionalSoftware\nResponse: Not available\nCab Id: 0\n\nProblem signature:\nP1: x64\nP2: USB\\VID_0E0F&PID_0003&REV_0102&MI_00\nP3: 10.0.0.0\nP4: 0409\nP5: input.inf\nP6: *\nP7: \nP8: \nP9: \nP10: \n\nAttached files:\n\\\\?\\C:\\ProgramData\\Microsoft\\Windows\\WER\\Temp\\WERA180.tmp.WERInternalMetadata.xml\n\nThese files may be available here:\nC:\\ProgramData\\Microsoft\\Windows\\WER\\ReportQueue\\NonCritical_x64_156fa6fb8ea6cefc5a823f2b62893def2e44f482_00000000_cab_004ca1fc\n\nAnalysis symbol: \nRechecking for solution: 0\nReport Id: 15c1a000-5d84-11ea-8b86-000c290be9e1\nReport Status: 2\nHashed bucket: ",
          "opcode": "Info",
          "record_number": "23949",
          "source_name": "Windows Error Reporting",
          "type": "wineventlog"
        },
        "fields": {
          "@timestamp": [
            1583264300815
          ]
        },
        "sort": [
          1583264300815
        ]
      },
      {
        "_index": "winlogbeat-2020.03.03",
        "_type": "wineventlog",
        "_id": "AXCh7Dagn_lBW985Kybq",
        "_version": 1,
        "_score": null,
        "_source": {
          "@timestamp": "2020-03-03T19:38:20.772Z",
          "beat": {
            "hostname": "DC",
            "name": "server",
            "version": "5.4.0"
          },
          "computer_name": "DC.Giacobeville.com",
          "event_data": {
            "param16": "\n\\\\?\\C:\\ProgramData\\Microsoft\\Windows\\WER\\Temp\\WER97EA.tmp.WERInternalMetadata.xml",
            "param17": "C:\\ProgramData\\Microsoft\\Windows\\WER\\ReportQueue\\NonCritical_x64_8725b7d0fa282747de32179b20a6be5667eb4b_00000000_cab_004c9fd9",
            "param19": "0",
            "param2": "0",
            "param20": "15c19fff-5d84-11ea-8b86-000c290be9e1",
            "param21": "2",
            "param3": "PnPGenericDriverFound",
            "param4": "Not available",
            "param5": "0",
            "param6": "x64",
            "param7": "USB\\VID_0E0F&PID_0003&REV_0102&MI_00"
          },
          "event_id": 1001,
          "keywords": [
            "Classic"
          ],
          "level": "Information",
          "log_name": "Application",
          "message": "Fault bucket , type 0\nEvent Name: PnPGenericDriverFound\nResponse: Not available\nCab Id: 0\n\nProblem signature:\nP1: x64\nP2: USB\\VID_0E0F&PID_0003&REV_0102&MI_00\nP3: \nP4: \nP5: \nP6: \nP7: \nP8: \nP9: \nP10: \n\nAttached files:\n\\\\?\\C:\\ProgramData\\Microsoft\\Windows\\WER\\Temp\\WER97EA.tmp.WERInternalMetadata.xml\n\nThese files may be available here:\nC:\\ProgramData\\Microsoft\\Windows\\WER\\ReportQueue\\NonCritical_x64_8725b7d0fa282747de32179b20a6be5667eb4b_00000000_cab_004c9fd9\n\nAnalysis symbol: \nRechecking for solution: 0\nReport Id: 15c19fff-5d84-11ea-8b86-000c290be9e1\nReport Status: 2\nHashed bucket: ",
          "opcode": "Info",
          "record_number": "23948",
          "source_name": "Windows Error Reporting",
          "type": "wineventlog"
        },
        "fields": {
          "@timestamp": [
            1583264300772
          ]
        },
        "sort": [
          1583264300772
        ]
      },
      {
        "_index": "winlogbeat-2020.03.03",
        "_type": "wineventlog",
        "_id": "AXCh7Dagn_lBW985Kybp",
        "_version": 1,
        "_score": null,
        "_source": {
          "@timestamp": "2020-03-03T19:38:20.715Z",
          "beat": {
            "hostname": "DC",
            "name": "server",
            "version": "5.4.0"
          },
          "computer_name": "DC.Giacobeville.com",
          "event_data": {
            "param10": "0",
            "param11": "0",
            "param12": "0",
            "param13": "<<PROCESS>>: CompatTelRunner.exe",
            "param14": "{3B025599-123C-4957-AF72-5BDC11968793}",
            "param15": "0",
            "param16": "\n\\\\?\\C:\\ProgramData\\Microsoft\\Windows\\WER\\Temp\\WERE4B2.tmp.WERInternalMetadata.xml",
            "param17": "C:\\ProgramData\\Microsoft\\Windows\\WER\\ReportQueue\\NonCritical_10.0.14393.1794_7da14f80eea6555bab81c6f57444b471e_00000000_cab_034de54e",
            "param19": "0",
            "param2": "0",
            "param20": "dd44fdec-5d76-11ea-8b85-000c290be9e1",
            "param21": "2",
            "param3": "WindowsUpdateFailure3",
            "param4": "Not available",
            "param5": "0",
            "param6": "10.0.14393.1794",
            "param7": "80248014",
            "param8": "00000000-0000-0000-0000-000000000000",
            "param9": "Scan"
          },
          "event_id": 1001,
          "keywords": [
            "Classic"
          ],
          "level": "Information",
          "log_name": "Application",
          "message": "Fault bucket , type 0\nEvent Name: WindowsUpdateFailure3\nResponse: Not available\nCab Id: 0\n\nProblem signature:\nP1: 10.0.14393.1794\nP2: 80248014\nP3: 00000000-0000-0000-0000-000000000000\nP4: Scan\nP5: 0\nP6: 0\nP7: 0\nP8: <<PROCESS>>: CompatTelRunner.exe\nP9: {3B025599-123C-4957-AF72-5BDC11968793}\nP10: 0\n\nAttached files:\n\\\\?\\C:\\ProgramData\\Microsoft\\Windows\\WER\\Temp\\WERE4B2.tmp.WERInternalMetadata.xml\n\nThese files may be available here:\nC:\\ProgramData\\Microsoft\\Windows\\WER\\ReportQueue\\NonCritical_10.0.14393.1794_7da14f80eea6555bab81c6f57444b471e_00000000_cab_034de54e\n\nAnalysis symbol: \nRechecking for solution: 0\nReport Id: dd44fdec-5d76-11ea-8b85-000c290be9e1\nReport Status: 2\nHashed bucket: ",
          "opcode": "Info",
          "record_number": "23947",
          "source_name": "Windows Error Reporting",
          "type": "wineventlog"
        },
        "fields": {
          "@timestamp": [
            1583264300715
          ]
        },
        "sort": [
          1583264300715
        ]
      },
