      {
        "_index": "winlogbeat-2020.03.03",
        "_type": "wineventlog",
        "_id": "AXCh5sSvn_lBW985KyWf",
        "_version": 1,
        "_score": null,
        "_source": {
          "@timestamp": "2020-03-03T19:32:24.105Z",
          "beat": {
            "hostname": "DC",
            "name": "server",
            "version": "5.4.0"
          },
          "computer_name": "DC.Giacobeville.com",
          "event_data": {
            "param10": "input.inf",
            "param11": "*",
            "param16": "\n\\\\?\\C:\\ProgramData\\Microsoft\\Windows\\WER\\Temp\\WERA180.tmp.WERInternalMetadata.xml",
            "param17": "C:\\ProgramData\\Microsoft\\Windows\\WER\\ReportQueue\\NonCritical_x64_156fa6fb8ea6cefc5a823f2b62893def2e44f482_00000000_cab_004ca1fc",
            "param19": "0",
            "param2": "0",
            "param20": "15c1a000-5d84-11ea-8b86-000c290be9e1",
            "param21": "2",
            "param3": "PnPRequestAdditionalSoftware",
            "param4": "Not available",
            "param5": "0",
            "param6": "x64",
            "param7": "USB\\VID_0E0F&PID_0003&REV_0102&MI_00",
            "param8": "10.0.0.0",
            "param9": "0409"
          },
          "event_id": 1001,
          "keywords": [
            "Classic"
          ],
          "level": "Information",
          "log_name": "Application",
          "message": "Fault bucket , type 0\nEvent Name: PnPRequestAdditionalSoftware\nResponse: Not available\nCab Id: 0\n\nProblem signature:\nP1: x64\nP2: USB\\VID_0E0F&PID_0003&REV_0102&MI_00\nP3: 10.0.0.0\nP4: 0409\nP5: input.inf\nP6: *\nP7: \nP8: \nP9: \nP10: \n\nAttached files:\n\\\\?\\C:\\ProgramData\\Microsoft\\Windows\\WER\\Temp\\WERA180.tmp.WERInternalMetadata.xml\n\nThese files may be available here:\nC:\\ProgramData\\Microsoft\\Windows\\WER\\ReportQueue\\NonCritical_x64_156fa6fb8ea6cefc5a823f2b62893def2e44f482_00000000_cab_004ca1fc\n\nAnalysis symbol: \nRechecking for solution: 0\nReport Id: 15c1a000-5d84-11ea-8b86-000c290be9e1\nReport Status: 2\nHashed bucket: ",
          "opcode": "Info",
          "record_number": "23845",
          "source_name": "Windows Error Reporting",
          "type": "wineventlog"
        },
        "fields": {
          "@timestamp": [
            1583263944105
          ]
        },
        "sort": [
          1583263944105
        ]
      },
      {
        "_index": "winlogbeat-2020.03.03",
        "_type": "wineventlog",
        "_id": "AXCh5sSvn_lBW985KyWe",
        "_version": 1,
        "_score": null,
        "_source": {
          "@timestamp": "2020-03-03T19:32:24.063Z",
          "beat": {
            "hostname": "DC",
            "name": "server",
            "version": "5.4.0"
          },
          "computer_name": "DC.Giacobeville.com",
          "event_data": {
            "param16": "\n\\\\?\\C:\\ProgramData\\Microsoft\\Windows\\WER\\Temp\\WER97EA.tmp.WERInternalMetadata.xml",
            "param17": "C:\\ProgramData\\Microsoft\\Windows\\WER\\ReportQueue\\NonCritical_x64_8725b7d0fa282747de32179b20a6be5667eb4b_00000000_cab_004c9fd9",
            "param19": "0",
            "param2": "0",
            "param20": "15c19fff-5d84-11ea-8b86-000c290be9e1",
            "param21": "2",
            "param3": "PnPGenericDriverFound",
            "param4": "Not available",
            "param5": "0",
            "param6": "x64",
            "param7": "USB\\VID_0E0F&PID_0003&REV_0102&MI_00"
          },
          "event_id": 1001,
          "keywords": [
            "Classic"
          ],
          "level": "Information",
          "log_name": "Application",
          "message": "Fault bucket , type 0\nEvent Name: PnPGenericDriverFound\nResponse: Not available\nCab Id: 0\n\nProblem signature:\nP1: x64\nP2: USB\\VID_0E0F&PID_0003&REV_0102&MI_00\nP3: \nP4: \nP5: \nP6: \nP7: \nP8: \nP9: \nP10: \n\nAttached files:\n\\\\?\\C:\\ProgramData\\Microsoft\\Windows\\WER\\Temp\\WER97EA.tmp.WERInternalMetadata.xml\n\nThese files may be available here:\nC:\\ProgramData\\Microsoft\\Windows\\WER\\ReportQueue\\NonCritical_x64_8725b7d0fa282747de32179b20a6be5667eb4b_00000000_cab_004c9fd9\n\nAnalysis symbol: \nRechecking for solution: 0\nReport Id: 15c19fff-5d84-11ea-8b86-000c290be9e1\nReport Status: 2\nHashed bucket: ",
          "opcode": "Info",
          "record_number": "23844",
          "source_name": "Windows Error Reporting",
          "type": "wineventlog"
        },
        "fields": {
          "@timestamp": [
            1583263944063
          ]
        },
        "sort": [
          1583263944063
        ]
      },
      {
        "_index": "winlogbeat-2020.03.03",
        "_type": "wineventlog",
        "_id": "AXCh5sSvn_lBW985KyWd",
        "_version": 1,
        "_score": null,
        "_source": {
          "@timestamp": "2020-03-03T19:32:24.012Z",
          "beat": {
            "hostname": "DC",
            "name": "server",
            "version": "5.4.0"
          },
          "computer_name": "DC.Giacobeville.com",
          "event_data": {
            "param10": "0",
            "param11": "0",
            "param12": "0",
            "param13": "<<PROCESS>>: CompatTelRunner.exe",
            "param14": "{3B025599-123C-4957-AF72-5BDC11968793}",
            "param15": "0",
            "param16": "\n\\\\?\\C:\\ProgramData\\Microsoft\\Windows\\WER\\Temp\\WERE4B2.tmp.WERInternalMetadata.xml",
            "param17": "C:\\ProgramData\\Microsoft\\Windows\\WER\\ReportQueue\\NonCritical_10.0.14393.1794_7da14f80eea6555bab81c6f57444b471e_00000000_cab_034de54e",
            "param19": "0",
            "param2": "0",
            "param20": "dd44fdec-5d76-11ea-8b85-000c290be9e1",
            "param21": "2",
            "param3": "WindowsUpdateFailure3",
            "param4": "Not available",
            "param5": "0",
            "param6": "10.0.14393.1794",
            "param7": "80248014",
            "param8": "00000000-0000-0000-0000-000000000000",
            "param9": "Scan"
          },
          "event_id": 1001,
          "keywords": [
            "Classic"
          ],
          "level": "Information",
          "log_name": "Application",
          "message": "Fault bucket , type 0\nEvent Name: WindowsUpdateFailure3\nResponse: Not available\nCab Id: 0\n\nProblem signature:\nP1: 10.0.14393.1794\nP2: 80248014\nP3: 00000000-0000-0000-0000-000000000000\nP4: Scan\nP5: 0\nP6: 0\nP7: 0\nP8: <<PROCESS>>: CompatTelRunner.exe\nP9: {3B025599-123C-4957-AF72-5BDC11968793}\nP10: 0\n\nAttached files:\n\\\\?\\C:\\ProgramData\\Microsoft\\Windows\\WER\\Temp\\WERE4B2.tmp.WERInternalMetadata.xml\n\nThese files may be available here:\nC:\\ProgramData\\Microsoft\\Windows\\WER\\ReportQueue\\NonCritical_10.0.14393.1794_7da14f80eea6555bab81c6f57444b471e_00000000_cab_034de54e\n\nAnalysis symbol: \nRechecking for solution: 0\nReport Id: dd44fdec-5d76-11ea-8b85-000c290be9e1\nReport Status: 2\nHashed bucket: ",
          "opcode": "Info",
          "record_number": "23843",
          "source_name": "Windows Error Reporting",
          "type": "wineventlog"
        },
        "fields": {
          "@timestamp": [
            1583263944012
          ]
        },
        "sort": [
          1583263944012
        ]
      },
      {
        "_index": "winlogbeat-2020.03.03",
        "_type": "wineventlog",
        "_id": "AXCh5sSvn_lBW985KyWc",
        "_version": 1,
        "_score": null,
        "_source": {
          "@timestamp": "2020-03-03T19:32:23.966Z",
          "beat": {
            "hostname": "DC",
            "name": "server",
            "version": "5.4.0"
          },
          "computer_name": "DC.Giacobeville.com",
          "event_data": {
            "param10": "0",
            "param11": "0",
            "param12": "8024500b",
            "param13": "Windows Defender (77BDAF73-B396-481F-9042-AD358843EC24)",
            "param14": "{9482F4B4-E343-43B6-B170-9A65BC822C77}",
            "param15": "0",
            "param17": "C:\\ProgramData\\Microsoft\\Windows\\WER\\ReportQueue\\NonCritical_10.0.14393.1794_24e185414aea5cc9f14f719cd15386584201a_00000000_0245e4d1",
            "param19": "0",
            "param2": "0",
            "param20": "dd44fdeb-5d76-11ea-8b85-000c290be9e1",
            "param21": "2",
            "param3": "WindowsUpdateFailure3",
            "param4": "Not available",
            "param5": "0",
            "param6": "10.0.14393.1794",
            "param7": "8024402c",
            "param8": "00000000-0000-0000-0000-000000000000",
            "param9": "Scan"
          },
          "event_id": 1001,
          "keywords": [
            "Classic"
          ],
          "level": "Information",
          "log_name": "Application",
          "message": "Fault bucket , type 0\nEvent Name: WindowsUpdateFailure3\nResponse: Not available\nCab Id: 0\n\nProblem signature:\nP1: 10.0.14393.1794\nP2: 8024402c\nP3: 00000000-0000-0000-0000-000000000000\nP4: Scan\nP5: 0\nP6: 0\nP7: 8024500b\nP8: Windows Defender (77BDAF73-B396-481F-9042-AD358843EC24)\nP9: {9482F4B4-E343-43B6-B170-9A65BC822C77}\nP10: 0\n\nAttached files:\n\nThese files may be available here:\nC:\\ProgramData\\Microsoft\\Windows\\WER\\ReportQueue\\NonCritical_10.0.14393.1794_24e185414aea5cc9f14f719cd15386584201a_00000000_0245e4d1\n\nAnalysis symbol: \nRechecking for solution: 0\nReport Id: dd44fdeb-5d76-11ea-8b85-000c290be9e1\nReport Status: 2\nHashed bucket: ",
          "opcode": "Info",
          "record_number": "23842",
          "source_name": "Windows Error Reporting",
          "type": "wineventlog"
        },
        "fields": {
          "@timestamp": [
            1583263943966
          ]
        },
        "sort": [
          1583263943966
        ]
      }
    ],
    "total": 175419,
    "max_score": 0
  },
  "aggregations": {
    "2": {
      "buckets": [
        {
          "key_as_string": "2020-02-28T00:00:00.000-05:00",
          "key": 1582866000000,
          "doc_count": 2985
        },
        {
          "key_as_string": "2020-02-28T03:00:00.000-05:00",
          "key": 1582876800000,
          "doc_count": 2965
        },
        {
          "key_as_string": "2020-02-28T06:00:00.000-05:00",
          "key": 1582887600000,
          "doc_count": 2868
        },
        {
          "key_as_string": "2020-02-28T09:00:00.000-05:00",
          "key": 1582898400000,
          "doc_count": 3573
        },
        {
          "key_as_string": "2020-02-28T12:00:00.000-05:00",
          "key": 1582909200000,
          "doc_count": 6667
        },
        {
          "key_as_string": "2020-02-28T15:00:00.000-05:00",
          "key": 1582920000000,
          "doc_count": 873
        },
        {
          "key_as_string": "2020-02-28T18:00:00.000-05:00",
          "key": 1582930800000,
          "doc_count": 595
        },
        {
          "key_as_string": "2020-02-28T21:00:00.000-05:00",
          "key": 1582941600000,
          "doc_count": 720
        },
        {
          "key_as_string": "2020-02-29T00:00:00.000-05:00",
          "key": 1582952400000,
          "doc_count": 637
        },
        {
          "key_as_string": "2020-02-29T03:00:00.000-05:00",
          "key": 1582963200000,
          "doc_count": 696
        },
        {
          "key_as_string": "2020-02-29T06:00:00.000-05:00",
          "key": 1582974000000,
          "doc_count": 645
        },
        {
          "key_as_string": "2020-02-29T09:00:00.000-05:00",
          "key": 1582984800000,
          "doc_count": 614
        },
        {
          "key_as_string": "2020-02-29T12:00:00.000-05:00",
          "key": 1582995600000,
          "doc_count": 1110
        },
        {
          "key_as_string": "2020-02-29T15:00:00.000-05:00",
          "key": 1583006400000,
          "doc_count": 748
        },
        {
          "key_as_string": "2020-02-29T18:00:00.000-05:00",
          "key": 1583017200000,
          "doc_count": 1085
        },
        {
          "key_as_string": "2020-02-29T21:00:00.000-05:00",
          "key": 1583028000000,
          "doc_count": 2124
        },
        {
          "key_as_string": "2020-03-01T00:00:00.000-05:00",
          "key": 1583038800000,
          "doc_count": 2191
        },
        {
          "key_as_string": "2020-03-01T03:00:00.000-05:00",
          "key": 1583049600000,
          "doc_count": 3087
        },
        {
          "key_as_string": "2020-03-01T06:00:00.000-05:00",
          "key": 1583060400000,
          "doc_count": 4079
        },
        {
          "key_as_string": "2020-03-01T09:00:00.000-05:00",
          "key": 1583071200000,
          "doc_count": 4116
        },
        {
          "key_as_string": "2020-03-01T12:00:00.000-05:00",
          "key": 1583082000000,
          "doc_count": 7949
        },
        {
          "key_as_string": "2020-03-01T15:00:00.000-05:00",
          "key": 1583092800000,
          "doc_count": 4268
        },
        {
          "key_as_string": "2020-03-01T18:00:00.000-05:00",
          "key": 1583103600000,
          "doc_count": 4037
        },
        {
          "key_as_string": "2020-03-01T21:00:00.000-05:00",
          "key": 1583114400000,
          "doc_count": 4012
        },
        {
          "key_as_string": "2020-03-02T00:00:00.000-05:00",
          "key": 1583125200000,
          "doc_count": 4070
        },
        {
          "key_as_string": "2020-03-02T03:00:00.000-05:00",
          "key": 1583136000000,
          "doc_count": 4147
        },
        {
          "key_as_string": "2020-03-02T06:00:00.000-05:00",
          "key": 1583146800000,
          "doc_count": 4044
        },
        {
          "key_as_string": "2020-03-02T09:00:00.000-05:00",
          "key": 1583157600000,
          "doc_count": 4210
        },
        {
          "key_as_string": "2020-03-02T12:00:00.000-05:00",
          "key": 1583168400000,
          "doc_count": 1929
        },
        {
          "key_as_string": "2020-03-02T15:00:00.000-05:00",
          "key": 1583179200000,
          "doc_count": 86037
        },
        {
          "key_as_string": "2020-03-03T12:00:00.000-05:00",
          "key": 1583254800000,
          "doc_count": 8338
        }
      ]
    }
  }
}
