      {
        "_index": "winlogbeat-2020.03.03",
        "_type": "wineventlog",
        "_id": "AXCh6no4n_lBW985KyZ-",
        "_version": 1,
        "_score": null,
        "_source": {
          "@timestamp": "2020-03-03T19:36:26.640Z",
          "activity_id": "{FA7CD237-6F93-45C3-9BBA-29623A7AA364}",
          "beat": {
            "hostname": "DC",
            "name": "server",
            "version": "5.4.0"
          },
          "computer_name": "DC.Giacobeville.com",
          "event_data": {
            "ErrorCode": "0",
            "IsConnectivityFailure": "false",
            "IsMachine": "1",
            "PolicyElaspedTimeInSeconds": "0",
            "PrincipalSamName": "GIACOBEVILLE\\DC$"
          },
          "event_id": 8006,
          "level": "Information",
          "log_name": "Microsoft-Windows-GroupPolicy/Operational",
          "message": "Completed periodic policy processing for computer GIACOBEVILLE\\DC$ in 0 seconds.",
          "opcode": "Stop",
          "process_id": 76,
          "provider_guid": "{AEA1B4FA-97D1-45F2-A64C-4D69FFFD92C9}",
          "record_number": "308247",
          "source_name": "Microsoft-Windows-GroupPolicy",
          "thread_id": 6460,
          "type": "wineventlog",
          "user": {
            "domain": "NT AUTHORITY",
            "identifier": "S-1-5-18",
            "name": "SYSTEM",
            "type": "User"
          },
          "version": 1
        },
        "fields": {
          "@timestamp": [
            1583264186640
          ]
        },
        "sort": [
          1583264186640
        ]
      },
      {
        "_index": "winlogbeat-2020.03.03",
        "_type": "wineventlog",
        "_id": "AXCh6ntqn_lBW985KyaC",
        "_version": 1,
        "_score": null,
        "_source": {
          "@timestamp": "2020-03-03T19:36:26.635Z",
          "activity_id": "{FA7CD237-6F93-45C3-9BBA-29623A7AA364}",
          "beat": {
            "hostname": "DC",
            "name": "server",
            "version": "5.4.0"
          },
          "computer_name": "DC.Giacobeville.com",
          "event_data": {
            "GPOList": "Local Group Policy"
          },
          "event_id": 102,
          "level": "Information",
          "log_name": "Microsoft-Windows-Security-Audit-Configuration-Client/Operational",
          "message": "List of applicable GPOs:\nLocal Group Policy",
          "opcode": "Info",
          "process_id": 76,
          "provider_guid": "{08466062-AED4-4834-8B04-CDDB414504E5}",
          "record_number": "2383",
          "source_name": "Microsoft-Windows-Security-Audit-Configuration-Client",
          "thread_id": 6460,
          "type": "wineventlog",
          "user": {
            "domain": "NT AUTHORITY",
            "identifier": "S-1-5-18",
            "name": "SYSTEM",
            "type": "User"
          }
        },
        "fields": {
          "@timestamp": [
            1583264186635
          ]
        },
        "sort": [
          1583264186635
        ]
      },
      {
        "_index": "winlogbeat-2020.03.03",
        "_type": "wineventlog",
        "_id": "AXCh6no4n_lBW985KyZ9",
        "_version": 1,
        "_score": null,
        "_source": {
          "@timestamp": "2020-03-03T19:36:26.635Z",
          "activity_id": "{FA7CD237-6F93-45C3-9BBA-29623A7AA364}",
          "beat": {
            "hostname": "DC",
            "name": "server",
            "version": "5.4.0"
          },
          "computer_name": "DC.Giacobeville.com",
          "event_data": {
            "CSEElaspedTimeInMilliSeconds": "16",
            "CSEExtensionId": "{F3CCC681-B74C-4060-9F26-CD84525DCA2A}",
            "CSEExtensionName": "Audit Policy Configuration",
            "ErrorCode": "2147483658"
          },
          "event_id": 5016,
          "level": "Information",
          "log_name": "Microsoft-Windows-GroupPolicy/Operational",
          "message": "Completed Audit Policy Configuration Extension Processing in 16 milliseconds.",
          "opcode": "Stop",
          "process_id": 76,
          "provider_guid": "{AEA1B4FA-97D1-45F2-A64C-4D69FFFD92C9}",
          "record_number": "308246",
          "source_name": "Microsoft-Windows-GroupPolicy",
          "thread_id": 6460,
          "type": "wineventlog",
          "user": {
            "domain": "NT AUTHORITY",
            "identifier": "S-1-5-18",
            "name": "SYSTEM",
            "type": "User"
          }
        },
        "fields": {
          "@timestamp": [
            1583264186635
          ]
        },
        "sort": [
          1583264186635
        ]
      },
      {
        "_index": "winlogbeat-2020.03.03",
        "_type": "wineventlog",
        "_id": "AXCh6no4n_lBW985KyZ8",
        "_version": 1,
        "_score": null,
        "_source": {
          "@timestamp": "2020-03-03T19:36:26.629Z",
          "activity_id": "{FA7CD237-6F93-45C3-9BBA-29623A7AA364}",
          "beat": {
            "hostname": "DC",
            "name": "server",
            "version": "5.4.0"
          },
          "computer_name": "DC.Giacobeville.com",
          "event_data": {
            "ApplicableGPOList": "<GPO ID=\"Local Group Policy\"><Name>Local Group Policy</Name></GPO>",
            "CSEExtensionId": "{F3CCC681-B74C-4060-9F26-CD84525DCA2A}",
            "CSEExtensionName": "Audit Policy Configuration",
            "DescriptionString": "Local Group Policy",
            "GPOListStatusString": "%%4101",
            "IsExtensionAsyncProcessing": "true",
            "IsGPOListChanged": "false"
          },
          "event_id": 4016,
          "level": "Information",
          "log_name": "Microsoft-Windows-GroupPolicy/Operational",
          "message": "Starting Audit Policy Configuration Extension Processing. \n\nList of applicable Group Policy objects: (No changes were detected.)\n\nLocal Group Policy",
          "opcode": "Start",
          "process_id": 76,
          "provider_guid": "{AEA1B4FA-97D1-45F2-A64C-4D69FFFD92C9}",
          "record_number": "308245",
          "source_name": "Microsoft-Windows-GroupPolicy",
          "thread_id": 6460,
          "type": "wineventlog",
          "user": {
            "domain": "NT AUTHORITY",
            "identifier": "S-1-5-18",
            "name": "SYSTEM",
            "type": "User"
          }
        },
        "fields": {
          "@timestamp": [
            1583264186629
          ]
        },
        "sort": [
          1583264186629
        ]
      },
      {
        "_index": "winlogbeat-2020.03.03",
        "_type": "wineventlog",
        "_id": "AXCh6no4n_lBW985KyZ5",
        "_version": 1,
        "_score": null,
        "_source": {
          "@timestamp": "2020-03-03T19:36:26.624Z",
          "activity_id": "{FA7CD237-6F93-45C3-9BBA-29623A7AA364}",
          "beat": {
            "hostname": "DC",
            "name": "server",
            "version": "5.4.0"
          },
          "computer_name": "DC.Giacobeville.com",
          "event_data": {
            "InfoDescription": "%%4161"
          },
          "event_id": 5320,
          "level": "Information",
          "log_name": "Microsoft-Windows-GroupPolicy/Operational",
          "message": "Checking for Group Policy client extensions that are not part of the system.",
          "opcode": "Info",
          "process_id": 76,
          "provider_guid": "{AEA1B4FA-97D1-45F2-A64C-4D69FFFD92C9}",
          "record_number": "308242",
          "source_name": "Microsoft-Windows-GroupPolicy",
          "thread_id": 6460,
          "type": "wineventlog",
          "user": {
            "domain": "NT AUTHORITY",
            "identifier": "S-1-5-18",
            "name": "SYSTEM",
            "type": "User"
          }
        },
        "fields": {
          "@timestamp": [
            1583264186624
          ]
        },
        "sort": [
          1583264186624
        ]
      },
      {
        "_index": "winlogbeat-2020.03.03",
        "_type": "wineventlog",
        "_id": "AXCh6no4n_lBW985KyZ6",
        "_version": 1,
        "_score": null,
        "_source": {
          "@timestamp": "2020-03-03T19:36:26.624Z",
          "activity_id": "{FA7CD237-6F93-45C3-9BBA-29623A7AA364}",
          "beat": {
            "hostname": "DC",
            "name": "server",
            "version": "5.4.0"
          },
          "computer_name": "DC.Giacobeville.com",
          "event_data": {
            "InfoDescription": "%%4163"
          },
          "event_id": 5320,
          "level": "Information",
          "log_name": "Microsoft-Windows-GroupPolicy/Operational",
          "message": "Service configuration update to standalone is not required and will be skipped.",
          "opcode": "Info",
          "process_id": 76,
          "provider_guid": "{AEA1B4FA-97D1-45F2-A64C-4D69FFFD92C9}",
          "record_number": "308243",
          "source_name": "Microsoft-Windows-GroupPolicy",
          "thread_id": 6460,
          "type": "wineventlog",
          "user": {
            "domain": "NT AUTHORITY",
            "identifier": "S-1-5-18",
            "name": "SYSTEM",
            "type": "User"
          }
        },
        "fields": {
          "@timestamp": [
            1583264186624
          ]
        },
        "sort": [
          1583264186624
        ]
      },
      {
        "_index": "winlogbeat-2020.03.03",
        "_type": "wineventlog",
        "_id": "AXCh6no4n_lBW985KyZ7",
        "_version": 1,
        "_score": null,
        "_source": {
          "@timestamp": "2020-03-03T19:36:26.624Z",
          "activity_id": "{FA7CD237-6F93-45C3-9BBA-29623A7AA364}",
          "beat": {
            "hostname": "DC",
            "name": "server",
            "version": "5.4.0"
          },
          "computer_name": "DC.Giacobeville.com",
          "event_data": {
            "InfoDescription": "%%4165"
          },
          "event_id": 5320,
          "level": "Information",
          "log_name": "Microsoft-Windows-GroupPolicy/Operational",
          "message": "Finished checking for non-system extensions.",
          "opcode": "Info",
          "process_id": 76,
          "provider_guid": "{AEA1B4FA-97D1-45F2-A64C-4D69FFFD92C9}",
          "record_number": "308244",
          "source_name": "Microsoft-Windows-GroupPolicy",
          "thread_id": 6460,
          "type": "wineventlog",
          "user": {
            "domain": "NT AUTHORITY",
            "identifier": "S-1-5-18",
            "name": "SYSTEM",
            "type": "User"
          }
        },
        "fields": {
          "@timestamp": [
            1583264186624
          ]
        },
        "sort": [
          1583264186624
        ]
      },
      {
        "_index": "winlogbeat-2020.03.03",
        "_type": "wineventlog",
        "_id": "AXCh6no4n_lBW985KyZ3",
        "_version": 1,
        "_score": null,
        "_source": {
          "@timestamp": "2020-03-03T19:36:26.620Z",
          "activity_id": "{FA7CD237-6F93-45C3-9BBA-29623A7AA364}",
          "beat": {
            "hostname": "DC",
            "name": "server",
            "version": "5.4.0"
          },
          "computer_name": "DC.Giacobeville.com",
          "event_data": {
            "DescriptionString": "Local Group Policy\nDefault Domain Policy\nDefault Domain Controllers Policy",
            "GPOInfoList": "<GPO ID=\"Local Group Policy\"><Name>Local Group Policy</Name><Version>196611</Version><SOM>Local</SOM><FSPath>C:\\Windows\\System32\\GroupPolicy\\Machine</FSPath><Extensions>[{35378EAC-683F-11D2-A89A-00C04FBBCFA2}{D02B1F72-3407-48AE-BA88-E8213C6761F1}][{F3CCC681-B74C-4060-9F26-CD84525DCA2A}{0F3F3735-573D-9804-99E4-AB2A69BA5FD4}]</Extensions></GPO><GPO ID=\"{31B2F340-016D-11D2-945F-00C04FB984F9}\"><Name>Default Domain Policy</Name><Version>196611</Version><SOM>LDAP://DC=Giacobeville,DC=com</SOM><FSPath>\\\\Giacobeville.com\\sysvol\\Giacobeville.com\\Policies\\{31B2F340-016D-11D2-945F-00C04FB984F9}\\Machine</FSPath><Extensions>[{35378EAC-683F-11D2-A89A-00C04FBBCFA2}{53D6AB1B-2488-11D1-A28C-00C04FB94F17}][{827D319E-6EAC-11D2-A4EA-00C04F79F83A}{803E14A0-B4FB-11D0-A0D0-00A0C90F574B}][{B1BE8D72-6EAC-11D2-A4EA-00C04F79F83A}{53D6AB1B-2488-11D1-A28C-00C04FB94F17}]</Extensions></GPO><GPO ID=\"{6AC1786C-016F-11D2-945F-00C04fB984F9}\"><Name>Default Domain Controllers Policy</Name><Version>196611</Version><SOM>LDAP://OU=Domain Controllers,DC=Giacobeville,DC=com</SOM><FSPath>\\\\Giacobeville.com\\sysvol\\Giacobeville.com\\Policies\\{6AC1786C-016F-11D2-945F-00C04fB984F9}\\Machine</FSPath><Extensions>[{827D319E-6EAC-11D2-A4EA-00C04F79F83A}{803E14A0-B4FB-11D0-A0D0-00A0C90F574B}]</Extensions></GPO>"
          },
          "event_id": 5312,
          "level": "Information",
          "log_name": "Microsoft-Windows-GroupPolicy/Operational",
          "message": "List of applicable Group Policy objects: \n\nLocal Group Policy\nDefault Domain Policy\nDefault Domain Controllers Policy",
          "opcode": "Info",
          "process_id": 76,
          "provider_guid": "{AEA1B4FA-97D1-45F2-A64C-4D69FFFD92C9}",
          "record_number": "308240",
          "source_name": "Microsoft-Windows-GroupPolicy",
          "thread_id": 6460,
          "type": "wineventlog",
          "user": {
            "domain": "NT AUTHORITY",
            "identifier": "S-1-5-18",
            "name": "SYSTEM",
            "type": "User"
          }
        },
        "fields": {
          "@timestamp": [
            1583264186620
          ]
        },
        "sort": [
          1583264186620
        ]
      },
      {
        "_index": "winlogbeat-2020.03.03",
        "_type": "wineventlog",
        "_id": "AXCh6no4n_lBW985KyZ4",
        "_version": 1,
        "_score": null,
        "_source": {
          "@timestamp": "2020-03-03T19:36:26.620Z",
          "activity_id": "{FA7CD237-6F93-45C3-9BBA-29623A7AA364}",
          "beat": {
            "hostname": "DC",
            "name": "server",
            "version": "5.4.0"
          },
          "computer_name": "DC.Giacobeville.com",
          "event_data": {
            "DescriptionString": "None"
          },
          "event_id": 5313,
          "level": "Information",
          "log_name": "Microsoft-Windows-GroupPolicy/Operational",
          "message": "The following Group Policy objects were not applicable because they were filtered out : \n\nNone",
          "opcode": "Info",
          "process_id": 76,
          "provider_guid": "{AEA1B4FA-97D1-45F2-A64C-4D69FFFD92C9}",
          "record_number": "308241",
          "source_name": "Microsoft-Windows-GroupPolicy",
          "thread_id": 6460,
          "type": "wineventlog",
          "user": {
            "domain": "NT AUTHORITY",
            "identifier": "S-1-5-18",
            "name": "SYSTEM",
            "type": "User"
          }
        },
        "fields": {
          "@timestamp": [
            1583264186620
          ]
        },
        "sort": [
          1583264186620
        ]
      },
      {
        "_index": "winlogbeat-2020.03.03",
        "_type": "wineventlog",
        "_id": "AXCh6no4n_lBW985KyZ2",
        "_version": 1,
        "_score": null,
        "_source": {
          "@timestamp": "2020-03-03T19:36:26.619Z",
          "activity_id": "{FA7CD237-6F93-45C3-9BBA-29623A7AA364}",
          "beat": {
            "hostname": "DC",
            "name": "server",
            "version": "5.4.0"
          },
          "computer_name": "DC.Giacobeville.com",
          "event_data": {
            "GPODownloadTimeElapsedInMilliseconds": "359",
            "IsAsyncProcessing": "false",
            "IsBackgroundProcessing": "true",
            "IsMachine": "true",
            "NumberOfGPOsApplicable": "0",
            "NumberOfGPOsDownloaded": "3"
          },
          "event_id": 5126,
          "level": "Information",
          "log_name": "Microsoft-Windows-GroupPolicy/Operational",
          "message": "Group Policy successfully got applicable GPOs from the domain controller.",
          "opcode": "Info",
          "process_id": 76,
          "provider_guid": "{AEA1B4FA-97D1-45F2-A64C-4D69FFFD92C9}",
          "record_number": "308239",
          "source_name": "Microsoft-Windows-GroupPolicy",
          "thread_id": 6460,
          "type": "wineventlog",
          "user": {
            "domain": "NT AUTHORITY",
            "identifier": "S-1-5-18",
            "name": "SYSTEM",
            "type": "User"
          }
        },
        "fields": {
          "@timestamp": [
            1583264186619
          ]
        },
        "sort": [
          1583264186619
        ]
      },
      {
        "_index": "winlogbeat-2020.03.03",
        "_type": "wineventlog",
        "_id": "AXCh6no4n_lBW985KyZ0",
        "_version": 1,
        "_score": null,
        "_source": {
          "@timestamp": "2020-03-03T19:36:26.617Z",
          "activity_id": "{FA7CD237-6F93-45C3-9BBA-29623A7AA364}",
          "beat": {
            "hostname": "DC",
            "name": "server",
            "version": "5.4.0"
          },
          "computer_name": "DC.Giacobeville.com",
          "event_data": {
            "ErrorCode": "0",
            "OperationDescription": "%%4132",
            "OperationElaspedTimeInMilliSeconds": "15",
            "Parameter": "\\\\Giacobeville.com\\sysvol\\Giacobeville.com\\Policies\\{6AC1786C-016F-11D2-945F-00C04fB984F9}\\gpt.ini"
          },
          "event_id": 5017,
          "level": "Information",
          "log_name": "Microsoft-Windows-GroupPolicy/Operational",
          "message": "The system calls to access specified file completed. \n\\\\Giacobeville.com\\sysvol\\Giacobeville.com\\Policies\\{6AC1786C-016F-11D2-945F-00C04fB984F9}\\gpt.ini\nThe call completed in 15 milliseconds.",
          "opcode": "Info",
          "process_id": 76,
          "provider_guid": "{AEA1B4FA-97D1-45F2-A64C-4D69FFFD92C9}",
          "record_number": "308237",
          "source_name": "Microsoft-Windows-GroupPolicy",
          "thread_id": 6460,
          "type": "wineventlog",
          "user": {
            "domain": "NT AUTHORITY",
            "identifier": "S-1-5-18",
            "name": "SYSTEM",
            "type": "User"
          }
        },
        "fields": {
          "@timestamp": [
            1583264186617
          ]
        },
        "sort": [
          1583264186617
        ]
      },
      {
        "_index": "winlogbeat-2020.03.03",
        "_type": "wineventlog",
        "_id": "AXCh6no4n_lBW985KyZ1",
        "_version": 1,
        "_score": null,
        "_source": {
          "@timestamp": "2020-03-03T19:36:26.617Z",
          "activity_id": "{FA7CD237-6F93-45C3-9BBA-29623A7AA364}",
          "beat": {
            "hostname": "DC",
            "name": "server",
            "version": "5.4.0"
          },
          "computer_name": "DC.Giacobeville.com",
          "event_data": {
            "IsMachine": "true",
            "PolicyDownloadTimeElapsedInMilliseconds": "359"
          },
          "event_id": 5257,
          "level": "Information",
          "log_name": "Microsoft-Windows-GroupPolicy/Operational",
          "message": "Successfully completed downloading policies.",
          "opcode": "Info",
          "process_id": 76,
          "provider_guid": "{AEA1B4FA-97D1-45F2-A64C-4D69FFFD92C9}",
          "record_number": "308238",
          "source_name": "Microsoft-Windows-GroupPolicy",
          "thread_id": 6460,
          "type": "wineventlog",
          "user": {
            "domain": "NT AUTHORITY",
            "identifier": "S-1-5-18",
            "name": "SYSTEM",
            "type": "User"
          }
        },
        "fields": {
          "@timestamp": [
            1583264186617
          ]
        },
        "sort": [
          1583264186617
        ]
      },
      {
        "_index": "winlogbeat-2020.03.03",
        "_type": "wineventlog",
        "_id": "AXCh6no4n_lBW985KyZz",
        "_version": 1,
        "_score": null,
        "_source": {
          "@timestamp": "2020-03-03T19:36:26.614Z",
          "activity_id": "{FA7CD237-6F93-45C3-9BBA-29623A7AA364}",
          "beat": {
            "hostname": "DC",
            "name": "server",
            "version": "5.4.0"
          },
          "computer_name": "DC.Giacobeville.com",
          "event_data": {
            "OperationDescription": "%%4131",
            "Parameter": "\\\\Giacobeville.com\\sysvol\\Giacobeville.com\\Policies\\{6AC1786C-016F-11D2-945F-00C04fB984F9}\\gpt.ini"
          },
          "event_id": 4017,
          "level": "Information",
          "log_name": "Microsoft-Windows-GroupPolicy/Operational",
          "message": "Making system calls to access specified file. \n\\\\Giacobeville.com\\sysvol\\Giacobeville.com\\Policies\\{6AC1786C-016F-11D2-945F-00C04fB984F9}\\gpt.ini",
          "opcode": "Info",
          "process_id": 76,
          "provider_guid": "{AEA1B4FA-97D1-45F2-A64C-4D69FFFD92C9}",
          "record_number": "308236",
          "source_name": "Microsoft-Windows-GroupPolicy",
          "thread_id": 6460,
          "type": "wineventlog",
          "user": {
            "domain": "NT AUTHORITY",
            "identifier": "S-1-5-18",
            "name": "SYSTEM",
            "type": "User"
          }
        },
        "fields": {
          "@timestamp": [
            1583264186614
          ]
        },
        "sort": [
          1583264186614
        ]
      },
      {
        "_index": "winlogbeat-2020.03.03",
        "_type": "wineventlog",
        "_id": "AXCh6nsNn_lBW985KyaB",
        "_version": 1,
        "_score": null,
        "_source": {
          "@timestamp": "2020-03-03T19:36:26.614Z",
          "beat": {
            "hostname": "DC",
            "name": "server",
            "version": "5.4.0"
          },
          "computer_name": "DC.Giacobeville.com",
          "event_data": {
            "AccessList": "%%1538\n\t\t\t\t%%1541\n\t\t\t\t%%4416\n\t\t\t\t%%4419\n\t\t\t\t%%4423\n\t\t\t\t",
            "AccessMask": "0x120089",
            "AccessReason": "%%1538:\t%%1804\n\t\t\t\t%%1541:\t%%1801\tD:(A;;0x1200a9;;;WD)\n\t\t\t\t%%4416:\t%%1801\tD:(A;;0x1200a9;;;WD)\n\t\t\t\t%%4419:\t%%1801\tD:(A;;0x1200a9;;;WD)\n\t\t\t\t%%4423:\t%%1801\tD:(A;;0x1200a9;;;WD)\n\t\t\t\t",
            "IpAddress": "::1",
            "IpPort": "49807",
            "ObjectType": "File",
            "RelativeTargetName": "Giacobeville.com\\Policies\\{6AC1786C-016F-11D2-945F-00C04fB984F9}\\gpt.ini",
            "ShareLocalPath": "\\??\\C:\\Windows\\SYSVOL\\sysvol",
            "ShareName": "\\\\*\\SYSVOL",
            "SubjectDomainName": "GIACOBEVILLE",
            "SubjectLogonId": "0xcf33f",
            "SubjectUserName": "DC$",
            "SubjectUserSid": "S-1-5-18"
          },
          "event_id": 5145,
          "keywords": [
            "Audit Success"
          ],
          "level": "Information",
          "log_name": "Security",
          "message": "A network share object was checked to see whether client can be granted desired access.\n\t\nSubject:\n\tSecurity ID:\t\tS-1-5-18\n\tAccount Name:\t\tDC$\n\tAccount Domain:\t\tGIACOBEVILLE\n\tLogon ID:\t\t0xCF33F\n\nNetwork Information:\t\n\tObject Type:\t\tFile\n\tSource Address:\t\t::1\n\tSource Port:\t\t49807\n\t\nShare Information:\n\tShare Name:\t\t\\\\*\\SYSVOL\n\tShare Path:\t\t\\??\\C:\\Windows\\SYSVOL\\sysvol\n\tRelative Target Name:\tGiacobeville.com\\Policies\\{6AC1786C-016F-11D2-945F-00C04fB984F9}\\gpt.ini\n\nAccess Request Information:\n\tAccess Mask:\t\t0x120089\n\tAccesses:\t\tREAD_CONTROL\n\t\t\t\tSYNCHRONIZE\n\t\t\t\tReadData (or ListDirectory)\n\t\t\t\tReadEA\n\t\t\t\tReadAttributes\n\t\t\t\t\nAccess Check Results:\n\tREAD_CONTROL:\tGranted by Ownership\n\t\t\t\tSYNCHRONIZE:\tGranted by\tD:(A;;0x1200a9;;;WD)\n\t\t\t\tReadData (or ListDirectory):\tGranted by\tD:(A;;0x1200a9;;;WD)\n\t\t\t\tReadEA:\tGranted by\tD:(A;;0x1200a9;;;WD)\n\t\t\t\tReadAttributes:\tGranted by\tD:(A;;0x1200a9;;;WD)\n\t\t\t\t",
          "opcode": "Info",
          "process_id": 4,
          "provider_guid": "{54849625-5478-4994-A5BA-3E3B0328C30D}",
          "record_number": "539841",
          "source_name": "Microsoft-Windows-Security-Auditing",
          "task": "Detailed File Share",
          "thread_id": 120,
          "type": "wineventlog"
        },
        "fields": {
          "@timestamp": [
            1583264186614
          ]
        },
        "sort": [
          1583264186614
        ]
      },
      {
        "_index": "winlogbeat-2020.03.03",
        "_type": "wineventlog",
        "_id": "AXCh6no4n_lBW985KyZy",
        "_version": 1,
        "_score": null,
        "_source": {
          "@timestamp": "2020-03-03T19:36:26.613Z",
          "activity_id": "{FA7CD237-6F93-45C3-9BBA-29623A7AA364}",
          "beat": {
            "hostname": "DC",
            "name": "server",
            "version": "5.4.0"
          },
          "computer_name": "DC.Giacobeville.com",
          "event_data": {
            "ErrorCode": "0",
            "OperationDescription": "%%4132",
            "OperationElaspedTimeInMilliSeconds": "16",
            "Parameter": "\\\\Giacobeville.com\\sysvol\\Giacobeville.com\\Policies\\{31B2F340-016D-11D2-945F-00C04FB984F9}\\gpt.ini"
          },
          "event_id": 5017,
          "level": "Information",
          "log_name": "Microsoft-Windows-GroupPolicy/Operational",
          "message": "The system calls to access specified file completed. \n\\\\Giacobeville.com\\sysvol\\Giacobeville.com\\Policies\\{31B2F340-016D-11D2-945F-00C04FB984F9}\\gpt.ini\nThe call completed in 16 milliseconds.",
          "opcode": "Info",
          "process_id": 76,
          "provider_guid": "{AEA1B4FA-97D1-45F2-A64C-4D69FFFD92C9}",
          "record_number": "308235",
          "source_name": "Microsoft-Windows-GroupPolicy",
          "thread_id": 6460,
          "type": "wineventlog",
          "user": {
            "domain": "NT AUTHORITY",
            "identifier": "S-1-5-18",
            "name": "SYSTEM",
            "type": "User"
          }
        },
        "fields": {
          "@timestamp": [
            1583264186613
          ]
        },
        "sort": [
          1583264186613
        ]
      },
      {
        "_index": "winlogbeat-2020.03.03",
        "_type": "wineventlog",
        "_id": "AXCh6nsNn_lBW985KyaA",
        "_version": 1,
        "_score": null,
        "_source": {
          "@timestamp": "2020-03-03T19:36:26.608Z",
          "beat": {
            "hostname": "DC",
            "name": "server",
            "version": "5.4.0"
          },
          "computer_name": "DC.Giacobeville.com",
          "event_data": {
            "AccessList": "%%1538\n\t\t\t\t%%1541\n\t\t\t\t%%4416\n\t\t\t\t%%4419\n\t\t\t\t%%4423\n\t\t\t\t",
            "AccessMask": "0x120089",
            "AccessReason": "%%1538:\t%%1804\n\t\t\t\t%%1541:\t%%1801\tD:(A;;0x1200a9;;;WD)\n\t\t\t\t%%4416:\t%%1801\tD:(A;;0x1200a9;;;WD)\n\t\t\t\t%%4419:\t%%1801\tD:(A;;0x1200a9;;;WD)\n\t\t\t\t%%4423:\t%%1801\tD:(A;;0x1200a9;;;WD)\n\t\t\t\t",
            "IpAddress": "::1",
            "IpPort": "49807",
            "ObjectType": "File",
            "RelativeTargetName": "Giacobeville.com\\Policies\\{31B2F340-016D-11D2-945F-00C04FB984F9}\\gpt.ini",
            "ShareLocalPath": "\\??\\C:\\Windows\\SYSVOL\\sysvol",
            "ShareName": "\\\\*\\SYSVOL",
            "SubjectDomainName": "GIACOBEVILLE",
            "SubjectLogonId": "0xcf33f",
            "SubjectUserName": "DC$",
            "SubjectUserSid": "S-1-5-18"
          },
          "event_id": 5145,
          "keywords": [
            "Audit Success"
          ],
          "level": "Information",
          "log_name": "Security",
          "message": "A network share object was checked to see whether client can be granted desired access.\n\t\nSubject:\n\tSecurity ID:\t\tS-1-5-18\n\tAccount Name:\t\tDC$\n\tAccount Domain:\t\tGIACOBEVILLE\n\tLogon ID:\t\t0xCF33F\n\nNetwork Information:\t\n\tObject Type:\t\tFile\n\tSource Address:\t\t::1\n\tSource Port:\t\t49807\n\t\nShare Information:\n\tShare Name:\t\t\\\\*\\SYSVOL\n\tShare Path:\t\t\\??\\C:\\Windows\\SYSVOL\\sysvol\n\tRelative Target Name:\tGiacobeville.com\\Policies\\{31B2F340-016D-11D2-945F-00C04FB984F9}\\gpt.ini\n\nAccess Request Information:\n\tAccess Mask:\t\t0x120089\n\tAccesses:\t\tREAD_CONTROL\n\t\t\t\tSYNCHRONIZE\n\t\t\t\tReadData (or ListDirectory)\n\t\t\t\tReadEA\n\t\t\t\tReadAttributes\n\t\t\t\t\nAccess Check Results:\n\tREAD_CONTROL:\tGranted by Ownership\n\t\t\t\tSYNCHRONIZE:\tGranted by\tD:(A;;0x1200a9;;;WD)\n\t\t\t\tReadData (or ListDirectory):\tGranted by\tD:(A;;0x1200a9;;;WD)\n\t\t\t\tReadEA:\tGranted by\tD:(A;;0x1200a9;;;WD)\n\t\t\t\tReadAttributes:\tGranted by\tD:(A;;0x1200a9;;;WD)\n\t\t\t\t",
          "opcode": "Info",
          "process_id": 4,
          "provider_guid": "{54849625-5478-4994-A5BA-3E3B0328C30D}",
          "record_number": "539840",
          "source_name": "Microsoft-Windows-Security-Auditing",
          "task": "Detailed File Share",
          "thread_id": 120,
          "type": "wineventlog"
        },
        "fields": {
          "@timestamp": [
            1583264186608
          ]
        },
        "sort": [
          1583264186608
        ]
      },
      {
        "_index": "winlogbeat-2020.03.03",
        "_type": "wineventlog",
        "_id": "AXCh6no4n_lBW985KyZx",
        "_version": 1,
        "_score": null,
        "_source": {
          "@timestamp": "2020-03-03T19:36:26.590Z",
          "activity_id": "{FA7CD237-6F93-45C3-9BBA-29623A7AA364}",
          "beat": {
            "hostname": "DC",
            "name": "server",
            "version": "5.4.0"
          },
          "computer_name": "DC.Giacobeville.com",
          "event_data": {
            "OperationDescription": "%%4131",
            "Parameter": "\\\\Giacobeville.com\\sysvol\\Giacobeville.com\\Policies\\{31B2F340-016D-11D2-945F-00C04FB984F9}\\gpt.ini"
          },
          "event_id": 4017,
          "level": "Information",
          "log_name": "Microsoft-Windows-GroupPolicy/Operational",
          "message": "Making system calls to access specified file. \n\\\\Giacobeville.com\\sysvol\\Giacobeville.com\\Policies\\{31B2F340-016D-11D2-945F-00C04FB984F9}\\gpt.ini",
          "opcode": "Info",
          "process_id": 76,
          "provider_guid": "{AEA1B4FA-97D1-45F2-A64C-4D69FFFD92C9}",
          "record_number": "308234",
          "source_name": "Microsoft-Windows-GroupPolicy",
          "thread_id": 6460,
          "type": "wineventlog",
          "user": {
            "domain": "NT AUTHORITY",
            "identifier": "S-1-5-18",
            "name": "SYSTEM",
            "type": "User"
          }
        },
        "fields": {
          "@timestamp": [
            1583264186590
          ]
        },
        "sort": [
          1583264186590
        ]
      },
      {
        "_index": "winlogbeat-2020.03.03",
        "_type": "wineventlog",
        "_id": "AXCh6no4n_lBW985KyZw",
        "_version": 1,
        "_score": null,
        "_source": {
          "@timestamp": "2020-03-03T19:36:26.590Z",
          "activity_id": "{FA7CD237-6F93-45C3-9BBA-29623A7AA364}",
          "beat": {
            "hostname": "DC",
            "name": "server",
            "version": "5.4.0"
          },
          "computer_name": "DC.Giacobeville.com",
          "event_data": {
            "BandwidthInkbps": "0",
            "ErrorCode": "0",
            "IsSlowLink": "false",
            "LinkDescription": "%%4113",
            "PolicyApplicationMode": "0",
            "ThresholdInkbps": "500"
          },
          "event_id": 5314,
          "level": "Information",
          "log_name": "Microsoft-Windows-GroupPolicy/Operational",
          "message": "A fast link was detected. The Estimated bandwidth is 0 kbps. The slow link threshold is 500 kbps.",
          "opcode": "Info",
          "process_id": 76,
          "provider_guid": "{AEA1B4FA-97D1-45F2-A64C-4D69FFFD92C9}",
          "record_number": "308233",
          "source_name": "Microsoft-Windows-GroupPolicy",
          "thread_id": 6460,
          "type": "wineventlog",
          "user": {
            "domain": "NT AUTHORITY",
            "identifier": "S-1-5-18",
            "name": "SYSTEM",
            "type": "User"
          }
        },
        "fields": {
          "@timestamp": [
            1583264186590
          ]
        },
        "sort": [
          1583264186590
        ]
      },
      {
        "_index": "winlogbeat-2020.03.03",
        "_type": "wineventlog",
        "_id": "AXCh6niOn_lBW985KyZe",
        "_version": 1,
        "_score": null,
        "_source": {
          "@timestamp": "2020-03-03T19:36:26.470Z",
          "beat": {
            "hostname": "DC",
            "name": "server",
            "version": "5.4.0"
          },
          "computer_name": "DC.Giacobeville.com",
          "event_data": {
            "VolumeGuid": "{E8A05CFB-01EA-11EA-8B75-806E6F6E6963}",
            "VolumeName": "A:",
            "VolumeNameLength": "2"
          },
          "event_id": 1,
          "level": "Information",
          "log_name": "Microsoft-Windows-Kernel-IO/Operational",
          "message": "Windows has started processing the volume mount request.\n\n           Volume GUID: {E8A05CFB-01EA-11EA-8B75-806E6F6E6963}\n           Volume Name: A:",
          "opcode": "Start",
          "process_id": 2320,
          "provider_guid": "{ABF1F586-2E50-4BA8-928D-49044E6F0DB7}",
          "record_number": "189106",
          "source_name": "Microsoft-Windows-Kernel-IO",
          "thread_id": 3180,
          "type": "wineventlog",
          "user": {
            "domain": "NT AUTHORITY",
            "identifier": "S-1-5-18",
            "name": "SYSTEM",
            "type": "User"
          }
        },
        "fields": {
          "@timestamp": [
            1583264186470
          ]
        },
        "sort": [
          1583264186470
        ]
      },
      {
        "_index": "winlogbeat-2020.03.03",
        "_type": "wineventlog",
        "_id": "AXCh6no4n_lBW985KyZv",
        "_version": 1,
        "_score": null,
        "_source": {
          "@timestamp": "2020-03-03T19:36:26.270Z",
          "activity_id": "{FA7CD237-6F93-45C3-9BBA-29623A7AA364}",
          "beat": {
            "hostname": "DC",
            "name": "server",
            "version": "5.4.0"
          },
          "computer_name": "DC.Giacobeville.com",
          "event_data": {
            "IsAsyncProcessing": "true",
            "IsBackgroundProcessing": "true",
            "IsMachine": "true"
          },
          "event_id": 4257,
          "level": "Information",
          "log_name": "Microsoft-Windows-GroupPolicy/Operational",
          "message": "Starting to download policies.",
          "opcode": "Info",
          "process_id": 76,
          "provider_guid": "{AEA1B4FA-97D1-45F2-A64C-4D69FFFD92C9}",
          "record_number": "308232",
          "source_name": "Microsoft-Windows-GroupPolicy",
          "thread_id": 6460,
          "type": "wineventlog",
          "user": {
            "domain": "NT AUTHORITY",
            "identifier": "S-1-5-18",
            "name": "SYSTEM",
            "type": "User"
          }
        },
        "fields": {
          "@timestamp": [
            1583264186270
          ]
        },
        "sort": [
          1583264186270
        ]
      },
      {
        "_index": "winlogbeat-2020.03.03",
        "_type": "wineventlog",
        "_id": "AXCh6no4n_lBW985KyZt",
        "_version": 1,
        "_score": null,
        "_source": {
          "@timestamp": "2020-03-03T19:36:26.266Z",
          "activity_id": "{FA7CD237-6F93-45C3-9BBA-29623A7AA364}",
          "beat": {
            "hostname": "DC",
            "name": "server",
            "version": "5.4.0"
          },
          "computer_name": "DC.Giacobeville.com",
          "event_data": {
            "PolicyProcessingMode": "0"
          },
          "event_id": 5311,
          "level": "Information",
          "log_name": "Microsoft-Windows-GroupPolicy/Operational",
          "message": "The loopback policy processing mode is \"No loopback mode\".",
          "opcode": "Info",
          "process_id": 76,
          "provider_guid": "{AEA1B4FA-97D1-45F2-A64C-4D69FFFD92C9}",
          "record_number": "308230",
          "source_name": "Microsoft-Windows-GroupPolicy",
          "thread_id": 6460,
          "type": "wineventlog",
          "user": {
            "domain": "NT AUTHORITY",
            "identifier": "S-1-5-18",
            "name": "SYSTEM",
            "type": "User"
          }
        },
        "fields": {
          "@timestamp": [
            1583264186266
          ]
        },
        "sort": [
          1583264186266
        ]
      },
      {
        "_index": "winlogbeat-2020.03.03",
        "_type": "wineventlog",
        "_id": "AXCh6no4n_lBW985KyZu",
        "_version": 1,
        "_score": null,
        "_source": {
          "@timestamp": "2020-03-03T19:36:26.266Z",
          "activity_id": "{FA7CD237-6F93-45C3-9BBA-29623A7AA364}",
          "beat": {
            "hostname": "DC",
            "name": "server",
            "version": "5.4.0"
          },
          "computer_name": "DC.Giacobeville.com",
          "event_data": {
            "IsMachine": "true"
          },
          "event_id": 4126,
          "level": "Information",
          "log_name": "Microsoft-Windows-GroupPolicy/Operational",
          "message": "Group Policy receiving applicable GPOs from the domain controller.",
          "opcode": "Info",
          "process_id": 76,
          "provider_guid": "{AEA1B4FA-97D1-45F2-A64C-4D69FFFD92C9}",
          "record_number": "308231",
          "source_name": "Microsoft-Windows-GroupPolicy",
          "thread_id": 6460,
          "type": "wineventlog",
          "user": {
            "domain": "NT AUTHORITY",
            "identifier": "S-1-5-18",
            "name": "SYSTEM",
            "type": "User"
          }
        },
        "fields": {
          "@timestamp": [
            1583264186266
          ]
        },
        "sort": [
          1583264186266
        ]
      },
      {
        "_index": "winlogbeat-2020.03.03",
        "_type": "wineventlog",
        "_id": "AXCh6no4n_lBW985KyZr",
        "_version": 1,
        "_score": null,
        "_source": {
          "@timestamp": "2020-03-03T19:36:26.261Z",
          "activity_id": "{FA7CD237-6F93-45C3-9BBA-29623A7AA364}",
          "beat": {
            "hostname": "DC",
            "name": "server",
            "version": "5.4.0"
          },
          "computer_name": "DC.Giacobeville.com",
          "event_data": {
            "MachineRole": "3"
          },
          "event_id": 5309,
          "level": "Information",
          "log_name": "Microsoft-Windows-GroupPolicy/Operational",
          "message": "Computer details: \n\tComputer role : 3\n\tNetwork name : ",
          "opcode": "Info",
          "process_id": 76,
          "provider_guid": "{AEA1B4FA-97D1-45F2-A64C-4D69FFFD92C9}",
          "record_number": "308228",
          "source_name": "Microsoft-Windows-GroupPolicy",
          "thread_id": 6460,
          "type": "wineventlog",
          "user": {
            "domain": "NT AUTHORITY",
            "identifier": "S-1-5-18",
            "name": "SYSTEM",
            "type": "User"
          }
        },
        "fields": {
          "@timestamp": [
            1583264186261
          ]
        },
        "sort": [
          1583264186261
        ]
      },
      {
        "_index": "winlogbeat-2020.03.03",
        "_type": "wineventlog",
        "_id": "AXCh6no4n_lBW985KyZs",
        "_version": 1,
        "_score": null,
        "_source": {
          "@timestamp": "2020-03-03T19:36:26.261Z",
          "activity_id": "{FA7CD237-6F93-45C3-9BBA-29623A7AA364}",
          "beat": {
            "hostname": "DC",
            "name": "server",
            "version": "5.4.0"
          },
          "computer_name": "DC.Giacobeville.com",
          "event_data": {
            "DCDomainName": "Giacobeville.com",
            "DCName": "\\\\DC.Giacobeville.com",
            "PrincipalCNName": "CN=DC,OU=Domain Controllers,DC=Giacobeville,DC=com",
            "PrincipalDomainName": "Giacobeville.com"
          },
          "event_id": 5310,
          "level": "Information",
          "log_name": "Microsoft-Windows-GroupPolicy/Operational",
          "message": "Account details: \n\tAccount Name : CN=DC,OU=Domain Controllers,DC=Giacobeville,DC=com\n\tAccount Domain Name : Giacobeville.com\n\tDC Name : \\\\DC.Giacobeville.com\n\tDC Domain Name : Giacobeville.com",
          "opcode": "Info",
          "process_id": 76,
          "provider_guid": "{AEA1B4FA-97D1-45F2-A64C-4D69FFFD92C9}",
          "record_number": "308229",
          "source_name": "Microsoft-Windows-GroupPolicy",
          "thread_id": 6460,
          "type": "wineventlog",
          "user": {
            "domain": "NT AUTHORITY",
            "identifier": "S-1-5-18",
            "name": "SYSTEM",
            "type": "User"
          }
        },
        "fields": {
          "@timestamp": [
            1583264186261
          ]
        },
        "sort": [
          1583264186261
        ]
      },
      {
        "_index": "winlogbeat-2020.03.03",
        "_type": "wineventlog",
        "_id": "AXCh6no4n_lBW985KyZo",
        "_version": 1,
        "_score": null,
        "_source": {
          "@timestamp": "2020-03-03T19:36:26.259Z",
          "activity_id": "{FA7CD237-6F93-45C3-9BBA-29623A7AA364}",
          "beat": {
            "hostname": "DC",
            "name": "server",
            "version": "5.4.0"
          },
          "computer_name": "DC.Giacobeville.com",
          "event_data": {
            "ErrorCode": "0",
            "OperationDescription": "%%4120",
            "OperationElaspedTimeInMilliSeconds": "109",
            "Parameter": "DC.Giacobeville.com"
          },
          "event_id": 5017,
          "level": "Information",
          "log_name": "Microsoft-Windows-GroupPolicy/Operational",
          "message": "The LDAP call to connect and bind to Active Directory completed. \nDC.Giacobeville.com\nThe call completed in 109 milliseconds.",
          "opcode": "Info",
          "process_id": 76,
          "provider_guid": "{AEA1B4FA-97D1-45F2-A64C-4D69FFFD92C9}",
          "record_number": "308225",
          "source_name": "Microsoft-Windows-GroupPolicy",
          "thread_id": 6460,
          "type": "wineventlog",
          "user": {
            "domain": "NT AUTHORITY",
            "identifier": "S-1-5-18",
            "name": "SYSTEM",
            "type": "User"
          }
        },
        "fields": {
          "@timestamp": [
            1583264186259
          ]
        },
        "sort": [
          1583264186259
        ]
      },
      {
        "_index": "winlogbeat-2020.03.03",
        "_type": "wineventlog",
        "_id": "AXCh6no4n_lBW985KyZp",
        "_version": 1,
        "_score": null,
        "_source": {
          "@timestamp": "2020-03-03T19:36:26.259Z",
          "activity_id": "{FA7CD237-6F93-45C3-9BBA-29623A7AA364}",
          "beat": {
            "hostname": "DC",
            "name": "server",
            "version": "5.4.0"
          },
          "computer_name": "DC.Giacobeville.com",
          "event_data": {
            "DCIPAddress": "192.168.100.10",
            "DCName": "DC.Giacobeville.com"
          },
          "event_id": 5308,
          "level": "Information",
          "log_name": "Microsoft-Windows-GroupPolicy/Operational",
          "message": "Domain Controller details: \n\tDomain Controller Name : DC.Giacobeville.com\n\tDomain Controller IP Address : 192.168.100.10",
          "opcode": "Info",
          "process_id": 76,
          "provider_guid": "{AEA1B4FA-97D1-45F2-A64C-4D69FFFD92C9}",
          "record_number": "308226",
          "source_name": "Microsoft-Windows-GroupPolicy",
          "thread_id": 6460,
          "type": "wineventlog",
          "user": {
            "domain": "NT AUTHORITY",
            "identifier": "S-1-5-18",
            "name": "SYSTEM",
            "type": "User"
          }
        },
        "fields": {
          "@timestamp": [
            1583264186259
          ]
        },
        "sort": [
          1583264186259
        ]
      },
      {
        "_index": "winlogbeat-2020.03.03",
        "_type": "wineventlog",
        "_id": "AXCh6no4n_lBW985KyZq",
        "_version": 1,
        "_score": null,
        "_source": {
          "@timestamp": "2020-03-03T19:36:26.259Z",
          "activity_id": "{FA7CD237-6F93-45C3-9BBA-29623A7AA364}",
          "beat": {
            "hostname": "DC",
            "name": "server",
            "version": "5.4.0"
          },
          "computer_name": "DC.Giacobeville.com",
          "event_data": {
            "DCDiscoveryTimeInMilliSeconds": "422",
            "ErrorCode": "0"
          },
          "event_id": 5326,
          "level": "Information",
          "log_name": "Microsoft-Windows-GroupPolicy/Operational",
          "message": "Group Policy successfully discovered the Domain Controller in 422 milliseconds.",
          "opcode": "Info",
          "process_id": 76,
          "provider_guid": "{AEA1B4FA-97D1-45F2-A64C-4D69FFFD92C9}",
          "record_number": "308227",
          "source_name": "Microsoft-Windows-GroupPolicy",
          "thread_id": 6460,
          "type": "wineventlog",
          "user": {
            "domain": "NT AUTHORITY",
            "identifier": "S-1-5-18",
            "name": "SYSTEM",
            "type": "User"
          }
        },
        "fields": {
          "@timestamp": [
            1583264186259
          ]
        },
        "sort": [
          1583264186259
        ]
      },
      {
        "_index": "winlogbeat-2020.03.03",
        "_type": "wineventlog",
        "_id": "AXCh6no4n_lBW985KyZn",
        "_version": 1,
        "_score": null,
        "_source": {
          "@timestamp": "2020-03-03T19:36:26.150Z",
          "activity_id": "{FA7CD237-6F93-45C3-9BBA-29623A7AA364}",
          "beat": {
            "hostname": "DC",
            "name": "server",
            "version": "5.4.0"
          },
          "computer_name": "DC.Giacobeville.com",
          "event_data": {
            "OperationDescription": "%%4119",
            "Parameter": "DC.Giacobeville.com"
          },
          "event_id": 4017,
          "level": "Information",
          "log_name": "Microsoft-Windows-GroupPolicy/Operational",
          "message": "Making LDAP calls to connect and bind to Active Directory. \nDC.Giacobeville.com",
          "opcode": "Info",
          "process_id": 76,
          "provider_guid": "{AEA1B4FA-97D1-45F2-A64C-4D69FFFD92C9}",
          "record_number": "308224",
          "source_name": "Microsoft-Windows-GroupPolicy",
          "thread_id": 6460,
          "type": "wineventlog",
          "user": {
            "domain": "NT AUTHORITY",
            "identifier": "S-1-5-18",
            "name": "SYSTEM",
            "type": "User"
          }
        },
        "fields": {
          "@timestamp": [
            1583264186150
          ]
        },
        "sort": [
          1583264186150
        ]
      },
      {
        "_index": "winlogbeat-2020.03.03",
        "_type": "wineventlog",
        "_id": "AXCh6no4n_lBW985KyZk",
        "_version": 1,
        "_score": null,
        "_source": {
          "@timestamp": "2020-03-03T19:36:25.846Z",
          "activity_id": "{FA7CD237-6F93-45C3-9BBA-29623A7AA364}",
          "beat": {
            "hostname": "DC",
            "name": "server",
            "version": "5.4.0"
          },
          "computer_name": "DC.Giacobeville.com",
          "event_data": {
            "InfoDescription": "%%4115"
          },
          "event_id": 5320,
          "level": "Information",
          "log_name": "Microsoft-Windows-GroupPolicy/Operational",
          "message": "Retrieved account information.",
          "opcode": "Info",
          "process_id": 76,
          "provider_guid": "{AEA1B4FA-97D1-45F2-A64C-4D69FFFD92C9}",
          "record_number": "308221",
          "source_name": "Microsoft-Windows-GroupPolicy",
          "thread_id": 6460,
          "type": "wineventlog",
          "user": {
            "domain": "NT AUTHORITY",
            "identifier": "S-1-5-18",
            "name": "SYSTEM",
            "type": "User"
          }
        },
        "fields": {
          "@timestamp": [
            1583264185846
          ]
        },
        "sort": [
          1583264185846
        ]
      },
      {
        "_index": "winlogbeat-2020.03.03",
        "_type": "wineventlog",
        "_id": "AXCh6no4n_lBW985KyZl",
        "_version": 1,
        "_score": null,
        "_source": {
          "@timestamp": "2020-03-03T19:36:25.846Z",
          "activity_id": "{FA7CD237-6F93-45C3-9BBA-29623A7AA364}",
          "beat": {
            "hostname": "DC",
            "name": "server",
            "version": "5.4.0"
          },
          "computer_name": "DC.Giacobeville.com",
          "event_id": 4326,
          "level": "Information",
          "log_name": "Microsoft-Windows-GroupPolicy/Operational",
          "message": "Group Policy is trying to discover the Domain Controller information.",
          "opcode": "Info",
          "process_id": 76,
          "provider_guid": "{AEA1B4FA-97D1-45F2-A64C-4D69FFFD92C9}",
          "record_number": "308222",
          "source_name": "Microsoft-Windows-GroupPolicy",
          "thread_id": 6460,
          "type": "wineventlog",
          "user": {
            "domain": "NT AUTHORITY",
            "identifier": "S-1-5-18",
            "name": "SYSTEM",
            "type": "User"
          }
        },
        "fields": {
          "@timestamp": [
            1583264185846
          ]
        },
        "sort": [
          1583264185846
        ]
      },
