      {
        "_index": "winlogbeat-2020.03.03",
        "_type": "wineventlog",
        "_id": "AXCh6echn_lBW985KyZL",
        "_version": 1,
        "_score": null,
        "_source": {
          "@timestamp": "2020-03-03T19:35:48.958Z",
          "beat": {
            "hostname": "DC",
            "name": "server",
            "version": "5.4.0"
          },
          "computer_name": "DC.Giacobeville.com",
          "event_id": 551,
          "keywords": [
            "Audit Failure"
          ],
          "level": "Error",
          "log_name": "Microsoft-Windows-SMBServer/Security",
          "message": "SMB Session Authentication Failure\n\nClient Name: \\\\192.168.100.11\nClient Address: 192.168.100.11:49308\nUser Name: NT AUTHORITY\\ANONYMOUS LOGON\nSession ID: 0x54000000003D\nStatus: {Access Denied}\nA process has requested access to an object, but has not been granted those access rights. (0xC0000022)\nSPN: session setup failed before the SPN could be queried\nSPN Validation Policy: SPN optional / no validation\n\nGuidance:\n\nYou should expect this error when attempting to connect to shares using incorrect credentials.\n\nThis error does not always indicate a problem with authorization, but mainly authentication. It is more common with non-Windows clients.\n\nThis error can occur when using incorrect usernames and passwords with NTLM, mismatched LmCompatibility settings between client and server, an incorrect service principal name, duplicate Kerberos service principal names, incorrect Kerberos ticket-granting service tickets, or Guest accounts without Guest access enabled",
          "opcode": "Info",
          "process_id": 4,
          "provider_guid": "{D48CE617-33A2-4BC3-A5C7-11AA4F29619E}",
          "record_number": "14280",
          "source_name": "Microsoft-Windows-SMBServer",
          "thread_id": 2160,
          "type": "wineventlog",
          "user": {
            "domain": "NT AUTHORITY",
            "identifier": "S-1-5-18",
            "name": "SYSTEM",
            "type": "User"
          },
          "user_data": {
            "ClientAddress": "0200C09CC0A8640B00000000000000000000FFFFC0A8640B0000000000000000000000000000000000000000000000000000000000000000000000000000000000000000000000000000000000000000000000000000000000000000000000000000000000000000000000000000000000000000000000000000000000000000",
            "ClientAddressLength": "128",
            "ClientName": "\\\\192.168.100.11",
            "ClientNameLength": "16",
            "ConnectionGUID": "{C1F4B524-F190-0000-59BE-F4C190F1D501}",
            "SPN": "session setup failed before the SPN could be queried",
            "SPNValidationPolicy": "0",
            "SessionGUID": "{C1F4B524-F190-0000-5ABE-F4C190F1D501}",
            "SessionId": "0x54000000003d",
            "Status": "0xc0000022",
            "TranslatedStatus": "0xc0000022",
            "UserName": "NT AUTHORITY\\ANONYMOUS LOGON",
            "UserNameLength": "28",
            "xml_name": "EventData"
          },
          "version": 2
        },
        "fields": {
          "@timestamp": [
            1583264148958
          ]
        },
        "sort": [
          1583264148958
        ]
      },
      {
        "_index": "winlogbeat-2020.03.03",
        "_type": "wineventlog",
        "_id": "AXCh6echn_lBW985KyZJ",
        "_version": 1,
        "_score": null,
        "_source": {
          "@timestamp": "2020-03-03T19:35:48.912Z",
          "beat": {
            "hostname": "DC",
            "name": "server",
            "version": "5.4.0"
          },
          "computer_name": "DC.Giacobeville.com",
          "event_id": 551,
          "keywords": [
            "Audit Failure"
          ],
          "level": "Error",
          "log_name": "Microsoft-Windows-SMBServer/Security",
          "message": "SMB Session Authentication Failure\n\nClient Name: \\\\192.168.100.11\nClient Address: 192.168.100.11:49305\nUser Name: NT AUTHORITY\\ANONYMOUS LOGON\nSession ID: 0x540000000035\nStatus: {Access Denied}\nA process has requested access to an object, but has not been granted those access rights. (0xC0000022)\nSPN: session setup failed before the SPN could be queried\nSPN Validation Policy: SPN optional / no validation\n\nGuidance:\n\nYou should expect this error when attempting to connect to shares using incorrect credentials.\n\nThis error does not always indicate a problem with authorization, but mainly authentication. It is more common with non-Windows clients.\n\nThis error can occur when using incorrect usernames and passwords with NTLM, mismatched LmCompatibility settings between client and server, an incorrect service principal name, duplicate Kerberos service principal names, incorrect Kerberos ticket-granting service tickets, or Guest accounts without Guest access enabled",
          "opcode": "Info",
          "process_id": 4,
          "provider_guid": "{D48CE617-33A2-4BC3-A5C7-11AA4F29619E}",
          "record_number": "14278",
          "source_name": "Microsoft-Windows-SMBServer",
          "thread_id": 7540,
          "type": "wineventlog",
          "user": {
            "domain": "NT AUTHORITY",
            "identifier": "S-1-5-18",
            "name": "SYSTEM",
            "type": "User"
          },
          "user_data": {
            "ClientAddress": "0200C099C0A8640B00000000000000000000FFFFC0A8640B0000000000000000000000000000000000000000000000000000000000000000000000000000000000000000000000000000000000000000000000000000000000000000000000000000000000000000000000000000000000000000000000000000000000000000",
            "ClientAddressLength": "128",
            "ClientName": "\\\\192.168.100.11",
            "ClientNameLength": "16",
            "ConnectionGUID": "{C1F4B524-F190-0000-57BE-F4C190F1D501}",
            "SPN": "session setup failed before the SPN could be queried",
            "SPNValidationPolicy": "0",
            "SessionGUID": "{C1F4B524-F190-0001-20BE-F4C190F1D501}",
            "SessionId": "0x540000000035",
            "Status": "0xc0000022",
            "TranslatedStatus": "0xc0000022",
            "UserName": "NT AUTHORITY\\ANONYMOUS LOGON",
            "UserNameLength": "28",
            "xml_name": "EventData"
          },
          "version": 2
        },
        "fields": {
          "@timestamp": [
            1583264148912
          ]
        },
        "sort": [
          1583264148912
        ]
      },
      {
        "_index": "winlogbeat-2020.03.03",
        "_type": "wineventlog",
        "_id": "AXCh6echn_lBW985KyZI",
        "_version": 1,
        "_score": null,
        "_source": {
          "@timestamp": "2020-03-03T19:35:48.912Z",
          "beat": {
            "hostname": "DC",
            "name": "server",
            "version": "5.4.0"
          },
          "computer_name": "DC.Giacobeville.com",
          "event_id": 1009,
          "keywords": [
            "Audit Failure"
          ],
          "level": "Error",
          "log_name": "Microsoft-Windows-SMBServer/Security",
          "message": "The server denied anonymous access to the client.\n\nClient Name: \\\\192.168.100.11\n Client Address: 192.168.100.11:49305\nSession ID: 0x540000000035\n\nGuidance:\n\nYou should expect this error when a client attempts to connect to shares and does not provide any credentials. This indicates that the client is not providing a user name (and domain credentials, if necessary). By default, Windows Server denies anonymous access to shares.\n\nThis error does not always indicate a problem with authorization, but mainly authentication. It is more common with non-Windows clients.",
          "opcode": "Info",
          "process_id": 4,
          "provider_guid": "{D48CE617-33A2-4BC3-A5C7-11AA4F29619E}",
          "record_number": "14277",
          "source_name": "Microsoft-Windows-SMBServer",
          "thread_id": 7540,
          "type": "wineventlog",
          "user": {
            "domain": "NT AUTHORITY",
            "identifier": "S-1-5-18",
            "name": "SYSTEM",
            "type": "User"
          },
          "user_data": {
            "ClientAddress": "0200C099C0A8640B00000000000000000000FFFFC0A8640B0000000000000000000000000000000000000000000000000000000000000000000000000000000000000000000000000000000000000000000000000000000000000000000000000000000000000000000000000000000000000000000000000000000000000000",
            "ClientAddressLength": "128",
            "ClientName": "\\\\192.168.100.11",
            "ClientNameLength": "16",
            "ConnectionGUID": "{C1F4B524-F190-0000-57BE-F4C190F1D501}",
            "SessionGUID": "{C1F4B524-F190-0001-20BE-F4C190F1D501}",
            "SessionID": "0x540000000035",
            "xml_name": "EventData"
          }
        },
        "fields": {
          "@timestamp": [
            1583264148912
          ]
        },
        "sort": [
          1583264148912
        ]
      },
      {
        "_index": "winlogbeat-2020.03.03",
        "_type": "wineventlog",
        "_id": "AXCh6bDqn_lBW985KyZF",
        "_version": 1,
        "_score": null,
        "_source": {
          "@timestamp": "2020-03-03T19:35:34.345Z",
          "beat": {
            "hostname": "DC",
            "name": "server",
            "version": "5.4.0"
          },
          "computer_name": "DC.Giacobeville.com",
          "event_data": {
            "VolumeGuid": "{E8A05CFB-01EA-11EA-8B75-806E6F6E6963}",
            "VolumeName": "A:",
            "VolumeNameLength": "2"
          },
          "event_id": 2,
          "level": "Information",
          "log_name": "Microsoft-Windows-Kernel-IO/Operational",
          "message": "The volume has been successfully mounted.\n\n           Volume GUID: {E8A05CFB-01EA-11EA-8B75-806E6F6E6963}\n           Volume Name: A:",
          "opcode": "Stop",
          "process_id": 2476,
          "provider_guid": "{ABF1F586-2E50-4BA8-928D-49044E6F0DB7}",
          "record_number": "189103",
          "source_name": "Microsoft-Windows-Kernel-IO",
          "thread_id": 2932,
          "type": "wineventlog",
          "user": {
            "domain": "NT AUTHORITY",
            "identifier": "S-1-5-18",
            "name": "SYSTEM",
            "type": "User"
          }
        },
        "fields": {
          "@timestamp": [
            1583264134345
          ]
        },
        "sort": [
          1583264134345
        ]
      },
      {
        "_index": "winlogbeat-2020.03.03",
        "_type": "wineventlog",
        "_id": "AXCh6aznn_lBW985KyZE",
        "_version": 1,
        "_score": null,
        "_source": {
          "@timestamp": "2020-03-03T19:35:33.324Z",
          "beat": {
            "hostname": "DC",
            "name": "server",
            "version": "5.4.0"
          },
          "computer_name": "DC.Giacobeville.com",
          "event_data": {
            "VolumeGuid": "{E8A05CFB-01EA-11EA-8B75-806E6F6E6963}",
            "VolumeName": "A:",
            "VolumeNameLength": "2"
          },
          "event_id": 1,
          "level": "Information",
          "log_name": "Microsoft-Windows-Kernel-IO/Operational",
          "message": "Windows has started processing the volume mount request.\n\n           Volume GUID: {E8A05CFB-01EA-11EA-8B75-806E6F6E6963}\n           Volume Name: A:",
          "opcode": "Start",
          "process_id": 2476,
          "provider_guid": "{ABF1F586-2E50-4BA8-928D-49044E6F0DB7}",
          "record_number": "189102",
          "source_name": "Microsoft-Windows-Kernel-IO",
          "thread_id": 2932,
          "type": "wineventlog",
          "user": {
            "domain": "NT AUTHORITY",
            "identifier": "S-1-5-18",
            "name": "SYSTEM",
            "type": "User"
          }
        },
        "fields": {
          "@timestamp": [
            1583264133324
          ]
        },
        "sort": [
          1583264133324
        ]
      },
      {
        "_index": "winlogbeat-2020.03.03",
        "_type": "wineventlog",
        "_id": "AXCh6TuHn_lBW985KyZD",
        "_version": 1,
        "_score": null,
        "_source": {
          "@timestamp": "2020-03-03T19:35:04.346Z",
          "beat": {
            "hostname": "DC",
            "name": "server",
            "version": "5.4.0"
          },
          "computer_name": "DC.Giacobeville.com",
          "event_data": {
            "VolumeGuid": "{E8A05CFB-01EA-11EA-8B75-806E6F6E6963}",
            "VolumeName": "A:",
            "VolumeNameLength": "2"
          },
          "event_id": 2,
          "level": "Information",
          "log_name": "Microsoft-Windows-Kernel-IO/Operational",
          "message": "The volume has been successfully mounted.\n\n           Volume GUID: {E8A05CFB-01EA-11EA-8B75-806E6F6E6963}\n           Volume Name: A:",
          "opcode": "Stop",
          "process_id": 2476,
          "provider_guid": "{ABF1F586-2E50-4BA8-928D-49044E6F0DB7}",
          "record_number": "189101",
          "source_name": "Microsoft-Windows-Kernel-IO",
          "thread_id": 2932,
          "type": "wineventlog",
          "user": {
            "domain": "NT AUTHORITY",
            "identifier": "S-1-5-18",
            "name": "SYSTEM",
            "type": "User"
          }
        },
        "fields": {
          "@timestamp": [
            1583264104346
          ]
        },
        "sort": [
          1583264104346
        ]
      },
      {
        "_index": "winlogbeat-2020.03.03",
        "_type": "wineventlog",
        "_id": "AXCh6Td-n_lBW985KyZC",
        "_version": 1,
        "_score": null,
        "_source": {
          "@timestamp": "2020-03-03T19:35:03.324Z",
          "beat": {
            "hostname": "DC",
            "name": "server",
            "version": "5.4.0"
          },
          "computer_name": "DC.Giacobeville.com",
          "event_data": {
            "VolumeGuid": "{E8A05CFB-01EA-11EA-8B75-806E6F6E6963}",
            "VolumeName": "A:",
            "VolumeNameLength": "2"
          },
          "event_id": 1,
          "level": "Information",
          "log_name": "Microsoft-Windows-Kernel-IO/Operational",
          "message": "Windows has started processing the volume mount request.\n\n           Volume GUID: {E8A05CFB-01EA-11EA-8B75-806E6F6E6963}\n           Volume Name: A:",
          "opcode": "Start",
          "process_id": 2476,
          "provider_guid": "{ABF1F586-2E50-4BA8-928D-49044E6F0DB7}",
          "record_number": "189100",
          "source_name": "Microsoft-Windows-Kernel-IO",
          "thread_id": 2932,
          "type": "wineventlog",
          "user": {
            "domain": "NT AUTHORITY",
            "identifier": "S-1-5-18",
            "name": "SYSTEM",
            "type": "User"
          }
        },
        "fields": {
          "@timestamp": [
            1583264103324
          ]
        },
        "sort": [
          1583264103324
        ]
      },
      {
        "_index": "winlogbeat-2020.03.03",
        "_type": "wineventlog",
        "_id": "AXCh6MYVn_lBW985KyZB",
        "_version": 1,
        "_score": null,
        "_source": {
          "@timestamp": "2020-03-03T19:34:34.346Z",
          "beat": {
            "hostname": "DC",
            "name": "server",
            "version": "5.4.0"
          },
          "computer_name": "DC.Giacobeville.com",
          "event_data": {
            "VolumeGuid": "{E8A05CFB-01EA-11EA-8B75-806E6F6E6963}",
            "VolumeName": "A:",
            "VolumeNameLength": "2"
          },
          "event_id": 2,
          "level": "Information",
          "log_name": "Microsoft-Windows-Kernel-IO/Operational",
          "message": "The volume has been successfully mounted.\n\n           Volume GUID: {E8A05CFB-01EA-11EA-8B75-806E6F6E6963}\n           Volume Name: A:",
          "opcode": "Stop",
          "process_id": 2476,
          "provider_guid": "{ABF1F586-2E50-4BA8-928D-49044E6F0DB7}",
          "record_number": "189099",
          "source_name": "Microsoft-Windows-Kernel-IO",
          "thread_id": 2932,
          "type": "wineventlog",
          "user": {
            "domain": "NT AUTHORITY",
            "identifier": "S-1-5-18",
            "name": "SYSTEM",
            "type": "User"
          }
        },
        "fields": {
          "@timestamp": [
            1583264074346
          ]
        },
        "sort": [
          1583264074346
        ]
      },
      {
        "_index": "winlogbeat-2020.03.03",
        "_type": "wineventlog",
        "_id": "AXCh6MIcn_lBW985KyZA",
        "_version": 1,
        "_score": null,
        "_source": {
          "@timestamp": "2020-03-03T19:34:33.324Z",
          "beat": {
            "hostname": "DC",
            "name": "server",
            "version": "5.4.0"
          },
          "computer_name": "DC.Giacobeville.com",
          "event_data": {
            "VolumeGuid": "{E8A05CFB-01EA-11EA-8B75-806E6F6E6963}",
            "VolumeName": "A:",
            "VolumeNameLength": "2"
          },
          "event_id": 1,
          "level": "Information",
          "log_name": "Microsoft-Windows-Kernel-IO/Operational",
          "message": "Windows has started processing the volume mount request.\n\n           Volume GUID: {E8A05CFB-01EA-11EA-8B75-806E6F6E6963}\n           Volume Name: A:",
          "opcode": "Start",
          "process_id": 2476,
          "provider_guid": "{ABF1F586-2E50-4BA8-928D-49044E6F0DB7}",
          "record_number": "189098",
          "source_name": "Microsoft-Windows-Kernel-IO",
          "thread_id": 2932,
          "type": "wineventlog",
          "user": {
            "domain": "NT AUTHORITY",
            "identifier": "S-1-5-18",
            "name": "SYSTEM",
            "type": "User"
          }
        },
        "fields": {
          "@timestamp": [
            1583264073324
          ]
        },
        "sort": [
          1583264073324
        ]
      },
      {
        "_index": "winlogbeat-2020.03.03",
        "_type": "wineventlog",
        "_id": "AXCh6K5ln_lBW985KyY_",
        "_version": 1,
        "_score": null,
        "_source": {
          "@timestamp": "2020-03-03T19:34:28.888Z",
          "beat": {
            "hostname": "DC",
            "name": "server",
            "version": "5.4.0"
          },
          "computer_name": "DC.Giacobeville.com",
          "event_data": {
            "Domain": "NT AUTHORITY",
            "Error Code": "0x80072ee7",
            "Error Description": "The server name or address could not be resolved ",
            "Previous Engine Version": "2.1.12706.0",
            "Previous Signature Version": "116.1.0.0",
            "Product Name": "%%827",
            "Product Version": "4.10.14393.1794",
            "SID": "S-1-5-20",
            "Signature Type": "%%886",
            "Signature Type Index": "3",
            "Source Path": "http://go.microsoft.com/fwlink/?LinkID=260974&clcid=0x409&NRI=true&arch=x64&eng=2.1.12706.0&sig=116.1.0.0&prod=77BDAF73-B396-481F-9042-AD358843EC24",
            "Update Source": "%%851",
            "Update Source Index": "6",
            "Update State": "%%852",
            "Update State Index": "1",
            "Update Type": "%%803",
            "Update Type Index": "1",
            "User": "NETWORK SERVICE"
          },
          "event_id": 2001,
          "level": "Error",
          "log_name": "Microsoft-Windows-Windows Defender/Operational",
          "message": "Windows Defender has encountered an error trying to update signatures.\n \tNew Signature Version: \n \tPrevious Signature Version: 116.1.0.0\n \tUpdate Source: Microsoft Malware Protection Center\n \tSignature Type: Network Inspection System\n \tUpdate Type: Full\n \tUser: NT AUTHORITY\\NETWORK SERVICE\n \tCurrent Engine Version: \n \tPrevious Engine Version: 2.1.12706.0\n \tError code: 0x80072ee7\n \tError description: The server name or address could not be resolved ",
          "opcode": "Info",
          "process_id": 2412,
          "provider_guid": "{11CD958A-C507-4EF3-B3F2-5FD9DFBD2C78}",
          "record_number": "310",
          "source_name": "Microsoft-Windows-Windows Defender",
          "thread_id": 6256,
          "type": "wineventlog",
          "user": {
            "domain": "NT AUTHORITY",
            "identifier": "S-1-5-18",
            "name": "SYSTEM",
            "type": "User"
          }
        },
        "fields": {
          "@timestamp": [
            1583264068888
          ]
        },
        "sort": [
          1583264068888
        ]
      },
      {
        "_index": "winlogbeat-2020.03.03",
        "_type": "wineventlog",
        "_id": "AXCh6H6Jn_lBW985KyY-",
        "_version": 1,
        "_score": null,
        "_source": {
          "@timestamp": "2020-03-03T19:34:16.309Z",
          "beat": {
            "hostname": "DC",
            "name": "server",
            "version": "5.4.0"
          },
          "computer_name": "DC.Giacobeville.com",
          "event_data": {
            "Binary": "540072007500730074006500640049006E007300740061006C006C00650072002F0031000000",
            "param1": "Windows Modules Installer",
            "param2": "stopped"
          },
          "event_id": 7036,
          "keywords": [
            "Classic"
          ],
          "level": "Information",
          "log_name": "System",
          "message": "The Windows Modules Installer service entered the stopped state.",
          "process_id": 652,
          "provider_guid": "{555908d1-a6d7-4695-8e1e-26931d2012f4}",
          "record_number": "18472",
          "source_name": "Service Control Manager",
          "thread_id": 2316,
          "type": "wineventlog"
        },
        "fields": {
          "@timestamp": [
            1583264056309
          ]
        },
        "sort": [
          1583264056309
        ]
      },
      {
        "_index": "winlogbeat-2020.03.03",
        "_type": "wineventlog",
        "_id": "AXCh6FeRn_lBW985KyY7",
        "_version": 1,
        "_score": null,
        "_source": {
          "@timestamp": "2020-03-03T19:34:06.815Z",
          "beat": {
            "hostname": "DC",
            "name": "server",
            "version": "5.4.0"
          },
          "computer_name": "DC.Giacobeville.com",
          "event_data": {
            "CreationUtcTime": "2020-03-03 19:34:06.813",
            "Image": "C:\\Program Files\\Windows Defender\\MpCmdRun.exe",
            "ProcessGuid": "{825D88E6-B087-5E5E-0000-0010A83F0B00}",
            "ProcessId": "7976",
            "RuleName": "EXE",
            "TargetFilename": "C:\\Windows\\SERVIC~2\\NETWOR~1\\AppData\\Local\\Temp\\mpam-4914ee1a.exe",
            "UtcTime": "2020-03-03 19:34:06.814"
          },
          "event_id": 11,
          "level": "Information",
          "log_name": "Microsoft-Windows-Sysmon/Operational",
          "message": "File created:\nRuleName: EXE\nUtcTime: 2020-03-03 19:34:06.814\nProcessGuid: {825D88E6-B087-5E5E-0000-0010A83F0B00}\nProcessId: 7976\nImage: C:\\Program Files\\Windows Defender\\MpCmdRun.exe\nTargetFilename: C:\\Windows\\SERVIC~2\\NETWOR~1\\AppData\\Local\\Temp\\mpam-4914ee1a.exe\nCreationUtcTime: 2020-03-03 19:34:06.813",
          "opcode": "Info",
          "process_id": 2432,
          "provider_guid": "{5770385F-C22A-43E0-BF4C-06F5698FFBD9}",
          "record_number": "6771",
          "source_name": "Microsoft-Windows-Sysmon",
          "task": "File created (rule: FileCreate)",
          "thread_id": 3264,
          "type": "wineventlog",
          "user": {
            "domain": "NT AUTHORITY",
            "identifier": "S-1-5-18",
            "name": "SYSTEM",
            "type": "User"
          },
          "version": 2
        },
        "fields": {
          "@timestamp": [
            1583264046815
          ]
        },
        "sort": [
          1583264046815
        ]
      },
      {
        "_index": "winlogbeat-2020.03.03",
        "_type": "wineventlog",
        "_id": "AXCh6FhZn_lBW985KyY9",
        "_version": 1,
        "_score": null,
        "_source": {
          "@timestamp": "2020-03-03T19:34:06.804Z",
          "beat": {
            "hostname": "DC",
            "name": "server",
            "version": "5.4.0"
          },
          "computer_name": "DC.Giacobeville.com",
          "event_data": {
            "Domain": "NT AUTHORITY",
            "Error Code": "0x80072ee7",
            "Error Description": "The server name or address could not be resolved ",
            "Previous Engine Version": "1.1.12805.0",
            "Previous Signature Version": "1.221.14.0",
            "Product Name": "%%827",
            "Product Version": "4.10.14393.1794",
            "SID": "S-1-5-20",
            "Signature Type": "%%801",
            "Signature Type Index": "2",
            "Source Path": "http://go.microsoft.com/fwlink/?LinkID=121721&clcid=0x409&arch=x64&eng=1.1.12805.0&avdelta=1.221.14.0&asdelta=1.221.14.0&prod=77BDAF73-B396-481F-9042-AD358843EC24",
            "Update Source": "%%851",
            "Update Source Index": "6",
            "Update State": "%%852",
            "Update State Index": "1",
            "Update Type": "%%803",
            "Update Type Index": "1",
            "User": "NETWORK SERVICE"
          },
          "event_id": 2001,
          "level": "Error",
          "log_name": "Microsoft-Windows-Windows Defender/Operational",
          "message": "Windows Defender has encountered an error trying to update signatures.\n \tNew Signature Version: \n \tPrevious Signature Version: 1.221.14.0\n \tUpdate Source: Microsoft Malware Protection Center\n \tSignature Type: AntiSpyware\n \tUpdate Type: Full\n \tUser: NT AUTHORITY\\NETWORK SERVICE\n \tCurrent Engine Version: \n \tPrevious Engine Version: 1.1.12805.0\n \tError code: 0x80072ee7\n \tError description: The server name or address could not be resolved ",
          "opcode": "Info",
          "process_id": 2412,
          "provider_guid": "{11CD958A-C507-4EF3-B3F2-5FD9DFBD2C78}",
          "record_number": "309",
          "source_name": "Microsoft-Windows-Windows Defender",
          "thread_id": 6240,
          "type": "wineventlog",
          "user": {
            "domain": "NT AUTHORITY",
            "identifier": "S-1-5-18",
            "name": "SYSTEM",
            "type": "User"
          }
        },
        "fields": {
          "@timestamp": [
            1583264046804
          ]
        },
        "sort": [
          1583264046804
        ]
      },
      {
        "_index": "winlogbeat-2020.03.03",
        "_type": "wineventlog",
        "_id": "AXCh6FhZn_lBW985KyY8",
        "_version": 1,
        "_score": null,
        "_source": {
          "@timestamp": "2020-03-03T19:34:06.803Z",
          "beat": {
            "hostname": "DC",
            "name": "server",
            "version": "5.4.0"
          },
          "computer_name": "DC.Giacobeville.com",
          "event_data": {
            "Domain": "NT AUTHORITY",
            "Error Code": "0x80072ee7",
            "Error Description": "The server name or address could not be resolved ",
            "Previous Engine Version": "1.1.12805.0",
            "Previous Signature Version": "1.221.14.0",
            "Product Name": "%%827",
            "Product Version": "4.10.14393.1794",
            "SID": "S-1-5-20",
            "Signature Type": "%%800",
            "Signature Type Index": "1",
            "Source Path": "http://go.microsoft.com/fwlink/?LinkID=121721&clcid=0x409&arch=x64&eng=1.1.12805.0&avdelta=1.221.14.0&asdelta=1.221.14.0&prod=77BDAF73-B396-481F-9042-AD358843EC24",
            "Update Source": "%%851",
            "Update Source Index": "6",
            "Update State": "%%852",
            "Update State Index": "1",
            "Update Type": "%%803",
            "Update Type Index": "1",
            "User": "NETWORK SERVICE"
          },
          "event_id": 2001,
          "level": "Error",
          "log_name": "Microsoft-Windows-Windows Defender/Operational",
          "message": "Windows Defender has encountered an error trying to update signatures.\n \tNew Signature Version: \n \tPrevious Signature Version: 1.221.14.0\n \tUpdate Source: Microsoft Malware Protection Center\n \tSignature Type: AntiVirus\n \tUpdate Type: Full\n \tUser: NT AUTHORITY\\NETWORK SERVICE\n \tCurrent Engine Version: \n \tPrevious Engine Version: 1.1.12805.0\n \tError code: 0x80072ee7\n \tError description: The server name or address could not be resolved ",
          "opcode": "Info",
          "process_id": 2412,
          "provider_guid": "{11CD958A-C507-4EF3-B3F2-5FD9DFBD2C78}",
          "record_number": "308",
          "source_name": "Microsoft-Windows-Windows Defender",
          "thread_id": 6240,
          "type": "wineventlog",
          "user": {
            "domain": "NT AUTHORITY",
            "identifier": "S-1-5-18",
            "name": "SYSTEM",
            "type": "User"
          }
        },
        "fields": {
          "@timestamp": [
            1583264046803
          ]
        },
        "sort": [
          1583264046803
        ]
      },
      {
        "_index": "winlogbeat-2020.03.03",
        "_type": "wineventlog",
        "_id": "AXCh6FCwn_lBW985KyY6",
        "_version": 1,
        "_score": null,
        "_source": {
          "@timestamp": "2020-03-03T19:34:04.346Z",
          "beat": {
            "hostname": "DC",
            "name": "server",
            "version": "5.4.0"
          },
          "computer_name": "DC.Giacobeville.com",
          "event_data": {
            "VolumeGuid": "{E8A05CFB-01EA-11EA-8B75-806E6F6E6963}",
            "VolumeName": "A:",
            "VolumeNameLength": "2"
          },
          "event_id": 2,
          "level": "Information",
          "log_name": "Microsoft-Windows-Kernel-IO/Operational",
          "message": "The volume has been successfully mounted.\n\n           Volume GUID: {E8A05CFB-01EA-11EA-8B75-806E6F6E6963}\n           Volume Name: A:",
          "opcode": "Stop",
          "process_id": 2476,
          "provider_guid": "{ABF1F586-2E50-4BA8-928D-49044E6F0DB7}",
          "record_number": "189097",
          "source_name": "Microsoft-Windows-Kernel-IO",
          "thread_id": 2932,
          "type": "wineventlog",
          "user": {
            "domain": "NT AUTHORITY",
            "identifier": "S-1-5-18",
            "name": "SYSTEM",
            "type": "User"
          }
        },
        "fields": {
          "@timestamp": [
            1583264044346
          ]
        },
        "sort": [
          1583264044346
        ]
      },
      {
        "_index": "winlogbeat-2020.03.03",
        "_type": "wineventlog",
        "_id": "AXCh6Eyzn_lBW985KyY5",
        "_version": 1,
        "_score": null,
        "_source": {
          "@timestamp": "2020-03-03T19:34:03.324Z",
          "beat": {
            "hostname": "DC",
            "name": "server",
            "version": "5.4.0"
          },
          "computer_name": "DC.Giacobeville.com",
          "event_data": {
            "VolumeGuid": "{E8A05CFB-01EA-11EA-8B75-806E6F6E6963}",
            "VolumeName": "A:",
            "VolumeNameLength": "2"
          },
          "event_id": 1,
          "level": "Information",
          "log_name": "Microsoft-Windows-Kernel-IO/Operational",
          "message": "Windows has started processing the volume mount request.\n\n           Volume GUID: {E8A05CFB-01EA-11EA-8B75-806E6F6E6963}\n           Volume Name: A:",
          "opcode": "Start",
          "process_id": 2476,
          "provider_guid": "{ABF1F586-2E50-4BA8-928D-49044E6F0DB7}",
          "record_number": "189096",
          "source_name": "Microsoft-Windows-Kernel-IO",
          "thread_id": 2932,
          "type": "wineventlog",
          "user": {
            "domain": "NT AUTHORITY",
            "identifier": "S-1-5-18",
            "name": "SYSTEM",
            "type": "User"
          }
        },
        "fields": {
          "@timestamp": [
            1583264043324
          ]
        },
        "sort": [
          1583264043324
        ]
      },
      {
        "_index": "winlogbeat-2020.03.03",
        "_type": "wineventlog",
        "_id": "AXCh6CIun_lBW985KyY4",
        "_version": 1,
        "_score": null,
        "_source": {
          "@timestamp": "2020-03-03T19:33:52.748Z",
          "activity_id": "{DA222F0A-87F5-405A-A6F5-03095AA3EC36}",
          "beat": {
            "hostname": "DC",
            "name": "server",
            "version": "5.4.0"
          },
          "computer_name": "DC.Giacobeville.com",
          "event_data": {
            "InstanceId": "{DA222F0A-87F5-405A-A6F5-03095AA3EC36}",
            "TaskName": "\\Microsoft\\Windows\\Windows Error Reporting\\QueueReporting",
            "UserContext": "NT AUTHORITY\\SYSTEM"
          },
          "event_id": 102,
          "level": "Information",
          "log_name": "Microsoft-Windows-TaskScheduler/Operational",
          "message": "Task Scheduler successfully finished \"{DA222F0A-87F5-405A-A6F5-03095AA3EC36}\" instance of the \"\\Microsoft\\Windows\\Windows Error Reporting\\QueueReporting\" task for user \"NT AUTHORITY\\SYSTEM\".",
          "opcode": "Stop",
          "process_id": 76,
          "provider_guid": "{DE7B24EA-73C8-4A09-985D-5BDADCFA9017}",
          "record_number": "12522",
          "source_name": "Microsoft-Windows-TaskScheduler",
          "task": "Task completed",
          "thread_id": 1536,
          "type": "wineventlog",
          "user": {
            "domain": "NT AUTHORITY",
            "identifier": "S-1-5-18",
            "name": "SYSTEM",
            "type": "User"
          }
        },
        "fields": {
          "@timestamp": [
            1583264032748
          ]
        },
        "sort": [
          1583264032748
        ]
      },
      {
        "_index": "winlogbeat-2020.03.03",
        "_type": "wineventlog",
        "_id": "AXCh6CIun_lBW985KyY3",
        "_version": 1,
        "_score": null,
        "_source": {
          "@timestamp": "2020-03-03T19:33:52.745Z",
          "activity_id": "{DA222F0A-87F5-405A-A6F5-03095AA3EC36}",
          "beat": {
            "hostname": "DC",
            "name": "server",
            "version": "5.4.0"
          },
          "computer_name": "DC.Giacobeville.com",
          "event_data": {
            "ActionName": "%windir%\\system32\\wermgr.exe",
            "EnginePID": "6772",
            "ResultCode": "0",
            "TaskInstanceId": "{DA222F0A-87F5-405A-A6F5-03095AA3EC36}",
            "TaskName": "\\Microsoft\\Windows\\Windows Error Reporting\\QueueReporting"
          },
          "event_id": 201,
          "level": "Information",
          "log_name": "Microsoft-Windows-TaskScheduler/Operational",
          "message": "Task Scheduler successfully completed task \"\\Microsoft\\Windows\\Windows Error Reporting\\QueueReporting\" , instance \"{DA222F0A-87F5-405A-A6F5-03095AA3EC36}\" , action \"%windir%\\system32\\wermgr.exe\" with return code 0.",
          "opcode": "Stop",
          "process_id": 76,
          "provider_guid": "{DE7B24EA-73C8-4A09-985D-5BDADCFA9017}",
          "record_number": "12521",
          "source_name": "Microsoft-Windows-TaskScheduler",
          "task": "Action completed",
          "thread_id": 1536,
          "type": "wineventlog",
          "user": {
            "domain": "NT AUTHORITY",
            "identifier": "S-1-5-18",
            "name": "SYSTEM",
            "type": "User"
          },
          "version": 2
        },
        "fields": {
          "@timestamp": [
            1583264032745
          ]
        },
        "sort": [
          1583264032745
        ]
      },
      {
        "_index": "winlogbeat-2020.03.03",
        "_type": "wineventlog",
        "_id": "AXCh6B4In_lBW985KyY2",
        "_version": 1,
        "_score": null,
        "_source": {
          "@timestamp": "2020-03-03T19:33:52.685Z",
          "beat": {
            "hostname": "DC",
            "name": "server",
            "version": "5.4.0"
          },
          "computer_name": "DC.Giacobeville.com",
          "event_data": {
            "param10": "0",
            "param11": "0",
            "param12": "8024500b",
            "param13": "Windows Defender (77BDAF73-B396-481F-9042-AD358843EC24)",
            "param14": "{9482F4B4-E343-43B6-B170-9A65BC822C77}",
            "param15": "0",
            "param16": "\n\\\\?\\C:\\ProgramData\\Microsoft\\Windows\\WER\\Temp\\WER8283.tmp.WERInternalMetadata.xml",
            "param17": "C:\\ProgramData\\Microsoft\\Windows\\WER\\ReportQueue\\NonCritical_10.0.14393.1794_24e185414aea5cc9f14f719cd15386584201a_00000000_cab_185082c2",
            "param19": "0",
            "param2": "0",
            "param20": "e7926848-5d85-11ea-8b86-000c290be9e1",
            "param21": "2",
            "param3": "WindowsUpdateFailure3",
            "param4": "Not available",
            "param5": "0",
            "param6": "10.0.14393.1794",
            "param7": "8024402c",
            "param8": "00000000-0000-0000-0000-000000000000",
            "param9": "Scan"
          },
          "event_id": 1001,
          "keywords": [
            "Classic"
          ],
          "level": "Information",
          "log_name": "Application",
          "message": "Fault bucket , type 0\nEvent Name: WindowsUpdateFailure3\nResponse: Not available\nCab Id: 0\n\nProblem signature:\nP1: 10.0.14393.1794\nP2: 8024402c\nP3: 00000000-0000-0000-0000-000000000000\nP4: Scan\nP5: 0\nP6: 0\nP7: 8024500b\nP8: Windows Defender (77BDAF73-B396-481F-9042-AD358843EC24)\nP9: {9482F4B4-E343-43B6-B170-9A65BC822C77}\nP10: 0\n\nAttached files:\n\\\\?\\C:\\ProgramData\\Microsoft\\Windows\\WER\\Temp\\WER8283.tmp.WERInternalMetadata.xml\n\nThese files may be available here:\nC:\\ProgramData\\Microsoft\\Windows\\WER\\ReportQueue\\NonCritical_10.0.14393.1794_24e185414aea5cc9f14f719cd15386584201a_00000000_cab_185082c2\n\nAnalysis symbol: \nRechecking for solution: 0\nReport Id: e7926848-5d85-11ea-8b86-000c290be9e1\nReport Status: 2\nHashed bucket: ",
          "opcode": "Info",
          "record_number": "23903",
          "source_name": "Windows Error Reporting",
          "type": "wineventlog"
        },
        "fields": {
          "@timestamp": [
            1583264032685
          ]
        },
        "sort": [
          1583264032685
        ]
      },
      {
        "_index": "winlogbeat-2020.03.03",
        "_type": "wineventlog",
        "_id": "AXCh6B4In_lBW985KyY1",
        "_version": 1,
        "_score": null,
        "_source": {
          "@timestamp": "2020-03-03T19:33:52.638Z",
          "beat": {
            "hostname": "DC",
            "name": "server",
            "version": "5.4.0"
          },
          "computer_name": "DC.Giacobeville.com",
          "event_data": {
            "param10": "0",
            "param11": "0",
            "param12": "8024500b",
            "param13": "TrustedInstaller FOD",
            "param14": "{9482F4B4-E343-43B6-B170-9A65BC822C77}",
            "param15": "0",
            "param16": "\n\\\\?\\C:\\ProgramData\\Microsoft\\Windows\\WER\\Temp\\WER294C.tmp.WERInternalMetadata.xml",
            "param17": "C:\\ProgramData\\Microsoft\\Windows\\WER\\ReportQueue\\NonCritical_10.0.14393.1794_c189c1b5ca61634d86cf376f6ee59b177cad41_00000000_cab_1b9f299a",
            "param19": "0",
            "param2": "0",
            "param20": "b2e32739-5d85-11ea-8b86-000c290be9e1",
            "param21": "2",
            "param3": "WindowsUpdateFailure3",
            "param4": "Not available",
            "param5": "0",
            "param6": "10.0.14393.1794",
            "param7": "8024402c",
            "param8": "00000000-0000-0000-0000-000000000000",
            "param9": "Scan"
          },
          "event_id": 1001,
          "keywords": [
            "Classic"
          ],
          "level": "Information",
          "log_name": "Application",
          "message": "Fault bucket , type 0\nEvent Name: WindowsUpdateFailure3\nResponse: Not available\nCab Id: 0\n\nProblem signature:\nP1: 10.0.14393.1794\nP2: 8024402c\nP3: 00000000-0000-0000-0000-000000000000\nP4: Scan\nP5: 0\nP6: 0\nP7: 8024500b\nP8: TrustedInstaller FOD\nP9: {9482F4B4-E343-43B6-B170-9A65BC822C77}\nP10: 0\n\nAttached files:\n\\\\?\\C:\\ProgramData\\Microsoft\\Windows\\WER\\Temp\\WER294C.tmp.WERInternalMetadata.xml\n\nThese files may be available here:\nC:\\ProgramData\\Microsoft\\Windows\\WER\\ReportQueue\\NonCritical_10.0.14393.1794_c189c1b5ca61634d86cf376f6ee59b177cad41_00000000_cab_1b9f299a\n\nAnalysis symbol: \nRechecking for solution: 0\nReport Id: b2e32739-5d85-11ea-8b86-000c290be9e1\nReport Status: 2\nHashed bucket: ",
          "opcode": "Info",
          "record_number": "23902",
          "source_name": "Windows Error Reporting",
          "type": "wineventlog"
        },
        "fields": {
          "@timestamp": [
            1583264032638
          ]
        },
        "sort": [
          1583264032638
        ]
      },
      {
        "_index": "winlogbeat-2020.03.03",
        "_type": "wineventlog",
        "_id": "AXCh6B4In_lBW985KyY0",
        "_version": 1,
        "_score": null,
        "_source": {
          "@timestamp": "2020-03-03T19:33:52.566Z",
          "beat": {
            "hostname": "DC",
            "name": "server",
            "version": "5.4.0"
          },
          "computer_name": "DC.Giacobeville.com",
          "event_data": {
            "param10": "0",
            "param11": "0",
            "param12": "8024500b",
            "param13": "UpdateOrchestrator",
            "param14": "{9482F4B4-E343-43B6-B170-9A65BC822C77}",
            "param15": "0",
            "param16": "\n\\\\?\\C:\\ProgramData\\Microsoft\\Windows\\WER\\Temp\\WER3D8E.tmp.WERInternalMetadata.xml",
            "param17": "C:\\ProgramData\\Microsoft\\Windows\\WER\\ReportQueue\\NonCritical_10.0.14393.1794_0aa1bcfffba3a89dd0b26a56a540de52375382_00000000_cab_07143ddd",
            "param19": "0",
            "param2": "0",
            "param20": "40cd604c-5d85-11ea-8b86-000c290be9e1",
            "param21": "2",
            "param3": "WindowsUpdateFailure3",
            "param4": "Not available",
            "param5": "0",
            "param6": "10.0.14393.1794",
            "param7": "8024402c",
            "param8": "00000000-0000-0000-0000-000000000000",
            "param9": "Scan"
          },
          "event_id": 1001,
          "keywords": [
            "Classic"
          ],
          "level": "Information",
          "log_name": "Application",
          "message": "Fault bucket , type 0\nEvent Name: WindowsUpdateFailure3\nResponse: Not available\nCab Id: 0\n\nProblem signature:\nP1: 10.0.14393.1794\nP2: 8024402c\nP3: 00000000-0000-0000-0000-000000000000\nP4: Scan\nP5: 0\nP6: 0\nP7: 8024500b\nP8: UpdateOrchestrator\nP9: {9482F4B4-E343-43B6-B170-9A65BC822C77}\nP10: 0\n\nAttached files:\n\\\\?\\C:\\ProgramData\\Microsoft\\Windows\\WER\\Temp\\WER3D8E.tmp.WERInternalMetadata.xml\n\nThese files may be available here:\nC:\\ProgramData\\Microsoft\\Windows\\WER\\ReportQueue\\NonCritical_10.0.14393.1794_0aa1bcfffba3a89dd0b26a56a540de52375382_00000000_cab_07143ddd\n\nAnalysis symbol: \nRechecking for solution: 0\nReport Id: 40cd604c-5d85-11ea-8b86-000c290be9e1\nReport Status: 2\nHashed bucket: ",
          "opcode": "Info",
          "record_number": "23901",
          "source_name": "Windows Error Reporting",
          "type": "wineventlog"
        },
        "fields": {
          "@timestamp": [
            1583264032566
          ]
        },
        "sort": [
          1583264032566
        ]
      },
      {
        "_index": "winlogbeat-2020.03.03",
        "_type": "wineventlog",
        "_id": "AXCh6B4In_lBW985KyYz",
        "_version": 1,
        "_score": null,
        "_source": {
          "@timestamp": "2020-03-03T19:33:52.519Z",
          "beat": {
            "hostname": "DC",
            "name": "server",
            "version": "5.4.0"
          },
          "computer_name": "DC.Giacobeville.com",
          "event_data": {
            "param10": "0",
            "param11": "0",
            "param12": "8024500b",
            "param13": "Windows Defender (77BDAF73-B396-481F-9042-AD358843EC24)",
            "param14": "{9482F4B4-E343-43B6-B170-9A65BC822C77}",
            "param15": "0",
            "param17": "C:\\ProgramData\\Microsoft\\Windows\\WER\\ReportQueue\\NonCritical_10.0.14393.1794_24e185414aea5cc9f14f719cd15386584201a_00000000_1ebebb57",
            "param19": "0",
            "param2": "0",
            "param20": "69860820-5d84-11ea-8b86-000c290be9e1",
            "param21": "2",
            "param3": "WindowsUpdateFailure3",
            "param4": "Not available",
            "param5": "0",
            "param6": "10.0.14393.1794",
            "param7": "8024402c",
            "param8": "00000000-0000-0000-0000-000000000000",
            "param9": "Scan"
          },
          "event_id": 1001,
          "keywords": [
            "Classic"
          ],
          "level": "Information",
          "log_name": "Application",
          "message": "Fault bucket , type 0\nEvent Name: WindowsUpdateFailure3\nResponse: Not available\nCab Id: 0\n\nProblem signature:\nP1: 10.0.14393.1794\nP2: 8024402c\nP3: 00000000-0000-0000-0000-000000000000\nP4: Scan\nP5: 0\nP6: 0\nP7: 8024500b\nP8: Windows Defender (77BDAF73-B396-481F-9042-AD358843EC24)\nP9: {9482F4B4-E343-43B6-B170-9A65BC822C77}\nP10: 0\n\nAttached files:\n\nThese files may be available here:\nC:\\ProgramData\\Microsoft\\Windows\\WER\\ReportQueue\\NonCritical_10.0.14393.1794_24e185414aea5cc9f14f719cd15386584201a_00000000_1ebebb57\n\nAnalysis symbol: \nRechecking for solution: 0\nReport Id: 69860820-5d84-11ea-8b86-000c290be9e1\nReport Status: 2\nHashed bucket: ",
          "opcode": "Info",
          "record_number": "23900",
          "source_name": "Windows Error Reporting",
          "type": "wineventlog"
        },
        "fields": {
          "@timestamp": [
            1583264032519
          ]
        },
        "sort": [
          1583264032519
        ]
      },
      {
        "_index": "winlogbeat-2020.03.03",
        "_type": "wineventlog",
        "_id": "AXCh6B4In_lBW985KyYy",
        "_version": 1,
        "_score": null,
        "_source": {
          "@timestamp": "2020-03-03T19:33:52.472Z",
          "beat": {
            "hostname": "DC",
            "name": "server",
            "version": "5.4.0"
          },
          "computer_name": "DC.Giacobeville.com",
          "event_data": {
            "param10": "input.inf",
            "param11": "*",
            "param16": "\n\\\\?\\C:\\ProgramData\\Microsoft\\Windows\\WER\\Temp\\WERA386.tmp.WERInternalMetadata.xml",
            "param17": "C:\\ProgramData\\Microsoft\\Windows\\WER\\ReportQueue\\NonCritical_x64_97ce89a358ff49a55768153830f827597be98c2b_00000000_cab_004ca3c1",
            "param19": "0",
            "param2": "0",
            "param20": "15c1a002-5d84-11ea-8b86-000c290be9e1",
            "param21": "2",
            "param3": "PnPRequestAdditionalSoftware",
            "param4": "Not available",
            "param5": "0",
            "param6": "x64",
            "param7": "USB\\VID_0E0F&PID_0003&REV_0102&MI_01",
            "param8": "10.0.0.0",
            "param9": "0409"
          },
          "event_id": 1001,
          "keywords": [
            "Classic"
          ],
          "level": "Information",
          "log_name": "Application",
          "message": "Fault bucket , type 0\nEvent Name: PnPRequestAdditionalSoftware\nResponse: Not available\nCab Id: 0\n\nProblem signature:\nP1: x64\nP2: USB\\VID_0E0F&PID_0003&REV_0102&MI_01\nP3: 10.0.0.0\nP4: 0409\nP5: input.inf\nP6: *\nP7: \nP8: \nP9: \nP10: \n\nAttached files:\n\\\\?\\C:\\ProgramData\\Microsoft\\Windows\\WER\\Temp\\WERA386.tmp.WERInternalMetadata.xml\n\nThese files may be available here:\nC:\\ProgramData\\Microsoft\\Windows\\WER\\ReportQueue\\NonCritical_x64_97ce89a358ff49a55768153830f827597be98c2b_00000000_cab_004ca3c1\n\nAnalysis symbol: \nRechecking for solution: 0\nReport Id: 15c1a002-5d84-11ea-8b86-000c290be9e1\nReport Status: 2\nHashed bucket: ",
          "opcode": "Info",
          "record_number": "23899",
          "source_name": "Windows Error Reporting",
          "type": "wineventlog"
        },
        "fields": {
          "@timestamp": [
            1583264032472
          ]
        },
        "sort": [
          1583264032472
        ]
      },
